#
# A fatal error has been detected by the Java Runtime Environment:
#
#  SIGSEGV (0xb) at pc=0x00007f43a8eaa209, pid=9630, tid=139929034303232
#
# JRE version: Java(TM) SE Runtime Environment (7.0_45-b18) (build 1.7.0_45-b18)
# Java VM: Java HotSpot(TM) 64-Bit Server VM (24.45-b08 mixed mode linux-amd64 compressed oops)
# Problematic frame:
# C  [libcom_trolltech_qt_gui.so+0x754209]  QtJambi_SignalWrapper_QPlainTextEdit::__qt_signalwrapper_textChanged()+0x19
#
# Failed to write core dump. Core dumps have been disabled. To enable core dumping, try "ulimit -c unlimited" before starting Java again
#
# If you would like to submit a bug report, please visit:
#   http://bugreport.sun.com/bugreport/crash.jsp
# The crash happened outside the Java Virtual Machine in native code.
# See problematic frame for where to report the bug.
#

---------------  T H R E A D  ---------------

Current thread (0x00007f43bc00a000):  JavaThread "main" [_thread_in_native, id=9634, stack(0x00007f43c4522000,0x00007f43c4623000)]

siginfo:si_signo=SIGSEGV: si_errno=0, si_code=1 (SEGV_MAPERR), si_addr=0x0000000000000000

Registers:
RAX=0x0000000000000000, RBX=0x0000000000000000, RCX=0xfffffffffffb1c00, RDX=0x00007f43a9023b00
RSP=0x00007f43c461dd30, RBP=0x00007f43bcb85a10, RSI=0x0000000000000000, RDI=0x0000000000000000
R8 =0x00007f43bd145980, R9 =0x0000000000000001, R10=0x00007f43b9097dd8, R11=0x0000000000000001
R12=0x00007f43c461de10, R13=0x0000000000000000, R14=0x00007f43c461de00, R15=0x00007f43bc997060
RIP=0x00007f43a8eaa209, EFLAGS=0x0000000000010206, CSGSFS=0x0000000000000033, ERR=0x0000000000000004
  TRAPNO=0x000000000000000e

Top of Stack: (sp=0x00007f43c461dd30)
0x00007f43c461dd30:   0000000000000000 0000000000000000
0x00007f43c461dd40:   00007f43bcb85a10 00007f43a9023b0c
0x00007f43c461dd50:   00007f43c461df10 00007f4300000007
0x00007f43c461dd60:   00007f43bcb85880 00007f43bcb85a10
0x00007f43c461dd70:   00007f43bcb7d600 00007f43b19b1ec7
0x00007f43c461dd80:   000000000000000b 00007f43c461de00
0x00007f43c461dd90:   00007f43bcb85880 00000003ed4dc3b0
0x00007f43c461dda0:   00007f43c461de10 00007f43bc2b6180
0x00007f43c461ddb0:   0000000000000000 01007f43c461de40
0x00007f43c461ddc0:   00007f43c461ddf0 0000001f00000000
0x00007f43c461ddd0:   00007f43bc997070 00007f43c461dde0
0x00007f43c461dde0:   00007f43bcb7d600 000000010000001f
0x00007f43c461ddf0:   00007f43c461ddd9 0000000800000002
0x00007f43c461de00:   00007f43bc66dfc0 0000000000000000
0x00007f43c461de10:   0000000000000000 00007f43c461dfa0
0x00007f43c461de20:   00007f43c461dfa0 0000000000000000
0x00007f43c461de30:   0000000000000000 00007f43bcb7d600
0x00007f43c461de40:   00007f43c461dfa0 00007f43c461dfa0
0x00007f43c461de50:   00007f43bc958520 00007f43ab9b6f5d
0x00007f43c461de60:   00007f43bc00a000 00007f43bc000020
0x00007f43c461de70:   0000000000000028 00007f43c461df60
0x00007f43c461de80:   00007f43bc9c2ca0 0000000000000000
0x00007f43c461de90:   00007f43bc9eaa00 00007f43c3aae580
0x00007f43c461dea0:   0000000000000000 00007f43bcb81350
0x00007f43c461deb0:   00007f43bcb7d600 00007f43bcb7d600
0x00007f43c461dec0:   0000000000000000 00007f43a8eab790
0x00007f43c461ded0:   00007f43c461df60 00007f43bcb81350
0x00007f43c461dee0:   00007f43bcb7d600 00007f43bc9c2ca0
0x00007f43c461def0:   0000000000000000 00007f43c461df90
0x00007f43c461df00:   00007f43bc958520 00007f43b19b1ec7
0x00007f43c461df10:   000000000000001f 00007f43c461df90
0x00007f43c461df20:   00007f43bcb7f6e0 00000002c461dfb0 

Instructions: (pc=0x00007f43a8eaa209)
0x00007f43a8eaa1e9:   7a 08 e9 08 af d6 ff 48 89 5c 24 f0 48 89 6c 24
0x00007f43a8eaa1f9:   f8 48 83 ec 18 48 89 fd e8 22 c3 d7 ff 48 89 c3
0x00007f43a8eaa209:   48 8b 00 be 64 00 00 00 48 89 df ff 90 98 00 00
0x00007f43a8eaa219:   00 48 8b b5 80 00 00 00 48 8b 95 88 00 00 00 48 

Register to memory mapping:

RAX=0x0000000000000000 is an unknown value
RBX=0x0000000000000000 is an unknown value
RCX=0xfffffffffffb1c00 is an unknown value
RDX=0x00007f43a9023b00: _ZN36QtJambi_SignalWrapper_QPlainTextEdit11qt_metacallEN11QMetaObject4CallEiPPv+0x170 in /tmp/QtJambi_paracaidista_amd64_4.7.0_gcc-20100927-1542/lib/libcom_trolltech_qt_gui.so at 0x00007f43a8756000
RSP=0x00007f43c461dd30 is pointing into the stack for thread: 0x00007f43bc00a000
RBP=0x00007f43bcb85a10 is an unknown value
RSI=0x0000000000000000 is an unknown value
RDI=0x0000000000000000 is an unknown value
R8 =0x00007f43bd145980 is an unknown value
R9 =0x0000000000000001 is an unknown value
R10=0x00007f43b9097dd8 is at entry_point+56 in (nmethod*)0x00007f43b9097c10
R11=0x0000000000000001 is an unknown value
R12=0x00007f43c461de10 is pointing into the stack for thread: 0x00007f43bc00a000
R13=0x0000000000000000 is an unknown value
R14=0x00007f43c461de00 is pointing into the stack for thread: 0x00007f43bc00a000
R15=0x00007f43bc997060 is an unknown value


Stack: [0x00007f43c4522000,0x00007f43c4623000],  sp=0x00007f43c461dd30,  free space=1007k
Native frames: (J=compiled Java code, j=interpreted, Vv=VM code, C=native code)
C  [libcom_trolltech_qt_gui.so+0x754209]  QtJambi_SignalWrapper_QPlainTextEdit::__qt_signalwrapper_textChanged()+0x19

Java frames: (J=compiled Java code, j=interpreted, Vv=VM code)
J  com.trolltech.qt.gui.QTextCursor.__qt_endEditBlock(J)V
J  es.miguelgonzalezgomez.dataBaseFun.qt.ContadorLineas.pintarContadorLineas(I)V
j  es.miguelgonzalezgomez.dataBaseFun.qt.controladores.CEditor.eventoTextoCambiado()V+32
v  ~StubRoutines::call_stub
j  sun.reflect.NativeMethodAccessorImpl.invoke0(Ljava/lang/reflect/Method;Ljava/lang/Object;[Ljava/lang/Object;)Ljava/lang/Object;+0
j  sun.reflect.NativeMethodAccessorImpl.invoke(Ljava/lang/Object;[Ljava/lang/Object;)Ljava/lang/Object;+87
j  sun.reflect.DelegatingMethodAccessorImpl.invoke(Ljava/lang/Object;[Ljava/lang/Object;)Ljava/lang/Object;+6
j  java.lang.reflect.Method.invoke(Ljava/lang/Object;[Ljava/lang/Object;)Ljava/lang/Object;+57
j  com.trolltech.qt.internal.QSignalEmitterInternal$AbstractSignalInternal.emit_helper([Ljava/lang/Object;)V+464
j  com.trolltech.qt.QSignalEmitter$Signal0.emit()V+5
v  ~StubRoutines::call_stub
j  com.trolltech.qt.gui.QPlainTextEdit.__qt_keyPressEvent_QKeyEvent(JJ)V+0
j  com.trolltech.qt.gui.QPlainTextEdit.keyPressEvent(Lcom/trolltech/qt/gui/QKeyEvent;)V+63
j  es.miguelgonzalezgomez.dataBaseFun.qt.EditorTexto.keyPressEvent(Lcom/trolltech/qt/gui/QKeyEvent;)V+85
v  ~StubRoutines::call_stub
j  com.trolltech.qt.gui.QApplication.exec()I+0
j  es.miguelgonzalezgomez.dataBaseFun.DataBaseFun.main([Ljava/lang/String;)V+36
v  ~StubRoutines::call_stub

---------------  P R O C E S S  ---------------

Java Threads: ( => current thread )
  0x00007f4390001000 JavaThread "SIGTERM handler" daemon [_thread_blocked, id=9650, stack(0x00007f4378029000,0x00007f437812a000)]
  0x00007f43bc140800 JavaThread "Thread-0" daemon [_thread_blocked, id=9647, stack(0x00007f43b0647000,0x00007f43b0748000)]
  0x00007f43bc097800 JavaThread "Service Thread" daemon [_thread_blocked, id=9645, stack(0x00007f43b1e0e000,0x00007f43b1f0f000)]
  0x00007f43bc095000 JavaThread "C2 CompilerThread1" daemon [_thread_blocked, id=9644, stack(0x00007f43b1f0f000,0x00007f43b2010000)]
  0x00007f43bc092000 JavaThread "C2 CompilerThread0" daemon [_thread_blocked, id=9643, stack(0x00007f43b8016000,0x00007f43b8117000)]
  0x00007f43bc088000 JavaThread "Signal Dispatcher" daemon [_thread_blocked, id=9642, stack(0x00007f43b8117000,0x00007f43b8218000)]
  0x00007f43bc070000 JavaThread "Finalizer" daemon [_thread_blocked, id=9641, stack(0x00007f43b88f9000,0x00007f43b89fa000)]
  0x00007f43bc06c000 JavaThread "Reference Handler" daemon [_thread_blocked, id=9640, stack(0x00007f43b89fa000,0x00007f43b8afb000)]
=>0x00007f43bc00a000 JavaThread "main" [_thread_in_native, id=9634, stack(0x00007f43c4522000,0x00007f43c4623000)]

Other Threads:
  0x00007f43bc069800 VMThread [stack: 0x00007f43b8afb000,0x00007f43b8bfc000] [id=9639]
  0x00007f43bc0a2000 WatcherThread [stack: 0x00007f43b1d0d000,0x00007f43b1e0e000] [id=9646]

VM state:not at safepoint (normal execution)

VM Mutex/Monitor currently owned by a thread: None

Heap
 PSYoungGen      total 17920K, used 17320K [0x00000000ec680000, 0x00000000ee980000, 0x0000000100000000)
  eden space 15360K, 96% used [0x00000000ec680000,0x00000000ed4f0500,0x00000000ed580000)
  from space 2560K, 99% used [0x00000000ed580000,0x00000000ed7f9bf8,0x00000000ed800000)
  to   space 2560K, 0% used [0x00000000ee700000,0x00000000ee700000,0x00000000ee980000)
 ParOldGen       total 39936K, used 1068K [0x00000000c5400000, 0x00000000c7b00000, 0x00000000ec680000)
  object space 39936K, 2% used [0x00000000c5400000,0x00000000c550b3b8,0x00000000c7b00000)
 PSPermGen       total 21504K, used 9623K [0x00000000c0200000, 0x00000000c1700000, 0x00000000c5400000)
  object space 21504K, 44% used [0x00000000c0200000,0x00000000c0b65f78,0x00000000c1700000)

Card table byte_map: [0x00007f43c1628000,0x00007f43c1828000] byte_map_base: 0x00007f43c1027000

Polling page: 0x00007f43c464b000

Code Cache  [0x00007f43b9000000, 0x00007f43b9270000, 0x00007f43bc000000)
 total_blobs=467 nmethods=161 adapters=260 free_code_cache=48407Kb largest_free_block=49537216

Compilation events (10 events):
Event: 5,027 Thread 0x00007f43bc092000 nmethod 157 0x00007f43b90b5910 code [0x00007f43b90b5a60, 0x00007f43b90b5b18]
Event: 5,027 Thread 0x00007f43bc092000  158             java.lang.StringCoding::safeTrim (24 bytes)
Event: 5,028 Thread 0x00007f43bc092000 nmethod 158 0x00007f43b90b79d0 code [0x00007f43b90b7b20, 0x00007f43b90b7bd8]
Event: 5,028 Thread 0x00007f43bc092000  159             java.lang.StringCoding$StringDecoder::requestedCharsetName (5 bytes)
Event: 5,028 Thread 0x00007f43bc092000 nmethod 159 0x00007f43b90bd290 code [0x00007f43b90bd3c0, 0x00007f43b90bd418]
Event: 5,028 Thread 0x00007f43bc092000  160             java.lang.String::<init> (10 bytes)
Event: 5,029 Thread 0x00007f43bc095000 nmethod 153 0x00007f43b90bebd0 code [0x00007f43b90bede0, 0x00007f43b90bf6e0]
Event: 5,029 Thread 0x00007f43bc095000  161             java.io.IOException::<init> (6 bytes)
Event: 5,029 Thread 0x00007f43bc092000 nmethod 160 0x00007f43b90bb790 code [0x00007f43b90bb8e0, 0x00007f43b90bb9a8]
Event: 5,032 Thread 0x00007f43bc095000 nmethod 161 0x00007f43b90be510 code [0x00007f43b90be680, 0x00007f43b90bea48]

GC Heap History (2 events):
Event: 0,732 GC heap before
{Heap before GC invocations=1 (full 0):
 PSYoungGen      total 17920K, used 15360K [0x00000000ec680000, 0x00000000eda80000, 0x0000000100000000)
  eden space 15360K, 100% used [0x00000000ec680000,0x00000000ed580000,0x00000000ed580000)
  from space 2560K, 0% used [0x00000000ed800000,0x00000000ed800000,0x00000000eda80000)
  to   space 2560K, 0% used [0x00000000ed580000,0x00000000ed580000,0x00000000ed800000)
 ParOldGen       total 39936K, used 0K [0x00000000c5400000, 0x00000000c7b00000, 0x00000000ec680000)
  object space 39936K, 0% used [0x00000000c5400000,0x00000000c5400000,0x00000000c7b00000)
 PSPermGen       total 21504K, used 9001K [0x00000000c0200000, 0x00000000c1700000, 0x00000000c5400000)
  object space 21504K, 41% used [0x00000000c0200000,0x00000000c0aca670,0x00000000c1700000)
Event: 0,740 GC heap after
Heap after GC invocations=1 (full 0):
 PSYoungGen      total 17920K, used 2534K [0x00000000ec680000, 0x00000000ee980000, 0x0000000100000000)
  eden space 15360K, 0% used [0x00000000ec680000,0x00000000ec680000,0x00000000ed580000)
  from space 2560K, 99% used [0x00000000ed580000,0x00000000ed7f9bf8,0x00000000ed800000)
  to   space 2560K, 0% used [0x00000000ee700000,0x00000000ee700000,0x00000000ee980000)
 ParOldGen       total 39936K, used 1068K [0x00000000c5400000, 0x00000000c7b00000, 0x00000000ec680000)
  object space 39936K, 2% used [0x00000000c5400000,0x00000000c550b3b8,0x00000000c7b00000)
 PSPermGen       total 21504K, used 9001K [0x00000000c0200000, 0x00000000c1700000, 0x00000000c5400000)
  object space 21504K, 41% used [0x00000000c0200000,0x00000000c0aca670,0x00000000c1700000)
}

Deoptimization events (0 events):
No events

Internal exceptions (10 events):
Event: 5,075 Thread 0x00007f43bc00a000 Threw 0x00000000ed4db210 at /HUDSON/workspace/7u-2-build-linux-amd64/jdk7u45/229/hotspot/src/share/vm/prims/jni.cpp:717
Event: 5,076 Thread 0x00007f43bc00a000 Threw 0x00000000ed4db460 at /HUDSON/workspace/7u-2-build-linux-amd64/jdk7u45/229/hotspot/src/share/vm/prims/jni.cpp:717
Event: 5,076 Thread 0x00007f43bc00a000 Threw 0x00000000ed4db610 at /HUDSON/workspace/7u-2-build-linux-amd64/jdk7u45/229/hotspot/src/share/vm/prims/jni.cpp:717
Event: 5,076 Thread 0x00007f43bc00a000 Threw 0x00000000ed4db790 at /HUDSON/workspace/7u-2-build-linux-amd64/jdk7u45/229/hotspot/src/share/vm/prims/jni.cpp:717
Event: 5,076 Thread 0x00007f43bc00a000 Threw 0x00000000ed4db9e0 at /HUDSON/workspace/7u-2-build-linux-amd64/jdk7u45/229/hotspot/src/share/vm/prims/jni.cpp:717
Event: 5,076 Thread 0x00007f43bc00a000 Threw 0x00000000ed4dbb90 at /HUDSON/workspace/7u-2-build-linux-amd64/jdk7u45/229/hotspot/src/share/vm/prims/jni.cpp:717
Event: 5,076 Thread 0x00007f43bc00a000 Threw 0x00000000ed4dbd10 at /HUDSON/workspace/7u-2-build-linux-amd64/jdk7u45/229/hotspot/src/share/vm/prims/jni.cpp:717
Event: 5,076 Thread 0x00007f43bc00a000 Threw 0x00000000ed4dbf60 at /HUDSON/workspace/7u-2-build-linux-amd64/jdk7u45/229/hotspot/src/share/vm/prims/jni.cpp:717
Event: 5,076 Thread 0x00007f43bc00a000 Threw 0x00000000ed4dc110 at /HUDSON/workspace/7u-2-build-linux-amd64/jdk7u45/229/hotspot/src/share/vm/prims/jni.cpp:717
Event: 5,076 Thread 0x00007f43bc00a000 Threw 0x00000000ed4dc290 at /HUDSON/workspace/7u-2-build-linux-amd64/jdk7u45/229/hotspot/src/share/vm/prims/jni.cpp:717

Events (10 events):
Event: 4,572 loading class 0x00007f43c0e7a0e0 done
Event: 4,572 loading class 0x00007f43c0e7fa90 done
Event: 4,574 Thread 0x00007f4390001000 Thread added: 0x00007f4390001000
Event: 4,574 loading class 0x00007f4384063bb0
Event: 4,574 loading class 0x00007f4384063bb0 done
Event: 4,575 loading class 0x00007f4384063b80
Event: 4,575 loading class 0x00007f4384063b40
Event: 4,575 loading class 0x00007f4384063b40 done
Event: 4,575 loading class 0x00007f4384063b80 done
Event: 4,575 Thread 0x00007f436c001000 Thread added: 0x00007f436c001000


Dynamic libraries:
00400000-00401000 r-xp 00000000 08:06 150460                             /usr/lib/jvm/java-7-oracle/bin/java
00600000-00601000 rw-p 00000000 08:06 150460                             /usr/lib/jvm/java-7-oracle/bin/java
01f49000-01f6a000 rw-p 00000000 00:00 0                                  [heap]
c0200000-c1700000 rw-p 00000000 00:00 0 
c1700000-c5400000 rw-p 00000000 00:00 0 
c5400000-c7b00000 rw-p 00000000 00:00 0 
c7b00000-ec680000 rw-p 00000000 00:00 0 
ec680000-ee980000 rw-p 00000000 00:00 0 
ee980000-100000000 rw-p 00000000 00:00 0 
7f4364000000-7f4364021000 rw-p 00000000 00:00 0 
7f4364021000-7f4368000000 ---p 00000000 00:00 0 
7f436c000000-7f436c021000 rw-p 00000000 00:00 0 
7f436c021000-7f4370000000 ---p 00000000 00:00 0 
7f4371d8e000-7f4371d91000 ---p 00000000 00:00 0 
7f4371d91000-7f4371e8f000 rw-p 00000000 00:00 0 
7f4371e8f000-7f4371e93000 r-xp 00000000 08:06 266811                     /usr/lib/x86_64-linux-gnu/gdk-pixbuf-2.0/2.10.0/loaders/libpixbufloader-png.so
7f4371e93000-7f4372093000 ---p 00004000 08:06 266811                     /usr/lib/x86_64-linux-gnu/gdk-pixbuf-2.0/2.10.0/loaders/libpixbufloader-png.so
7f4372093000-7f4372094000 r--p 00004000 08:06 266811                     /usr/lib/x86_64-linux-gnu/gdk-pixbuf-2.0/2.10.0/loaders/libpixbufloader-png.so
7f4372094000-7f4372095000 rw-p 00005000 08:06 266811                     /usr/lib/x86_64-linux-gnu/gdk-pixbuf-2.0/2.10.0/loaders/libpixbufloader-png.so
7f4372095000-7f4372098000 r-xp 00000000 08:06 267663                     /usr/lib/x86_64-linux-gnu/pango/1.8.0/modules/pango-basic-fc.so
7f4372098000-7f4372297000 ---p 00003000 08:06 267663                     /usr/lib/x86_64-linux-gnu/pango/1.8.0/modules/pango-basic-fc.so
7f4372297000-7f4372298000 r--p 00002000 08:06 267663                     /usr/lib/x86_64-linux-gnu/pango/1.8.0/modules/pango-basic-fc.so
7f4372298000-7f4372299000 rw-p 00003000 08:06 267663                     /usr/lib/x86_64-linux-gnu/pango/1.8.0/modules/pango-basic-fc.so
7f4372299000-7f43722a2000 r-xp 00000000 08:06 267411                     /usr/lib/x86_64-linux-gnu/gtk-2.0/2.10.0/engines/libpixmap.so
7f43722a2000-7f43724a2000 ---p 00009000 08:06 267411                     /usr/lib/x86_64-linux-gnu/gtk-2.0/2.10.0/engines/libpixmap.so
7f43724a2000-7f43724a3000 r--p 00009000 08:06 267411                     /usr/lib/x86_64-linux-gnu/gtk-2.0/2.10.0/engines/libpixmap.so
7f43724a3000-7f43724a4000 rw-p 0000a000 08:06 267411                     /usr/lib/x86_64-linux-gnu/gtk-2.0/2.10.0/engines/libpixmap.so
7f43724a4000-7f43724d3000 r-xp 00000000 08:06 267410                     /usr/lib/x86_64-linux-gnu/gtk-2.0/2.10.0/engines/libmurrine.so
7f43724d3000-7f43726d3000 ---p 0002f000 08:06 267410                     /usr/lib/x86_64-linux-gnu/gtk-2.0/2.10.0/engines/libmurrine.so
7f43726d3000-7f43726d4000 r--p 0002f000 08:06 267410                     /usr/lib/x86_64-linux-gnu/gtk-2.0/2.10.0/engines/libmurrine.so
7f43726d4000-7f43726d5000 rw-p 00030000 08:06 267410                     /usr/lib/x86_64-linux-gnu/gtk-2.0/2.10.0/engines/libmurrine.so
7f43726d5000-7f43726db000 r-xp 00000000 08:06 144054                     /usr/lib/x86_64-linux-gnu/libogg.so.0.8.0
7f43726db000-7f43728da000 ---p 00006000 08:06 144054                     /usr/lib/x86_64-linux-gnu/libogg.so.0.8.0
7f43728da000-7f43728db000 r--p 00005000 08:06 144054                     /usr/lib/x86_64-linux-gnu/libogg.so.0.8.0
7f43728db000-7f43728dc000 rw-p 00006000 08:06 144054                     /usr/lib/x86_64-linux-gnu/libogg.so.0.8.0
7f43728dc000-7f4372907000 r-xp 00000000 08:06 144310                     /usr/lib/x86_64-linux-gnu/libvorbis.so.0.4.5
7f4372907000-7f4372b07000 ---p 0002b000 08:06 144310                     /usr/lib/x86_64-linux-gnu/libvorbis.so.0.4.5
7f4372b07000-7f4372b08000 r--p 0002b000 08:06 144310                     /usr/lib/x86_64-linux-gnu/libvorbis.so.0.4.5
7f4372b08000-7f4372b09000 rw-p 0002c000 08:06 144310                     /usr/lib/x86_64-linux-gnu/libvorbis.so.0.4.5
7f4372b09000-7f4372b0c000 r-xp 00000000 08:06 396191                     /lib/x86_64-linux-gnu/libgpg-error.so.0.8.0
7f4372b0c000-7f4372d0b000 ---p 00003000 08:06 396191                     /lib/x86_64-linux-gnu/libgpg-error.so.0.8.0
7f4372d0b000-7f4372d0c000 r--p 00002000 08:06 396191                     /lib/x86_64-linux-gnu/libgpg-error.so.0.8.0
7f4372d0c000-7f4372d0d000 rw-p 00003000 08:06 396191                     /lib/x86_64-linux-gnu/libgpg-error.so.0.8.0
7f4372d0d000-7f4372d1f000 r-xp 00000000 08:06 144070                     /usr/lib/x86_64-linux-gnu/libp11-kit.so.0.0.0
7f4372d1f000-7f4372f1f000 ---p 00012000 08:06 144070                     /usr/lib/x86_64-linux-gnu/libp11-kit.so.0.0.0
7f4372f1f000-7f4372f20000 r--p 00012000 08:06 144070                     /usr/lib/x86_64-linux-gnu/libp11-kit.so.0.0.0
7f4372f20000-7f4372f21000 rw-p 00013000 08:06 144070                     /usr/lib/x86_64-linux-gnu/libp11-kit.so.0.0.0
7f4372f21000-7f4372f30000 r-xp 00000000 08:06 144240                     /usr/lib/x86_64-linux-gnu/libtasn1.so.3.2.0
7f4372f30000-7f4373130000 ---p 0000f000 08:06 144240                     /usr/lib/x86_64-linux-gnu/libtasn1.so.3.2.0
7f4373130000-7f4373131000 r--p 0000f000 08:06 144240                     /usr/lib/x86_64-linux-gnu/libtasn1.so.3.2.0
7f4373131000-7f4373132000 rw-p 00010000 08:06 144240                     /usr/lib/x86_64-linux-gnu/libtasn1.so.3.2.0
7f4373132000-7f437313b000 r-xp 00000000 08:06 143971                     /usr/lib/x86_64-linux-gnu/libltdl.so.7.3.0
7f437313b000-7f437333a000 ---p 00009000 08:06 143971                     /usr/lib/x86_64-linux-gnu/libltdl.so.7.3.0
7f437333a000-7f437333b000 r--p 00008000 08:06 143971                     /usr/lib/x86_64-linux-gnu/libltdl.so.7.3.0
7f437333b000-7f437333c000 rw-p 00009000 08:06 143971                     /usr/lib/x86_64-linux-gnu/libltdl.so.7.3.0
7f437333c000-7f437334c000 r-xp 00000000 08:06 144242                     /usr/lib/x86_64-linux-gnu/libtdb.so.1.2.10
7f437334c000-7f437354c000 ---p 00010000 08:06 144242                     /usr/lib/x86_64-linux-gnu/libtdb.so.1.2.10
7f437354c000-7f437354d000 r--p 00010000 08:06 144242                     /usr/lib/x86_64-linux-gnu/libtdb.so.1.2.10
7f437354d000-7f437354e000 rw-p 00011000 08:06 144242                     /usr/lib/x86_64-linux-gnu/libtdb.so.1.2.10
7f437354e000-7f4373555000 r-xp 00000000 08:06 144314                     /usr/lib/x86_64-linux-gnu/libvorbisfile.so.3.3.4
7f4373555000-7f4373754000 ---p 00007000 08:06 144314                     /usr/lib/x86_64-linux-gnu/libvorbisfile.so.3.3.4
7f4373754000-7f4373755000 r--p 00006000 08:06 144314                     /usr/lib/x86_64-linux-gnu/libvorbisfile.so.3.3.4
7f4373755000-7f4373756000 rw-p 00007000 08:06 144314                     /usr/lib/x86_64-linux-gnu/libvorbisfile.so.3.3.4
7f4373756000-7f4373777000 r-xp 00000000 08:06 396207                     /lib/x86_64-linux-gnu/liblzma.so.5.0.0
7f4373777000-7f4373976000 ---p 00021000 08:06 396207                     /lib/x86_64-linux-gnu/liblzma.so.5.0.0
7f4373976000-7f4373977000 r--p 00020000 08:06 396207                     /lib/x86_64-linux-gnu/liblzma.so.5.0.0
7f4373977000-7f4373978000 rw-p 00021000 08:06 396207                     /lib/x86_64-linux-gnu/liblzma.so.5.0.0
7f4373978000-7f437397d000 r-xp 00000000 08:06 143247                     /usr/lib/x86_64-linux-gnu/libORBitCosNaming-2.so.0.1.0
7f437397d000-7f4373b7d000 ---p 00005000 08:06 143247                     /usr/lib/x86_64-linux-gnu/libORBitCosNaming-2.so.0.1.0
7f4373b7d000-7f4373b7e000 r--p 00005000 08:06 143247                     /usr/lib/x86_64-linux-gnu/libORBitCosNaming-2.so.0.1.0
7f4373b7e000-7f4373b7f000 rw-p 00006000 08:06 143247                     /usr/lib/x86_64-linux-gnu/libORBitCosNaming-2.so.0.1.0
7f4373b7f000-7f4373bf9000 r-xp 00000000 08:06 395060                     /lib/x86_64-linux-gnu/libgcrypt.so.11.7.0
7f4373bf9000-7f4373df9000 ---p 0007a000 08:06 395060                     /lib/x86_64-linux-gnu/libgcrypt.so.11.7.0
7f4373df9000-7f4373dfa000 r--p 0007a000 08:06 395060                     /lib/x86_64-linux-gnu/libgcrypt.so.11.7.0
7f4373dfa000-7f4373dfd000 rw-p 0007b000 08:06 395060                     /lib/x86_64-linux-gnu/libgcrypt.so.11.7.0
7f4373dfd000-7f4373dff000 r-xp 00000000 08:06 416964                     /lib/x86_64-linux-gnu/libutil-2.17.so
7f4373dff000-7f4373ffe000 ---p 00002000 08:06 416964                     /lib/x86_64-linux-gnu/libutil-2.17.so
7f4373ffe000-7f4373fff000 r--p 00001000 08:06 416964                     /lib/x86_64-linux-gnu/libutil-2.17.so
7f4373fff000-7f4374000000 rw-p 00002000 08:06 416964                     /lib/x86_64-linux-gnu/libutil-2.17.so
7f4374000000-7f4374021000 rw-p 00000000 00:00 0 
7f4374021000-7f4378000000 ---p 00000000 00:00 0 
7f4378029000-7f437802c000 ---p 00000000 00:00 0 
7f437802c000-7f437812a000 rw-p 00000000 00:00 0                          [stack:9650]
7f437812a000-7f43781aa000 rw-s 00000000 00:04 52002861                   /SYSV00000000 (deleted)
7f43781aa000-7f43781b9000 r-xp 00000000 08:06 143420                     /usr/lib/x86_64-linux-gnu/libavahi-client.so.3.2.9
7f43781b9000-7f43783b9000 ---p 0000f000 08:06 143420                     /usr/lib/x86_64-linux-gnu/libavahi-client.so.3.2.9
7f43783b9000-7f43783ba000 r--p 0000f000 08:06 143420                     /usr/lib/x86_64-linux-gnu/libavahi-client.so.3.2.9
7f43783ba000-7f43783bb000 rw-p 00010000 08:06 143420                     /usr/lib/x86_64-linux-gnu/libavahi-client.so.3.2.9
7f43783bb000-7f43783c6000 r-xp 00000000 08:06 143422                     /usr/lib/x86_64-linux-gnu/libavahi-common.so.3.5.3
7f43783c6000-7f43785c5000 ---p 0000b000 08:06 143422                     /usr/lib/x86_64-linux-gnu/libavahi-common.so.3.5.3
7f43785c5000-7f43785c6000 r--p 0000a000 08:06 143422                     /usr/lib/x86_64-linux-gnu/libavahi-common.so.3.5.3
7f43785c6000-7f43785c7000 rw-p 0000b000 08:06 143422                     /usr/lib/x86_64-linux-gnu/libavahi-common.so.3.5.3
7f43785c7000-7f43785ca000 r-xp 00000000 08:06 143426                     /usr/lib/x86_64-linux-gnu/libavahi-glib.so.1.0.2
7f43785ca000-7f43787c9000 ---p 00003000 08:06 143426                     /usr/lib/x86_64-linux-gnu/libavahi-glib.so.1.0.2
7f43787c9000-7f43787ca000 r--p 00002000 08:06 143426                     /usr/lib/x86_64-linux-gnu/libavahi-glib.so.1.0.2
7f43787ca000-7f43787cb000 rw-p 00003000 08:06 143426                     /usr/lib/x86_64-linux-gnu/libavahi-glib.so.1.0.2
7f43787cb000-7f4378880000 r-xp 00000000 08:06 136402                     /usr/lib/x86_64-linux-gnu/libgnutls.so.26.22.6
7f4378880000-7f4378a7f000 ---p 000b5000 08:06 136402                     /usr/lib/x86_64-linux-gnu/libgnutls.so.26.22.6
7f4378a7f000-7f4378a85000 r--p 000b4000 08:06 136402                     /usr/lib/x86_64-linux-gnu/libgnutls.so.26.22.6
7f4378a85000-7f4378a86000 rw-p 000ba000 08:06 136402                     /usr/lib/x86_64-linux-gnu/libgnutls.so.26.22.6
7f4378a86000-7f4378a87000 rw-p 00000000 00:00 0 
7f4378a87000-7f4378aca000 r-xp 00000000 08:06 390411                     /lib/x86_64-linux-gnu/libdbus-1.so.3.7.2
7f4378aca000-7f4378cc9000 ---p 00043000 08:06 390411                     /lib/x86_64-linux-gnu/libdbus-1.so.3.7.2
7f4378cc9000-7f4378cca000 r--p 00042000 08:06 390411                     /lib/x86_64-linux-gnu/libdbus-1.so.3.7.2
7f4378cca000-7f4378ccb000 rw-p 00043000 08:06 390411                     /lib/x86_64-linux-gnu/libdbus-1.so.3.7.2
7f4378ccb000-7f4378cf0000 r-xp 00000000 08:06 143534                     /usr/lib/x86_64-linux-gnu/libdbus-glib-1.so.2.2.2
7f4378cf0000-7f4378ef0000 ---p 00025000 08:06 143534                     /usr/lib/x86_64-linux-gnu/libdbus-glib-1.so.2.2.2
7f4378ef0000-7f4378ef1000 r--p 00025000 08:06 143534                     /usr/lib/x86_64-linux-gnu/libdbus-glib-1.so.2.2.2
7f4378ef1000-7f4378ef2000 rw-p 00026000 08:06 143534                     /usr/lib/x86_64-linux-gnu/libdbus-glib-1.so.2.2.2
7f4378ef2000-7f4378f01000 r-xp 00000000 08:06 143468                     /usr/lib/x86_64-linux-gnu/libcanberra.so.0.2.5
7f4378f01000-7f4379100000 ---p 0000f000 08:06 143468                     /usr/lib/x86_64-linux-gnu/libcanberra.so.0.2.5
7f4379100000-7f4379101000 r--p 0000e000 08:06 143468                     /usr/lib/x86_64-linux-gnu/libcanberra.so.0.2.5
7f4379101000-7f4379102000 rw-p 0000f000 08:06 143468                     /usr/lib/x86_64-linux-gnu/libcanberra.so.0.2.5
7f4379102000-7f4379109000 r-xp 00000000 08:06 143680                     /usr/lib/x86_64-linux-gnu/libgailutil.so.18.0.1
7f4379109000-7f4379308000 ---p 00007000 08:06 143680                     /usr/lib/x86_64-linux-gnu/libgailutil.so.18.0.1
7f4379308000-7f4379309000 r--p 00006000 08:06 143680                     /usr/lib/x86_64-linux-gnu/libgailutil.so.18.0.1
7f4379309000-7f437930a000 rw-p 00007000 08:06 143680                     /usr/lib/x86_64-linux-gnu/libgailutil.so.18.0.1
7f437930a000-7f4379315000 r-xp 00000000 08:06 396269                     /lib/x86_64-linux-gnu/libpopt.so.0.0.0
7f4379315000-7f4379514000 ---p 0000b000 08:06 396269                     /lib/x86_64-linux-gnu/libpopt.so.0.0.0
7f4379514000-7f4379515000 r--p 0000a000 08:06 396269                     /lib/x86_64-linux-gnu/libpopt.so.0.0.0
7f4379515000-7f4379516000 rw-p 0000b000 08:06 396269                     /lib/x86_64-linux-gnu/libpopt.so.0.0.0
7f4379516000-7f437966f000 r-xp 00000000 08:06 146137                     /usr/lib/x86_64-linux-gnu/libxml2.so.2.9.0
7f437966f000-7f437986e000 ---p 00159000 08:06 146137                     /usr/lib/x86_64-linux-gnu/libxml2.so.2.9.0
7f437986e000-7f4379876000 r--p 00158000 08:06 146137                     /usr/lib/x86_64-linux-gnu/libxml2.so.2.9.0
7f4379876000-7f4379878000 rw-p 00160000 08:06 146137                     /usr/lib/x86_64-linux-gnu/libxml2.so.2.9.0
7f4379878000-7f4379879000 rw-p 00000000 00:00 0 
7f4379879000-7f43798d3000 r-xp 00000000 08:06 143243                     /usr/lib/x86_64-linux-gnu/libORBit-2.so.0.1.0
7f43798d3000-7f4379ad3000 ---p 0005a000 08:06 143243                     /usr/lib/x86_64-linux-gnu/libORBit-2.so.0.1.0
7f4379ad3000-7f4379ae2000 r--p 0005a000 08:06 143243                     /usr/lib/x86_64-linux-gnu/libORBit-2.so.0.1.0
7f4379ae2000-7f4379ae5000 rw-p 00069000 08:06 143243                     /usr/lib/x86_64-linux-gnu/libORBit-2.so.0.1.0
7f4379ae5000-7f4379afc000 r-xp 00000000 08:06 143446                     /usr/lib/x86_64-linux-gnu/libbonobo-activation.so.4.0.0
7f4379afc000-7f4379cfb000 ---p 00017000 08:06 143446                     /usr/lib/x86_64-linux-gnu/libbonobo-activation.so.4.0.0
7f4379cfb000-7f4379cfd000 r--p 00016000 08:06 143446                     /usr/lib/x86_64-linux-gnu/libbonobo-activation.so.4.0.0
7f4379cfd000-7f4379cff000 rw-p 00018000 08:06 143446                     /usr/lib/x86_64-linux-gnu/libbonobo-activation.so.4.0.0
7f4379cff000-7f4379d61000 r-xp 00000000 08:06 143444                     /usr/lib/x86_64-linux-gnu/libbonobo-2.so.0.0.0
7f4379d61000-7f4379f61000 ---p 00062000 08:06 143444                     /usr/lib/x86_64-linux-gnu/libbonobo-2.so.0.0.0
7f4379f61000-7f4379f67000 r--p 00062000 08:06 143444                     /usr/lib/x86_64-linux-gnu/libbonobo-2.so.0.0.0
7f4379f67000-7f4379f72000 rw-p 00068000 08:06 143444                     /usr/lib/x86_64-linux-gnu/libbonobo-2.so.0.0.0
7f4379f72000-7f4379f95000 r-xp 00000000 08:06 143743                     /usr/lib/x86_64-linux-gnu/libgnome-keyring.so.0.2.0
7f4379f95000-7f437a194000 ---p 00023000 08:06 143743                     /usr/lib/x86_64-linux-gnu/libgnome-keyring.so.0.2.0
7f437a194000-7f437a195000 r--p 00022000 08:06 143743                     /usr/lib/x86_64-linux-gnu/libgnome-keyring.so.0.2.0
7f437a195000-7f437a196000 rw-p 00023000 08:06 143743                     /usr/lib/x86_64-linux-gnu/libgnome-keyring.so.0.2.0
7f437a196000-7f437a1c3000 r-xp 00000000 08:06 143690                     /usr/lib/x86_64-linux-gnu/libgconf-2.so.4.1.5
7f437a1c3000-7f437a3c2000 ---p 0002d000 08:06 143690                     /usr/lib/x86_64-linux-gnu/libgconf-2.so.4.1.5
7f437a3c2000-7f437a3c3000 r--p 0002c000 08:06 143690                     /usr/lib/x86_64-linux-gnu/libgconf-2.so.4.1.5
7f437a3c3000-7f437a3c4000 rw-p 0002d000 08:06 143690                     /usr/lib/x86_64-linux-gnu/libgconf-2.so.4.1.5
7f437a3c4000-7f437a426000 r-xp 00000000 08:06 143749                     /usr/lib/x86_64-linux-gnu/libgnomevfs-2.so.0.2400.4
7f437a426000-7f437a625000 ---p 00062000 08:06 143749                     /usr/lib/x86_64-linux-gnu/libgnomevfs-2.so.0.2400.4
7f437a625000-7f437a628000 r--p 00061000 08:06 143749                     /usr/lib/x86_64-linux-gnu/libgnomevfs-2.so.0.2400.4
7f437a628000-7f437a62a000 rw-p 00064000 08:06 143749                     /usr/lib/x86_64-linux-gnu/libgnomevfs-2.so.0.2400.4
7f437a62a000-7f437a62b000 rw-p 00000000 00:00 0 
7f437a62b000-7f437a643000 r-xp 00000000 08:06 143396                     /usr/lib/x86_64-linux-gnu/libart_lgpl_2.so.2.3.21
7f437a643000-7f437a842000 ---p 00018000 08:06 143396                     /usr/lib/x86_64-linux-gnu/libart_lgpl_2.so.2.3.21
7f437a842000-7f437a843000 r--p 00017000 08:06 143396                     /usr/lib/x86_64-linux-gnu/libart_lgpl_2.so.2.3.21
7f437a843000-7f437a844000 rw-p 00018000 08:06 143396                     /usr/lib/x86_64-linux-gnu/libart_lgpl_2.so.2.3.21
7f437a844000-7f437a859000 r-xp 00000000 08:06 143741                     /usr/lib/x86_64-linux-gnu/libgnome-2.so.0.3200.1
7f437a859000-7f437aa59000 ---p 00015000 08:06 143741                     /usr/lib/x86_64-linux-gnu/libgnome-2.so.0.3200.1
7f437aa59000-7f437aa5a000 r--p 00015000 08:06 143741                     /usr/lib/x86_64-linux-gnu/libgnome-2.so.0.3200.1
7f437aa5a000-7f437aa5b000 rw-p 00016000 08:06 143741                     /usr/lib/x86_64-linux-gnu/libgnome-2.so.0.3200.1
7f437aa5b000-7f437aa8e000 r-xp 00000000 08:06 143745                     /usr/lib/x86_64-linux-gnu/libgnomecanvas-2.so.0.3000.3
7f437aa8e000-7f437ac8e000 ---p 00033000 08:06 143745                     /usr/lib/x86_64-linux-gnu/libgnomecanvas-2.so.0.3000.3
7f437ac8e000-7f437ac8f000 r--p 00033000 08:06 143745                     /usr/lib/x86_64-linux-gnu/libgnomecanvas-2.so.0.3000.3
7f437ac8f000-7f437ac90000 rw-p 00034000 08:06 143745                     /usr/lib/x86_64-linux-gnu/libgnomecanvas-2.so.0.3000.3
7f437ac90000-7f437bdff000 r-xp 00000000 08:06 161955                     /usr/lib/x86_64-linux-gnu/libicudata.so.48.1.1
7f437bdff000-7f437bffe000 ---p 0116f000 08:06 161955                     /usr/lib/x86_64-linux-gnu/libicudata.so.48.1.1
7f437bffe000-7f437bfff000 r--p 0116e000 08:06 161955                     /usr/lib/x86_64-linux-gnu/libicudata.so.48.1.1
7f437bfff000-7f437c000000 rw-p 0116f000 08:06 161955                     /usr/lib/x86_64-linux-gnu/libicudata.so.48.1.1
7f437c000000-7f437c021000 rw-p 00000000 00:00 0 
7f437c021000-7f4380000000 ---p 00000000 00:00 0 
7f4380000000-7f4380021000 rw-p 00000000 00:00 0 
7f4380021000-7f4384000000 ---p 00000000 00:00 0 
7f4384000000-7f4384242000 rw-p 00000000 00:00 0 
7f4384242000-7f4388000000 ---p 00000000 00:00 0 
7f4388000000-7f43882c4000 rw-p 00000000 00:00 0 
7f43882c4000-7f438c000000 ---p 00000000 00:00 0 
7f438c000000-7f438c021000 rw-p 00000000 00:00 0 
7f438c021000-7f4390000000 ---p 00000000 00:00 0 
7f4390000000-7f4390021000 rw-p 00000000 00:00 0 
7f4390021000-7f4394000000 ---p 00000000 00:00 0 
7f4394000000-7f4394021000 rw-p 00000000 00:00 0 
7f4394021000-7f4398000000 ---p 00000000 00:00 0 
7f4398000000-7f4398021000 rw-p 00000000 00:00 0 
7f4398021000-7f439c000000 ---p 00000000 00:00 0 
7f439c000000-7f439c021000 rw-p 00000000 00:00 0 
7f439c021000-7f43a0000000 ---p 00000000 00:00 0 
7f43a0010000-7f43a0070000 rw-s 00000000 00:04 51970092                   /SYSV00000000 (deleted)
7f43a0070000-7f43a0115000 r--p 00000000 08:06 528919                     /usr/share/fonts/truetype/ttf-dejavu/DejaVuSans-Bold.ttf
7f43a0115000-7f43a01c5000 r--p 00000000 08:06 528923                     /usr/share/fonts/truetype/ttf-dejavu/DejaVuSans.ttf
7f43a01c5000-7f43a022e000 r-xp 00000000 08:06 143448                     /usr/lib/x86_64-linux-gnu/libbonoboui-2.so.0.0.0
7f43a022e000-7f43a042d000 ---p 00069000 08:06 143448                     /usr/lib/x86_64-linux-gnu/libbonoboui-2.so.0.0.0
7f43a042d000-7f43a042e000 r--p 00068000 08:06 143448                     /usr/lib/x86_64-linux-gnu/libbonoboui-2.so.0.0.0
7f43a042e000-7f43a0431000 rw-p 00069000 08:06 143448                     /usr/lib/x86_64-linux-gnu/libbonoboui-2.so.0.0.0
7f43a0431000-7f43a0432000 rw-p 00000000 00:00 0 
7f43a0432000-7f43a04c8000 r-xp 00000000 08:06 143747                     /usr/lib/x86_64-linux-gnu/libgnomeui-2.so.0.2400.5
7f43a04c8000-7f43a06c7000 ---p 00096000 08:06 143747                     /usr/lib/x86_64-linux-gnu/libgnomeui-2.so.0.2400.5
7f43a06c7000-7f43a06ca000 r--p 00095000 08:06 143747                     /usr/lib/x86_64-linux-gnu/libgnomeui-2.so.0.2400.5
7f43a06ca000-7f43a06cc000 rw-p 00098000 08:06 143747                     /usr/lib/x86_64-linux-gnu/libgnomeui-2.so.0.2400.5
7f43a06cc000-7f43a06cd000 rw-p 00000000 00:00 0 
7f43a06cd000-7f43a0823000 r-xp 00000000 08:06 161958                     /usr/lib/x86_64-linux-gnu/libicuuc.so.48.1.1
7f43a0823000-7f43a0a22000 ---p 00156000 08:06 161958                     /usr/lib/x86_64-linux-gnu/libicuuc.so.48.1.1
7f43a0a22000-7f43a0a33000 r--p 00155000 08:06 161958                     /usr/lib/x86_64-linux-gnu/libicuuc.so.48.1.1
7f43a0a33000-7f43a0a34000 rw-p 00166000 08:06 161958                     /usr/lib/x86_64-linux-gnu/libicuuc.so.48.1.1
7f43a0a34000-7f43a0a38000 rw-p 00000000 00:00 0 
7f43a0a38000-7f43a0a6a000 r-xp 00000000 08:06 161956                     /usr/lib/x86_64-linux-gnu/libicule.so.48.1.1
7f43a0a6a000-7f43a0c6a000 ---p 00032000 08:06 161956                     /usr/lib/x86_64-linux-gnu/libicule.so.48.1.1
7f43a0c6a000-7f43a0c6c000 r--p 00032000 08:06 161956                     /usr/lib/x86_64-linux-gnu/libicule.so.48.1.1
7f43a0c6c000-7f43a0c6d000 rw-p 00034000 08:06 161956                     /usr/lib/x86_64-linux-gnu/libicule.so.48.1.1
7f43a0c6d000-7f43a0d02000 r-xp 00000000 08:06 143888                     /usr/lib/x86_64-linux-gnu/libharfbuzz.so.0.913.0
7f43a0d02000-7f43a0f01000 ---p 00095000 08:06 143888                     /usr/lib/x86_64-linux-gnu/libharfbuzz.so.0.913.0
7f43a0f01000-7f43a0f03000 r--p 00094000 08:06 143888                     /usr/lib/x86_64-linux-gnu/libharfbuzz.so.0.913.0
7f43a0f03000-7f43a0f04000 rw-p 00096000 08:06 143888                     /usr/lib/x86_64-linux-gnu/libharfbuzz.so.0.913.0
7f43a0f04000-7f43a0f1a000 r-xp 00000000 08:06 416967                     /lib/x86_64-linux-gnu/libresolv-2.17.so
7f43a0f1a000-7f43a111a000 ---p 00016000 08:06 416967                     /lib/x86_64-linux-gnu/libresolv-2.17.so
7f43a111a000-7f43a111b000 r--p 00016000 08:06 416967                     /lib/x86_64-linux-gnu/libresolv-2.17.so
7f43a111b000-7f43a111c000 rw-p 00017000 08:06 416967                     /lib/x86_64-linux-gnu/libresolv-2.17.so
7f43a111c000-7f43a111e000 rw-p 00000000 00:00 0 
7f43a111e000-7f43a113b000 r-xp 00000000 08:06 396282                     /lib/x86_64-linux-gnu/libselinux.so.1
7f43a113b000-7f43a133a000 ---p 0001d000 08:06 396282                     /lib/x86_64-linux-gnu/libselinux.so.1
7f43a133a000-7f43a133b000 r--p 0001c000 08:06 396282                     /lib/x86_64-linux-gnu/libselinux.so.1
7f43a133b000-7f43a133c000 rw-p 0001d000 08:06 396282                     /lib/x86_64-linux-gnu/libselinux.so.1
7f43a133c000-7f43a133d000 rw-p 00000000 00:00 0 
7f43a133d000-7f43a1345000 r-xp 00000000 08:06 146675                     /usr/lib/x86_64-linux-gnu/libxcb-render.so.0.0.0
7f43a1345000-7f43a1545000 ---p 00008000 08:06 146675                     /usr/lib/x86_64-linux-gnu/libxcb-render.so.0.0.0
7f43a1545000-7f43a1546000 r--p 00008000 08:06 146675                     /usr/lib/x86_64-linux-gnu/libxcb-render.so.0.0.0
7f43a1546000-7f43a1547000 rw-p 00009000 08:06 146675                     /usr/lib/x86_64-linux-gnu/libxcb-render.so.0.0.0
7f43a1547000-7f43a1549000 r-xp 00000000 08:06 146686                     /usr/lib/x86_64-linux-gnu/libxcb-shm.so.0.0.0
7f43a1549000-7f43a1748000 ---p 00002000 08:06 146686                     /usr/lib/x86_64-linux-gnu/libxcb-shm.so.0.0.0
7f43a1748000-7f43a1749000 r--p 00001000 08:06 146686                     /usr/lib/x86_64-linux-gnu/libxcb-shm.so.0.0.0
7f43a1749000-7f43a174a000 rw-p 00002000 08:06 146686                     /usr/lib/x86_64-linux-gnu/libxcb-shm.so.0.0.0
7f43a174a000-7f43a17da000 r-xp 00000000 08:06 144100                     /usr/lib/x86_64-linux-gnu/libpixman-1.so.0.28.2
7f43a17da000-7f43a19d9000 ---p 00090000 08:06 144100                     /usr/lib/x86_64-linux-gnu/libpixman-1.so.0.28.2
7f43a19d9000-7f43a19e0000 r--p 0008f000 08:06 144100                     /usr/lib/x86_64-linux-gnu/libpixman-1.so.0.28.2
7f43a19e0000-7f43a19e1000 rw-p 00096000 08:06 144100                     /usr/lib/x86_64-linux-gnu/libpixman-1.so.0.28.2
7f43a19e1000-7f43a19e3000 r-xp 00000000 08:06 143335                     /usr/lib/x86_64-linux-gnu/libXdamage.so.1.1.0
7f43a19e3000-7f43a1be2000 ---p 00002000 08:06 143335                     /usr/lib/x86_64-linux-gnu/libXdamage.so.1.1.0
7f43a1be2000-7f43a1be3000 r--p 00001000 08:06 143335                     /usr/lib/x86_64-linux-gnu/libXdamage.so.1.1.0
7f43a1be3000-7f43a1be4000 rw-p 00002000 08:06 143335                     /usr/lib/x86_64-linux-gnu/libXdamage.so.1.1.0
7f43a1be4000-7f43a1be6000 r-xp 00000000 08:06 143331                     /usr/lib/x86_64-linux-gnu/libXcomposite.so.1.0.0
7f43a1be6000-7f43a1de5000 ---p 00002000 08:06 143331                     /usr/lib/x86_64-linux-gnu/libXcomposite.so.1.0.0
7f43a1de5000-7f43a1de6000 r--p 00001000 08:06 143331                     /usr/lib/x86_64-linux-gnu/libXcomposite.so.1.0.0
7f43a1de6000-7f43a1de7000 rw-p 00002000 08:06 143331                     /usr/lib/x86_64-linux-gnu/libXcomposite.so.1.0.0
7f43a1de7000-7f43a1e2f000 r-xp 00000000 08:06 144078                     /usr/lib/x86_64-linux-gnu/libpango-1.0.so.0.3200.5
7f43a1e2f000-7f43a202f000 ---p 00048000 08:06 144078                     /usr/lib/x86_64-linux-gnu/libpango-1.0.so.0.3200.5
7f43a202f000-7f43a2031000 r--p 00048000 08:06 144078                     /usr/lib/x86_64-linux-gnu/libpango-1.0.so.0.3200.5
7f43a2031000-7f43a2032000 rw-p 0004a000 08:06 144078                     /usr/lib/x86_64-linux-gnu/libpango-1.0.so.0.3200.5
7f43a2032000-7f43a2045000 r-xp 00000000 08:06 144082                     /usr/lib/x86_64-linux-gnu/libpangoft2-1.0.so.0.3200.5
7f43a2045000-7f43a2244000 ---p 00013000 08:06 144082                     /usr/lib/x86_64-linux-gnu/libpangoft2-1.0.so.0.3200.5
7f43a2244000-7f43a2245000 r--p 00012000 08:06 144082                     /usr/lib/x86_64-linux-gnu/libpangoft2-1.0.so.0.3200.5
7f43a2245000-7f43a2246000 rw-p 00013000 08:06 144082                     /usr/lib/x86_64-linux-gnu/libpangoft2-1.0.so.0.3200.5
7f43a2246000-7f43a2399000 r-xp 00000000 08:06 143723                     /usr/lib/x86_64-linux-gnu/libgio-2.0.so.0.3600.0
7f43a2399000-7f43a2598000 ---p 00153000 08:06 143723                     /usr/lib/x86_64-linux-gnu/libgio-2.0.so.0.3600.0
7f43a2598000-7f43a259c000 r--p 00152000 08:06 143723                     /usr/lib/x86_64-linux-gnu/libgio-2.0.so.0.3600.0
7f43a259c000-7f43a259e000 rw-p 00156000 08:06 143723                     /usr/lib/x86_64-linux-gnu/libgio-2.0.so.0.3600.0
7f43a259e000-7f43a25a0000 rw-p 00000000 00:00 0 
7f43a25a0000-7f43a25be000 r-xp 00000000 08:06 143702                     /usr/lib/x86_64-linux-gnu/libgdk_pixbuf-2.0.so.0.2800.0
7f43a25be000-7f43a27be000 ---p 0001e000 08:06 143702                     /usr/lib/x86_64-linux-gnu/libgdk_pixbuf-2.0.so.0.2800.0
7f43a27be000-7f43a27bf000 r--p 0001e000 08:06 143702                     /usr/lib/x86_64-linux-gnu/libgdk_pixbuf-2.0.so.0.2800.0
7f43a27bf000-7f43a27c0000 rw-p 0001f000 08:06 143702                     /usr/lib/x86_64-linux-gnu/libgdk_pixbuf-2.0.so.0.2800.0
7f43a27c0000-7f43a28be000 r-xp 00000000 08:06 143460                     /usr/lib/x86_64-linux-gnu/libcairo.so.2.11200.14
7f43a28be000-7f43a2abe000 ---p 000fe000 08:06 143460                     /usr/lib/x86_64-linux-gnu/libcairo.so.2.11200.14
7f43a2abe000-7f43a2ac1000 r--p 000fe000 08:06 143460                     /usr/lib/x86_64-linux-gnu/libcairo.so.2.11200.14
7f43a2ac1000-7f43a2ac2000 rw-p 00101000 08:06 143460                     /usr/lib/x86_64-linux-gnu/libcairo.so.2.11200.14
7f43a2ac2000-7f43a2ac4000 rw-p 00000000 00:00 0 
7f43a2ac4000-7f43a2ae4000 r-xp 00000000 08:06 143410                     /usr/lib/x86_64-linux-gnu/libatk-1.0.so.0.20809.1
7f43a2ae4000-7f43a2ce3000 ---p 00020000 08:06 143410                     /usr/lib/x86_64-linux-gnu/libatk-1.0.so.0.20809.1
7f43a2ce3000-7f43a2ce5000 r--p 0001f000 08:06 143410                     /usr/lib/x86_64-linux-gnu/libatk-1.0.so.0.20809.1
7f43a2ce5000-7f43a2ce6000 rw-p 00021000 08:06 143410                     /usr/lib/x86_64-linux-gnu/libatk-1.0.so.0.20809.1
7f43a2ce6000-7f43a2cf1000 r-xp 00000000 08:06 144080                     /usr/lib/x86_64-linux-gnu/libpangocairo-1.0.so.0.3200.5
7f43a2cf1000-7f43a2ef1000 ---p 0000b000 08:06 144080                     /usr/lib/x86_64-linux-gnu/libpangocairo-1.0.so.0.3200.5
7f43a2ef1000-7f43a2ef2000 r--p 0000b000 08:06 144080                     /usr/lib/x86_64-linux-gnu/libpangocairo-1.0.so.0.3200.5
7f43a2ef2000-7f43a2ef3000 rw-p 0000c000 08:06 144080                     /usr/lib/x86_64-linux-gnu/libpangocairo-1.0.so.0.3200.5
7f43a2ef3000-7f43a2ef6000 r-xp 00000000 08:06 143735                     /usr/lib/x86_64-linux-gnu/libgmodule-2.0.so.0.3600.0
7f43a2ef6000-7f43a30f5000 ---p 00003000 08:06 143735                     /usr/lib/x86_64-linux-gnu/libgmodule-2.0.so.0.3600.0
7f43a30f5000-7f43a30f6000 r--p 00002000 08:06 143735                     /usr/lib/x86_64-linux-gnu/libgmodule-2.0.so.0.3600.0
7f43a30f6000-7f43a30f7000 rw-p 00003000 08:06 143735                     /usr/lib/x86_64-linux-gnu/libgmodule-2.0.so.0.3600.0
7f43a30f7000-7f43a31a4000 r-xp 00000000 08:06 143700                     /usr/lib/x86_64-linux-gnu/libgdk-x11-2.0.so.0.2400.17
7f43a31a4000-7f43a33a3000 ---p 000ad000 08:06 143700                     /usr/lib/x86_64-linux-gnu/libgdk-x11-2.0.so.0.2400.17
7f43a33a3000-7f43a33a7000 r--p 000ac000 08:06 143700                     /usr/lib/x86_64-linux-gnu/libgdk-x11-2.0.so.0.2400.17
7f43a33a7000-7f43a33a9000 rw-p 000b0000 08:06 143700                     /usr/lib/x86_64-linux-gnu/libgdk-x11-2.0.so.0.2400.17
7f43a33a9000-7f43a37d6000 r-xp 00000000 08:06 143872                     /usr/lib/x86_64-linux-gnu/libgtk-x11-2.0.so.0.2400.17
7f43a37d6000-7f43a39d5000 ---p 0042d000 08:06 143872                     /usr/lib/x86_64-linux-gnu/libgtk-x11-2.0.so.0.2400.17
7f43a39d5000-7f43a39dc000 r--p 0042c000 08:06 143872                     /usr/lib/x86_64-linux-gnu/libgtk-x11-2.0.so.0.2400.17
7f43a39dc000-7f43a39e0000 rw-p 00433000 08:06 143872                     /usr/lib/x86_64-linux-gnu/libgtk-x11-2.0.so.0.2400.17
7f43a39e0000-7f43a39e2000 rw-p 00000000 00:00 0 
7f43a39e2000-7f43a39f0000 r-xp 00000000 08:06 146545                     /usr/lib/x86_64-linux-gnu/libXi.so.6.1.0
7f43a39f0000-7f43a3bf0000 ---p 0000e000 08:06 146545                     /usr/lib/x86_64-linux-gnu/libXi.so.6.1.0
7f43a3bf0000-7f43a3bf1000 r--p 0000e000 08:06 146545                     /usr/lib/x86_64-linux-gnu/libXi.so.6.1.0
7f43a3bf1000-7f43a3bf2000 rw-p 0000f000 08:06 146545                     /usr/lib/x86_64-linux-gnu/libXi.so.6.1.0
7f43a3bf2000-7f43a3bf4000 r-xp 00000000 08:06 164288                     /usr/lib/x86_64-linux-gnu/libXinerama.so.1.0.0
7f43a3bf4000-7f43a3df3000 ---p 00002000 08:06 164288                     /usr/lib/x86_64-linux-gnu/libXinerama.so.1.0.0
7f43a3df3000-7f43a3df4000 r--p 00001000 08:06 164288                     /usr/lib/x86_64-linux-gnu/libXinerama.so.1.0.0
7f43a3df4000-7f43a3df5000 rw-p 00002000 08:06 164288                     /usr/lib/x86_64-linux-gnu/libXinerama.so.1.0.0
7f43a3df5000-7f43a3dfe000 r-xp 00000000 08:06 164283                     /usr/lib/x86_64-linux-gnu/libXcursor.so.1.0.2
7f43a3dfe000-7f43a3ffe000 ---p 00009000 08:06 164283                     /usr/lib/x86_64-linux-gnu/libXcursor.so.1.0.2
7f43a3ffe000-7f43a3fff000 r--p 00009000 08:06 164283                     /usr/lib/x86_64-linux-gnu/libXcursor.so.1.0.2
7f43a3fff000-7f43a4000000 rw-p 0000a000 08:06 164283                     /usr/lib/x86_64-linux-gnu/libXcursor.so.1.0.2
7f43a4000000-7f43a4021000 rw-p 00000000 00:00 0 
7f43a4021000-7f43a8000000 ---p 00000000 00:00 0 
7f43a8023000-7f43a8044000 r--s 00000000 08:06 394956                     /usr/share/mime/mime.cache
7f43a8044000-7f43a80f4000 r--p 00000000 08:06 528923                     /usr/share/fonts/truetype/ttf-dejavu/DejaVuSans.ttf
7f43a80f4000-7f43a80f9000 r-xp 00000000 08:06 146589                     /usr/lib/x86_64-linux-gnu/libXfixes.so.3.1.0
7f43a80f9000-7f43a82f8000 ---p 00005000 08:06 146589                     /usr/lib/x86_64-linux-gnu/libXfixes.so.3.1.0
7f43a82f8000-7f43a82f9000 r--p 00004000 08:06 146589                     /usr/lib/x86_64-linux-gnu/libXfixes.so.3.1.0
7f43a82f9000-7f43a82fa000 rw-p 00005000 08:06 146589                     /usr/lib/x86_64-linux-gnu/libXfixes.so.3.1.0
7f43a82fa000-7f43a8303000 r-xp 00000000 08:06 164298                     /usr/lib/x86_64-linux-gnu/libXrandr.so.2.2.0
7f43a8303000-7f43a8502000 ---p 00009000 08:06 164298                     /usr/lib/x86_64-linux-gnu/libXrandr.so.2.2.0
7f43a8502000-7f43a8503000 r--p 00008000 08:06 164298                     /usr/lib/x86_64-linux-gnu/libXrandr.so.2.2.0
7f43a8503000-7f43a8504000 rw-p 00009000 08:06 164298                     /usr/lib/x86_64-linux-gnu/libXrandr.so.2.2.0
7f43a8522000-7f43a8523000 r--s 00000000 08:06 188025                     /usr/local/share/mime/mime.cache
7f43a8523000-7f43a8524000 r--s 00000000 08:07 8128875                    /home/paracaidista/.local/share/mime/mime.cache
7f43a8525000-7f43a8529000 r--s 0008a000 08:06 150259                     /usr/lib/jvm/java-7-oracle/jre/lib/jsse.jar
7f43a8529000-7f43a852a000 r--s 00000000 08:06 28322                      /var/cache/fontconfig/c05880de57d1f5e948fdfacc138775d9-le64.cache-3
7f43a852a000-7f43a8533000 r--s 00000000 08:06 28314                      /var/cache/fontconfig/945677eb7aeaf62f1d50efc3fb3ec7d8-le64.cache-3
7f43a8533000-7f43a8535000 r--s 00000000 08:06 28316                      /var/cache/fontconfig/99e8ed0e538f840c565b6ed5dad60d56-le64.cache-3
7f43a8535000-7f43a853d000 r--s 00000000 08:06 39365                      /var/cache/fontconfig/a6d8cf8e4ec09cdbc8633c31745a07dd-le64.cache-3
7f43a853d000-7f43a8542000 r--s 00000000 08:06 28297                      /var/cache/fontconfig/2cd17615ca594fa2959ae173292e504c-le64.cache-3
7f43a8542000-7f43a8543000 r--s 00000000 08:06 28330                      /var/cache/fontconfig/e7071f4a29fa870f4323321c154eba04-le64.cache-3
7f43a8543000-7f43a8548000 r--s 00000000 08:06 28309                      /var/cache/fontconfig/6eb3985aa4124903f6ff08ba781cd364-le64.cache-3
7f43a8548000-7f43a8549000 r--s 00000000 08:06 28294                      /var/cache/fontconfig/0d8c3b2ac0904cb8a57a757ad11a4a08-le64.cache-3
7f43a8549000-7f43a8552000 r--s 00000000 08:06 28308                      /var/cache/fontconfig/6d41288fd70b0be22e8c3a91e032eec0-le64.cache-3
7f43a8552000-7f43a8555000 r-xp 00000000 08:06 293610                     /usr/lib/x86_64-linux-gnu/gconv/UTF-16.so
7f43a8555000-7f43a8754000 ---p 00003000 08:06 293610                     /usr/lib/x86_64-linux-gnu/gconv/UTF-16.so
7f43a8754000-7f43a8755000 r--p 00002000 08:06 293610                     /usr/lib/x86_64-linux-gnu/gconv/UTF-16.so
7f43a8755000-7f43a8756000 rw-p 00003000 08:06 293610                     /usr/lib/x86_64-linux-gnu/gconv/UTF-16.so
7f43a8756000-7f43a91b0000 r-xp 00000000 08:06 47452                      /tmp/QtJambi_paracaidista_amd64_4.7.0_gcc-20100927-1542/lib/libcom_trolltech_qt_gui.so
7f43a91b0000-7f43a93b0000 ---p 00a5a000 08:06 47452                      /tmp/QtJambi_paracaidista_amd64_4.7.0_gcc-20100927-1542/lib/libcom_trolltech_qt_gui.so
7f43a93b0000-7f43a93d5000 r--p 00a5a000 08:06 47452                      /tmp/QtJambi_paracaidista_amd64_4.7.0_gcc-20100927-1542/lib/libcom_trolltech_qt_gui.so
7f43a93d5000-7f43a9408000 rw-p 00a7f000 08:06 47452                      /tmp/QtJambi_paracaidista_amd64_4.7.0_gcc-20100927-1542/lib/libcom_trolltech_qt_gui.so
7f43a9408000-7f43a940e000 rw-p 00000000 00:00 0 
7f43a940e000-7f43a9413000 r-xp 00000000 08:06 143339                     /usr/lib/x86_64-linux-gnu/libXdmcp.so.6.0.0
7f43a9413000-7f43a9612000 ---p 00005000 08:06 143339                     /usr/lib/x86_64-linux-gnu/libXdmcp.so.6.0.0
7f43a9612000-7f43a9613000 r--p 00004000 08:06 143339                     /usr/lib/x86_64-linux-gnu/libXdmcp.so.6.0.0
7f43a9613000-7f43a9614000 rw-p 00005000 08:06 143339                     /usr/lib/x86_64-linux-gnu/libXdmcp.so.6.0.0
7f43a9614000-7f43a9616000 r-xp 00000000 08:06 143326                     /usr/lib/x86_64-linux-gnu/libXau.so.6.0.0
7f43a9616000-7f43a9816000 ---p 00002000 08:06 143326                     /usr/lib/x86_64-linux-gnu/libXau.so.6.0.0
7f43a9816000-7f43a9817000 r--p 00002000 08:06 143326                     /usr/lib/x86_64-linux-gnu/libXau.so.6.0.0
7f43a9817000-7f43a9818000 rw-p 00003000 08:06 143326                     /usr/lib/x86_64-linux-gnu/libXau.so.6.0.0
7f43a9818000-7f43a9835000 r-xp 00000000 08:06 136413                     /usr/lib/x86_64-linux-gnu/libxcb.so.1.1.0
7f43a9835000-7f43a9a34000 ---p 0001d000 08:06 136413                     /usr/lib/x86_64-linux-gnu/libxcb.so.1.1.0
7f43a9a34000-7f43a9a35000 r--p 0001c000 08:06 136413                     /usr/lib/x86_64-linux-gnu/libxcb.so.1.1.0
7f43a9a35000-7f43a9a36000 rw-p 0001d000 08:06 136413                     /usr/lib/x86_64-linux-gnu/libxcb.so.1.1.0
7f43a9a36000-7f43a9a5c000 r-xp 00000000 08:06 396180                     /lib/x86_64-linux-gnu/libexpat.so.1.6.0
7f43a9a5c000-7f43a9c5c000 ---p 00026000 08:06 396180                     /lib/x86_64-linux-gnu/libexpat.so.1.6.0
7f43a9c5c000-7f43a9c5e000 r--p 00026000 08:06 396180                     /lib/x86_64-linux-gnu/libexpat.so.1.6.0
7f43a9c5e000-7f43a9c5f000 rw-p 00028000 08:06 396180                     /lib/x86_64-linux-gnu/libexpat.so.1.6.0
7f43a9c5f000-7f43a9c63000 r-xp 00000000 08:06 396308                     /lib/x86_64-linux-gnu/libuuid.so.1.3.0
7f43a9c63000-7f43a9e62000 ---p 00004000 08:06 396308                     /lib/x86_64-linux-gnu/libuuid.so.1.3.0
7f43a9e62000-7f43a9e63000 r--p 00003000 08:06 396308                     /lib/x86_64-linux-gnu/libuuid.so.1.3.0
7f43a9e63000-7f43a9e64000 rw-p 00004000 08:06 396308                     /lib/x86_64-linux-gnu/libuuid.so.1.3.0
7f43a9e64000-7f43a9e6b000 r-xp 00000000 08:06 143609                     /usr/lib/x86_64-linux-gnu/libffi.so.6.0.1
7f43a9e6b000-7f43aa06a000 ---p 00007000 08:06 143609                     /usr/lib/x86_64-linux-gnu/libffi.so.6.0.1
7f43aa06a000-7f43aa06b000 r--p 00006000 08:06 143609                     /usr/lib/x86_64-linux-gnu/libffi.so.6.0.1
7f43aa06b000-7f43aa06c000 rw-p 00007000 08:06 143609                     /usr/lib/x86_64-linux-gnu/libffi.so.6.0.1
7f43aa06c000-7f43aa1a0000 r-xp 00000000 08:06 132348                     /usr/lib/x86_64-linux-gnu/libX11.so.6.3.0
7f43aa1a0000-7f43aa3a0000 ---p 00134000 08:06 132348                     /usr/lib/x86_64-linux-gnu/libX11.so.6.3.0
7f43aa3a0000-7f43aa3a1000 r--p 00134000 08:06 132348                     /usr/lib/x86_64-linux-gnu/libX11.so.6.3.0
7f43aa3a1000-7f43aa3a6000 rw-p 00135000 08:06 132348                     /usr/lib/x86_64-linux-gnu/libX11.so.6.3.0
7f43aa3a6000-7f43aa3b7000 r-xp 00000000 08:06 143319                     /usr/lib/x86_64-linux-gnu/libXext.so.6.4.0
7f43aa3b7000-7f43aa5b6000 ---p 00011000 08:06 143319                     /usr/lib/x86_64-linux-gnu/libXext.so.6.4.0
7f43aa5b6000-7f43aa5b7000 r--p 00010000 08:06 143319                     /usr/lib/x86_64-linux-gnu/libXext.so.6.4.0
7f43aa5b7000-7f43aa5b8000 rw-p 00011000 08:06 143319                     /usr/lib/x86_64-linux-gnu/libXext.so.6.4.0
7f43aa5b8000-7f43aa5ef000 r-xp 00000000 08:06 143641                     /usr/lib/x86_64-linux-gnu/libfontconfig.so.1.6.2
7f43aa5ef000-7f43aa7ef000 ---p 00037000 08:06 143641                     /usr/lib/x86_64-linux-gnu/libfontconfig.so.1.6.2
7f43aa7ef000-7f43aa7f0000 r--p 00037000 08:06 143641                     /usr/lib/x86_64-linux-gnu/libfontconfig.so.1.6.2
7f43aa7f0000-7f43aa7f1000 rw-p 00038000 08:06 143641                     /usr/lib/x86_64-linux-gnu/libfontconfig.so.1.6.2
7f43aa7f1000-7f43aa7f2000 rw-p 00000000 00:00 0 
7f43aa7f2000-7f43aa7fb000 r-xp 00000000 08:06 146696                     /usr/lib/x86_64-linux-gnu/libXrender.so.1.3.0
7f43aa7fb000-7f43aa9fa000 ---p 00009000 08:06 146696                     /usr/lib/x86_64-linux-gnu/libXrender.so.1.3.0
7f43aa9fa000-7f43aa9fb000 r--p 00008000 08:06 146696                     /usr/lib/x86_64-linux-gnu/libXrender.so.1.3.0
7f43aa9fb000-7f43aa9fc000 rw-p 00009000 08:06 146696                     /usr/lib/x86_64-linux-gnu/libXrender.so.1.3.0
7f43aa9fc000-7f43aaa13000 r-xp 00000000 08:06 143230                     /usr/lib/x86_64-linux-gnu/libICE.so.6.3.0
7f43aaa13000-7f43aac12000 ---p 00017000 08:06 143230                     /usr/lib/x86_64-linux-gnu/libICE.so.6.3.0
7f43aac12000-7f43aac13000 r--p 00016000 08:06 143230                     /usr/lib/x86_64-linux-gnu/libICE.so.6.3.0
7f43aac13000-7f43aac14000 rw-p 00017000 08:06 143230                     /usr/lib/x86_64-linux-gnu/libICE.so.6.3.0
7f43aac14000-7f43aac18000 rw-p 00000000 00:00 0 
7f43aac18000-7f43aac1f000 r-xp 00000000 08:06 143310                     /usr/lib/x86_64-linux-gnu/libSM.so.6.0.1
7f43aac1f000-7f43aae1e000 ---p 00007000 08:06 143310                     /usr/lib/x86_64-linux-gnu/libSM.so.6.0.1
7f43aae1e000-7f43aae1f000 r--p 00006000 08:06 143310                     /usr/lib/x86_64-linux-gnu/libSM.so.6.0.1
7f43aae1f000-7f43aae20000 rw-p 00007000 08:06 143310                     /usr/lib/x86_64-linux-gnu/libSM.so.6.0.1
7f43aae20000-7f43aae6d000 r-xp 00000000 08:06 143759                     /usr/lib/x86_64-linux-gnu/libgobject-2.0.so.0.3600.0
7f43aae6d000-7f43ab06d000 ---p 0004d000 08:06 143759                     /usr/lib/x86_64-linux-gnu/libgobject-2.0.so.0.3600.0
7f43ab06d000-7f43ab06e000 r--p 0004d000 08:06 143759                     /usr/lib/x86_64-linux-gnu/libgobject-2.0.so.0.3600.0
7f43ab06e000-7f43ab06f000 rw-p 0004e000 08:06 143759                     /usr/lib/x86_64-linux-gnu/libgobject-2.0.so.0.3600.0
7f43ab06f000-7f43ab106000 r-xp 00000000 08:06 143669                     /usr/lib/x86_64-linux-gnu/libfreetype.so.6.10.0
7f43ab106000-7f43ab305000 ---p 00097000 08:06 143669                     /usr/lib/x86_64-linux-gnu/libfreetype.so.6.10.0
7f43ab305000-7f43ab30b000 r--p 00096000 08:06 143669                     /usr/lib/x86_64-linux-gnu/libfreetype.so.6.10.0
7f43ab30b000-7f43ab30c000 rw-p 0009c000 08:06 143669                     /usr/lib/x86_64-linux-gnu/libfreetype.so.6.10.0
7f43ab30c000-7f43abdac000 r-xp 00000000 08:06 35719                      /tmp/QtJambi_paracaidista_amd64_4.7.0_gcc-20100927-1542/lib/libQtGui.so.4
7f43abdac000-7f43abfac000 ---p 00aa0000 08:06 35719                      /tmp/QtJambi_paracaidista_amd64_4.7.0_gcc-20100927-1542/lib/libQtGui.so.4
7f43abfac000-7f43abfeb000 r--p 00aa0000 08:06 35719                      /tmp/QtJambi_paracaidista_amd64_4.7.0_gcc-20100927-1542/lib/libQtGui.so.4
7f43abfeb000-7f43abffd000 rw-p 00adf000 08:06 35719                      /tmp/QtJambi_paracaidista_amd64_4.7.0_gcc-20100927-1542/lib/libQtGui.so.4
7f43abffd000-7f43ac000000 rw-p 00000000 00:00 0 
7f43ac000000-7f43ac021000 rw-p 00000000 00:00 0 
7f43ac021000-7f43b0000000 ---p 00000000 00:00 0 
7f43b0000000-7f43b0006000 r--s 00000000 08:06 28318                      /var/cache/fontconfig/a755afe4a08bf5b97852ceb7400b47bc-le64.cache-3
7f43b0006000-7f43b0016000 r--s 00000000 08:06 28292                      /var/cache/fontconfig/04aabc0a78ac019cf9454389977116d2-le64.cache-3
7f43b0016000-7f43b0017000 r--s 00000000 08:06 28296                      /var/cache/fontconfig/1ac9eb803944fde146138c791f5cc56a-le64.cache-3
7f43b0017000-7f43b001a000 r--s 00000000 08:06 28301                      /var/cache/fontconfig/385c0604a188198f04d133e54aba7fe7-le64.cache-3
7f43b001a000-7f43b001c000 r--s 00000000 08:06 28311                      /var/cache/fontconfig/767a8244fc0220cfb567a839d0392e0b-le64.cache-3
7f43b001c000-7f43b001f000 r--s 00000000 08:06 28313                      /var/cache/fontconfig/8801497958630a81b71ace7c5f9b32a8-le64.cache-3
7f43b001f000-7f43b004d000 r--s 00000000 08:06 39053                      /var/cache/fontconfig/365b55f210c0a22e9a19e35191240f32-le64.cache-3
7f43b004d000-7f43b0052000 r--s 00000000 08:06 28298                      /var/cache/fontconfig/3047814df9a2f067bd2d96a2b9c36e5a-le64.cache-3
7f43b0052000-7f43b0077000 r-xp 00000000 08:06 396267                     /lib/x86_64-linux-gnu/libpng12.so.0.49.0
7f43b0077000-7f43b0276000 ---p 00025000 08:06 396267                     /lib/x86_64-linux-gnu/libpng12.so.0.49.0
7f43b0276000-7f43b0277000 r--p 00024000 08:06 396267                     /lib/x86_64-linux-gnu/libpng12.so.0.49.0
7f43b0277000-7f43b0278000 rw-p 00025000 08:06 396267                     /lib/x86_64-linux-gnu/libpng12.so.0.49.0
7f43b0278000-7f43b0435000 r-xp 00000000 08:06 47444                      /tmp/QtJambi_paracaidista_amd64_4.7.0_gcc-20100927-1542/lib/libcom_trolltech_qt_core.so
7f43b0435000-7f43b0635000 ---p 001bd000 08:06 47444                      /tmp/QtJambi_paracaidista_amd64_4.7.0_gcc-20100927-1542/lib/libcom_trolltech_qt_core.so
7f43b0635000-7f43b063f000 r--p 001bd000 08:06 47444                      /tmp/QtJambi_paracaidista_amd64_4.7.0_gcc-20100927-1542/lib/libcom_trolltech_qt_core.so
7f43b063f000-7f43b0647000 rw-p 001c7000 08:06 47444                      /tmp/QtJambi_paracaidista_amd64_4.7.0_gcc-20100927-1542/lib/libcom_trolltech_qt_core.so
7f43b0647000-7f43b064a000 ---p 00000000 00:00 0 
7f43b064a000-7f43b0748000 rw-p 00000000 00:00 0                          [stack:9647]
7f43b0748000-7f43b078c000 r-xp 00000000 08:06 47443                      /tmp/QtJambi_paracaidista_amd64_4.7.0_gcc-20100927-1542/lib/libqtjambi.so
7f43b078c000-7f43b098b000 ---p 00044000 08:06 47443                      /tmp/QtJambi_paracaidista_amd64_4.7.0_gcc-20100927-1542/lib/libqtjambi.so
7f43b098b000-7f43b098c000 r--p 00043000 08:06 47443                      /tmp/QtJambi_paracaidista_amd64_4.7.0_gcc-20100927-1542/lib/libqtjambi.so
7f43b098c000-7f43b098d000 rw-p 00044000 08:06 47443                      /tmp/QtJambi_paracaidista_amd64_4.7.0_gcc-20100927-1542/lib/libqtjambi.so
7f43b098d000-7f43b098e000 rw-p 00000000 00:00 0 
7f43b098e000-7f43b09cb000 r-xp 00000000 08:06 396255                     /lib/x86_64-linux-gnu/libpcre.so.3.13.1
7f43b09cb000-7f43b0bcb000 ---p 0003d000 08:06 396255                     /lib/x86_64-linux-gnu/libpcre.so.3.13.1
7f43b0bcb000-7f43b0bcc000 r--p 0003d000 08:06 396255                     /lib/x86_64-linux-gnu/libpcre.so.3.13.1
7f43b0bcc000-7f43b0bcd000 rw-p 0003e000 08:06 396255                     /lib/x86_64-linux-gnu/libpcre.so.3.13.1
7f43b0bcd000-7f43b0be1000 r-xp 00000000 08:06 396185                     /lib/x86_64-linux-gnu/libgcc_s.so.1
7f43b0be1000-7f43b0de1000 ---p 00014000 08:06 396185                     /lib/x86_64-linux-gnu/libgcc_s.so.1
7f43b0de1000-7f43b0de2000 r--p 00014000 08:06 396185                     /lib/x86_64-linux-gnu/libgcc_s.so.1
7f43b0de2000-7f43b0de3000 rw-p 00015000 08:06 396185                     /lib/x86_64-linux-gnu/libgcc_s.so.1
7f43b0de3000-7f43b0ec8000 r-xp 00000000 08:06 144230                     /usr/lib/x86_64-linux-gnu/libstdc++.so.6.0.17
7f43b0ec8000-7f43b10c7000 ---p 000e5000 08:06 144230                     /usr/lib/x86_64-linux-gnu/libstdc++.so.6.0.17
7f43b10c7000-7f43b10cf000 r--p 000e4000 08:06 144230                     /usr/lib/x86_64-linux-gnu/libstdc++.so.6.0.17
7f43b10cf000-7f43b10d1000 rw-p 000ec000 08:06 144230                     /usr/lib/x86_64-linux-gnu/libstdc++.so.6.0.17
7f43b10d1000-7f43b10e6000 rw-p 00000000 00:00 0 
7f43b10e6000-7f43b11df000 r-xp 00000000 08:06 396189                     /lib/x86_64-linux-gnu/libglib-2.0.so.0.3600.0
7f43b11df000-7f43b13df000 ---p 000f9000 08:06 396189                     /lib/x86_64-linux-gnu/libglib-2.0.so.0.3600.0
7f43b13df000-7f43b13e0000 r--p 000f9000 08:06 396189                     /lib/x86_64-linux-gnu/libglib-2.0.so.0.3600.0
7f43b13e0000-7f43b13e1000 rw-p 000fa000 08:06 396189                     /lib/x86_64-linux-gnu/libglib-2.0.so.0.3600.0
7f43b13e1000-7f43b13e2000 rw-p 00000000 00:00 0 
7f43b13e2000-7f43b13e3000 r-xp 00000000 08:06 143868                     /usr/lib/x86_64-linux-gnu/libgthread-2.0.so.0.3600.0
7f43b13e3000-7f43b15e2000 ---p 00001000 08:06 143868                     /usr/lib/x86_64-linux-gnu/libgthread-2.0.so.0.3600.0
7f43b15e2000-7f43b15e3000 r--p 00000000 08:06 143868                     /usr/lib/x86_64-linux-gnu/libgthread-2.0.so.0.3600.0
7f43b15e3000-7f43b15e4000 rw-p 00001000 08:06 143868                     /usr/lib/x86_64-linux-gnu/libgthread-2.0.so.0.3600.0
7f43b15e4000-7f43b15fa000 r-xp 00000000 08:06 396313                     /lib/x86_64-linux-gnu/libz.so.1.2.7
7f43b15fa000-7f43b17f9000 ---p 00016000 08:06 396313                     /lib/x86_64-linux-gnu/libz.so.1.2.7
7f43b17f9000-7f43b17fa000 r--p 00015000 08:06 396313                     /lib/x86_64-linux-gnu/libz.so.1.2.7
7f43b17fa000-7f43b17fb000 rw-p 00016000 08:06 396313                     /lib/x86_64-linux-gnu/libz.so.1.2.7
7f43b17fb000-7f43b1800000 r--s 00000000 08:06 28320                      /var/cache/fontconfig/b47c4e1ecd0709278f4910c18777a504-le64.cache-3
7f43b1800000-7f43b1808000 r--s 00000000 08:06 39363                      /var/cache/fontconfig/52f7bdb7ce746bfd7eaa1985bd9cfa93-le64.cache-3
7f43b1808000-7f43b1819000 r--s 00000000 08:06 28326                      /var/cache/fontconfig/d52a8644073d54c13679302ca1180695-le64.cache-3
7f43b1819000-7f43b1820000 r--s 00000000 08:06 28302                      /var/cache/fontconfig/3f7329c5293ffd510edef78f73874cfd-le64.cache-3
7f43b1820000-7f43b1abe000 r-xp 00000000 08:06 35128                      /tmp/QtJambi_paracaidista_amd64_4.7.0_gcc-20100927-1542/lib/libQtCore.so.4
7f43b1abe000-7f43b1cbd000 ---p 0029e000 08:06 35128                      /tmp/QtJambi_paracaidista_amd64_4.7.0_gcc-20100927-1542/lib/libQtCore.so.4
7f43b1cbd000-7f43b1cc8000 r--p 0029d000 08:06 35128                      /tmp/QtJambi_paracaidista_amd64_4.7.0_gcc-20100927-1542/lib/libQtCore.so.4
7f43b1cc8000-7f43b1ccc000 rw-p 002a8000 08:06 35128                      /tmp/QtJambi_paracaidista_amd64_4.7.0_gcc-20100927-1542/lib/libQtCore.so.4
7f43b1ccc000-7f43b1ccd000 rw-p 00000000 00:00 0 
7f43b1ccd000-7f43b1cf6000 r--s 002d2000 08:07 2755213                    /home/paracaidista/NetBeansProjects/DataBaseFun/libs/qt-4.7/qtjambi-4.7.0.jar
7f43b1cf6000-7f43b1d0d000 r--s 00280000 08:07 9437260                    /home/paracaidista/NetBeansProjects/DataBaseFun/libs/driversBD/ojdbc6.jar
7f43b1d0d000-7f43b1d0e000 ---p 00000000 00:00 0 
7f43b1d0e000-7f43b1e0e000 rw-p 00000000 00:00 0                          [stack:9646]
7f43b1e0e000-7f43b1e11000 ---p 00000000 00:00 0 
7f43b1e11000-7f43b1f0f000 rw-p 00000000 00:00 0                          [stack:9645]
7f43b1f0f000-7f43b1f12000 ---p 00000000 00:00 0 
7f43b1f12000-7f43b4000000 rw-p 00000000 00:00 0                          [stack:9644]
7f43b4000000-7f43b4021000 rw-p 00000000 00:00 0 
7f43b4021000-7f43b8000000 ---p 00000000 00:00 0 
7f43b8000000-7f43b8001000 r--s 00000000 08:06 28328                      /var/cache/fontconfig/dc05db6664285cc2f12bf69c139ae4c3-le64.cache-3
7f43b8001000-7f43b8002000 r--s 00000000 08:06 28303                      /var/cache/fontconfig/4794a0821666d79190d59a36cb4f44b5-le64.cache-3
7f43b8002000-7f43b8003000 r--s 00000000 08:06 28305                      /var/cache/fontconfig/56cf4f4769d0f4abc89a4895d7bd3ae1-le64.cache-3
7f43b8003000-7f43b8004000 r--s 00000000 08:06 28321                      /var/cache/fontconfig/b9d506c9ac06c20b433354fa67a72993-le64.cache-3
7f43b8004000-7f43b800b000 r--s 00000000 08:06 40888                      /var/cache/fontconfig/d0972c3d32f097851eb916381fc38920-le64.cache-3
7f43b800b000-7f43b8016000 r--s 00000000 08:06 20763                      /var/cache/fontconfig/e13b20fdb08344e0e664864cc2ede53d-le64.cache-3
7f43b8016000-7f43b8019000 ---p 00000000 00:00 0 
7f43b8019000-7f43b8117000 rw-p 00000000 00:00 0                          [stack:9643]
7f43b8117000-7f43b811a000 ---p 00000000 00:00 0 
7f43b811a000-7f43b8218000 rw-p 00000000 00:00 0                          [stack:9642]
7f43b8218000-7f43b88f9000 r--p 00000000 08:06 140326                     /usr/lib/locale/locale-archive
7f43b88f9000-7f43b88fc000 ---p 00000000 00:00 0 
7f43b88fc000-7f43b89fa000 rw-p 00000000 00:00 0                          [stack:9641]
7f43b89fa000-7f43b89fd000 ---p 00000000 00:00 0 
7f43b89fd000-7f43b8afb000 rw-p 00000000 00:00 0                          [stack:9640]
7f43b8afb000-7f43b8afc000 ---p 00000000 00:00 0 
7f43b8afc000-7f43b9000000 rw-p 00000000 00:00 0                          [stack:9639]
7f43b9000000-7f43b9270000 rwxp 00000000 00:00 0 
7f43b9270000-7f43bd148000 rw-p 00000000 00:00 0 
7f43bd148000-7f43c0000000 ---p 00000000 00:00 0 
7f43c0000000-7f43c0001000 r--s 00000000 08:06 28293                      /var/cache/fontconfig/0c9eb80ebd1c36541ebe2852d3bb0c49-le64.cache-3
7f43c0001000-7f43c0008000 r--s 00000000 08:06 305544                     /usr/lib/x86_64-linux-gnu/gconv/gconv-modules.cache
7f43c0008000-7f43c0012000 r--s 00250000 08:06 149707                     /usr/lib/jvm/java-7-oracle/jre/lib/resources.jar
7f43c0012000-7f43c0c0d000 rw-p 00000000 00:00 0 
7f43c0c0d000-7f43c0dc9000 r--s 039b2000 08:06 150197                     /usr/lib/jvm/java-7-oracle/jre/lib/rt.jar
7f43c0dc9000-7f43c10c1000 rw-p 00000000 00:00 0 
7f43c10c1000-7f43c10c2000 ---p 00000000 00:00 0 
7f43c10c2000-7f43c11c2000 rw-p 00000000 00:00 0                          [stack:9638]
7f43c11c2000-7f43c11c3000 ---p 00000000 00:00 0 
7f43c11c3000-7f43c12c3000 rw-p 00000000 00:00 0                          [stack:9637]
7f43c12c3000-7f43c12c4000 ---p 00000000 00:00 0 
7f43c12c4000-7f43c13c4000 rw-p 00000000 00:00 0                          [stack:9636]
7f43c13c4000-7f43c13c5000 ---p 00000000 00:00 0 
7f43c13c5000-7f43c14d0000 rw-p 00000000 00:00 0                          [stack:9635]
7f43c14d0000-7f43c14ee000 rw-p 00000000 00:00 0 
7f43c14ee000-7f43c1502000 rw-p 00000000 00:00 0 
7f43c1502000-7f43c1628000 rw-p 00000000 00:00 0 
7f43c1628000-7f43c1633000 rw-p 00000000 00:00 0 
7f43c1633000-7f43c1651000 rw-p 00000000 00:00 0 
7f43c1651000-7f43c1665000 rw-p 00000000 00:00 0 
7f43c1665000-7f43c178a000 rw-p 00000000 00:00 0 
7f43c178a000-7f43c179c000 rw-p 00000000 00:00 0 
7f43c179c000-7f43c1827000 rw-p 00000000 00:00 0 
7f43c1827000-7f43c1828000 rw-p 00000000 00:00 0 
7f43c1828000-7f43c1842000 r-xp 00000000 08:06 150329                     /usr/lib/jvm/java-7-oracle/jre/lib/amd64/libzip.so
7f43c1842000-7f43c1a42000 ---p 0001a000 08:06 150329                     /usr/lib/jvm/java-7-oracle/jre/lib/amd64/libzip.so
7f43c1a42000-7f43c1a43000 rw-p 0001a000 08:06 150329                     /usr/lib/jvm/java-7-oracle/jre/lib/amd64/libzip.so
7f43c1a43000-7f43c1a4f000 r-xp 00000000 08:06 416977                     /lib/x86_64-linux-gnu/libnss_files-2.17.so
7f43c1a4f000-7f43c1c4e000 ---p 0000c000 08:06 416977                     /lib/x86_64-linux-gnu/libnss_files-2.17.so
7f43c1c4e000-7f43c1c4f000 r--p 0000b000 08:06 416977                     /lib/x86_64-linux-gnu/libnss_files-2.17.so
7f43c1c4f000-7f43c1c50000 rw-p 0000c000 08:06 416977                     /lib/x86_64-linux-gnu/libnss_files-2.17.so
7f43c1c50000-7f43c1c5b000 r-xp 00000000 08:06 416985                     /lib/x86_64-linux-gnu/libnss_nis-2.17.so
7f43c1c5b000-7f43c1e5a000 ---p 0000b000 08:06 416985                     /lib/x86_64-linux-gnu/libnss_nis-2.17.so
7f43c1e5a000-7f43c1e5b000 r--p 0000a000 08:06 416985                     /lib/x86_64-linux-gnu/libnss_nis-2.17.so
7f43c1e5b000-7f43c1e5c000 rw-p 0000b000 08:06 416985                     /lib/x86_64-linux-gnu/libnss_nis-2.17.so
7f43c1e5c000-7f43c1e73000 r-xp 00000000 08:06 416971                     /lib/x86_64-linux-gnu/libnsl-2.17.so
7f43c1e73000-7f43c2072000 ---p 00017000 08:06 416971                     /lib/x86_64-linux-gnu/libnsl-2.17.so
7f43c2072000-7f43c2073000 r--p 00016000 08:06 416971                     /lib/x86_64-linux-gnu/libnsl-2.17.so
7f43c2073000-7f43c2074000 rw-p 00017000 08:06 416971                     /lib/x86_64-linux-gnu/libnsl-2.17.so
7f43c2074000-7f43c2076000 rw-p 00000000 00:00 0 
7f43c2076000-7f43c207e000 r-xp 00000000 08:06 416987                     /lib/x86_64-linux-gnu/libnss_compat-2.17.so
7f43c207e000-7f43c227d000 ---p 00008000 08:06 416987                     /lib/x86_64-linux-gnu/libnss_compat-2.17.so
7f43c227d000-7f43c227e000 r--p 00007000 08:06 416987                     /lib/x86_64-linux-gnu/libnss_compat-2.17.so
7f43c227e000-7f43c227f000 rw-p 00008000 08:06 416987                     /lib/x86_64-linux-gnu/libnss_compat-2.17.so
7f43c227f000-7f43c22a8000 r-xp 00000000 08:06 150294                     /usr/lib/jvm/java-7-oracle/jre/lib/amd64/libjava.so
7f43c22a8000-7f43c24a8000 ---p 00029000 08:06 150294                     /usr/lib/jvm/java-7-oracle/jre/lib/amd64/libjava.so
7f43c24a8000-7f43c24aa000 rw-p 00029000 08:06 150294                     /usr/lib/jvm/java-7-oracle/jre/lib/amd64/libjava.so
7f43c24aa000-7f43c24b7000 r-xp 00000000 08:06 150332                     /usr/lib/jvm/java-7-oracle/jre/lib/amd64/libverify.so
7f43c24b7000-7f43c26b6000 ---p 0000d000 08:06 150332                     /usr/lib/jvm/java-7-oracle/jre/lib/amd64/libverify.so
7f43c26b6000-7f43c26b8000 rw-p 0000c000 08:06 150332                     /usr/lib/jvm/java-7-oracle/jre/lib/amd64/libverify.so
7f43c26b8000-7f43c26bf000 r-xp 00000000 08:06 416981                     /lib/x86_64-linux-gnu/librt-2.17.so
7f43c26bf000-7f43c28be000 ---p 00007000 08:06 416981                     /lib/x86_64-linux-gnu/librt-2.17.so
7f43c28be000-7f43c28bf000 r--p 00006000 08:06 416981                     /lib/x86_64-linux-gnu/librt-2.17.so
7f43c28bf000-7f43c28c0000 rw-p 00007000 08:06 416981                     /lib/x86_64-linux-gnu/librt-2.17.so
7f43c28c0000-7f43c29c3000 r-xp 00000000 08:06 416986                     /lib/x86_64-linux-gnu/libm-2.17.so
7f43c29c3000-7f43c2bc3000 ---p 00103000 08:06 416986                     /lib/x86_64-linux-gnu/libm-2.17.so
7f43c2bc3000-7f43c2bc4000 r--p 00103000 08:06 416986                     /lib/x86_64-linux-gnu/libm-2.17.so
7f43c2bc4000-7f43c2bc5000 rw-p 00104000 08:06 416986                     /lib/x86_64-linux-gnu/libm-2.17.so
7f43c2bc5000-7f43c3727000 r-xp 00000000 08:06 150347                     /usr/lib/jvm/java-7-oracle/jre/lib/amd64/server/libjvm.so
7f43c3727000-7f43c3927000 ---p 00b62000 08:06 150347                     /usr/lib/jvm/java-7-oracle/jre/lib/amd64/server/libjvm.so
7f43c3927000-7f43c39ea000 rw-p 00b62000 08:06 150347                     /usr/lib/jvm/java-7-oracle/jre/lib/amd64/server/libjvm.so
7f43c39ea000-7f43c3a2b000 rw-p 00000000 00:00 0 
7f43c3a2b000-7f43c3bea000 r-xp 00000000 08:06 416989                     /lib/x86_64-linux-gnu/libc-2.17.so
7f43c3bea000-7f43c3de9000 ---p 001bf000 08:06 416989                     /lib/x86_64-linux-gnu/libc-2.17.so
7f43c3de9000-7f43c3ded000 r--p 001be000 08:06 416989                     /lib/x86_64-linux-gnu/libc-2.17.so
7f43c3ded000-7f43c3def000 rw-p 001c2000 08:06 416989                     /lib/x86_64-linux-gnu/libc-2.17.so
7f43c3def000-7f43c3df4000 rw-p 00000000 00:00 0 
7f43c3df4000-7f43c3df7000 r-xp 00000000 08:06 416975                     /lib/x86_64-linux-gnu/libdl-2.17.so
7f43c3df7000-7f43c3ff6000 ---p 00003000 08:06 416975                     /lib/x86_64-linux-gnu/libdl-2.17.so
7f43c3ff6000-7f43c3ff7000 r--p 00002000 08:06 416975                     /lib/x86_64-linux-gnu/libdl-2.17.so
7f43c3ff7000-7f43c3ff8000 rw-p 00003000 08:06 416975                     /lib/x86_64-linux-gnu/libdl-2.17.so
7f43c3ff8000-7f43c400e000 r-xp 00000000 08:06 149684                     /usr/lib/jvm/java-7-oracle/lib/amd64/jli/libjli.so
7f43c400e000-7f43c420e000 ---p 00016000 08:06 149684                     /usr/lib/jvm/java-7-oracle/lib/amd64/jli/libjli.so
7f43c420e000-7f43c420f000 rw-p 00016000 08:06 149684                     /usr/lib/jvm/java-7-oracle/lib/amd64/jli/libjli.so
7f43c420f000-7f43c4227000 r-xp 00000000 08:06 416972                     /lib/x86_64-linux-gnu/libpthread-2.17.so
7f43c4227000-7f43c4426000 ---p 00018000 08:06 416972                     /lib/x86_64-linux-gnu/libpthread-2.17.so
7f43c4426000-7f43c4427000 r--p 00017000 08:06 416972                     /lib/x86_64-linux-gnu/libpthread-2.17.so
7f43c4427000-7f43c4428000 rw-p 00018000 08:06 416972                     /lib/x86_64-linux-gnu/libpthread-2.17.so
7f43c4428000-7f43c442c000 rw-p 00000000 00:00 0 
7f43c442c000-7f43c444f000 r-xp 00000000 08:06 416965                     /lib/x86_64-linux-gnu/ld-2.17.so
7f43c444f000-7f43c4453000 r--s 00000000 08:06 39364                      /var/cache/fontconfig/7ef2298fde41cc6eeb7af42e48b7d293-le64.cache-3
7f43c4453000-7f43c4456000 r--s 00022000 08:07 8126734                    /home/paracaidista/NetBeansProjects/DataBaseFun/libs/dbus-java-2.7.jar
7f43c4456000-7f43c445a000 r--s 00030000 08:07 8126858                    /home/paracaidista/NetBeansProjects/DataBaseFun/libs/dbus-java-2.7-sources.jar
7f43c445a000-7f43c4462000 r--s 000c8000 08:07 9437274                    /home/paracaidista/NetBeansProjects/DataBaseFun/libs/driversBD/mysql-connector-java-5.1.25-bin.jar
7f43c4462000-7f43c446c000 rw-p 00000000 00:00 0 
7f43c446c000-7f43c4522000 rw-p 00000000 00:00 0 
7f43c4522000-7f43c4525000 ---p 00000000 00:00 0 
7f43c4525000-7f43c4627000 rw-p 00000000 00:00 0                          [stack:9634]
7f43c4627000-7f43c4629000 r--s 01a05000 08:07 2755214                    /home/paracaidista/NetBeansProjects/DataBaseFun/libs/qt-4.7/qtjambi-linux64-gcc-4.7.0.jar
7f43c4629000-7f43c462e000 r--s 0002a000 08:07 9048503                    /home/paracaidista/NetBeansProjects/DataBaseFun/libs/gson-2.2.4.jar
7f43c462e000-7f43c4642000 rw-p 00000000 00:00 0 
7f43c4642000-7f43c464a000 rw-s 00000000 08:06 29807                      /tmp/hsperfdata_paracaidista/9630
7f43c464a000-7f43c464b000 rw-p 00000000 00:00 0 
7f43c464b000-7f43c464c000 r--p 00000000 00:00 0 
7f43c464c000-7f43c464e000 rw-p 00000000 00:00 0 
7f43c464e000-7f43c464f000 r--p 00022000 08:06 416965                     /lib/x86_64-linux-gnu/ld-2.17.so
7f43c464f000-7f43c4651000 rw-p 00023000 08:06 416965                     /lib/x86_64-linux-gnu/ld-2.17.so
7fff084ea000-7fff0850b000 rw-p 00000000 00:00 0                          [stack]
7fff085fe000-7fff08600000 r-xp 00000000 00:00 0                          [vdso]
ffffffffff600000-ffffffffff601000 r-xp 00000000 00:00 0                  [vsyscall]

VM Arguments:
jvm_args: -Dfile.encoding=UTF-8 
java_command: es.miguelgonzalezgomez.dataBaseFun.DataBaseFun
Launcher Type: SUN_STANDARD

Environment Variables:
PATH=/usr/local/sbin:/usr/local/bin:/usr/sbin:/usr/bin:/sbin:/bin:/usr/games:/usr/local/games
USERNAME=paracaidista
LD_LIBRARY_PATH=/usr/lib/jvm/java-7-oracle/jre/lib/amd64:/usr/lib/jvm/java-7-oracle/jre/lib/i386:
SHELL=/bin/bash
DISPLAY=:0.0

Signal Handlers:
SIGSEGV: [libjvm.so+0x9935b0], sa_mask[0]=0x7ffbfeff, sa_flags=0x10000004
SIGBUS: [libjvm.so+0x9935b0], sa_mask[0]=0x7ffbfeff, sa_flags=0x10000004
SIGFPE: [libjvm.so+0x810330], sa_mask[0]=0x7ffbfeff, sa_flags=0x10000004
SIGPIPE: SIG_IGN, sa_mask[0]=0x00001000, sa_flags=0x10000000
SIGXFSZ: [libjvm.so+0x810330], sa_mask[0]=0x7ffbfeff, sa_flags=0x10000004
SIGILL: [libjvm.so+0x810330], sa_mask[0]=0x7ffbfeff, sa_flags=0x10000004
SIGUSR1: SIG_DFL, sa_mask[0]=0x00000000, sa_flags=0x00000000
SIGUSR2: [libjvm.so+0x811820], sa_mask[0]=0x00000004, sa_flags=0x10000004
SIGHUP: [libjvm.so+0x812790], sa_mask[0]=0x7ffbfeff, sa_flags=0x10000004
SIGINT: SIG_IGN, sa_mask[0]=0x00000000, sa_flags=0x00000000
SIGTERM: [libjvm.so+0x812790], sa_mask[0]=0x7ffbfeff, sa_flags=0x10000004
SIGQUIT: [libjvm.so+0x812790], sa_mask[0]=0x7ffbfeff, sa_flags=0x10000004


---------------  S Y S T E M  ---------------

OS:wheezy/sid

uname:Linux 3.8.0-25-generic #37-Ubuntu SMP Thu Jun 6 20:47:07 UTC 2013 x86_64
libc:glibc 2.17 NPTL 2.17 
rlimit: STACK 8192k, CORE 0k, NPROC 29757, NOFILE 4096, AS infinity
load average:0,62 0,64 0,66

/proc/meminfo:
MemTotal:        3843360 kB
MemFree:          637780 kB
Buffers:           36864 kB
Cached:           954648 kB
SwapCached:        54060 kB
Active:          1915752 kB
Inactive:        1077624 kB
Active(anon):    1593668 kB
Inactive(anon):   817840 kB
Active(file):     322084 kB
Inactive(file):   259784 kB
Unevictable:          32 kB
Mlocked:              32 kB
SwapTotal:       1998844 kB
SwapFree:        1746968 kB
Dirty:               744 kB
Writeback:             0 kB
AnonPages:       1967792 kB
Mapped:           180792 kB
Shmem:            409588 kB
Slab:             127564 kB
SReclaimable:      94256 kB
SUnreclaim:        33308 kB
KernelStack:        4384 kB
PageTables:        32704 kB
NFS_Unstable:          0 kB
Bounce:                0 kB
WritebackTmp:          0 kB
CommitLimit:     3920524 kB
Committed_AS:    5488824 kB
VmallocTotal:   34359738367 kB
VmallocUsed:      544148 kB
VmallocChunk:   34359191004 kB
HardwareCorrupted:     0 kB
AnonHugePages:         0 kB
HugePages_Total:       0
HugePages_Free:        0
HugePages_Rsvd:        0
HugePages_Surp:        0
Hugepagesize:       2048 kB
DirectMap4k:      102400 kB
DirectMap2M:     3887104 kB


CPU:total 4 (2 cores per cpu, 2 threads per core) family 6 model 37 stepping 2, cmov, cx8, fxsr, mmx, sse, sse2, sse3, ssse3, sse4.1, sse4.2, popcnt, aes, ht, tsc, tscinvbit

/proc/cpuinfo:
processor	: 0
vendor_id	: GenuineIntel
cpu family	: 6
model		: 37
model name	: Intel(R) Core(TM) i5 CPU       M 540  @ 2.53GHz
stepping	: 2
microcode	: 0x9
cpu MHz		: 2534.000
cache size	: 3072 KB
physical id	: 0
siblings	: 4
core id		: 0
cpu cores	: 2
apicid		: 0
initial apicid	: 0
fpu		: yes
fpu_exception	: yes
cpuid level	: 11
wp		: yes
flags		: fpu vme de pse tsc msr pae mce cx8 apic sep mtrr pge mca cmov pat pse36 clflush dts acpi mmx fxsr sse sse2 ss ht tm pbe syscall nx rdtscp lm constant_tsc arch_perfmon pebs bts rep_good nopl xtopology nonstop_tsc aperfmperf pni pclmulqdq dtes64 monitor ds_cpl vmx smx est tm2 ssse3 cx16 xtpr pdcm sse4_1 sse4_2 popcnt aes lahf_lm ida arat dtherm tpr_shadow vnmi flexpriority ept vpid
bogomips	: 5053.81
clflush size	: 64
cache_alignment	: 64
address sizes	: 36 bits physical, 48 bits virtual
power management:

processor	: 1
vendor_id	: GenuineIntel
cpu family	: 6
model		: 37
model name	: Intel(R) Core(TM) i5 CPU       M 540  @ 2.53GHz
stepping	: 2
microcode	: 0x9
cpu MHz		: 1199.000
cache size	: 3072 KB
physical id	: 0
siblings	: 4
core id		: 2
cpu cores	: 2
apicid		: 4
initial apicid	: 4
fpu		: yes
fpu_exception	: yes
cpuid level	: 11
wp		: yes
flags		: fpu vme de pse tsc msr pae mce cx8 apic sep mtrr pge mca cmov pat pse36 clflush dts acpi mmx fxsr sse sse2 ss ht tm pbe syscall nx rdtscp lm constant_tsc arch_perfmon pebs bts rep_good nopl xtopology nonstop_tsc aperfmperf pni pclmulqdq dtes64 monitor ds_cpl vmx smx est tm2 ssse3 cx16 xtpr pdcm sse4_1 sse4_2 popcnt aes lahf_lm ida arat dtherm tpr_shadow vnmi flexpriority ept vpid
bogomips	: 5053.81
clflush size	: 64
cache_alignment	: 64
address sizes	: 36 bits physical, 48 bits virtual
power management:

processor	: 2
vendor_id	: GenuineIntel
cpu family	: 6
model		: 37
model name	: Intel(R) Core(TM) i5 CPU       M 540  @ 2.53GHz
stepping	: 2
microcode	: 0x9
cpu MHz		: 2534.000
cache size	: 3072 KB
physical id	: 0
siblings	: 4
core id		: 0
cpu cores	: 2
apicid		: 1
initial apicid	: 1
fpu		: yes
fpu_exception	: yes
cpuid level	: 11
wp		: yes
flags		: fpu vme de pse tsc msr pae mce cx8 apic sep mtrr pge mca cmov pat pse36 clflush dts acpi mmx fxsr sse sse2 ss ht tm pbe syscall nx rdtscp lm constant_tsc arch_perfmon pebs bts rep_good nopl xtopology nonstop_tsc aperfmperf pni pclmulqdq dtes64 monitor ds_cpl vmx smx est tm2 ssse3 cx16 xtpr pdcm sse4_1 sse4_2 popcnt aes lahf_lm ida arat dtherm tpr_shadow vnmi flexpriority ept vpid
bogomips	: 5053.81
clflush size	: 64
cache_alignment	: 64
address sizes	: 36 bits physical, 48 bits virtual
power management:

processor	: 3
vendor_id	: GenuineIntel
cpu family	: 6
model		: 37
model name	: Intel(R) Core(TM) i5 CPU       M 540  @ 2.53GHz
stepping	: 2
microcode	: 0x9
cpu MHz		: 1199.000
cache size	: 3072 KB
physical id	: 0
siblings	: 4
core id		: 2
cpu cores	: 2
apicid		: 5
initial apicid	: 5
fpu		: yes
fpu_exception	: yes
cpuid level	: 11
wp		: yes
flags		: fpu vme de pse tsc msr pae mce cx8 apic sep mtrr pge mca cmov pat pse36 clflush dts acpi mmx fxsr sse sse2 ss ht tm pbe syscall nx rdtscp lm constant_tsc arch_perfmon pebs bts rep_good nopl xtopology nonstop_tsc aperfmperf pni pclmulqdq dtes64 monitor ds_cpl vmx smx est tm2 ssse3 cx16 xtpr pdcm sse4_1 sse4_2 popcnt aes lahf_lm ida arat dtherm tpr_shadow vnmi flexpriority ept vpid
bogomips	: 5053.81
clflush size	: 64
cache_alignment	: 64
address sizes	: 36 bits physical, 48 bits virtual
power management:



Memory: 4k page, physical 3843360k(637780k free), swap 1998844k(1746968k free)

vm_info: Java HotSpot(TM) 64-Bit Server VM (24.45-b08) for linux-amd64 JRE (1.7.0_45-b18), built on Oct  8 2013 05:44:25 by "java_re" with gcc 4.3.0 20080428 (Red Hat 4.3.0-8)

time: Thu Nov 28 12:38:18 2013
elapsed time: 5 seconds

