#
# A fatal error has been detected by the Java Runtime Environment:
#
#  SIGSEGV (0xb) at pc=0x00007f59e9afdc2e, pid=7549, tid=140024565163776
#
# JRE version: Java(TM) SE Runtime Environment (7.0_45-b18) (build 1.7.0_45-b18)
# Java VM: Java HotSpot(TM) 64-Bit Server VM (24.45-b08 mixed mode linux-amd64 compressed oops)
# Problematic frame:
# C  [libQtGui.so.4+0x423c2e]  QFont::QFont(QFont const&, QPaintDevice*)+0x3e
#
# Failed to write core dump. Core dumps have been disabled. To enable core dumping, try "ulimit -c unlimited" before starting Java again
#
# If you would like to submit a bug report, please visit:
#   http://bugreport.sun.com/bugreport/crash.jsp
# The crash happened outside the Java Virtual Machine in native code.
# See problematic frame for where to report the bug.
#

---------------  T H R E A D  ---------------

Current thread (0x00007f59fc00a000):  JavaThread "main" [_thread_in_native, id=7553, stack(0x00007f5a02676000,0x00007f5a02777000)]

siginfo:si_signo=SIGSEGV: si_errno=0, si_code=128 (), si_addr=0x0000000000000000

Registers:
RAX=0x65545100656c6261, RBX=0x00007f5a02774010, RCX=0x00007f59fc683030, RDX=0x00007f59fc5eb910
RSP=0x00007f5a02773fb0, RBP=0x00007f59fc5eb910, RSI=0x0000000000000008, RDI=0x00007f59fc5eb910
R8 =0x00007f59fc5cf274, R9 =0x0000000000000021, R10=0x00007f5a02773d00, R11=0x00007f59e9b33070
R12=0x00007f5a02774040, R13=0x00007f59fc5cf260, R14=0x00007f59fc5cf270, R15=0x00007f5a02774030
RIP=0x00007f59e9afdc2e, EFLAGS=0x0000000000010202, CSGSFS=0x0000000000000033, ERR=0x0000000000000000
  TRAPNO=0x000000000000000d

Top of Stack: (sp=0x00007f5a02773fb0)
0x00007f5a02773fb0:   00007f5a02774010 00007f59fc88c9f0
0x00007f5a02773fc0:   00007f5a02774040 00007f59fc5cf260
0x00007f5a02773fd0:   00007f59fc5cf270 00007f59e9b33c35
0x00007f5a02773fe0:   00007f5a02774020 00000000fc88c9e0
0x00007f5a02773ff0:   00007f59fc5cf26c 00007f59fc5cf274
0x00007f5a02774000:   00007f5900000005 0000000000000000
0x00007f5a02774010:   0000000000000000 00007f5900000000
0x00007f5a02774020:   00007f59fc496600 0000000000000000
0x00007f5a02774030:   00007f59fc5fd5a0 00007f5a00000002
0x00007f5a02774040:   00007f59fc496600 00007f5900000000
0x00007f5a02774050:   00007f59fc5cf270 00007f59fc5cf260
0x00007f5a02774060:   0000000000000010 0000000000000000
0x00007f5a02774070:   0000000000000001 00007f5a027744e0
0x00007f5a02774080:   00007f59fc88c9e0 00007f59e9b37119
0x00007f5a02774090:   00000000ec685578 00000000ed533808
0x00007f5a027740a0:   00007f5a027740a0 00007f59fc88c9e0
0x00007f5a027740b0:   01007f5a027740f8 00007f59fc00acd0
0x00007f5a027740c0:   00007f59fc2b32f0 0000000000000000
0x00007f5a027740d0:   0000000000000000 00007f5a027740f0
0x00007f5a027740e0:   00007f59fc5cf250 00007f59f87b8058
0x00007f5a027740f0:   00007f59fc007610 00007f59fc00a890
0x00007f5a02774100:   00007f59fc00a8a0 00007f59fc00ac78
0x00007f5a02774110:   0000000000000000 00007f5a02774158
0x00007f5a02774120:   00000000c02a5570 0000000000000000
0x00007f5a02774130:   00000000c022f950 0000000000000000
0x00007f5a02774140:   00007f5a02774158 00007f5a027741c0
0x00007f5a02774150:   00007f59f87b24e7 00000000ed5337f0
0x00007f5a02774160:   00007f5a00001fa0 00007f5a02774360
0x00007f5a02774170:   00007f5a02774240 00007f5a027742e0
0x00007f5a02774180:   00007f59fc00a000 00007f59fc00acc0
0x00007f5a02774190:   00007f5a02774200 00007f5a02774368
0x00007f5a027741a0:   00007f5a02774360 00007f59fc00a000 

Instructions: (pc=0x00007f59e9afdc2e)
0x00007f59e9afdc0e:   f8 48 83 ec 28 8b 46 08 48 c7 07 00 00 00 00 48
0x00007f59e9afdc1e:   89 d5 be 08 00 00 00 89 47 08 48 8b 02 48 89 d7
0x00007f59e9afdc2e:   ff 50 20 48 89 ef 41 89 c6 e8 4c 3d dc ff 45 31
0x00007f59e9afdc3e:   ed 48 85 c0 74 0b 48 89 c7 e8 4c 25 dc ff 41 89 

Register to memory mapping:

RAX=0x65545100656c6261 is an unknown value
RBX=0x00007f5a02774010 is pointing into the stack for thread: 0x00007f59fc00a000
RCX=0x00007f59fc683030 is an unknown value
RDX=0x00007f59fc5eb910 is an unknown value
RSP=0x00007f5a02773fb0 is pointing into the stack for thread: 0x00007f59fc00a000
RBP=0x00007f59fc5eb910 is an unknown value
RSI=0x0000000000000008 is an unknown value
RDI=0x00007f59fc5eb910 is an unknown value
R8 =0x00007f59fc5cf274 is an unknown value
R9 =0x0000000000000021 is an unknown value
R10=0x00007f5a02773d00 is pointing into the stack for thread: 0x00007f59fc00a000
R11=0x00007f59e9b33070: _ZNK11QTextEngine11formatIndexEPK11QScriptItem+0 in /tmp/QtJambi_paracaidista_amd64_4.7.0_gcc-20100927-1542/lib/libQtGui.so.4 at 0x00007f59e96da000
R12=0x00007f5a02774040 is pointing into the stack for thread: 0x00007f59fc00a000
R13=0x00007f59fc5cf260 is an unknown value
R14=0x00007f59fc5cf270 is an unknown value
R15=0x00007f5a02774030 is pointing into the stack for thread: 0x00007f59fc00a000


Stack: [0x00007f5a02676000,0x00007f5a02777000],  sp=0x00007f5a02773fb0,  free space=1015k
Native frames: (J=compiled Java code, j=interpreted, Vv=VM code, C=native code)
C  [libQtGui.so.4+0x423c2e]  QFont::QFont(QFont const&, QPaintDevice*)+0x3e

Java frames: (J=compiled Java code, j=interpreted, Vv=VM code)
j  com.trolltech.qt.gui.QPlainTextEdit.__qt_setPlainText_String(JLjava/lang/String;)V+0
j  com.trolltech.qt.gui.QPlainTextEdit.setPlainText(Ljava/lang/String;)V+52
j  es.miguelgonzalezgomez.dataBaseFun.qt.EditorTexto.establecerTexto(Ljava/lang/String;)V+13
j  es.miguelgonzalezgomez.dataBaseFun.qt.controladores.CEditor.establecerTextoModeloPestana()V+13
j  es.miguelgonzalezgomez.dataBaseFun.qt.controladores.CEditor.<init>(Les/miguelgonzalezgomez/dataBaseFun/domain/MPestana;)V+29
j  es.miguelgonzalezgomez.dataBaseFun.qt.controladores.CPestanaEditor.<init>(Les/miguelgonzalezgomez/dataBaseFun/domain/MPestana;)V+15
j  es.miguelgonzalezgomez.dataBaseFun.qt.WidgetPestanasEditores.addTabEditorTexto(Les/miguelgonzalezgomez/dataBaseFun/domain/MPestana;)V+5
j  es.miguelgonzalezgomez.dataBaseFun.qt.controladores.CWidgetPestanasEditores.anadidaPestana(Les/miguelgonzalezgomez/dataBaseFun/domain/MPestana;)V+5
j  es.miguelgonzalezgomez.dataBaseFun.qt.controladores.CWidgetPestanasEditores.cargarPestanasAbiertas()V+34
j  es.miguelgonzalezgomez.dataBaseFun.qt.controladores.CWidgetPestanasEditores.<init>()V+25
j  es.miguelgonzalezgomez.dataBaseFun.qt.controladores.CVentanaPrincipal.<init>()V+20
j  es.miguelgonzalezgomez.dataBaseFun.DataBaseFun.main([Ljava/lang/String;)V+30
v  ~StubRoutines::call_stub

---------------  P R O C E S S  ---------------

Java Threads: ( => current thread )
  0x00007f59fc138800 JavaThread "Thread-0" daemon [_thread_blocked, id=7566, stack(0x00007f59ea79d000,0x00007f59ea89e000)]
  0x00007f59fc097800 JavaThread "Service Thread" daemon [_thread_blocked, id=7564, stack(0x00007f59ebeff000,0x00007f59ec000000)]
  0x00007f59fc095000 JavaThread "C2 CompilerThread1" daemon [_thread_blocked, id=7563, stack(0x00007f59f005f000,0x00007f59f0160000)]
  0x00007f59fc092000 JavaThread "C2 CompilerThread0" daemon [_thread_blocked, id=7562, stack(0x00007f59f0160000,0x00007f59f0261000)]
  0x00007f59fc088000 JavaThread "Signal Dispatcher" daemon [_thread_blocked, id=7561, stack(0x00007f59f0261000,0x00007f59f0362000)]
  0x00007f59fc070000 JavaThread "Finalizer" daemon [_thread_blocked, id=7560, stack(0x00007f59f0a43000,0x00007f59f0b44000)]
  0x00007f59fc06c000 JavaThread "Reference Handler" daemon [_thread_blocked, id=7559, stack(0x00007f59f0b44000,0x00007f59f0c45000)]
=>0x00007f59fc00a000 JavaThread "main" [_thread_in_native, id=7553, stack(0x00007f5a02676000,0x00007f5a02777000)]

Other Threads:
  0x00007f59fc069800 VMThread [stack: 0x00007f59f0c45000,0x00007f59f0d46000] [id=7558]
  0x00007f59fc0a2000 WatcherThread [stack: 0x00007f59ebdfe000,0x00007f59ebeff000] [id=7565]

VM state:not at safepoint (normal execution)

VM Mutex/Monitor currently owned by a thread: None

Heap
 PSYoungGen      total 17920K, used 15120K [0x00000000ec680000, 0x00000000eda80000, 0x0000000100000000)
  eden space 15360K, 98% used [0x00000000ec680000,0x00000000ed5442c8,0x00000000ed580000)
  from space 2560K, 0% used [0x00000000ed800000,0x00000000ed800000,0x00000000eda80000)
  to   space 2560K, 0% used [0x00000000ed580000,0x00000000ed580000,0x00000000ed800000)
 ParOldGen       total 39936K, used 0K [0x00000000c5400000, 0x00000000c7b00000, 0x00000000ec680000)
  object space 39936K, 0% used [0x00000000c5400000,0x00000000c5400000,0x00000000c7b00000)
 PSPermGen       total 21504K, used 9006K [0x00000000c0200000, 0x00000000c1700000, 0x00000000c5400000)
  object space 21504K, 41% used [0x00000000c0200000,0x00000000c0acbab8,0x00000000c1700000)

Card table byte_map: [0x00007f59f85b2000,0x00007f59f87b2000] byte_map_base: 0x00007f59f7fb1000

Polling page: 0x00007f5a0279f000

Code Cache  [0x00007f59f87b2000, 0x00007f59f8a22000, 0x00007f59fb7b2000)
 total_blobs=332 nmethods=31 adapters=256 free_code_cache=48660Kb largest_free_block=49808128

Compilation events (10 events):
Event: 0,524 Thread 0x00007f59fc095000 nmethod 27 0x00007f59f8820590 code [0x00007f59f88206c0, 0x00007f59f8820758]
Event: 0,527 Thread 0x00007f59fc092000 nmethod 26 0x00007f59f8822290 code [0x00007f59f8822420, 0x00007f59f88228a8]
Event: 0,528 Thread 0x00007f59fc095000   28             java.lang.AbstractStringBuilder::ensureCapacityInternal (16 bytes)
Event: 0,533 Thread 0x00007f59fc095000 nmethod 28 0x00007f59f8820050 code [0x00007f59f88201a0, 0x00007f59f8820418]
Event: 0,560 Thread 0x00007f59fc092000   29             java.io.DataOutputStream::writeUTF (435 bytes)
Event: 0,596 Thread 0x00007f59fc092000 nmethod 29 0x00007f59f882d550 code [0x00007f59f882d6e0, 0x00007f59f882e388]
Event: 0,602 Thread 0x00007f59fc095000   30             java.lang.reflect.Method::getName (5 bytes)
Event: 0,602 Thread 0x00007f59fc095000 nmethod 30 0x00007f59f882a710 code [0x00007f59f882a840, 0x00007f59f882a898]
Event: 0,661 Thread 0x00007f59fc092000   31             com.trolltech.qt.internal.QtJambiInternal::findFunctionRecursive (295 bytes)
Event: 0,683 Thread 0x00007f59fc092000 nmethod 31 0x00007f59f8830910 code [0x00007f59f8830b00, 0x00007f59f8831470]

GC Heap History (0 events):
No events

Deoptimization events (0 events):
No events

Internal exceptions (10 events):
Event: 0,664 Thread 0x00007f59fc00a000 Threw 0x00000000ed4d4298 at /HUDSON/workspace/7u-2-build-linux-amd64/jdk7u45/229/hotspot/src/share/vm/prims/jvm.cpp:1244
Event: 0,667 Thread 0x00007f59fc00a000 Threw 0x00000000ed4e1678 at /HUDSON/workspace/7u-2-build-linux-amd64/jdk7u45/229/hotspot/src/share/vm/prims/jvm.cpp:1244
Event: 0,669 Thread 0x00007f59fc00a000 Threw 0x00000000ed4f1b50 at /HUDSON/workspace/7u-2-build-linux-amd64/jdk7u45/229/hotspot/src/share/vm/prims/jvm.cpp:1244
Event: 0,670 Thread 0x00007f59fc00a000 Threw 0x00000000ed4f5140 at /HUDSON/workspace/7u-2-build-linux-amd64/jdk7u45/229/hotspot/src/share/vm/prims/jvm.cpp:1244
Event: 0,674 Thread 0x00007f59fc00a000 Threw 0x00000000ed4f9068 at /HUDSON/workspace/7u-2-build-linux-amd64/jdk7u45/229/hotspot/src/share/vm/prims/jvm.cpp:1244
Event: 0,675 Thread 0x00007f59fc00a000 Threw 0x00000000ed5026b0 at /HUDSON/workspace/7u-2-build-linux-amd64/jdk7u45/229/hotspot/src/share/vm/prims/jvm.cpp:1244
Event: 0,678 Thread 0x00007f59fc00a000 Threw 0x00000000ed506db8 at /HUDSON/workspace/7u-2-build-linux-amd64/jdk7u45/229/hotspot/src/share/vm/prims/jvm.cpp:1244
Event: 0,680 Thread 0x00007f59fc00a000 Threw 0x00000000ed50bc20 at /HUDSON/workspace/7u-2-build-linux-amd64/jdk7u45/229/hotspot/src/share/vm/prims/jvm.cpp:1244
Event: 0,681 Thread 0x00007f59fc00a000 Threw 0x00000000ed50f5a0 at /HUDSON/workspace/7u-2-build-linux-amd64/jdk7u45/229/hotspot/src/share/vm/prims/jvm.cpp:1244
Event: 0,687 Thread 0x00007f59fc00a000 Threw 0x00000000ed530148 at /HUDSON/workspace/7u-2-build-linux-amd64/jdk7u45/229/hotspot/src/share/vm/prims/jvm.cpp:1244

Events (10 events):
Event: 0,686 loading class 0x00007f59c80381a0
Event: 0,686 loading class 0x00007f59c80381a0 done
Event: 0,686 loading class 0x00007f59c8037fe0 done
Event: 0,686 loading class 0x00007f59c8038660 done
Event: 0,686 loading class 0x00007f59c8037ef0
Event: 0,686 loading class 0x00007f59c8037ef0 done
Event: 0,686 loading class 0x00007f59c8038330
Event: 0,686 loading class 0x00007f59c8038330 done
Event: 0,687 loading class 0x00007f59fc5e1760
Event: 0,687 loading class 0x00007f59fc5e1760 done


Dynamic libraries:
00400000-00401000 r-xp 00000000 08:06 150460                             /usr/lib/jvm/java-7-oracle/bin/java
00600000-00601000 rw-p 00000000 08:06 150460                             /usr/lib/jvm/java-7-oracle/bin/java
01a53000-01a74000 rw-p 00000000 00:00 0                                  [heap]
c0200000-c1700000 rw-p 00000000 00:00 0 
c1700000-c5400000 rw-p 00000000 00:00 0 
c5400000-c7b00000 rw-p 00000000 00:00 0 
c7b00000-ec680000 rw-p 00000000 00:00 0 
ec680000-eda80000 rw-p 00000000 00:00 0 
eda80000-100000000 rw-p 00000000 00:00 0 
7f59b0490000-7f59b0540000 r--p 00000000 08:06 528923                     /usr/share/fonts/truetype/ttf-dejavu/DejaVuSans.ttf
7f59b0540000-7f59b0543000 r-xp 00000000 08:06 267663                     /usr/lib/x86_64-linux-gnu/pango/1.8.0/modules/pango-basic-fc.so
7f59b0543000-7f59b0742000 ---p 00003000 08:06 267663                     /usr/lib/x86_64-linux-gnu/pango/1.8.0/modules/pango-basic-fc.so
7f59b0742000-7f59b0743000 r--p 00002000 08:06 267663                     /usr/lib/x86_64-linux-gnu/pango/1.8.0/modules/pango-basic-fc.so
7f59b0743000-7f59b0744000 rw-p 00003000 08:06 267663                     /usr/lib/x86_64-linux-gnu/pango/1.8.0/modules/pango-basic-fc.so
7f59b0744000-7f59b074d000 r-xp 00000000 08:06 267411                     /usr/lib/x86_64-linux-gnu/gtk-2.0/2.10.0/engines/libpixmap.so
7f59b074d000-7f59b094d000 ---p 00009000 08:06 267411                     /usr/lib/x86_64-linux-gnu/gtk-2.0/2.10.0/engines/libpixmap.so
7f59b094d000-7f59b094e000 r--p 00009000 08:06 267411                     /usr/lib/x86_64-linux-gnu/gtk-2.0/2.10.0/engines/libpixmap.so
7f59b094e000-7f59b094f000 rw-p 0000a000 08:06 267411                     /usr/lib/x86_64-linux-gnu/gtk-2.0/2.10.0/engines/libpixmap.so
7f59b094f000-7f59b097e000 r-xp 00000000 08:06 267410                     /usr/lib/x86_64-linux-gnu/gtk-2.0/2.10.0/engines/libmurrine.so
7f59b097e000-7f59b0b7e000 ---p 0002f000 08:06 267410                     /usr/lib/x86_64-linux-gnu/gtk-2.0/2.10.0/engines/libmurrine.so
7f59b0b7e000-7f59b0b7f000 r--p 0002f000 08:06 267410                     /usr/lib/x86_64-linux-gnu/gtk-2.0/2.10.0/engines/libmurrine.so
7f59b0b7f000-7f59b0b80000 rw-p 00030000 08:06 267410                     /usr/lib/x86_64-linux-gnu/gtk-2.0/2.10.0/engines/libmurrine.so
7f59b0b80000-7f59b0b86000 r-xp 00000000 08:06 144054                     /usr/lib/x86_64-linux-gnu/libogg.so.0.8.0
7f59b0b86000-7f59b0d85000 ---p 00006000 08:06 144054                     /usr/lib/x86_64-linux-gnu/libogg.so.0.8.0
7f59b0d85000-7f59b0d86000 r--p 00005000 08:06 144054                     /usr/lib/x86_64-linux-gnu/libogg.so.0.8.0
7f59b0d86000-7f59b0d87000 rw-p 00006000 08:06 144054                     /usr/lib/x86_64-linux-gnu/libogg.so.0.8.0
7f59b0d87000-7f59b0db2000 r-xp 00000000 08:06 144310                     /usr/lib/x86_64-linux-gnu/libvorbis.so.0.4.5
7f59b0db2000-7f59b0fb2000 ---p 0002b000 08:06 144310                     /usr/lib/x86_64-linux-gnu/libvorbis.so.0.4.5
7f59b0fb2000-7f59b0fb3000 r--p 0002b000 08:06 144310                     /usr/lib/x86_64-linux-gnu/libvorbis.so.0.4.5
7f59b0fb3000-7f59b0fb4000 rw-p 0002c000 08:06 144310                     /usr/lib/x86_64-linux-gnu/libvorbis.so.0.4.5
7f59b0fb4000-7f59b0fb7000 r-xp 00000000 08:06 396191                     /lib/x86_64-linux-gnu/libgpg-error.so.0.8.0
7f59b0fb7000-7f59b11b6000 ---p 00003000 08:06 396191                     /lib/x86_64-linux-gnu/libgpg-error.so.0.8.0
7f59b11b6000-7f59b11b7000 r--p 00002000 08:06 396191                     /lib/x86_64-linux-gnu/libgpg-error.so.0.8.0
7f59b11b7000-7f59b11b8000 rw-p 00003000 08:06 396191                     /lib/x86_64-linux-gnu/libgpg-error.so.0.8.0
7f59b11b8000-7f59b11ca000 r-xp 00000000 08:06 144070                     /usr/lib/x86_64-linux-gnu/libp11-kit.so.0.0.0
7f59b11ca000-7f59b13ca000 ---p 00012000 08:06 144070                     /usr/lib/x86_64-linux-gnu/libp11-kit.so.0.0.0
7f59b13ca000-7f59b13cb000 r--p 00012000 08:06 144070                     /usr/lib/x86_64-linux-gnu/libp11-kit.so.0.0.0
7f59b13cb000-7f59b13cc000 rw-p 00013000 08:06 144070                     /usr/lib/x86_64-linux-gnu/libp11-kit.so.0.0.0
7f59b13cc000-7f59b13db000 r-xp 00000000 08:06 144240                     /usr/lib/x86_64-linux-gnu/libtasn1.so.3.2.0
7f59b13db000-7f59b15db000 ---p 0000f000 08:06 144240                     /usr/lib/x86_64-linux-gnu/libtasn1.so.3.2.0
7f59b15db000-7f59b15dc000 r--p 0000f000 08:06 144240                     /usr/lib/x86_64-linux-gnu/libtasn1.so.3.2.0
7f59b15dc000-7f59b15dd000 rw-p 00010000 08:06 144240                     /usr/lib/x86_64-linux-gnu/libtasn1.so.3.2.0
7f59b15dd000-7f59b15e6000 r-xp 00000000 08:06 143971                     /usr/lib/x86_64-linux-gnu/libltdl.so.7.3.0
7f59b15e6000-7f59b17e5000 ---p 00009000 08:06 143971                     /usr/lib/x86_64-linux-gnu/libltdl.so.7.3.0
7f59b17e5000-7f59b17e6000 r--p 00008000 08:06 143971                     /usr/lib/x86_64-linux-gnu/libltdl.so.7.3.0
7f59b17e6000-7f59b17e7000 rw-p 00009000 08:06 143971                     /usr/lib/x86_64-linux-gnu/libltdl.so.7.3.0
7f59b17e7000-7f59b17f7000 r-xp 00000000 08:06 144242                     /usr/lib/x86_64-linux-gnu/libtdb.so.1.2.10
7f59b17f7000-7f59b19f7000 ---p 00010000 08:06 144242                     /usr/lib/x86_64-linux-gnu/libtdb.so.1.2.10
7f59b19f7000-7f59b19f8000 r--p 00010000 08:06 144242                     /usr/lib/x86_64-linux-gnu/libtdb.so.1.2.10
7f59b19f8000-7f59b19f9000 rw-p 00011000 08:06 144242                     /usr/lib/x86_64-linux-gnu/libtdb.so.1.2.10
7f59b19f9000-7f59b1a00000 r-xp 00000000 08:06 144314                     /usr/lib/x86_64-linux-gnu/libvorbisfile.so.3.3.4
7f59b1a00000-7f59b1bff000 ---p 00007000 08:06 144314                     /usr/lib/x86_64-linux-gnu/libvorbisfile.so.3.3.4
7f59b1bff000-7f59b1c00000 r--p 00006000 08:06 144314                     /usr/lib/x86_64-linux-gnu/libvorbisfile.so.3.3.4
7f59b1c00000-7f59b1c01000 rw-p 00007000 08:06 144314                     /usr/lib/x86_64-linux-gnu/libvorbisfile.so.3.3.4
7f59b1c01000-7f59b1c22000 r-xp 00000000 08:06 396207                     /lib/x86_64-linux-gnu/liblzma.so.5.0.0
7f59b1c22000-7f59b1e21000 ---p 00021000 08:06 396207                     /lib/x86_64-linux-gnu/liblzma.so.5.0.0
7f59b1e21000-7f59b1e22000 r--p 00020000 08:06 396207                     /lib/x86_64-linux-gnu/liblzma.so.5.0.0
7f59b1e22000-7f59b1e23000 rw-p 00021000 08:06 396207                     /lib/x86_64-linux-gnu/liblzma.so.5.0.0
7f59b1e23000-7f59b1e28000 r-xp 00000000 08:06 143247                     /usr/lib/x86_64-linux-gnu/libORBitCosNaming-2.so.0.1.0
7f59b1e28000-7f59b2028000 ---p 00005000 08:06 143247                     /usr/lib/x86_64-linux-gnu/libORBitCosNaming-2.so.0.1.0
7f59b2028000-7f59b2029000 r--p 00005000 08:06 143247                     /usr/lib/x86_64-linux-gnu/libORBitCosNaming-2.so.0.1.0
7f59b2029000-7f59b202a000 rw-p 00006000 08:06 143247                     /usr/lib/x86_64-linux-gnu/libORBitCosNaming-2.so.0.1.0
7f59b202a000-7f59b20a4000 r-xp 00000000 08:06 395060                     /lib/x86_64-linux-gnu/libgcrypt.so.11.7.0
7f59b20a4000-7f59b22a4000 ---p 0007a000 08:06 395060                     /lib/x86_64-linux-gnu/libgcrypt.so.11.7.0
7f59b22a4000-7f59b22a5000 r--p 0007a000 08:06 395060                     /lib/x86_64-linux-gnu/libgcrypt.so.11.7.0
7f59b22a5000-7f59b22a8000 rw-p 0007b000 08:06 395060                     /lib/x86_64-linux-gnu/libgcrypt.so.11.7.0
7f59b22a8000-7f59b22aa000 r-xp 00000000 08:06 416964                     /lib/x86_64-linux-gnu/libutil-2.17.so
7f59b22aa000-7f59b24a9000 ---p 00002000 08:06 416964                     /lib/x86_64-linux-gnu/libutil-2.17.so
7f59b24a9000-7f59b24aa000 r--p 00001000 08:06 416964                     /lib/x86_64-linux-gnu/libutil-2.17.so
7f59b24aa000-7f59b24ab000 rw-p 00002000 08:06 416964                     /lib/x86_64-linux-gnu/libutil-2.17.so
7f59b24ab000-7f59b24ba000 r-xp 00000000 08:06 143420                     /usr/lib/x86_64-linux-gnu/libavahi-client.so.3.2.9
7f59b24ba000-7f59b26ba000 ---p 0000f000 08:06 143420                     /usr/lib/x86_64-linux-gnu/libavahi-client.so.3.2.9
7f59b26ba000-7f59b26bb000 r--p 0000f000 08:06 143420                     /usr/lib/x86_64-linux-gnu/libavahi-client.so.3.2.9
7f59b26bb000-7f59b26bc000 rw-p 00010000 08:06 143420                     /usr/lib/x86_64-linux-gnu/libavahi-client.so.3.2.9
7f59b26bc000-7f59b26c7000 r-xp 00000000 08:06 143422                     /usr/lib/x86_64-linux-gnu/libavahi-common.so.3.5.3
7f59b26c7000-7f59b28c6000 ---p 0000b000 08:06 143422                     /usr/lib/x86_64-linux-gnu/libavahi-common.so.3.5.3
7f59b28c6000-7f59b28c7000 r--p 0000a000 08:06 143422                     /usr/lib/x86_64-linux-gnu/libavahi-common.so.3.5.3
7f59b28c7000-7f59b28c8000 rw-p 0000b000 08:06 143422                     /usr/lib/x86_64-linux-gnu/libavahi-common.so.3.5.3
7f59b28c8000-7f59b28cb000 r-xp 00000000 08:06 143426                     /usr/lib/x86_64-linux-gnu/libavahi-glib.so.1.0.2
7f59b28cb000-7f59b2aca000 ---p 00003000 08:06 143426                     /usr/lib/x86_64-linux-gnu/libavahi-glib.so.1.0.2
7f59b2aca000-7f59b2acb000 r--p 00002000 08:06 143426                     /usr/lib/x86_64-linux-gnu/libavahi-glib.so.1.0.2
7f59b2acb000-7f59b2acc000 rw-p 00003000 08:06 143426                     /usr/lib/x86_64-linux-gnu/libavahi-glib.so.1.0.2
7f59b2acc000-7f59b2b81000 r-xp 00000000 08:06 136402                     /usr/lib/x86_64-linux-gnu/libgnutls.so.26.22.6
7f59b2b81000-7f59b2d80000 ---p 000b5000 08:06 136402                     /usr/lib/x86_64-linux-gnu/libgnutls.so.26.22.6
7f59b2d80000-7f59b2d86000 r--p 000b4000 08:06 136402                     /usr/lib/x86_64-linux-gnu/libgnutls.so.26.22.6
7f59b2d86000-7f59b2d87000 rw-p 000ba000 08:06 136402                     /usr/lib/x86_64-linux-gnu/libgnutls.so.26.22.6
7f59b2d87000-7f59b2d88000 rw-p 00000000 00:00 0 
7f59b2d88000-7f59b2dcb000 r-xp 00000000 08:06 390411                     /lib/x86_64-linux-gnu/libdbus-1.so.3.7.2
7f59b2dcb000-7f59b2fca000 ---p 00043000 08:06 390411                     /lib/x86_64-linux-gnu/libdbus-1.so.3.7.2
7f59b2fca000-7f59b2fcb000 r--p 00042000 08:06 390411                     /lib/x86_64-linux-gnu/libdbus-1.so.3.7.2
7f59b2fcb000-7f59b2fcc000 rw-p 00043000 08:06 390411                     /lib/x86_64-linux-gnu/libdbus-1.so.3.7.2
7f59b2fcc000-7f59b2ff1000 r-xp 00000000 08:06 143534                     /usr/lib/x86_64-linux-gnu/libdbus-glib-1.so.2.2.2
7f59b2ff1000-7f59b31f1000 ---p 00025000 08:06 143534                     /usr/lib/x86_64-linux-gnu/libdbus-glib-1.so.2.2.2
7f59b31f1000-7f59b31f2000 r--p 00025000 08:06 143534                     /usr/lib/x86_64-linux-gnu/libdbus-glib-1.so.2.2.2
7f59b31f2000-7f59b31f3000 rw-p 00026000 08:06 143534                     /usr/lib/x86_64-linux-gnu/libdbus-glib-1.so.2.2.2
7f59b31f3000-7f59b3202000 r-xp 00000000 08:06 143468                     /usr/lib/x86_64-linux-gnu/libcanberra.so.0.2.5
7f59b3202000-7f59b3401000 ---p 0000f000 08:06 143468                     /usr/lib/x86_64-linux-gnu/libcanberra.so.0.2.5
7f59b3401000-7f59b3402000 r--p 0000e000 08:06 143468                     /usr/lib/x86_64-linux-gnu/libcanberra.so.0.2.5
7f59b3402000-7f59b3403000 rw-p 0000f000 08:06 143468                     /usr/lib/x86_64-linux-gnu/libcanberra.so.0.2.5
7f59b3403000-7f59b340a000 r-xp 00000000 08:06 143680                     /usr/lib/x86_64-linux-gnu/libgailutil.so.18.0.1
7f59b340a000-7f59b3609000 ---p 00007000 08:06 143680                     /usr/lib/x86_64-linux-gnu/libgailutil.so.18.0.1
7f59b3609000-7f59b360a000 r--p 00006000 08:06 143680                     /usr/lib/x86_64-linux-gnu/libgailutil.so.18.0.1
7f59b360a000-7f59b360b000 rw-p 00007000 08:06 143680                     /usr/lib/x86_64-linux-gnu/libgailutil.so.18.0.1
7f59b360b000-7f59b3616000 r-xp 00000000 08:06 396269                     /lib/x86_64-linux-gnu/libpopt.so.0.0.0
7f59b3616000-7f59b3815000 ---p 0000b000 08:06 396269                     /lib/x86_64-linux-gnu/libpopt.so.0.0.0
7f59b3815000-7f59b3816000 r--p 0000a000 08:06 396269                     /lib/x86_64-linux-gnu/libpopt.so.0.0.0
7f59b3816000-7f59b3817000 rw-p 0000b000 08:06 396269                     /lib/x86_64-linux-gnu/libpopt.so.0.0.0
7f59b3817000-7f59b3970000 r-xp 00000000 08:06 146137                     /usr/lib/x86_64-linux-gnu/libxml2.so.2.9.0
7f59b3970000-7f59b3b6f000 ---p 00159000 08:06 146137                     /usr/lib/x86_64-linux-gnu/libxml2.so.2.9.0
7f59b3b6f000-7f59b3b77000 r--p 00158000 08:06 146137                     /usr/lib/x86_64-linux-gnu/libxml2.so.2.9.0
7f59b3b77000-7f59b3b79000 rw-p 00160000 08:06 146137                     /usr/lib/x86_64-linux-gnu/libxml2.so.2.9.0
7f59b3b79000-7f59b3b7a000 rw-p 00000000 00:00 0 
7f59b3b7a000-7f59b3bd4000 r-xp 00000000 08:06 143243                     /usr/lib/x86_64-linux-gnu/libORBit-2.so.0.1.0
7f59b3bd4000-7f59b3dd4000 ---p 0005a000 08:06 143243                     /usr/lib/x86_64-linux-gnu/libORBit-2.so.0.1.0
7f59b3dd4000-7f59b3de3000 r--p 0005a000 08:06 143243                     /usr/lib/x86_64-linux-gnu/libORBit-2.so.0.1.0
7f59b3de3000-7f59b3de6000 rw-p 00069000 08:06 143243                     /usr/lib/x86_64-linux-gnu/libORBit-2.so.0.1.0
7f59b3de6000-7f59b3dfd000 r-xp 00000000 08:06 143446                     /usr/lib/x86_64-linux-gnu/libbonobo-activation.so.4.0.0
7f59b3dfd000-7f59b3ffc000 ---p 00017000 08:06 143446                     /usr/lib/x86_64-linux-gnu/libbonobo-activation.so.4.0.0
7f59b3ffc000-7f59b3ffe000 r--p 00016000 08:06 143446                     /usr/lib/x86_64-linux-gnu/libbonobo-activation.so.4.0.0
7f59b3ffe000-7f59b4000000 rw-p 00018000 08:06 143446                     /usr/lib/x86_64-linux-gnu/libbonobo-activation.so.4.0.0
7f59b4000000-7f59b4021000 rw-p 00000000 00:00 0 
7f59b4021000-7f59b8000000 ---p 00000000 00:00 0 
7f59b802d000-7f59b80dd000 r--p 00000000 08:06 528923                     /usr/share/fonts/truetype/ttf-dejavu/DejaVuSans.ttf
7f59b80dd000-7f59b813f000 r-xp 00000000 08:06 143444                     /usr/lib/x86_64-linux-gnu/libbonobo-2.so.0.0.0
7f59b813f000-7f59b833f000 ---p 00062000 08:06 143444                     /usr/lib/x86_64-linux-gnu/libbonobo-2.so.0.0.0
7f59b833f000-7f59b8345000 r--p 00062000 08:06 143444                     /usr/lib/x86_64-linux-gnu/libbonobo-2.so.0.0.0
7f59b8345000-7f59b8350000 rw-p 00068000 08:06 143444                     /usr/lib/x86_64-linux-gnu/libbonobo-2.so.0.0.0
7f59b8350000-7f59b8373000 r-xp 00000000 08:06 143743                     /usr/lib/x86_64-linux-gnu/libgnome-keyring.so.0.2.0
7f59b8373000-7f59b8572000 ---p 00023000 08:06 143743                     /usr/lib/x86_64-linux-gnu/libgnome-keyring.so.0.2.0
7f59b8572000-7f59b8573000 r--p 00022000 08:06 143743                     /usr/lib/x86_64-linux-gnu/libgnome-keyring.so.0.2.0
7f59b8573000-7f59b8574000 rw-p 00023000 08:06 143743                     /usr/lib/x86_64-linux-gnu/libgnome-keyring.so.0.2.0
7f59b8574000-7f59b85a1000 r-xp 00000000 08:06 143690                     /usr/lib/x86_64-linux-gnu/libgconf-2.so.4.1.5
7f59b85a1000-7f59b87a0000 ---p 0002d000 08:06 143690                     /usr/lib/x86_64-linux-gnu/libgconf-2.so.4.1.5
7f59b87a0000-7f59b87a1000 r--p 0002c000 08:06 143690                     /usr/lib/x86_64-linux-gnu/libgconf-2.so.4.1.5
7f59b87a1000-7f59b87a2000 rw-p 0002d000 08:06 143690                     /usr/lib/x86_64-linux-gnu/libgconf-2.so.4.1.5
7f59b87a2000-7f59b8804000 r-xp 00000000 08:06 143749                     /usr/lib/x86_64-linux-gnu/libgnomevfs-2.so.0.2400.4
7f59b8804000-7f59b8a03000 ---p 00062000 08:06 143749                     /usr/lib/x86_64-linux-gnu/libgnomevfs-2.so.0.2400.4
7f59b8a03000-7f59b8a06000 r--p 00061000 08:06 143749                     /usr/lib/x86_64-linux-gnu/libgnomevfs-2.so.0.2400.4
7f59b8a06000-7f59b8a08000 rw-p 00064000 08:06 143749                     /usr/lib/x86_64-linux-gnu/libgnomevfs-2.so.0.2400.4
7f59b8a08000-7f59b8a09000 rw-p 00000000 00:00 0 
7f59b8a09000-7f59b8a21000 r-xp 00000000 08:06 143396                     /usr/lib/x86_64-linux-gnu/libart_lgpl_2.so.2.3.21
7f59b8a21000-7f59b8c20000 ---p 00018000 08:06 143396                     /usr/lib/x86_64-linux-gnu/libart_lgpl_2.so.2.3.21
7f59b8c20000-7f59b8c21000 r--p 00017000 08:06 143396                     /usr/lib/x86_64-linux-gnu/libart_lgpl_2.so.2.3.21
7f59b8c21000-7f59b8c22000 rw-p 00018000 08:06 143396                     /usr/lib/x86_64-linux-gnu/libart_lgpl_2.so.2.3.21
7f59b8c22000-7f59b8c37000 r-xp 00000000 08:06 143741                     /usr/lib/x86_64-linux-gnu/libgnome-2.so.0.3200.1
7f59b8c37000-7f59b8e37000 ---p 00015000 08:06 143741                     /usr/lib/x86_64-linux-gnu/libgnome-2.so.0.3200.1
7f59b8e37000-7f59b8e38000 r--p 00015000 08:06 143741                     /usr/lib/x86_64-linux-gnu/libgnome-2.so.0.3200.1
7f59b8e38000-7f59b8e39000 rw-p 00016000 08:06 143741                     /usr/lib/x86_64-linux-gnu/libgnome-2.so.0.3200.1
7f59b8e39000-7f59b8e6c000 r-xp 00000000 08:06 143745                     /usr/lib/x86_64-linux-gnu/libgnomecanvas-2.so.0.3000.3
7f59b8e6c000-7f59b906c000 ---p 00033000 08:06 143745                     /usr/lib/x86_64-linux-gnu/libgnomecanvas-2.so.0.3000.3
7f59b906c000-7f59b906d000 r--p 00033000 08:06 143745                     /usr/lib/x86_64-linux-gnu/libgnomecanvas-2.so.0.3000.3
7f59b906d000-7f59b906e000 rw-p 00034000 08:06 143745                     /usr/lib/x86_64-linux-gnu/libgnomecanvas-2.so.0.3000.3
7f59b906e000-7f59b90d7000 r-xp 00000000 08:06 143448                     /usr/lib/x86_64-linux-gnu/libbonoboui-2.so.0.0.0
7f59b90d7000-7f59b92d6000 ---p 00069000 08:06 143448                     /usr/lib/x86_64-linux-gnu/libbonoboui-2.so.0.0.0
7f59b92d6000-7f59b92d7000 r--p 00068000 08:06 143448                     /usr/lib/x86_64-linux-gnu/libbonoboui-2.so.0.0.0
7f59b92d7000-7f59b92da000 rw-p 00069000 08:06 143448                     /usr/lib/x86_64-linux-gnu/libbonoboui-2.so.0.0.0
7f59b92da000-7f59b92db000 rw-p 00000000 00:00 0 
7f59b92db000-7f59b9371000 r-xp 00000000 08:06 143747                     /usr/lib/x86_64-linux-gnu/libgnomeui-2.so.0.2400.5
7f59b9371000-7f59b9570000 ---p 00096000 08:06 143747                     /usr/lib/x86_64-linux-gnu/libgnomeui-2.so.0.2400.5
7f59b9570000-7f59b9573000 r--p 00095000 08:06 143747                     /usr/lib/x86_64-linux-gnu/libgnomeui-2.so.0.2400.5
7f59b9573000-7f59b9575000 rw-p 00098000 08:06 143747                     /usr/lib/x86_64-linux-gnu/libgnomeui-2.so.0.2400.5
7f59b9575000-7f59b9576000 rw-p 00000000 00:00 0 
7f59b9576000-7f59ba6e5000 r-xp 00000000 08:06 161955                     /usr/lib/x86_64-linux-gnu/libicudata.so.48.1.1
7f59ba6e5000-7f59ba8e4000 ---p 0116f000 08:06 161955                     /usr/lib/x86_64-linux-gnu/libicudata.so.48.1.1
7f59ba8e4000-7f59ba8e5000 r--p 0116e000 08:06 161955                     /usr/lib/x86_64-linux-gnu/libicudata.so.48.1.1
7f59ba8e5000-7f59ba8e6000 rw-p 0116f000 08:06 161955                     /usr/lib/x86_64-linux-gnu/libicudata.so.48.1.1
7f59ba8e6000-7f59baa3c000 r-xp 00000000 08:06 161958                     /usr/lib/x86_64-linux-gnu/libicuuc.so.48.1.1
7f59baa3c000-7f59bac3b000 ---p 00156000 08:06 161958                     /usr/lib/x86_64-linux-gnu/libicuuc.so.48.1.1
7f59bac3b000-7f59bac4c000 r--p 00155000 08:06 161958                     /usr/lib/x86_64-linux-gnu/libicuuc.so.48.1.1
7f59bac4c000-7f59bac4d000 rw-p 00166000 08:06 161958                     /usr/lib/x86_64-linux-gnu/libicuuc.so.48.1.1
7f59bac4d000-7f59bac51000 rw-p 00000000 00:00 0 
7f59bac51000-7f59bac83000 r-xp 00000000 08:06 161956                     /usr/lib/x86_64-linux-gnu/libicule.so.48.1.1
7f59bac83000-7f59bae83000 ---p 00032000 08:06 161956                     /usr/lib/x86_64-linux-gnu/libicule.so.48.1.1
7f59bae83000-7f59bae85000 r--p 00032000 08:06 161956                     /usr/lib/x86_64-linux-gnu/libicule.so.48.1.1
7f59bae85000-7f59bae86000 rw-p 00034000 08:06 161956                     /usr/lib/x86_64-linux-gnu/libicule.so.48.1.1
7f59bae86000-7f59baf1b000 r-xp 00000000 08:06 143888                     /usr/lib/x86_64-linux-gnu/libharfbuzz.so.0.913.0
7f59baf1b000-7f59bb11a000 ---p 00095000 08:06 143888                     /usr/lib/x86_64-linux-gnu/libharfbuzz.so.0.913.0
7f59bb11a000-7f59bb11c000 r--p 00094000 08:06 143888                     /usr/lib/x86_64-linux-gnu/libharfbuzz.so.0.913.0
7f59bb11c000-7f59bb11d000 rw-p 00096000 08:06 143888                     /usr/lib/x86_64-linux-gnu/libharfbuzz.so.0.913.0
7f59bb11d000-7f59bb133000 r-xp 00000000 08:06 416967                     /lib/x86_64-linux-gnu/libresolv-2.17.so
7f59bb133000-7f59bb333000 ---p 00016000 08:06 416967                     /lib/x86_64-linux-gnu/libresolv-2.17.so
7f59bb333000-7f59bb334000 r--p 00016000 08:06 416967                     /lib/x86_64-linux-gnu/libresolv-2.17.so
7f59bb334000-7f59bb335000 rw-p 00017000 08:06 416967                     /lib/x86_64-linux-gnu/libresolv-2.17.so
7f59bb335000-7f59bb337000 rw-p 00000000 00:00 0 
7f59bb337000-7f59bb354000 r-xp 00000000 08:06 396282                     /lib/x86_64-linux-gnu/libselinux.so.1
7f59bb354000-7f59bb553000 ---p 0001d000 08:06 396282                     /lib/x86_64-linux-gnu/libselinux.so.1
7f59bb553000-7f59bb554000 r--p 0001c000 08:06 396282                     /lib/x86_64-linux-gnu/libselinux.so.1
7f59bb554000-7f59bb555000 rw-p 0001d000 08:06 396282                     /lib/x86_64-linux-gnu/libselinux.so.1
7f59bb555000-7f59bb556000 rw-p 00000000 00:00 0 
7f59bb556000-7f59bb55e000 r-xp 00000000 08:06 146675                     /usr/lib/x86_64-linux-gnu/libxcb-render.so.0.0.0
7f59bb55e000-7f59bb75e000 ---p 00008000 08:06 146675                     /usr/lib/x86_64-linux-gnu/libxcb-render.so.0.0.0
7f59bb75e000-7f59bb75f000 r--p 00008000 08:06 146675                     /usr/lib/x86_64-linux-gnu/libxcb-render.so.0.0.0
7f59bb75f000-7f59bb760000 rw-p 00009000 08:06 146675                     /usr/lib/x86_64-linux-gnu/libxcb-render.so.0.0.0
7f59bb760000-7f59bb762000 r-xp 00000000 08:06 146686                     /usr/lib/x86_64-linux-gnu/libxcb-shm.so.0.0.0
7f59bb762000-7f59bb961000 ---p 00002000 08:06 146686                     /usr/lib/x86_64-linux-gnu/libxcb-shm.so.0.0.0
7f59bb961000-7f59bb962000 r--p 00001000 08:06 146686                     /usr/lib/x86_64-linux-gnu/libxcb-shm.so.0.0.0
7f59bb962000-7f59bb963000 rw-p 00002000 08:06 146686                     /usr/lib/x86_64-linux-gnu/libxcb-shm.so.0.0.0
7f59bb963000-7f59bb9f3000 r-xp 00000000 08:06 144100                     /usr/lib/x86_64-linux-gnu/libpixman-1.so.0.28.2
7f59bb9f3000-7f59bbbf2000 ---p 00090000 08:06 144100                     /usr/lib/x86_64-linux-gnu/libpixman-1.so.0.28.2
7f59bbbf2000-7f59bbbf9000 r--p 0008f000 08:06 144100                     /usr/lib/x86_64-linux-gnu/libpixman-1.so.0.28.2
7f59bbbf9000-7f59bbbfa000 rw-p 00096000 08:06 144100                     /usr/lib/x86_64-linux-gnu/libpixman-1.so.0.28.2
7f59bbbfa000-7f59bbbfc000 r-xp 00000000 08:06 143335                     /usr/lib/x86_64-linux-gnu/libXdamage.so.1.1.0
7f59bbbfc000-7f59bbdfb000 ---p 00002000 08:06 143335                     /usr/lib/x86_64-linux-gnu/libXdamage.so.1.1.0
7f59bbdfb000-7f59bbdfc000 r--p 00001000 08:06 143335                     /usr/lib/x86_64-linux-gnu/libXdamage.so.1.1.0
7f59bbdfc000-7f59bbdfd000 rw-p 00002000 08:06 143335                     /usr/lib/x86_64-linux-gnu/libXdamage.so.1.1.0
7f59bbdfd000-7f59bbdff000 r-xp 00000000 08:06 143331                     /usr/lib/x86_64-linux-gnu/libXcomposite.so.1.0.0
7f59bbdff000-7f59bbffe000 ---p 00002000 08:06 143331                     /usr/lib/x86_64-linux-gnu/libXcomposite.so.1.0.0
7f59bbffe000-7f59bbfff000 r--p 00001000 08:06 143331                     /usr/lib/x86_64-linux-gnu/libXcomposite.so.1.0.0
7f59bbfff000-7f59bc000000 rw-p 00002000 08:06 143331                     /usr/lib/x86_64-linux-gnu/libXcomposite.so.1.0.0
7f59bc000000-7f59bc021000 rw-p 00000000 00:00 0 
7f59bc021000-7f59c0000000 ---p 00000000 00:00 0 
7f59c0000000-7f59c0021000 rw-p 00000000 00:00 0 
7f59c0021000-7f59c4000000 ---p 00000000 00:00 0 
7f59c4000000-7f59c4185000 rw-p 00000000 00:00 0 
7f59c4185000-7f59c8000000 ---p 00000000 00:00 0 
7f59c8000000-7f59c8148000 rw-p 00000000 00:00 0 
7f59c8148000-7f59cc000000 ---p 00000000 00:00 0 
7f59cc000000-7f59cc021000 rw-p 00000000 00:00 0 
7f59cc021000-7f59d0000000 ---p 00000000 00:00 0 
7f59d0000000-7f59d0021000 rw-p 00000000 00:00 0 
7f59d0021000-7f59d4000000 ---p 00000000 00:00 0 
7f59d4000000-7f59d4021000 rw-p 00000000 00:00 0 
7f59d4021000-7f59d8000000 ---p 00000000 00:00 0 
7f59d8000000-7f59d8021000 rw-p 00000000 00:00 0 
7f59d8021000-7f59dc000000 ---p 00000000 00:00 0 
7f59dc000000-7f59dc021000 rw-p 00000000 00:00 0 
7f59dc021000-7f59e0000000 ---p 00000000 00:00 0 
7f59e002f000-7f59e0077000 r-xp 00000000 08:06 144078                     /usr/lib/x86_64-linux-gnu/libpango-1.0.so.0.3200.5
7f59e0077000-7f59e0277000 ---p 00048000 08:06 144078                     /usr/lib/x86_64-linux-gnu/libpango-1.0.so.0.3200.5
7f59e0277000-7f59e0279000 r--p 00048000 08:06 144078                     /usr/lib/x86_64-linux-gnu/libpango-1.0.so.0.3200.5
7f59e0279000-7f59e027a000 rw-p 0004a000 08:06 144078                     /usr/lib/x86_64-linux-gnu/libpango-1.0.so.0.3200.5
7f59e027a000-7f59e028d000 r-xp 00000000 08:06 144082                     /usr/lib/x86_64-linux-gnu/libpangoft2-1.0.so.0.3200.5
7f59e028d000-7f59e048c000 ---p 00013000 08:06 144082                     /usr/lib/x86_64-linux-gnu/libpangoft2-1.0.so.0.3200.5
7f59e048c000-7f59e048d000 r--p 00012000 08:06 144082                     /usr/lib/x86_64-linux-gnu/libpangoft2-1.0.so.0.3200.5
7f59e048d000-7f59e048e000 rw-p 00013000 08:06 144082                     /usr/lib/x86_64-linux-gnu/libpangoft2-1.0.so.0.3200.5
7f59e048e000-7f59e05e1000 r-xp 00000000 08:06 143723                     /usr/lib/x86_64-linux-gnu/libgio-2.0.so.0.3600.0
7f59e05e1000-7f59e07e0000 ---p 00153000 08:06 143723                     /usr/lib/x86_64-linux-gnu/libgio-2.0.so.0.3600.0
7f59e07e0000-7f59e07e4000 r--p 00152000 08:06 143723                     /usr/lib/x86_64-linux-gnu/libgio-2.0.so.0.3600.0
7f59e07e4000-7f59e07e6000 rw-p 00156000 08:06 143723                     /usr/lib/x86_64-linux-gnu/libgio-2.0.so.0.3600.0
7f59e07e6000-7f59e07e8000 rw-p 00000000 00:00 0 
7f59e07e8000-7f59e0806000 r-xp 00000000 08:06 143702                     /usr/lib/x86_64-linux-gnu/libgdk_pixbuf-2.0.so.0.2800.0
7f59e0806000-7f59e0a06000 ---p 0001e000 08:06 143702                     /usr/lib/x86_64-linux-gnu/libgdk_pixbuf-2.0.so.0.2800.0
7f59e0a06000-7f59e0a07000 r--p 0001e000 08:06 143702                     /usr/lib/x86_64-linux-gnu/libgdk_pixbuf-2.0.so.0.2800.0
7f59e0a07000-7f59e0a08000 rw-p 0001f000 08:06 143702                     /usr/lib/x86_64-linux-gnu/libgdk_pixbuf-2.0.so.0.2800.0
7f59e0a08000-7f59e0b06000 r-xp 00000000 08:06 143460                     /usr/lib/x86_64-linux-gnu/libcairo.so.2.11200.14
7f59e0b06000-7f59e0d06000 ---p 000fe000 08:06 143460                     /usr/lib/x86_64-linux-gnu/libcairo.so.2.11200.14
7f59e0d06000-7f59e0d09000 r--p 000fe000 08:06 143460                     /usr/lib/x86_64-linux-gnu/libcairo.so.2.11200.14
7f59e0d09000-7f59e0d0a000 rw-p 00101000 08:06 143460                     /usr/lib/x86_64-linux-gnu/libcairo.so.2.11200.14
7f59e0d0a000-7f59e0d0c000 rw-p 00000000 00:00 0 
7f59e0d0c000-7f59e0d2c000 r-xp 00000000 08:06 143410                     /usr/lib/x86_64-linux-gnu/libatk-1.0.so.0.20809.1
7f59e0d2c000-7f59e0f2b000 ---p 00020000 08:06 143410                     /usr/lib/x86_64-linux-gnu/libatk-1.0.so.0.20809.1
7f59e0f2b000-7f59e0f2d000 r--p 0001f000 08:06 143410                     /usr/lib/x86_64-linux-gnu/libatk-1.0.so.0.20809.1
7f59e0f2d000-7f59e0f2e000 rw-p 00021000 08:06 143410                     /usr/lib/x86_64-linux-gnu/libatk-1.0.so.0.20809.1
7f59e0f2e000-7f59e0f39000 r-xp 00000000 08:06 144080                     /usr/lib/x86_64-linux-gnu/libpangocairo-1.0.so.0.3200.5
7f59e0f39000-7f59e1139000 ---p 0000b000 08:06 144080                     /usr/lib/x86_64-linux-gnu/libpangocairo-1.0.so.0.3200.5
7f59e1139000-7f59e113a000 r--p 0000b000 08:06 144080                     /usr/lib/x86_64-linux-gnu/libpangocairo-1.0.so.0.3200.5
7f59e113a000-7f59e113b000 rw-p 0000c000 08:06 144080                     /usr/lib/x86_64-linux-gnu/libpangocairo-1.0.so.0.3200.5
7f59e113b000-7f59e113e000 r-xp 00000000 08:06 143735                     /usr/lib/x86_64-linux-gnu/libgmodule-2.0.so.0.3600.0
7f59e113e000-7f59e133d000 ---p 00003000 08:06 143735                     /usr/lib/x86_64-linux-gnu/libgmodule-2.0.so.0.3600.0
7f59e133d000-7f59e133e000 r--p 00002000 08:06 143735                     /usr/lib/x86_64-linux-gnu/libgmodule-2.0.so.0.3600.0
7f59e133e000-7f59e133f000 rw-p 00003000 08:06 143735                     /usr/lib/x86_64-linux-gnu/libgmodule-2.0.so.0.3600.0
7f59e133f000-7f59e13ec000 r-xp 00000000 08:06 143700                     /usr/lib/x86_64-linux-gnu/libgdk-x11-2.0.so.0.2400.17
7f59e13ec000-7f59e15eb000 ---p 000ad000 08:06 143700                     /usr/lib/x86_64-linux-gnu/libgdk-x11-2.0.so.0.2400.17
7f59e15eb000-7f59e15ef000 r--p 000ac000 08:06 143700                     /usr/lib/x86_64-linux-gnu/libgdk-x11-2.0.so.0.2400.17
7f59e15ef000-7f59e15f1000 rw-p 000b0000 08:06 143700                     /usr/lib/x86_64-linux-gnu/libgdk-x11-2.0.so.0.2400.17
7f59e15f1000-7f59e1a1e000 r-xp 00000000 08:06 143872                     /usr/lib/x86_64-linux-gnu/libgtk-x11-2.0.so.0.2400.17
7f59e1a1e000-7f59e1c1d000 ---p 0042d000 08:06 143872                     /usr/lib/x86_64-linux-gnu/libgtk-x11-2.0.so.0.2400.17
7f59e1c1d000-7f59e1c24000 r--p 0042c000 08:06 143872                     /usr/lib/x86_64-linux-gnu/libgtk-x11-2.0.so.0.2400.17
7f59e1c24000-7f59e1c28000 rw-p 00433000 08:06 143872                     /usr/lib/x86_64-linux-gnu/libgtk-x11-2.0.so.0.2400.17
7f59e1c28000-7f59e1c2a000 rw-p 00000000 00:00 0 
7f59e1c2a000-7f59e1c38000 r-xp 00000000 08:06 146545                     /usr/lib/x86_64-linux-gnu/libXi.so.6.1.0
7f59e1c38000-7f59e1e38000 ---p 0000e000 08:06 146545                     /usr/lib/x86_64-linux-gnu/libXi.so.6.1.0
7f59e1e38000-7f59e1e39000 r--p 0000e000 08:06 146545                     /usr/lib/x86_64-linux-gnu/libXi.so.6.1.0
7f59e1e39000-7f59e1e3a000 rw-p 0000f000 08:06 146545                     /usr/lib/x86_64-linux-gnu/libXi.so.6.1.0
7f59e1e3a000-7f59e1e3c000 r-xp 00000000 08:06 164288                     /usr/lib/x86_64-linux-gnu/libXinerama.so.1.0.0
7f59e1e3c000-7f59e203b000 ---p 00002000 08:06 164288                     /usr/lib/x86_64-linux-gnu/libXinerama.so.1.0.0
7f59e203b000-7f59e203c000 r--p 00001000 08:06 164288                     /usr/lib/x86_64-linux-gnu/libXinerama.so.1.0.0
7f59e203c000-7f59e203d000 rw-p 00002000 08:06 164288                     /usr/lib/x86_64-linux-gnu/libXinerama.so.1.0.0
7f59e203d000-7f59e2046000 r-xp 00000000 08:06 164283                     /usr/lib/x86_64-linux-gnu/libXcursor.so.1.0.2
7f59e2046000-7f59e2246000 ---p 00009000 08:06 164283                     /usr/lib/x86_64-linux-gnu/libXcursor.so.1.0.2
7f59e2246000-7f59e2247000 r--p 00009000 08:06 164283                     /usr/lib/x86_64-linux-gnu/libXcursor.so.1.0.2
7f59e2247000-7f59e2248000 rw-p 0000a000 08:06 164283                     /usr/lib/x86_64-linux-gnu/libXcursor.so.1.0.2
7f59e2248000-7f59e224d000 r-xp 00000000 08:06 146589                     /usr/lib/x86_64-linux-gnu/libXfixes.so.3.1.0
7f59e224d000-7f59e244c000 ---p 00005000 08:06 146589                     /usr/lib/x86_64-linux-gnu/libXfixes.so.3.1.0
7f59e244c000-7f59e244d000 r--p 00004000 08:06 146589                     /usr/lib/x86_64-linux-gnu/libXfixes.so.3.1.0
7f59e244d000-7f59e244e000 rw-p 00005000 08:06 146589                     /usr/lib/x86_64-linux-gnu/libXfixes.so.3.1.0
7f59e244e000-7f59e2457000 r-xp 00000000 08:06 164298                     /usr/lib/x86_64-linux-gnu/libXrandr.so.2.2.0
7f59e2457000-7f59e2656000 ---p 00009000 08:06 164298                     /usr/lib/x86_64-linux-gnu/libXrandr.so.2.2.0
7f59e2656000-7f59e2657000 r--p 00008000 08:06 164298                     /usr/lib/x86_64-linux-gnu/libXrandr.so.2.2.0
7f59e2657000-7f59e2658000 rw-p 00009000 08:06 164298                     /usr/lib/x86_64-linux-gnu/libXrandr.so.2.2.0
7f59e2679000-7f59e267d000 r--s 0008a000 08:06 150259                     /usr/lib/jvm/java-7-oracle/jre/lib/jsse.jar
7f59e267d000-7f59e267e000 r--s 00000000 08:06 28322                      /var/cache/fontconfig/c05880de57d1f5e948fdfacc138775d9-le64.cache-3
7f59e267e000-7f59e2687000 r--s 00000000 08:06 28314                      /var/cache/fontconfig/945677eb7aeaf62f1d50efc3fb3ec7d8-le64.cache-3
7f59e2687000-7f59e2689000 r--s 00000000 08:06 28316                      /var/cache/fontconfig/99e8ed0e538f840c565b6ed5dad60d56-le64.cache-3
7f59e2689000-7f59e2691000 r--s 00000000 08:06 39365                      /var/cache/fontconfig/a6d8cf8e4ec09cdbc8633c31745a07dd-le64.cache-3
7f59e2691000-7f59e2696000 r--s 00000000 08:06 28297                      /var/cache/fontconfig/2cd17615ca594fa2959ae173292e504c-le64.cache-3
7f59e2696000-7f59e2697000 r--s 00000000 08:06 28330                      /var/cache/fontconfig/e7071f4a29fa870f4323321c154eba04-le64.cache-3
7f59e2697000-7f59e269c000 r--s 00000000 08:06 28309                      /var/cache/fontconfig/6eb3985aa4124903f6ff08ba781cd364-le64.cache-3
7f59e269c000-7f59e269d000 r--s 00000000 08:06 28294                      /var/cache/fontconfig/0d8c3b2ac0904cb8a57a757ad11a4a08-le64.cache-3
7f59e269d000-7f59e26a3000 r--s 00000000 08:06 28318                      /var/cache/fontconfig/a755afe4a08bf5b97852ceb7400b47bc-le64.cache-3
7f59e26a3000-7f59e26ac000 r--s 00000000 08:06 28308                      /var/cache/fontconfig/6d41288fd70b0be22e8c3a91e032eec0-le64.cache-3
7f59e26ac000-7f59e26bc000 r--s 00000000 08:06 28292                      /var/cache/fontconfig/04aabc0a78ac019cf9454389977116d2-le64.cache-3
7f59e26bc000-7f59e26bd000 r--s 00000000 08:06 28296                      /var/cache/fontconfig/1ac9eb803944fde146138c791f5cc56a-le64.cache-3
7f59e26bd000-7f59e26c0000 r--s 00000000 08:06 28301                      /var/cache/fontconfig/385c0604a188198f04d133e54aba7fe7-le64.cache-3
7f59e26c0000-7f59e26ee000 r--s 00000000 08:06 39053                      /var/cache/fontconfig/365b55f210c0a22e9a19e35191240f32-le64.cache-3
7f59e26ee000-7f59e26f1000 r-xp 00000000 08:06 293610                     /usr/lib/x86_64-linux-gnu/gconv/UTF-16.so
7f59e26f1000-7f59e28f0000 ---p 00003000 08:06 293610                     /usr/lib/x86_64-linux-gnu/gconv/UTF-16.so
7f59e28f0000-7f59e28f1000 r--p 00002000 08:06 293610                     /usr/lib/x86_64-linux-gnu/gconv/UTF-16.so
7f59e28f1000-7f59e28f2000 rw-p 00003000 08:06 293610                     /usr/lib/x86_64-linux-gnu/gconv/UTF-16.so
7f59e28f2000-7f59e334c000 r-xp 00000000 08:06 47452                      /tmp/QtJambi_paracaidista_amd64_4.7.0_gcc-20100927-1542/lib/libcom_trolltech_qt_gui.so
7f59e334c000-7f59e354c000 ---p 00a5a000 08:06 47452                      /tmp/QtJambi_paracaidista_amd64_4.7.0_gcc-20100927-1542/lib/libcom_trolltech_qt_gui.so
7f59e354c000-7f59e3571000 r--p 00a5a000 08:06 47452                      /tmp/QtJambi_paracaidista_amd64_4.7.0_gcc-20100927-1542/lib/libcom_trolltech_qt_gui.so
7f59e3571000-7f59e35a4000 rw-p 00a7f000 08:06 47452                      /tmp/QtJambi_paracaidista_amd64_4.7.0_gcc-20100927-1542/lib/libcom_trolltech_qt_gui.so
7f59e35a4000-7f59e35aa000 rw-p 00000000 00:00 0 
7f59e35aa000-7f59e35af000 r-xp 00000000 08:06 143339                     /usr/lib/x86_64-linux-gnu/libXdmcp.so.6.0.0
7f59e35af000-7f59e37ae000 ---p 00005000 08:06 143339                     /usr/lib/x86_64-linux-gnu/libXdmcp.so.6.0.0
7f59e37ae000-7f59e37af000 r--p 00004000 08:06 143339                     /usr/lib/x86_64-linux-gnu/libXdmcp.so.6.0.0
7f59e37af000-7f59e37b0000 rw-p 00005000 08:06 143339                     /usr/lib/x86_64-linux-gnu/libXdmcp.so.6.0.0
7f59e37b0000-7f59e37b2000 r-xp 00000000 08:06 143326                     /usr/lib/x86_64-linux-gnu/libXau.so.6.0.0
7f59e37b2000-7f59e39b2000 ---p 00002000 08:06 143326                     /usr/lib/x86_64-linux-gnu/libXau.so.6.0.0
7f59e39b2000-7f59e39b3000 r--p 00002000 08:06 143326                     /usr/lib/x86_64-linux-gnu/libXau.so.6.0.0
7f59e39b3000-7f59e39b4000 rw-p 00003000 08:06 143326                     /usr/lib/x86_64-linux-gnu/libXau.so.6.0.0
7f59e39b4000-7f59e39d1000 r-xp 00000000 08:06 136413                     /usr/lib/x86_64-linux-gnu/libxcb.so.1.1.0
7f59e39d1000-7f59e3bd0000 ---p 0001d000 08:06 136413                     /usr/lib/x86_64-linux-gnu/libxcb.so.1.1.0
7f59e3bd0000-7f59e3bd1000 r--p 0001c000 08:06 136413                     /usr/lib/x86_64-linux-gnu/libxcb.so.1.1.0
7f59e3bd1000-7f59e3bd2000 rw-p 0001d000 08:06 136413                     /usr/lib/x86_64-linux-gnu/libxcb.so.1.1.0
7f59e3bd2000-7f59e3bf8000 r-xp 00000000 08:06 396180                     /lib/x86_64-linux-gnu/libexpat.so.1.6.0
7f59e3bf8000-7f59e3df8000 ---p 00026000 08:06 396180                     /lib/x86_64-linux-gnu/libexpat.so.1.6.0
7f59e3df8000-7f59e3dfa000 r--p 00026000 08:06 396180                     /lib/x86_64-linux-gnu/libexpat.so.1.6.0
7f59e3dfa000-7f59e3dfb000 rw-p 00028000 08:06 396180                     /lib/x86_64-linux-gnu/libexpat.so.1.6.0
7f59e3dfb000-7f59e3dff000 r-xp 00000000 08:06 396308                     /lib/x86_64-linux-gnu/libuuid.so.1.3.0
7f59e3dff000-7f59e3ffe000 ---p 00004000 08:06 396308                     /lib/x86_64-linux-gnu/libuuid.so.1.3.0
7f59e3ffe000-7f59e3fff000 r--p 00003000 08:06 396308                     /lib/x86_64-linux-gnu/libuuid.so.1.3.0
7f59e3fff000-7f59e4000000 rw-p 00004000 08:06 396308                     /lib/x86_64-linux-gnu/libuuid.so.1.3.0
7f59e4000000-7f59e4021000 rw-p 00000000 00:00 0 
7f59e4021000-7f59e8000000 ---p 00000000 00:00 0 
7f59e8000000-7f59e8002000 r--s 00000000 08:06 28311                      /var/cache/fontconfig/767a8244fc0220cfb567a839d0392e0b-le64.cache-3
7f59e8002000-7f59e8007000 r--s 00000000 08:06 28298                      /var/cache/fontconfig/3047814df9a2f067bd2d96a2b9c36e5a-le64.cache-3
7f59e8007000-7f59e800c000 r--s 00000000 08:06 28320                      /var/cache/fontconfig/b47c4e1ecd0709278f4910c18777a504-le64.cache-3
7f59e800c000-7f59e8013000 r-xp 00000000 08:06 143609                     /usr/lib/x86_64-linux-gnu/libffi.so.6.0.1
7f59e8013000-7f59e8212000 ---p 00007000 08:06 143609                     /usr/lib/x86_64-linux-gnu/libffi.so.6.0.1
7f59e8212000-7f59e8213000 r--p 00006000 08:06 143609                     /usr/lib/x86_64-linux-gnu/libffi.so.6.0.1
7f59e8213000-7f59e8214000 rw-p 00007000 08:06 143609                     /usr/lib/x86_64-linux-gnu/libffi.so.6.0.1
7f59e8214000-7f59e8348000 r-xp 00000000 08:06 132348                     /usr/lib/x86_64-linux-gnu/libX11.so.6.3.0
7f59e8348000-7f59e8548000 ---p 00134000 08:06 132348                     /usr/lib/x86_64-linux-gnu/libX11.so.6.3.0
7f59e8548000-7f59e8549000 r--p 00134000 08:06 132348                     /usr/lib/x86_64-linux-gnu/libX11.so.6.3.0
7f59e8549000-7f59e854e000 rw-p 00135000 08:06 132348                     /usr/lib/x86_64-linux-gnu/libX11.so.6.3.0
7f59e854e000-7f59e855f000 r-xp 00000000 08:06 143319                     /usr/lib/x86_64-linux-gnu/libXext.so.6.4.0
7f59e855f000-7f59e875e000 ---p 00011000 08:06 143319                     /usr/lib/x86_64-linux-gnu/libXext.so.6.4.0
7f59e875e000-7f59e875f000 r--p 00010000 08:06 143319                     /usr/lib/x86_64-linux-gnu/libXext.so.6.4.0
7f59e875f000-7f59e8760000 rw-p 00011000 08:06 143319                     /usr/lib/x86_64-linux-gnu/libXext.so.6.4.0
7f59e8760000-7f59e8797000 r-xp 00000000 08:06 143641                     /usr/lib/x86_64-linux-gnu/libfontconfig.so.1.6.2
7f59e8797000-7f59e8997000 ---p 00037000 08:06 143641                     /usr/lib/x86_64-linux-gnu/libfontconfig.so.1.6.2
7f59e8997000-7f59e8998000 r--p 00037000 08:06 143641                     /usr/lib/x86_64-linux-gnu/libfontconfig.so.1.6.2
7f59e8998000-7f59e8999000 rw-p 00038000 08:06 143641                     /usr/lib/x86_64-linux-gnu/libfontconfig.so.1.6.2
7f59e8999000-7f59e899a000 rw-p 00000000 00:00 0 
7f59e899a000-7f59e89a3000 r-xp 00000000 08:06 146696                     /usr/lib/x86_64-linux-gnu/libXrender.so.1.3.0
7f59e89a3000-7f59e8ba2000 ---p 00009000 08:06 146696                     /usr/lib/x86_64-linux-gnu/libXrender.so.1.3.0
7f59e8ba2000-7f59e8ba3000 r--p 00008000 08:06 146696                     /usr/lib/x86_64-linux-gnu/libXrender.so.1.3.0
7f59e8ba3000-7f59e8ba4000 rw-p 00009000 08:06 146696                     /usr/lib/x86_64-linux-gnu/libXrender.so.1.3.0
7f59e8ba4000-7f59e8bbb000 r-xp 00000000 08:06 143230                     /usr/lib/x86_64-linux-gnu/libICE.so.6.3.0
7f59e8bbb000-7f59e8dba000 ---p 00017000 08:06 143230                     /usr/lib/x86_64-linux-gnu/libICE.so.6.3.0
7f59e8dba000-7f59e8dbb000 r--p 00016000 08:06 143230                     /usr/lib/x86_64-linux-gnu/libICE.so.6.3.0
7f59e8dbb000-7f59e8dbc000 rw-p 00017000 08:06 143230                     /usr/lib/x86_64-linux-gnu/libICE.so.6.3.0
7f59e8dbc000-7f59e8dc0000 rw-p 00000000 00:00 0 
7f59e8dc0000-7f59e8dc7000 r-xp 00000000 08:06 143310                     /usr/lib/x86_64-linux-gnu/libSM.so.6.0.1
7f59e8dc7000-7f59e8fc6000 ---p 00007000 08:06 143310                     /usr/lib/x86_64-linux-gnu/libSM.so.6.0.1
7f59e8fc6000-7f59e8fc7000 r--p 00006000 08:06 143310                     /usr/lib/x86_64-linux-gnu/libSM.so.6.0.1
7f59e8fc7000-7f59e8fc8000 rw-p 00007000 08:06 143310                     /usr/lib/x86_64-linux-gnu/libSM.so.6.0.1
7f59e8fc8000-7f59e9015000 r-xp 00000000 08:06 143759                     /usr/lib/x86_64-linux-gnu/libgobject-2.0.so.0.3600.0
7f59e9015000-7f59e9215000 ---p 0004d000 08:06 143759                     /usr/lib/x86_64-linux-gnu/libgobject-2.0.so.0.3600.0
7f59e9215000-7f59e9216000 r--p 0004d000 08:06 143759                     /usr/lib/x86_64-linux-gnu/libgobject-2.0.so.0.3600.0
7f59e9216000-7f59e9217000 rw-p 0004e000 08:06 143759                     /usr/lib/x86_64-linux-gnu/libgobject-2.0.so.0.3600.0
7f59e9217000-7f59e92ae000 r-xp 00000000 08:06 143669                     /usr/lib/x86_64-linux-gnu/libfreetype.so.6.10.0
7f59e92ae000-7f59e94ad000 ---p 00097000 08:06 143669                     /usr/lib/x86_64-linux-gnu/libfreetype.so.6.10.0
7f59e94ad000-7f59e94b3000 r--p 00096000 08:06 143669                     /usr/lib/x86_64-linux-gnu/libfreetype.so.6.10.0
7f59e94b3000-7f59e94b4000 rw-p 0009c000 08:06 143669                     /usr/lib/x86_64-linux-gnu/libfreetype.so.6.10.0
7f59e94b4000-7f59e94d9000 r-xp 00000000 08:06 396267                     /lib/x86_64-linux-gnu/libpng12.so.0.49.0
7f59e94d9000-7f59e96d8000 ---p 00025000 08:06 396267                     /lib/x86_64-linux-gnu/libpng12.so.0.49.0
7f59e96d8000-7f59e96d9000 r--p 00024000 08:06 396267                     /lib/x86_64-linux-gnu/libpng12.so.0.49.0
7f59e96d9000-7f59e96da000 rw-p 00025000 08:06 396267                     /lib/x86_64-linux-gnu/libpng12.so.0.49.0
7f59e96da000-7f59ea17a000 r-xp 00000000 08:06 35719                      /tmp/QtJambi_paracaidista_amd64_4.7.0_gcc-20100927-1542/lib/libQtGui.so.4
7f59ea17a000-7f59ea37a000 ---p 00aa0000 08:06 35719                      /tmp/QtJambi_paracaidista_amd64_4.7.0_gcc-20100927-1542/lib/libQtGui.so.4
7f59ea37a000-7f59ea3b9000 r--p 00aa0000 08:06 35719                      /tmp/QtJambi_paracaidista_amd64_4.7.0_gcc-20100927-1542/lib/libQtGui.so.4
7f59ea3b9000-7f59ea3cb000 rw-p 00adf000 08:06 35719                      /tmp/QtJambi_paracaidista_amd64_4.7.0_gcc-20100927-1542/lib/libQtGui.so.4
7f59ea3cb000-7f59ea3ce000 rw-p 00000000 00:00 0 
7f59ea3ce000-7f59ea58b000 r-xp 00000000 08:06 47444                      /tmp/QtJambi_paracaidista_amd64_4.7.0_gcc-20100927-1542/lib/libcom_trolltech_qt_core.so
7f59ea58b000-7f59ea78b000 ---p 001bd000 08:06 47444                      /tmp/QtJambi_paracaidista_amd64_4.7.0_gcc-20100927-1542/lib/libcom_trolltech_qt_core.so
7f59ea78b000-7f59ea795000 r--p 001bd000 08:06 47444                      /tmp/QtJambi_paracaidista_amd64_4.7.0_gcc-20100927-1542/lib/libcom_trolltech_qt_core.so
7f59ea795000-7f59ea79d000 rw-p 001c7000 08:06 47444                      /tmp/QtJambi_paracaidista_amd64_4.7.0_gcc-20100927-1542/lib/libcom_trolltech_qt_core.so
7f59ea79d000-7f59ea7a0000 ---p 00000000 00:00 0 
7f59ea7a0000-7f59ea89e000 rw-p 00000000 00:00 0                          [stack:7566]
7f59ea89e000-7f59ea8e2000 r-xp 00000000 08:06 47443                      /tmp/QtJambi_paracaidista_amd64_4.7.0_gcc-20100927-1542/lib/libqtjambi.so
7f59ea8e2000-7f59eaae1000 ---p 00044000 08:06 47443                      /tmp/QtJambi_paracaidista_amd64_4.7.0_gcc-20100927-1542/lib/libqtjambi.so
7f59eaae1000-7f59eaae2000 r--p 00043000 08:06 47443                      /tmp/QtJambi_paracaidista_amd64_4.7.0_gcc-20100927-1542/lib/libqtjambi.so
7f59eaae2000-7f59eaae3000 rw-p 00044000 08:06 47443                      /tmp/QtJambi_paracaidista_amd64_4.7.0_gcc-20100927-1542/lib/libqtjambi.so
7f59eaae3000-7f59eaae4000 rw-p 00000000 00:00 0 
7f59eaae4000-7f59eab21000 r-xp 00000000 08:06 396255                     /lib/x86_64-linux-gnu/libpcre.so.3.13.1
7f59eab21000-7f59ead21000 ---p 0003d000 08:06 396255                     /lib/x86_64-linux-gnu/libpcre.so.3.13.1
7f59ead21000-7f59ead22000 r--p 0003d000 08:06 396255                     /lib/x86_64-linux-gnu/libpcre.so.3.13.1
7f59ead22000-7f59ead23000 rw-p 0003e000 08:06 396255                     /lib/x86_64-linux-gnu/libpcre.so.3.13.1
7f59ead23000-7f59ead37000 r-xp 00000000 08:06 396185                     /lib/x86_64-linux-gnu/libgcc_s.so.1
7f59ead37000-7f59eaf37000 ---p 00014000 08:06 396185                     /lib/x86_64-linux-gnu/libgcc_s.so.1
7f59eaf37000-7f59eaf38000 r--p 00014000 08:06 396185                     /lib/x86_64-linux-gnu/libgcc_s.so.1
7f59eaf38000-7f59eaf39000 rw-p 00015000 08:06 396185                     /lib/x86_64-linux-gnu/libgcc_s.so.1
7f59eaf39000-7f59eb01e000 r-xp 00000000 08:06 144230                     /usr/lib/x86_64-linux-gnu/libstdc++.so.6.0.17
7f59eb01e000-7f59eb21d000 ---p 000e5000 08:06 144230                     /usr/lib/x86_64-linux-gnu/libstdc++.so.6.0.17
7f59eb21d000-7f59eb225000 r--p 000e4000 08:06 144230                     /usr/lib/x86_64-linux-gnu/libstdc++.so.6.0.17
7f59eb225000-7f59eb227000 rw-p 000ec000 08:06 144230                     /usr/lib/x86_64-linux-gnu/libstdc++.so.6.0.17
7f59eb227000-7f59eb23c000 rw-p 00000000 00:00 0 
7f59eb23c000-7f59eb335000 r-xp 00000000 08:06 396189                     /lib/x86_64-linux-gnu/libglib-2.0.so.0.3600.0
7f59eb335000-7f59eb535000 ---p 000f9000 08:06 396189                     /lib/x86_64-linux-gnu/libglib-2.0.so.0.3600.0
7f59eb535000-7f59eb536000 r--p 000f9000 08:06 396189                     /lib/x86_64-linux-gnu/libglib-2.0.so.0.3600.0
7f59eb536000-7f59eb537000 rw-p 000fa000 08:06 396189                     /lib/x86_64-linux-gnu/libglib-2.0.so.0.3600.0
7f59eb537000-7f59eb538000 rw-p 00000000 00:00 0 
7f59eb538000-7f59eb539000 r-xp 00000000 08:06 143868                     /usr/lib/x86_64-linux-gnu/libgthread-2.0.so.0.3600.0
7f59eb539000-7f59eb738000 ---p 00001000 08:06 143868                     /usr/lib/x86_64-linux-gnu/libgthread-2.0.so.0.3600.0
7f59eb738000-7f59eb739000 r--p 00000000 08:06 143868                     /usr/lib/x86_64-linux-gnu/libgthread-2.0.so.0.3600.0
7f59eb739000-7f59eb73a000 rw-p 00001000 08:06 143868                     /usr/lib/x86_64-linux-gnu/libgthread-2.0.so.0.3600.0
7f59eb73a000-7f59eb750000 r-xp 00000000 08:06 396313                     /lib/x86_64-linux-gnu/libz.so.1.2.7
7f59eb750000-7f59eb94f000 ---p 00016000 08:06 396313                     /lib/x86_64-linux-gnu/libz.so.1.2.7
7f59eb94f000-7f59eb950000 r--p 00015000 08:06 396313                     /lib/x86_64-linux-gnu/libz.so.1.2.7
7f59eb950000-7f59eb951000 rw-p 00016000 08:06 396313                     /lib/x86_64-linux-gnu/libz.so.1.2.7
7f59eb951000-7f59ebbef000 r-xp 00000000 08:06 35128                      /tmp/QtJambi_paracaidista_amd64_4.7.0_gcc-20100927-1542/lib/libQtCore.so.4
7f59ebbef000-7f59ebdee000 ---p 0029e000 08:06 35128                      /tmp/QtJambi_paracaidista_amd64_4.7.0_gcc-20100927-1542/lib/libQtCore.so.4
7f59ebdee000-7f59ebdf9000 r--p 0029d000 08:06 35128                      /tmp/QtJambi_paracaidista_amd64_4.7.0_gcc-20100927-1542/lib/libQtCore.so.4
7f59ebdf9000-7f59ebdfd000 rw-p 002a8000 08:06 35128                      /tmp/QtJambi_paracaidista_amd64_4.7.0_gcc-20100927-1542/lib/libQtCore.so.4
7f59ebdfd000-7f59ebdfe000 rw-p 00000000 00:00 0 
7f59ebdfe000-7f59ebdff000 ---p 00000000 00:00 0 
7f59ebdff000-7f59ebeff000 rw-p 00000000 00:00 0                          [stack:7565]
7f59ebeff000-7f59ebf02000 ---p 00000000 00:00 0 
7f59ebf02000-7f59ec000000 rw-p 00000000 00:00 0                          [stack:7564]
7f59ec000000-7f59ec021000 rw-p 00000000 00:00 0 
7f59ec021000-7f59f0000000 ---p 00000000 00:00 0 
7f59f0000000-7f59f0001000 r--s 00000000 08:06 28328                      /var/cache/fontconfig/dc05db6664285cc2f12bf69c139ae4c3-le64.cache-3
7f59f0001000-7f59f0004000 r--s 00000000 08:06 28313                      /var/cache/fontconfig/8801497958630a81b71ace7c5f9b32a8-le64.cache-3
7f59f0004000-7f59f000c000 r--s 00000000 08:06 39363                      /var/cache/fontconfig/52f7bdb7ce746bfd7eaa1985bd9cfa93-le64.cache-3
7f59f000c000-7f59f001d000 r--s 00000000 08:06 28326                      /var/cache/fontconfig/d52a8644073d54c13679302ca1180695-le64.cache-3
7f59f001d000-7f59f0024000 r--s 00000000 08:06 28302                      /var/cache/fontconfig/3f7329c5293ffd510edef78f73874cfd-le64.cache-3
7f59f0024000-7f59f002b000 r--s 00000000 08:06 40888                      /var/cache/fontconfig/d0972c3d32f097851eb916381fc38920-le64.cache-3
7f59f002b000-7f59f0036000 r--s 00000000 08:06 20763                      /var/cache/fontconfig/e13b20fdb08344e0e664864cc2ede53d-le64.cache-3
7f59f0036000-7f59f005f000 r--s 002d2000 08:07 2755213                    /home/paracaidista/NetBeansProjects/DataBaseFun/libs/qt-4.7/qtjambi-4.7.0.jar
7f59f005f000-7f59f0062000 ---p 00000000 00:00 0 
7f59f0062000-7f59f0160000 rw-p 00000000 00:00 0                          [stack:7563]
7f59f0160000-7f59f0163000 ---p 00000000 00:00 0 
7f59f0163000-7f59f0261000 rw-p 00000000 00:00 0                          [stack:7562]
7f59f0261000-7f59f0264000 ---p 00000000 00:00 0 
7f59f0264000-7f59f0362000 rw-p 00000000 00:00 0                          [stack:7561]
7f59f0362000-7f59f0a43000 r--p 00000000 08:06 140326                     /usr/lib/locale/locale-archive
7f59f0a43000-7f59f0a46000 ---p 00000000 00:00 0 
7f59f0a46000-7f59f0b44000 rw-p 00000000 00:00 0                          [stack:7560]
7f59f0b44000-7f59f0b47000 ---p 00000000 00:00 0 
7f59f0b47000-7f59f0c45000 rw-p 00000000 00:00 0                          [stack:7559]
7f59f0c45000-7f59f0c46000 ---p 00000000 00:00 0 
7f59f0c46000-7f59f1c55000 rw-p 00000000 00:00 0                          [stack:7558]
7f59f1c55000-7f59f1e11000 r--s 039b2000 08:06 150197                     /usr/lib/jvm/java-7-oracle/jre/lib/rt.jar
7f59f1e11000-7f59f4000000 rw-p 00000000 00:00 0 
7f59f4000000-7f59f4021000 rw-p 00000000 00:00 0 
7f59f4021000-7f59f8000000 ---p 00000000 00:00 0 
7f59f8000000-7f59f8001000 r--s 00000000 08:06 28303                      /var/cache/fontconfig/4794a0821666d79190d59a36cb4f44b5-le64.cache-3
7f59f8001000-7f59f8002000 r--s 00000000 08:06 28305                      /var/cache/fontconfig/56cf4f4769d0f4abc89a4895d7bd3ae1-le64.cache-3
7f59f8002000-7f59f8003000 r--s 00000000 08:06 28321                      /var/cache/fontconfig/b9d506c9ac06c20b433354fa67a72993-le64.cache-3
7f59f8003000-7f59f8004000 r--s 00000000 08:06 28293                      /var/cache/fontconfig/0c9eb80ebd1c36541ebe2852d3bb0c49-le64.cache-3
7f59f8004000-7f59f800e000 r--s 00250000 08:06 149707                     /usr/lib/jvm/java-7-oracle/jre/lib/resources.jar
7f59f800e000-7f59f81ae000 rw-p 00000000 00:00 0 
7f59f81ae000-7f59f81af000 ---p 00000000 00:00 0 
7f59f81af000-7f59f82af000 rw-p 00000000 00:00 0                          [stack:7557]
7f59f82af000-7f59f82b0000 ---p 00000000 00:00 0 
7f59f82b0000-7f59f83b0000 rw-p 00000000 00:00 0                          [stack:7556]
7f59f83b0000-7f59f83b1000 ---p 00000000 00:00 0 
7f59f83b1000-7f59f84b1000 rw-p 00000000 00:00 0                          [stack:7555]
7f59f84b1000-7f59f84b2000 ---p 00000000 00:00 0 
7f59f84b2000-7f59f85bd000 rw-p 00000000 00:00 0                          [stack:7554]
7f59f85bd000-7f59f85db000 rw-p 00000000 00:00 0 
7f59f85db000-7f59f85ef000 rw-p 00000000 00:00 0 
7f59f85ef000-7f59f8714000 rw-p 00000000 00:00 0 
7f59f8714000-7f59f871f000 rw-p 00000000 00:00 0 
7f59f871f000-7f59f87b1000 rw-p 00000000 00:00 0 
7f59f87b1000-7f59f87b2000 rw-p 00000000 00:00 0 
7f59f87b2000-7f59f8a22000 rwxp 00000000 00:00 0 
7f59f8a22000-7f59fb7b2000 rw-p 00000000 00:00 0 
7f59fb7b2000-7f59fb7cc000 r-xp 00000000 08:06 150329                     /usr/lib/jvm/java-7-oracle/jre/lib/amd64/libzip.so
7f59fb7cc000-7f59fb9cc000 ---p 0001a000 08:06 150329                     /usr/lib/jvm/java-7-oracle/jre/lib/amd64/libzip.so
7f59fb9cc000-7f59fb9cd000 rw-p 0001a000 08:06 150329                     /usr/lib/jvm/java-7-oracle/jre/lib/amd64/libzip.so
7f59fb9cd000-7f59fb9d9000 r-xp 00000000 08:06 416977                     /lib/x86_64-linux-gnu/libnss_files-2.17.so
7f59fb9d9000-7f59fbbd8000 ---p 0000c000 08:06 416977                     /lib/x86_64-linux-gnu/libnss_files-2.17.so
7f59fbbd8000-7f59fbbd9000 r--p 0000b000 08:06 416977                     /lib/x86_64-linux-gnu/libnss_files-2.17.so
7f59fbbd9000-7f59fbbda000 rw-p 0000c000 08:06 416977                     /lib/x86_64-linux-gnu/libnss_files-2.17.so
7f59fbbda000-7f59fbbe5000 r-xp 00000000 08:06 416985                     /lib/x86_64-linux-gnu/libnss_nis-2.17.so
7f59fbbe5000-7f59fbde4000 ---p 0000b000 08:06 416985                     /lib/x86_64-linux-gnu/libnss_nis-2.17.so
7f59fbde4000-7f59fbde5000 r--p 0000a000 08:06 416985                     /lib/x86_64-linux-gnu/libnss_nis-2.17.so
7f59fbde5000-7f59fbde6000 rw-p 0000b000 08:06 416985                     /lib/x86_64-linux-gnu/libnss_nis-2.17.so
7f59fbde6000-7f59fbdfd000 r-xp 00000000 08:06 416971                     /lib/x86_64-linux-gnu/libnsl-2.17.so
7f59fbdfd000-7f59fbffc000 ---p 00017000 08:06 416971                     /lib/x86_64-linux-gnu/libnsl-2.17.so
7f59fbffc000-7f59fbffd000 r--p 00016000 08:06 416971                     /lib/x86_64-linux-gnu/libnsl-2.17.so
7f59fbffd000-7f59fbffe000 rw-p 00017000 08:06 416971                     /lib/x86_64-linux-gnu/libnsl-2.17.so
7f59fbffe000-7f59fc000000 rw-p 00000000 00:00 0 
7f59fc000000-7f59fc8b7000 rw-p 00000000 00:00 0 
7f59fc8b7000-7f5a00000000 ---p 00000000 00:00 0 
7f5a00000000-7f5a00007000 r--s 00000000 08:06 305544                     /usr/lib/x86_64-linux-gnu/gconv/gconv-modules.cache
7f5a00007000-7f5a0001e000 r--s 00280000 08:07 9437260                    /home/paracaidista/NetBeansProjects/DataBaseFun/libs/driversBD/ojdbc6.jar
7f5a0001e000-7f5a00072000 rw-p 00000000 00:00 0 
7f5a00072000-7f5a00090000 rw-p 00000000 00:00 0 
7f5a00090000-7f5a000a4000 rw-p 00000000 00:00 0 
7f5a000a4000-7f5a001ca000 rw-p 00000000 00:00 0 
7f5a001ca000-7f5a001d2000 r-xp 00000000 08:06 416987                     /lib/x86_64-linux-gnu/libnss_compat-2.17.so
7f5a001d2000-7f5a003d1000 ---p 00008000 08:06 416987                     /lib/x86_64-linux-gnu/libnss_compat-2.17.so
7f5a003d1000-7f5a003d2000 r--p 00007000 08:06 416987                     /lib/x86_64-linux-gnu/libnss_compat-2.17.so
7f5a003d2000-7f5a003d3000 rw-p 00008000 08:06 416987                     /lib/x86_64-linux-gnu/libnss_compat-2.17.so
7f5a003d3000-7f5a003fc000 r-xp 00000000 08:06 150294                     /usr/lib/jvm/java-7-oracle/jre/lib/amd64/libjava.so
7f5a003fc000-7f5a005fc000 ---p 00029000 08:06 150294                     /usr/lib/jvm/java-7-oracle/jre/lib/amd64/libjava.so
7f5a005fc000-7f5a005fe000 rw-p 00029000 08:06 150294                     /usr/lib/jvm/java-7-oracle/jre/lib/amd64/libjava.so
7f5a005fe000-7f5a0060b000 r-xp 00000000 08:06 150332                     /usr/lib/jvm/java-7-oracle/jre/lib/amd64/libverify.so
7f5a0060b000-7f5a0080a000 ---p 0000d000 08:06 150332                     /usr/lib/jvm/java-7-oracle/jre/lib/amd64/libverify.so
7f5a0080a000-7f5a0080c000 rw-p 0000c000 08:06 150332                     /usr/lib/jvm/java-7-oracle/jre/lib/amd64/libverify.so
7f5a0080c000-7f5a00813000 r-xp 00000000 08:06 416981                     /lib/x86_64-linux-gnu/librt-2.17.so
7f5a00813000-7f5a00a12000 ---p 00007000 08:06 416981                     /lib/x86_64-linux-gnu/librt-2.17.so
7f5a00a12000-7f5a00a13000 r--p 00006000 08:06 416981                     /lib/x86_64-linux-gnu/librt-2.17.so
7f5a00a13000-7f5a00a14000 rw-p 00007000 08:06 416981                     /lib/x86_64-linux-gnu/librt-2.17.so
7f5a00a14000-7f5a00b17000 r-xp 00000000 08:06 416986                     /lib/x86_64-linux-gnu/libm-2.17.so
7f5a00b17000-7f5a00d17000 ---p 00103000 08:06 416986                     /lib/x86_64-linux-gnu/libm-2.17.so
7f5a00d17000-7f5a00d18000 r--p 00103000 08:06 416986                     /lib/x86_64-linux-gnu/libm-2.17.so
7f5a00d18000-7f5a00d19000 rw-p 00104000 08:06 416986                     /lib/x86_64-linux-gnu/libm-2.17.so
7f5a00d19000-7f5a0187b000 r-xp 00000000 08:06 150347                     /usr/lib/jvm/java-7-oracle/jre/lib/amd64/server/libjvm.so
7f5a0187b000-7f5a01a7b000 ---p 00b62000 08:06 150347                     /usr/lib/jvm/java-7-oracle/jre/lib/amd64/server/libjvm.so
7f5a01a7b000-7f5a01b3e000 rw-p 00b62000 08:06 150347                     /usr/lib/jvm/java-7-oracle/jre/lib/amd64/server/libjvm.so
7f5a01b3e000-7f5a01b7f000 rw-p 00000000 00:00 0 
7f5a01b7f000-7f5a01d3e000 r-xp 00000000 08:06 416989                     /lib/x86_64-linux-gnu/libc-2.17.so
7f5a01d3e000-7f5a01f3d000 ---p 001bf000 08:06 416989                     /lib/x86_64-linux-gnu/libc-2.17.so
7f5a01f3d000-7f5a01f41000 r--p 001be000 08:06 416989                     /lib/x86_64-linux-gnu/libc-2.17.so
7f5a01f41000-7f5a01f43000 rw-p 001c2000 08:06 416989                     /lib/x86_64-linux-gnu/libc-2.17.so
7f5a01f43000-7f5a01f48000 rw-p 00000000 00:00 0 
7f5a01f48000-7f5a01f4b000 r-xp 00000000 08:06 416975                     /lib/x86_64-linux-gnu/libdl-2.17.so
7f5a01f4b000-7f5a0214a000 ---p 00003000 08:06 416975                     /lib/x86_64-linux-gnu/libdl-2.17.so
7f5a0214a000-7f5a0214b000 r--p 00002000 08:06 416975                     /lib/x86_64-linux-gnu/libdl-2.17.so
7f5a0214b000-7f5a0214c000 rw-p 00003000 08:06 416975                     /lib/x86_64-linux-gnu/libdl-2.17.so
7f5a0214c000-7f5a02162000 r-xp 00000000 08:06 149684                     /usr/lib/jvm/java-7-oracle/lib/amd64/jli/libjli.so
7f5a02162000-7f5a02362000 ---p 00016000 08:06 149684                     /usr/lib/jvm/java-7-oracle/lib/amd64/jli/libjli.so
7f5a02362000-7f5a02363000 rw-p 00016000 08:06 149684                     /usr/lib/jvm/java-7-oracle/lib/amd64/jli/libjli.so
7f5a02363000-7f5a0237b000 r-xp 00000000 08:06 416972                     /lib/x86_64-linux-gnu/libpthread-2.17.so
7f5a0237b000-7f5a0257a000 ---p 00018000 08:06 416972                     /lib/x86_64-linux-gnu/libpthread-2.17.so
7f5a0257a000-7f5a0257b000 r--p 00017000 08:06 416972                     /lib/x86_64-linux-gnu/libpthread-2.17.so
7f5a0257b000-7f5a0257c000 rw-p 00018000 08:06 416972                     /lib/x86_64-linux-gnu/libpthread-2.17.so
7f5a0257c000-7f5a02580000 rw-p 00000000 00:00 0 
7f5a02580000-7f5a025a3000 r-xp 00000000 08:06 416965                     /lib/x86_64-linux-gnu/ld-2.17.so
7f5a025a3000-7f5a025a7000 r--s 00000000 08:06 39364                      /var/cache/fontconfig/7ef2298fde41cc6eeb7af42e48b7d293-le64.cache-3
7f5a025a7000-7f5a025aa000 r--s 00022000 08:07 8126734                    /home/paracaidista/NetBeansProjects/DataBaseFun/libs/dbus-java-2.7.jar
7f5a025aa000-7f5a025ae000 r--s 00030000 08:07 8126858                    /home/paracaidista/NetBeansProjects/DataBaseFun/libs/dbus-java-2.7-sources.jar
7f5a025ae000-7f5a025b6000 r--s 000c8000 08:07 9437274                    /home/paracaidista/NetBeansProjects/DataBaseFun/libs/driversBD/mysql-connector-java-5.1.25-bin.jar
7f5a025b6000-7f5a025c0000 rw-p 00000000 00:00 0 
7f5a025c0000-7f5a02676000 rw-p 00000000 00:00 0 
7f5a02676000-7f5a02679000 ---p 00000000 00:00 0 
7f5a02679000-7f5a0277b000 rw-p 00000000 00:00 0                          [stack:7553]
7f5a0277b000-7f5a0277d000 r--s 01a05000 08:07 2755214                    /home/paracaidista/NetBeansProjects/DataBaseFun/libs/qt-4.7/qtjambi-linux64-gcc-4.7.0.jar
7f5a0277d000-7f5a02782000 r--s 0002a000 08:07 9048503                    /home/paracaidista/NetBeansProjects/DataBaseFun/libs/gson-2.2.4.jar
7f5a02782000-7f5a02796000 rw-p 00000000 00:00 0 
7f5a02796000-7f5a0279e000 rw-s 00000000 08:06 19336                      /tmp/hsperfdata_paracaidista/7549
7f5a0279e000-7f5a0279f000 rw-p 00000000 00:00 0 
7f5a0279f000-7f5a027a0000 r--p 00000000 00:00 0 
7f5a027a0000-7f5a027a2000 rw-p 00000000 00:00 0 
7f5a027a2000-7f5a027a3000 r--p 00022000 08:06 416965                     /lib/x86_64-linux-gnu/ld-2.17.so
7f5a027a3000-7f5a027a5000 rw-p 00023000 08:06 416965                     /lib/x86_64-linux-gnu/ld-2.17.so
7fff5d1ea000-7fff5d20b000 rw-p 00000000 00:00 0                          [stack]
7fff5d33a000-7fff5d33c000 r-xp 00000000 00:00 0                          [vdso]
ffffffffff600000-ffffffffff601000 r-xp 00000000 00:00 0                  [vsyscall]

VM Arguments:
jvm_args: -Dfile.encoding=UTF-8 
java_command: es.miguelgonzalezgomez.dataBaseFun.DataBaseFun
Launcher Type: SUN_STANDARD

Environment Variables:
PATH=/usr/local/sbin:/usr/local/bin:/usr/sbin:/usr/bin:/sbin:/bin:/usr/games:/usr/local/games
USERNAME=paracaidista
LD_LIBRARY_PATH=/usr/lib/jvm/java-7-oracle/jre/lib/amd64:/usr/lib/jvm/java-7-oracle/jre/lib/i386:
SHELL=/bin/bash
DISPLAY=:0.0

Signal Handlers:
SIGSEGV: [libjvm.so+0x9935b0], sa_mask[0]=0x7ffbfeff, sa_flags=0x10000004
SIGBUS: [libjvm.so+0x9935b0], sa_mask[0]=0x7ffbfeff, sa_flags=0x10000004
SIGFPE: [libjvm.so+0x810330], sa_mask[0]=0x7ffbfeff, sa_flags=0x10000004
SIGPIPE: SIG_IGN, sa_mask[0]=0x00001000, sa_flags=0x10000000
SIGXFSZ: [libjvm.so+0x810330], sa_mask[0]=0x7ffbfeff, sa_flags=0x10000004
SIGILL: [libjvm.so+0x810330], sa_mask[0]=0x7ffbfeff, sa_flags=0x10000004
SIGUSR1: SIG_DFL, sa_mask[0]=0x00000000, sa_flags=0x00000000
SIGUSR2: [libjvm.so+0x811820], sa_mask[0]=0x00000004, sa_flags=0x10000004
SIGHUP: [libjvm.so+0x812790], sa_mask[0]=0x7ffbfeff, sa_flags=0x10000004
SIGINT: SIG_IGN, sa_mask[0]=0x00000000, sa_flags=0x00000000
SIGTERM: [libjvm.so+0x812790], sa_mask[0]=0x7ffbfeff, sa_flags=0x10000004
SIGQUIT: [libjvm.so+0x812790], sa_mask[0]=0x7ffbfeff, sa_flags=0x10000004


---------------  S Y S T E M  ---------------

OS:wheezy/sid

uname:Linux 3.8.0-25-generic #37-Ubuntu SMP Thu Jun 6 20:47:07 UTC 2013 x86_64
libc:glibc 2.17 NPTL 2.17 
rlimit: STACK 8192k, CORE 0k, NPROC 29757, NOFILE 4096, AS infinity
load average:0,83 0,50 0,37

/proc/meminfo:
MemTotal:        3843360 kB
MemFree:          600840 kB
Buffers:          161116 kB
Cached:          1113592 kB
SwapCached:          276 kB
Active:          1810496 kB
Inactive:        1140696 kB
Active(anon):    1295480 kB
Inactive(anon):   683644 kB
Active(file):     515016 kB
Inactive(file):   457052 kB
Unevictable:          32 kB
Mlocked:              32 kB
SwapTotal:       1998844 kB
SwapFree:        1996096 kB
Dirty:             34748 kB
Writeback:             0 kB
AnonPages:       1676304 kB
Mapped:           213824 kB
Shmem:            302420 kB
Slab:             211772 kB
SReclaimable:     179448 kB
SUnreclaim:        32324 kB
KernelStack:        3864 kB
PageTables:        29088 kB
NFS_Unstable:          0 kB
Bounce:                0 kB
WritebackTmp:          0 kB
CommitLimit:     3920524 kB
Committed_AS:    4482336 kB
VmallocTotal:   34359738367 kB
VmallocUsed:      544148 kB
VmallocChunk:   34359191004 kB
HardwareCorrupted:     0 kB
AnonHugePages:         0 kB
HugePages_Total:       0
HugePages_Free:        0
HugePages_Rsvd:        0
HugePages_Surp:        0
Hugepagesize:       2048 kB
DirectMap4k:      102400 kB
DirectMap2M:     3887104 kB


CPU:total 4 (2 cores per cpu, 2 threads per core) family 6 model 37 stepping 2, cmov, cx8, fxsr, mmx, sse, sse2, sse3, ssse3, sse4.1, sse4.2, popcnt, aes, ht, tsc, tscinvbit

/proc/cpuinfo:
processor	: 0
vendor_id	: GenuineIntel
cpu family	: 6
model		: 37
model name	: Intel(R) Core(TM) i5 CPU       M 540  @ 2.53GHz
stepping	: 2
microcode	: 0x9
cpu MHz		: 1199.000
cache size	: 3072 KB
physical id	: 0
siblings	: 4
core id		: 0
cpu cores	: 2
apicid		: 0
initial apicid	: 0
fpu		: yes
fpu_exception	: yes
cpuid level	: 11
wp		: yes
flags		: fpu vme de pse tsc msr pae mce cx8 apic sep mtrr pge mca cmov pat pse36 clflush dts acpi mmx fxsr sse sse2 ss ht tm pbe syscall nx rdtscp lm constant_tsc arch_perfmon pebs bts rep_good nopl xtopology nonstop_tsc aperfmperf pni pclmulqdq dtes64 monitor ds_cpl vmx smx est tm2 ssse3 cx16 xtpr pdcm sse4_1 sse4_2 popcnt aes lahf_lm ida arat dtherm tpr_shadow vnmi flexpriority ept vpid
bogomips	: 5053.81
clflush size	: 64
cache_alignment	: 64
address sizes	: 36 bits physical, 48 bits virtual
power management:

processor	: 1
vendor_id	: GenuineIntel
cpu family	: 6
model		: 37
model name	: Intel(R) Core(TM) i5 CPU       M 540  @ 2.53GHz
stepping	: 2
microcode	: 0x9
cpu MHz		: 2534.000
cache size	: 3072 KB
physical id	: 0
siblings	: 4
core id		: 2
cpu cores	: 2
apicid		: 4
initial apicid	: 4
fpu		: yes
fpu_exception	: yes
cpuid level	: 11
wp		: yes
flags		: fpu vme de pse tsc msr pae mce cx8 apic sep mtrr pge mca cmov pat pse36 clflush dts acpi mmx fxsr sse sse2 ss ht tm pbe syscall nx rdtscp lm constant_tsc arch_perfmon pebs bts rep_good nopl xtopology nonstop_tsc aperfmperf pni pclmulqdq dtes64 monitor ds_cpl vmx smx est tm2 ssse3 cx16 xtpr pdcm sse4_1 sse4_2 popcnt aes lahf_lm ida arat dtherm tpr_shadow vnmi flexpriority ept vpid
bogomips	: 5053.81
clflush size	: 64
cache_alignment	: 64
address sizes	: 36 bits physical, 48 bits virtual
power management:

processor	: 2
vendor_id	: GenuineIntel
cpu family	: 6
model		: 37
model name	: Intel(R) Core(TM) i5 CPU       M 540  @ 2.53GHz
stepping	: 2
microcode	: 0x9
cpu MHz		: 2534.000
cache size	: 3072 KB
physical id	: 0
siblings	: 4
core id		: 0
cpu cores	: 2
apicid		: 1
initial apicid	: 1
fpu		: yes
fpu_exception	: yes
cpuid level	: 11
wp		: yes
flags		: fpu vme de pse tsc msr pae mce cx8 apic sep mtrr pge mca cmov pat pse36 clflush dts acpi mmx fxsr sse sse2 ss ht tm pbe syscall nx rdtscp lm constant_tsc arch_perfmon pebs bts rep_good nopl xtopology nonstop_tsc aperfmperf pni pclmulqdq dtes64 monitor ds_cpl vmx smx est tm2 ssse3 cx16 xtpr pdcm sse4_1 sse4_2 popcnt aes lahf_lm ida arat dtherm tpr_shadow vnmi flexpriority ept vpid
bogomips	: 5053.81
clflush size	: 64
cache_alignment	: 64
address sizes	: 36 bits physical, 48 bits virtual
power management:

processor	: 3
vendor_id	: GenuineIntel
cpu family	: 6
model		: 37
model name	: Intel(R) Core(TM) i5 CPU       M 540  @ 2.53GHz
stepping	: 2
microcode	: 0x9
cpu MHz		: 1199.000
cache size	: 3072 KB
physical id	: 0
siblings	: 4
core id		: 2
cpu cores	: 2
apicid		: 5
initial apicid	: 5
fpu		: yes
fpu_exception	: yes
cpuid level	: 11
wp		: yes
flags		: fpu vme de pse tsc msr pae mce cx8 apic sep mtrr pge mca cmov pat pse36 clflush dts acpi mmx fxsr sse sse2 ss ht tm pbe syscall nx rdtscp lm constant_tsc arch_perfmon pebs bts rep_good nopl xtopology nonstop_tsc aperfmperf pni pclmulqdq dtes64 monitor ds_cpl vmx smx est tm2 ssse3 cx16 xtpr pdcm sse4_1 sse4_2 popcnt aes lahf_lm ida arat dtherm tpr_shadow vnmi flexpriority ept vpid
bogomips	: 5053.81
clflush size	: 64
cache_alignment	: 64
address sizes	: 36 bits physical, 48 bits virtual
power management:



Memory: 4k page, physical 3843360k(600840k free), swap 1998844k(1996096k free)

vm_info: Java HotSpot(TM) 64-Bit Server VM (24.45-b08) for linux-amd64 JRE (1.7.0_45-b18), built on Oct  8 2013 05:44:25 by "java_re" with gcc 4.3.0 20080428 (Red Hat 4.3.0-8)

time: Thu Nov 28 11:21:00 2013
elapsed time: 0 seconds

