#
# A fatal error has been detected by the Java Runtime Environment:
#
#  SIGSEGV (0xb) at pc=0x00007f5ca6166141, pid=8346, tid=140036317927168
#
# JRE version: Java(TM) SE Runtime Environment (7.0_45-b18) (build 1.7.0_45-b18)
# Java VM: Java HotSpot(TM) 64-Bit Server VM (24.45-b08 mixed mode linux-amd64 compressed oops)
# Problematic frame:
# C  [libQtGui.so.4+0x2dc141]  QPMCache::clear()+0x11
#
# Failed to write core dump. Core dumps have been disabled. To enable core dumping, try "ulimit -c unlimited" before starting Java again
#
# If you would like to submit a bug report, please visit:
#   http://bugreport.sun.com/bugreport/crash.jsp
# The crash happened outside the Java Virtual Machine in native code.
# See problematic frame for where to report the bug.
#

---------------  T H R E A D  ---------------

Current thread (0x00007f5cb800a000):  JavaThread "main" [_thread_in_native, id=8351, stack(0x00007f5cbeec5000,0x00007f5cbefc6000)]

siginfo:si_signo=SIGSEGV: si_errno=0, si_code=1 (SEGV_MAPERR), si_addr=0x0000000000000038

Registers:
RAX=0x0000000000000000, RBX=0x00007f5ca6b7a8a0, RCX=0x00007f5cb8000028, RDX=0x00007f5cac66eb01
RSP=0x00007f5cbefc3ef0, RBP=0x0000000000000000, RSI=0x0000000000000000, RDI=0x0000000000000000
R8 =0x0000000000000000, R9 =0x0000000000000000, R10=0x00007f5cbefc3ce0, R11=0x00007f5ca61664a0
R12=0x00007f5ca6b7a5dc, R13=0x0000000000000020, R14=0x00007f5cb82bfb00, R15=0x00007f5cb82bfb00
RIP=0x00007f5ca6166141, EFLAGS=0x0000000000010206, CSGSFS=0x0000000000000033, ERR=0x0000000000000004
  TRAPNO=0x000000000000000e

Top of Stack: (sp=0x00007f5cbefc3ef0)
0x00007f5cbefc3ef0:   00007f5cac66ebe0 00007f5cb8000028
0x00007f5cbefc3f00:   00007f5cac66eb01 00007f5ca6b7a8a0
0x00007f5cbefc3f10:   00007f5ca6b7a5b0 00007f5ca6b7a5dc
0x00007f5cbefc3f20:   00007f5ca6b7a5a8 00007f5ca61664b1
0x00007f5cbefc3f30:   00000000000005f1 00007f5ca60fa4ed
0x00007f5cbefc3f40:   00007f5cb82a8f20 00007f5cbede4725
0x00007f5cbefc3f50:   0000000000000000 00007f5cb8000028
0x00007f5cbefc3f60:   00007f5cb94cd701 0000000000000000
0x00007f5cbefc3f70:   00007f5cb82a8f20 0000000000000000
0x00007f5cbefc3f80:   0000000000000000 00007f5cb8165ae0
0x00007f5cbefc3f90:   0000000000001c88 00007f5ca608ccf0
0x00007f5cbefc3fa0:   00007f5cac66ebe0 0000000000000000
0x00007f5cbefc3fb0:   00007f5cac66ebe0 0000000000000000
0x00007f5cbefc3fc0:   00007f5ca6b7a5b0 00007f5cb82a8f20
0x00007f5cbefc3fd0:   00007f5ca6b7a5a8 00007f5ca608e087
0x00007f5cbefc3fe0:   00007f5cac6671d0 0000000000000000
0x00007f5cbefc3ff0:   00007f5c9fbc0028 fffffffffff50c38
0x00007f5cbefc4000:   00007f5cb82f3b90 00007f5c1dce5570
0x00007f5cbefc4010:   00007f5cb82bfb00 00007f5c1dce5570
0x00007f5cbefc4020:   00007f5cb82a8f20 00007f5c1dce5570
0x00007f5cbefc4030:   00007f5cb82bfb00 00007f5c9f4b8557
0x00007f5cbefc4040:   00007f5cb82bfb00 00007f5cac34ea00
0x00007f5cbefc4050:   00007f5c681fb8b0 00007f5cb82a8f20
0x00007f5cbefc4060:   0000000000000000 00007f5c6807ff90
0x00007f5cbefc4070:   00007f5c6807ff90 00007f5cac356ad3
0x00007f5cbefc4080:   0000000300000000 00007f5c681fb4e0
0x00007f5cbefc4090:   0000000000000000 00007f5c6807ff90
0x00007f5cbefc40a0:   00007f5c00000000 00007f5cb5006058
0x00007f5cbefc40b0:   0000000000000000 0000000000000000
0x00007f5cbefc40c0:   00007f5cb8f4f1f0 00000000c05fde88
0x00007f5cbefc40d0:   00007f5cbefc4130 00007f5cb8f4fe40
0x00007f5cbefc40e0:   00007f5cb8f501d0 00007f5c6807ff90 

Instructions: (pc=0x00007f5ca6166141)
0x00007f5ca6166121:   fe ff ff 48 89 d8 5b c3 90 66 0f 1f 44 00 00 41
0x00007f5ca6166131:   55 41 54 55 48 89 fd 4c 8d 6d 20 53 48 83 ec 18
0x00007f5ca6166141:   48 8b 7f 38 e8 ce 2f ef ff 4c 89 ee 48 c7 45 38
0x00007f5ca6166151:   00 00 00 00 c7 45 4c 00 00 00 00 c7 45 48 00 00 

Register to memory mapping:

RAX=0x0000000000000000 is an unknown value
RBX=0x00007f5ca6b7a8a0: qt_x11Data+0 in /tmp/QtJambi_paracaidista_amd64_4.7.0_gcc-20100927-1542/lib/libQtGui.so.4 at 0x00007f5ca5e8a000
RCX=0x00007f5cb8000028 is an unknown value
RDX=0x00007f5cac66eb01: <offset 0x4abb01> in /tmp/QtJambi_paracaidista_amd64_4.7.0_gcc-20100927-1542/lib/libQtCore.so.4 at 0x00007f5cac1c3000
RSP=0x00007f5cbefc3ef0 is pointing into the stack for thread: 0x00007f5cb800a000
RBP=0x0000000000000000 is an unknown value
RSI=0x0000000000000000 is an unknown value
RDI=0x0000000000000000 is an unknown value
R8 =0x0000000000000000 is an unknown value
R9 =0x0000000000000000 is an unknown value
R10=0x00007f5cbefc3ce0 is pointing into the stack for thread: 0x00007f5cb800a000
R11=0x00007f5ca61664a0: _ZN12QPixmapCache5clearEv+0 in /tmp/QtJambi_paracaidista_amd64_4.7.0_gcc-20100927-1542/lib/libQtGui.so.4 at 0x00007f5ca5e8a000
R12=0x00007f5ca6b7a5dc: <offset 0xcf05dc> in /tmp/QtJambi_paracaidista_amd64_4.7.0_gcc-20100927-1542/lib/libQtGui.so.4 at 0x00007f5ca5e8a000
R13=0x0000000000000020 is an unknown value
R14=0x00007f5cb82bfb00 is an unknown value
R15=0x00007f5cb82bfb00 is an unknown value


Stack: [0x00007f5cbeec5000,0x00007f5cbefc6000],  sp=0x00007f5cbefc3ef0,  free space=1019k
Native frames: (J=compiled Java code, j=interpreted, Vv=VM code, C=native code)
C  [libQtGui.so.4+0x2dc141]  QPMCache::clear()+0x11

[error occurred during error reporting (printing native stack), id 0xb]

Java frames: (J=compiled Java code, j=interpreted, Vv=VM code)
j  com.trolltech.qt.gui.QApplication.exec()I+0
j  es.miguelgonzalezgomez.dataBaseFun.DataBaseFun.main([Ljava/lang/String;)V+36
v  ~StubRoutines::call_stub

---------------  P R O C E S S  ---------------

Java Threads: ( => current thread )
  0x00007f5c8c001000 JavaThread "SIGTERM handler" daemon [_thread_blocked, id=8495, stack(0x00007f5c6c019000,0x00007f5c6c11a000)]
  0x00007f5cb96ae800 JavaThread "Thread-6" [_thread_blocked, id=8371, stack(0x00007f5c6c84b000,0x00007f5c6c94c000)]
  0x00007f5c68115000 JavaThread "Abandoned connection cleanup thread" daemon [_thread_blocked, id=8366, stack(0x00007f5c6c11a000,0x00007f5c6c21b000)]
  0x00007f5cb8128800 JavaThread "Thread-0" daemon [_thread_blocked, id=8364, stack(0x00007f5cac0c2000,0x00007f5cac1c3000)]
  0x00007f5cb8097800 JavaThread "Service Thread" daemon [_thread_blocked, id=8362, stack(0x00007f5cac79a000,0x00007f5cac89b000)]
  0x00007f5cb8095000 JavaThread "C2 CompilerThread1" daemon [_thread_blocked, id=8361, stack(0x00007f5cac89b000,0x00007f5cac99c000)]
  0x00007f5cb8092000 JavaThread "C2 CompilerThread0" daemon [_thread_blocked, id=8360, stack(0x00007f5cac99c000,0x00007f5caca9d000)]
  0x00007f5cb8070000 JavaThread "Finalizer" daemon [_thread_blocked, id=8358, stack(0x00007f5cad27f000,0x00007f5cad380000)]
  0x00007f5cb806c000 JavaThread "Reference Handler" daemon [_thread_blocked, id=8357, stack(0x00007f5cad380000,0x00007f5cad481000)]
=>0x00007f5cb800a000 JavaThread "main" [_thread_in_native, id=8351, stack(0x00007f5cbeec5000,0x00007f5cbefc6000)]

Other Threads:
  0x00007f5cb8069800 VMThread [stack: 0x00007f5cad481000,0x00007f5cad582000] [id=8356]

VM state:at safepoint (shutting down)

VM Mutex/Monitor currently owned by a thread:  ([mutex/lock_event])
[0x00007f5cb8006580] Threads_lock - owner thread: 0x00007f5cb8069800

Heap
 PSYoungGen      total 61952K, used 849K [0x00000000ec680000, 0x00000000f7f00000, 0x0000000100000000)
  eden space 39936K, 2% used [0x00000000ec680000,0x00000000ec754428,0x00000000eed80000)
  from space 22016K, 0% used [0x00000000eed80000,0x00000000eed80000,0x00000000f0300000)
  to   space 72704K, 0% used [0x00000000f3800000,0x00000000f3800000,0x00000000f7f00000)
 ParOldGen       total 355328K, used 240648K [0x00000000c5400000, 0x00000000daf00000, 0x00000000ec680000)
  object space 355328K, 67% used [0x00000000c5400000,0x00000000d3f023e8,0x00000000daf00000)
 PSPermGen       total 28672K, used 17058K [0x00000000c0200000, 0x00000000c1e00000, 0x00000000c5400000)
  object space 28672K, 59% used [0x00000000c0200000,0x00000000c12a8b28,0x00000000c1e00000)

Card table byte_map: [0x00007f5cb4e00000,0x00007f5cb5000000] byte_map_base: 0x00007f5cb47ff000

Polling page: 0x00007f5cbefee000

Code Cache  [0x00007f5cb5000000, 0x00007f5cb5270000, 0x00007f5cb8000000)
 total_blobs=733 nmethods=331 adapters=356 free_code_cache=47975Kb largest_free_block=49088448

Compilation events (10 events):
Event: 39,470 Thread 0x00007f5cb8092000 nmethod 329 0x00007f5cb50afa50 code [0x00007f5cb50afba0, 0x00007f5cb50afc38]
Event: 39,470 Thread 0x00007f5cb8092000  330             com.trolltech.qt.gui.QApplication$Type::resolve_internal (49 bytes)
Event: 39,471 Thread 0x00007f5cb8092000 nmethod 330 0x00007f5cb5125dd0 code [0x00007f5cb5125f20, 0x00007f5cb5125fb8]
Event: 39,477 Thread 0x00007f5cb8095000 nmethod 327 0x00007f5cb5129910 code [0x00007f5cb5129bc0, 0x00007f5cb512a5a8]
Event: 42,413 Thread 0x00007f5cb8092000  331 %           es.miguelgonzalezgomez.dataBaseFun.qt.pestanaVistaResultado.PintadoProgresivoTabla$1::run @ 2 (68 bytes)
Event: 42,418 Thread 0x00007f5cb8092000 nmethod 331% 0x00007f5cb51277d0 code [0x00007f5cb5127960, 0x00007f5cb5127c18]
Event: 49,395 Thread 0x00007f5cb8095000  333 % !         java.lang.ref.Reference$ReferenceHandler::run @ 0 (108 bytes)
Event: 49,397 Thread 0x00007f5cb8092000  334 % !         java.lang.ref.Finalizer$FinalizerThread::run @ 13 (34 bytes)
Event: 49,408 Thread 0x00007f5cb8092000 nmethod 334% 0x00007f5cb5126890 code [0x00007f5cb5126a60, 0x00007f5cb51272e8]
Event: 49,412 Thread 0x00007f5cb8095000 nmethod 333% 0x00007f5cb5128590 code [0x00007f5cb5128740, 0x00007f5cb5129498]

GC Heap History (10 events):
Event: 54,974 GC heap before
{Heap before GC invocations=17 (full 6):
 PSYoungGen      total 95744K, used 57856K [0x00000000ec680000, 0x00000000f4d80000, 0x0000000100000000)
  eden space 57856K, 100% used [0x00000000ec680000,0x00000000eff00000,0x00000000eff00000)
  from space 37888K, 0% used [0x00000000f2580000,0x00000000f2580000,0x00000000f4a80000)
  to   space 39424K, 0% used [0x00000000eff00000,0x00000000eff00000,0x00000000f2580000)
 ParOldGen       total 223232K, used 138178K [0x00000000c5400000, 0x00000000d2e00000, 0x00000000ec680000)
  object space 223232K, 61% used [0x00000000c5400000,0x00000000cdaf0a18,0x00000000d2e00000)
 PSPermGen       total 31744K, used 17046K [0x00000000c0200000, 0x00000000c2100000, 0x00000000c5400000)
  object space 31744K, 53% used [0x00000000c0200000,0x00000000c12a5b20,0x00000000c2100000)
Event: 55,131 GC heap after
Heap after GC invocations=17 (full 6):
 PSYoungGen      total 97280K, used 39424K [0x00000000ec680000, 0x00000000f6b00000, 0x0000000100000000)
  eden space 57856K, 0% used [0x00000000ec680000,0x00000000ec680000,0x00000000eff00000)
  from space 39424K, 100% used [0x00000000eff00000,0x00000000f2580000,0x00000000f2580000)
  to   space 51712K, 0% used [0x00000000f3880000,0x00000000f3880000,0x00000000f6b00000)
 ParOldGen       total 223232K, used 153658K [0x00000000c5400000, 0x00000000d2e00000, 0x00000000ec680000)
  object space 223232K, 68% used [0x00000000c5400000,0x00000000cea0ea18,0x00000000d2e00000)
 PSPermGen       total 31744K, used 17046K [0x00000000c0200000, 0x00000000c2100000, 0x00000000c5400000)
  object space 31744K, 53% used [0x00000000c0200000,0x00000000c12a5b20,0x00000000c2100000)
}
Event: 68,716 GC heap before
{Heap before GC invocations=18 (full 6):
 PSYoungGen      total 97280K, used 97280K [0x00000000ec680000, 0x00000000f6b00000, 0x0000000100000000)
  eden space 57856K, 100% used [0x00000000ec680000,0x00000000eff00000,0x00000000eff00000)
  from space 39424K, 100% used [0x00000000eff00000,0x00000000f2580000,0x00000000f2580000)
  to   space 51712K, 0% used [0x00000000f3880000,0x00000000f3880000,0x00000000f6b00000)
 ParOldGen       total 223232K, used 153658K [0x00000000c5400000, 0x00000000d2e00000, 0x00000000ec680000)
  object space 223232K, 68% used [0x00000000c5400000,0x00000000cea0ea18,0x00000000d2e00000)
 PSPermGen       total 31744K, used 17046K [0x00000000c0200000, 0x00000000c2100000, 0x00000000c5400000)
  object space 31744K, 53% used [0x00000000c0200000,0x00000000c12a5b20,0x00000000c2100000)
Event: 69,767 GC heap after
Heap after GC invocations=18 (full 6):
 PSYoungGen      total 91648K, used 51712K [0x00000000ec680000, 0x00000000f9c00000, 0x0000000100000000)
  eden space 39936K, 0% used [0x00000000ec680000,0x00000000ec680000,0x00000000eed80000)
  from space 51712K, 100% used [0x00000000f3880000,0x00000000f6b00000,0x00000000f6b00000)
  to   space 76800K, 0% used [0x00000000eed80000,0x00000000eed80000,0x00000000f3880000)
 ParOldGen       total 223232K, used 198458K [0x00000000c5400000, 0x00000000d2e00000, 0x00000000ec680000)
  object space 223232K, 88% used [0x00000000c5400000,0x00000000d15cea18,0x00000000d2e00000)
 PSPermGen       total 31744K, used 17046K [0x00000000c0200000, 0x00000000c2100000, 0x00000000c5400000)
  object space 31744K, 53% used [0x00000000c0200000,0x00000000c12a5b20,0x00000000c2100000)
}
Event: 69,767 GC heap before
{Heap before GC invocations=19 (full 7):
 PSYoungGen      total 91648K, used 51712K [0x00000000ec680000, 0x00000000f9c00000, 0x0000000100000000)
  eden space 39936K, 0% used [0x00000000ec680000,0x00000000ec680000,0x00000000eed80000)
  from space 51712K, 100% used [0x00000000f3880000,0x00000000f6b00000,0x00000000f6b00000)
  to   space 76800K, 0% used [0x00000000eed80000,0x00000000eed80000,0x00000000f3880000)
 ParOldGen       total 223232K, used 198458K [0x00000000c5400000, 0x00000000d2e00000, 0x00000000ec680000)
  object space 223232K, 88% used [0x00000000c5400000,0x00000000d15cea18,0x00000000d2e00000)
 PSPermGen       total 31744K, used 17046K [0x00000000c0200000, 0x00000000c2100000, 0x00000000c5400000)
  object space 31744K, 53% used [0x00000000c0200000,0x00000000c12a5b20,0x00000000c2100000)
Event: 81,550 GC heap after
Heap after GC invocations=19 (full 7):
 PSYoungGen      total 91648K, used 21475K [0x00000000ec680000, 0x00000000f9c00000, 0x0000000100000000)
  eden space 39936K, 0% used [0x00000000ec680000,0x00000000ec680000,0x00000000eed80000)
  from space 51712K, 41% used [0x00000000f3880000,0x00000000f4d78e50,0x00000000f6b00000)
  to   space 76800K, 0% used [0x00000000eed80000,0x00000000eed80000,0x00000000f3880000)
 ParOldGen       total 355328K, used 223035K [0x00000000c5400000, 0x00000000daf00000, 0x00000000ec680000)
  object space 355328K, 62% used [0x00000000c5400000,0x00000000d2dcec38,0x00000000daf00000)
 PSPermGen       total 30208K, used 17046K [0x00000000c0200000, 0x00000000c1f80000, 0x00000000c5400000)
  object space 30208K, 56% used [0x00000000c0200000,0x00000000c12a5b20,0x00000000c1f80000)
}
Event: 82,097 GC heap before
{Heap before GC invocations=20 (full 7):
 PSYoungGen      total 91648K, used 24461K [0x00000000ec680000, 0x00000000f9c00000, 0x0000000100000000)
  eden space 39936K, 7% used [0x00000000ec680000,0x00000000ec96a8c8,0x00000000eed80000)
  from space 51712K, 41% used [0x00000000f3880000,0x00000000f4d78e50,0x00000000f6b00000)
  to   space 76800K, 0% used [0x00000000eed80000,0x00000000eed80000,0x00000000f3880000)
 ParOldGen       total 355328K, used 223035K [0x00000000c5400000, 0x00000000daf00000, 0x00000000ec680000)
  object space 355328K, 62% used [0x00000000c5400000,0x00000000d2dcec38,0x00000000daf00000)
 PSPermGen       total 30208K, used 17058K [0x00000000c0200000, 0x00000000c1f80000, 0x00000000c5400000)
  object space 30208K, 56% used [0x00000000c0200000,0x00000000c12a8b28,0x00000000c1f80000)
Event: 82,249 GC heap after
Heap after GC invocations=20 (full 7):
 PSYoungGen      total 61952K, used 21920K [0x00000000ec680000, 0x00000000f7f00000, 0x0000000100000000)
  eden space 39936K, 0% used [0x00000000ec680000,0x00000000ec680000,0x00000000eed80000)
  from space 22016K, 99% used [0x00000000eed80000,0x00000000f02e8000,0x00000000f0300000)
  to   space 72704K, 0% used [0x00000000f3800000,0x00000000f3800000,0x00000000f7f00000)
 ParOldGen       total 355328K, used 223035K [0x00000000c5400000, 0x00000000daf00000, 0x00000000ec680000)
  object space 355328K, 62% used [0x00000000c5400000,0x00000000d2dcec38,0x00000000daf00000)
 PSPermGen       total 30208K, used 17058K [0x00000000c0200000, 0x00000000c1f80000, 0x00000000c5400000)
  object space 30208K, 56% used [0x00000000c0200000,0x00000000c12a8b28,0x00000000c1f80000)
}
Event: 82,249 GC heap before
{Heap before GC invocations=21 (full 8):
 PSYoungGen      total 61952K, used 21920K [0x00000000ec680000, 0x00000000f7f00000, 0x0000000100000000)
  eden space 39936K, 0% used [0x00000000ec680000,0x00000000ec680000,0x00000000eed80000)
  from space 22016K, 99% used [0x00000000eed80000,0x00000000f02e8000,0x00000000f0300000)
  to   space 72704K, 0% used [0x00000000f3800000,0x00000000f3800000,0x00000000f7f00000)
 ParOldGen       total 355328K, used 223035K [0x00000000c5400000, 0x00000000daf00000, 0x00000000ec680000)
  object space 355328K, 62% used [0x00000000c5400000,0x00000000d2dcec38,0x00000000daf00000)
 PSPermGen       total 30208K, used 17058K [0x00000000c0200000, 0x00000000c1f80000, 0x00000000c5400000)
  object space 30208K, 56% used [0x00000000c0200000,0x00000000c12a8b28,0x00000000c1f80000)
Event: 83,942 GC heap after
Heap after GC invocations=21 (full 8):
 PSYoungGen      total 61952K, used 0K [0x00000000ec680000, 0x00000000f7f00000, 0x0000000100000000)
  eden space 39936K, 0% used [0x00000000ec680000,0x00000000ec680000,0x00000000eed80000)
  from space 22016K, 0% used [0x00000000eed80000,0x00000000eed80000,0x00000000f0300000)
  to   space 72704K, 0% used [0x00000000f3800000,0x00000000f3800000,0x00000000f7f00000)
 ParOldGen       total 355328K, used 240648K [0x00000000c5400000, 0x00000000daf00000, 0x00000000ec680000)
  object space 355328K, 67% used [0x00000000c5400000,0x00000000d3f023e8,0x00000000daf00000)
 PSPermGen       total 28672K, used 17058K [0x00000000c0200000, 0x00000000c1e00000, 0x00000000c5400000)
  object space 28672K, 59% used [0x00000000c0200000,0x00000000c12a8b28,0x00000000c1e00000)
}

Deoptimization events (10 events):
Event: 30,777 Thread 0x00007f5cb84b4800 Uncommon trap: reason=unreached action=reinterpret pc=0x00007f5cb50c9644 method=oracle.jdbc.driver.T4CStatement.doOall8(ZZZZZ)V @ 115
Event: 30,788 Thread 0x00007f5cb84b4800 Uncommon trap: reason=unreached action=reinterpret pc=0x00007f5cb50d7458 method=oracle.jdbc.driver.OracleStatement.getDefaultCalendar()Ljava/util/Calendar; @ 4
Event: 30,788 Thread 0x00007f5cb84b4800 Uncommon trap: reason=unreached action=reinterpret pc=0x00007f5cb50ee918 method=java.util.GregorianCalendar.computeFields(II)I @ 12
Event: 31,936 Thread 0x00007f5cb927c000 Uncommon trap: reason=null_check action=make_not_entrant pc=0x00007f5cb5106c64 method=com.trolltech.qt.internal.QSignalEmitterInternal$AbstractSignalInternal.resolveSignal()[Ljava/lang/Class; @ 74
Event: 37,740 Thread 0x00007f5cb806c000 Uncommon trap: reason=unreached action=reinterpret pc=0x00007f5cb511f70c method=java.lang.ref.Reference$ReferenceHandler.run()V @ 23
Event: 37,763 Thread 0x00007f5cb8070000 Uncommon trap: reason=unreached action=reinterpret pc=0x00007f5cb5123a88 method=java.lang.ref.ReferenceQueue.reallyPoll()Ljava/lang/ref/Reference; @ 18
Event: 37,763 Thread 0x00007f5cb8070000 Uncommon trap: reason=unreached action=reinterpret pc=0x00007f5cb5122048 method=java.lang.ref.ReferenceQueue.reallyPoll()Ljava/lang/ref/Reference; @ 4
Event: 37,773 Thread 0x00007f5c68115000 Uncommon trap: reason=unreached action=reinterpret pc=0x00007f5cb511dafc method=java.lang.ref.ReferenceQueue.reallyPoll()Ljava/lang/ref/Reference; @ 4
Event: 37,773 Thread 0x00007f5c68115000 Uncommon trap: reason=unreached action=reinterpret pc=0x00007f5cb511fe28 method=java.lang.ref.ReferenceQueue.reallyPoll()Ljava/lang/ref/Reference; @ 4
Event: 49,393 Thread 0x00007f5cb806c000 Uncommon trap: reason=unreached action=reinterpret pc=0x00007f5cb511e8f0 method=java.lang.ref.ReferenceQueue.enqueue(Ljava/lang/ref/Reference;)Z @ 37

Internal exceptions (10 events):
Event: 31,857 Thread 0x00007f5cb800a000 Threw 0x00000000eca27518 at /HUDSON/workspace/7u-2-build-linux-amd64/jdk7u45/229/hotspot/src/share/vm/prims/jvm.cpp:1244
Event: 31,858 Thread 0x00007f5cb800a000 Threw 0x00000000eca33bc8 at /HUDSON/workspace/7u-2-build-linux-amd64/jdk7u45/229/hotspot/src/share/vm/prims/jvm.cpp:1244
Event: 31,859 Thread 0x00007f5cb800a000 Threw 0x00000000eca38e80 at /HUDSON/workspace/7u-2-build-linux-amd64/jdk7u45/229/hotspot/src/share/vm/prims/jvm.cpp:1244
Event: 31,878 Thread 0x00007f5cb800a000 Threw 0x00000000ecc6b938 at /HUDSON/workspace/7u-2-build-linux-amd64/jdk7u45/229/hotspot/src/share/vm/prims/jvm.cpp:1244
Event: 31,935 Thread 0x00007f5cb800a000 Threw 0x00000000ecc7cf60 at /HUDSON/workspace/7u-2-build-linux-amd64/jdk7u45/229/hotspot/src/share/vm/prims/jvm.cpp:1244
Event: 31,936 Thread 0x00007f5cb800a000 Threw 0x00000000ecc82490 at /HUDSON/workspace/7u-2-build-linux-amd64/jdk7u45/229/hotspot/src/share/vm/prims/jvm.cpp:1244
Event: 31,936 Thread 0x00007f5cb927c000 Implicit null exception at 0x00007f5cb51064cd to 0x00007f5cb5106c41
Event: 31,936 Thread 0x00007f5cb927c000 Threw 0x00000000ecd98268 at /HUDSON/workspace/7u-2-build-linux-amd64/jdk7u45/229/hotspot/src/share/vm/prims/jvm.cpp:1244
Event: 33,035 Thread 0x00007f5cb96ae800 Threw 0x00000000ecaa77f8 at /HUDSON/workspace/7u-2-build-linux-amd64/jdk7u45/229/hotspot/src/share/vm/prims/jvm.cpp:1244
Event: 36,922 Thread 0x00007f5cb927c000 Threw 0x00000000ed7ae8f8 at /HUDSON/workspace/7u-2-build-linux-amd64/jdk7u45/229/hotspot/src/share/vm/prims/jvm.cpp:1244

Events (10 events):
Event: 81,609 Executing VM operation: RevokeBias
Event: 81,609 Executing VM operation: RevokeBias done
Event: 81,609 Executing VM operation: RevokeBias
Event: 81,609 Executing VM operation: RevokeBias done
Event: 81,610 Thread 0x00007f5c5c0e5000 Thread exited: 0x00007f5c5c0e5000
Event: 82,097 Executing VM operation: ParallelGCSystemGC
Event: 83,942 Executing VM operation: ParallelGCSystemGC done
Event: 83,942 Thread 0x00007f5c5c0e5800 Thread exited: 0x00007f5c5c0e5800
Event: 83,943 Thread 0x00007f5cb8088000 Thread exited: 0x00007f5cb8088000
Event: 83,943 Executing VM operation: Exit


Dynamic libraries:
00400000-00401000 r-xp 00000000 08:06 150460                             /usr/lib/jvm/java-7-oracle/bin/java
00600000-00601000 rw-p 00000000 08:06 150460                             /usr/lib/jvm/java-7-oracle/bin/java
01e4c000-01e6d000 rw-p 00000000 00:00 0                                  [heap]
c0200000-c1e00000 rw-p 00000000 00:00 0 
c1e00000-c2680000 ---p 00000000 00:00 0 
c2680000-c5400000 rw-p 00000000 00:00 0 
c5400000-daf00000 rw-p 00000000 00:00 0 
daf00000-ec680000 rw-p 00000000 00:00 0 
ec680000-f7f00000 rw-p 00000000 00:00 0 
f7f00000-f9c00000 ---p 00000000 00:00 0 
f9c00000-100000000 rw-p 00000000 00:00 0 
7f5c10000000-7f5c10021000 rw-p 00000000 00:00 0 
7f5c10021000-7f5c14000000 ---p 00000000 00:00 0 
7f5c14000000-7f5c14021000 rw-p 00000000 00:00 0 
7f5c14021000-7f5c18000000 ---p 00000000 00:00 0 
7f5c18000000-7f5c1df5f000 rw-p 00000000 00:00 0 
7f5c1df5f000-7f5c20000000 ---p 00000000 00:00 0 
7f5c20000000-7f5c28000000 rw-p 00000000 00:00 0 
7f5c28000000-7f5c30000000 rw-p 00000000 00:00 0 
7f5c30000000-7f5c38000000 rw-p 00000000 00:00 0 
7f5c38000000-7f5c3c000000 rw-p 00000000 00:00 0 
7f5c3c000000-7f5c40000000 rw-p 00000000 00:00 0 
7f5c407fd000-7f5c427fe000 rw-p 00000000 00:00 0 
7f5c44000000-7f5c4c000000 rw-p 00000000 00:00 0 
7f5c4c000000-7f5c4c022000 rw-p 00000000 00:00 0 
7f5c4c022000-7f5c50000000 ---p 00000000 00:00 0 
7f5c507eb000-7f5c527ec000 rw-p 00000000 00:00 0 
7f5c527ec000-7f5c5708f000 r--p 00000000 08:06 408751                     /usr/share/icons/mate/icon-theme.cache
7f5c5708f000-7f5c5c000000 r--p 00000000 08:06 469523                     /usr/share/icons/gnome/icon-theme.cache
7f5c5c000000-7f5c5c0e7000 rw-p 00000000 00:00 0 
7f5c5c0e7000-7f5c60000000 ---p 00000000 00:00 0 
7f5c60000000-7f5c60021000 rw-p 00000000 00:00 0 
7f5c60021000-7f5c64000000 ---p 00000000 00:00 0 
7f5c6425f000-7f5c64262000 ---p 00000000 00:00 0 
7f5c64262000-7f5c64360000 rw-p 00000000 00:00 0 
7f5c64360000-7f5c64363000 ---p 00000000 00:00 0 
7f5c64363000-7f5c64461000 rw-p 00000000 00:00 0 
7f5c64461000-7f5c64462000 ---p 00000000 00:00 0 
7f5c64462000-7f5c64c62000 rw-p 00000000 00:00 0                          [stack:8370]
7f5c64c62000-7f5c64c72000 r-xp 00000000 08:06 396009                     /lib/x86_64-linux-gnu/libudev.so.1.2.2
7f5c64c72000-7f5c64e71000 ---p 00010000 08:06 396009                     /lib/x86_64-linux-gnu/libudev.so.1.2.2
7f5c64e71000-7f5c64e72000 r--p 0000f000 08:06 396009                     /lib/x86_64-linux-gnu/libudev.so.1.2.2
7f5c64e72000-7f5c64e73000 rw-p 00010000 08:06 396009                     /lib/x86_64-linux-gnu/libudev.so.1.2.2
7f5c64e73000-7f5c64ea8000 r-xp 00000000 08:06 293603                     /usr/lib/x86_64-linux-gnu/gvfs/libgvfscommon.so
7f5c64ea8000-7f5c650a8000 ---p 00035000 08:06 293603                     /usr/lib/x86_64-linux-gnu/gvfs/libgvfscommon.so
7f5c650a8000-7f5c650ad000 r--p 00035000 08:06 293603                     /usr/lib/x86_64-linux-gnu/gvfs/libgvfscommon.so
7f5c650ad000-7f5c650ae000 rw-p 0003a000 08:06 293603                     /usr/lib/x86_64-linux-gnu/gvfs/libgvfscommon.so
7f5c650ae000-7f5c650dd000 r-xp 00000000 08:06 293605                     /usr/lib/x86_64-linux-gnu/gio/modules/libgvfsdbus.so
7f5c650dd000-7f5c652dc000 ---p 0002f000 08:06 293605                     /usr/lib/x86_64-linux-gnu/gio/modules/libgvfsdbus.so
7f5c652dc000-7f5c652dd000 r--p 0002e000 08:06 293605                     /usr/lib/x86_64-linux-gnu/gio/modules/libgvfsdbus.so
7f5c652dd000-7f5c652df000 rw-p 0002f000 08:06 293605                     /usr/lib/x86_64-linux-gnu/gio/modules/libgvfsdbus.so
7f5c652df000-7f5c673a4000 r--p 00000000 08:06 417948                     /usr/share/icons/hicolor/icon-theme.cache
7f5c673a4000-7f5c67ba4000 rw-s 00000000 00:04 17793071                   /SYSV00000000 (deleted)
7f5c67ba4000-7f5c67bf6000 r--p 00000000 08:06 528931                     /usr/share/fonts/truetype/ttf-dejavu/DejaVuSansMono.ttf
7f5c67bf6000-7f5c67bfc000 r-xp 00000000 08:06 416979                     /lib/x86_64-linux-gnu/libnss_dns-2.17.so
7f5c67bfc000-7f5c67dfb000 ---p 00006000 08:06 416979                     /lib/x86_64-linux-gnu/libnss_dns-2.17.so
7f5c67dfb000-7f5c67dfc000 r--p 00005000 08:06 416979                     /lib/x86_64-linux-gnu/libnss_dns-2.17.so
7f5c67dfc000-7f5c67dfd000 rw-p 00006000 08:06 416979                     /lib/x86_64-linux-gnu/libnss_dns-2.17.so
7f5c67dfd000-7f5c67dff000 r-xp 00000000 08:06 392954                     /lib/libnss_mdns4_minimal.so.2
7f5c67dff000-7f5c67ffe000 ---p 00002000 08:06 392954                     /lib/libnss_mdns4_minimal.so.2
7f5c67ffe000-7f5c67fff000 r--p 00001000 08:06 392954                     /lib/libnss_mdns4_minimal.so.2
7f5c67fff000-7f5c68000000 rw-p 00002000 08:06 392954                     /lib/libnss_mdns4_minimal.so.2
7f5c68000000-7f5c68935000 rw-p 00000000 00:00 0 
7f5c68935000-7f5c6c000000 ---p 00000000 00:00 0 
7f5c6c019000-7f5c6c01c000 ---p 00000000 00:00 0 
7f5c6c01c000-7f5c6c11a000 rw-p 00000000 00:00 0                          [stack:8495]
7f5c6c11a000-7f5c6c11d000 ---p 00000000 00:00 0 
7f5c6c11d000-7f5c6c21b000 rw-p 00000000 00:00 0                          [stack:8366]
7f5c6c21b000-7f5c6c22b000 r-xp 00000000 08:06 150356                     /usr/lib/jvm/java-7-oracle/jre/lib/amd64/libnio.so
7f5c6c22b000-7f5c6c42b000 ---p 00010000 08:06 150356                     /usr/lib/jvm/java-7-oracle/jre/lib/amd64/libnio.so
7f5c6c42b000-7f5c6c42c000 rw-p 00010000 08:06 150356                     /usr/lib/jvm/java-7-oracle/jre/lib/amd64/libnio.so
7f5c6c42c000-7f5c6c442000 r-xp 00000000 08:06 150304                     /usr/lib/jvm/java-7-oracle/jre/lib/amd64/libnet.so
7f5c6c442000-7f5c6c642000 ---p 00016000 08:06 150304                     /usr/lib/jvm/java-7-oracle/jre/lib/amd64/libnet.so
7f5c6c642000-7f5c6c643000 rw-p 00016000 08:06 150304                     /usr/lib/jvm/java-7-oracle/jre/lib/amd64/libnet.so
7f5c6c643000-7f5c6c64b000 r-xp 00000000 08:06 150328                     /usr/lib/jvm/java-7-oracle/jre/lib/amd64/libmanagement.so
7f5c6c64b000-7f5c6c84a000 ---p 00008000 08:06 150328                     /usr/lib/jvm/java-7-oracle/jre/lib/amd64/libmanagement.so
7f5c6c84a000-7f5c6c84b000 rw-p 00007000 08:06 150328                     /usr/lib/jvm/java-7-oracle/jre/lib/amd64/libmanagement.so
7f5c6c84b000-7f5c6c84e000 ---p 00000000 00:00 0 
7f5c6c84e000-7f5c6c94c000 rw-p 00000000 00:00 0                          [stack:8371]
7f5c6c9cc000-7f5c6c9d0000 r-xp 00000000 08:06 266811                     /usr/lib/x86_64-linux-gnu/gdk-pixbuf-2.0/2.10.0/loaders/libpixbufloader-png.so
7f5c6c9d0000-7f5c6cbd0000 ---p 00004000 08:06 266811                     /usr/lib/x86_64-linux-gnu/gdk-pixbuf-2.0/2.10.0/loaders/libpixbufloader-png.so
7f5c6cbd0000-7f5c6cbd1000 r--p 00004000 08:06 266811                     /usr/lib/x86_64-linux-gnu/gdk-pixbuf-2.0/2.10.0/loaders/libpixbufloader-png.so
7f5c6cbd1000-7f5c6cbd2000 rw-p 00005000 08:06 266811                     /usr/lib/x86_64-linux-gnu/gdk-pixbuf-2.0/2.10.0/loaders/libpixbufloader-png.so
7f5c6cbd2000-7f5c6cbd5000 r-xp 00000000 08:06 267663                     /usr/lib/x86_64-linux-gnu/pango/1.8.0/modules/pango-basic-fc.so
7f5c6cbd5000-7f5c6cdd4000 ---p 00003000 08:06 267663                     /usr/lib/x86_64-linux-gnu/pango/1.8.0/modules/pango-basic-fc.so
7f5c6cdd4000-7f5c6cdd5000 r--p 00002000 08:06 267663                     /usr/lib/x86_64-linux-gnu/pango/1.8.0/modules/pango-basic-fc.so
7f5c6cdd5000-7f5c6cdd6000 rw-p 00003000 08:06 267663                     /usr/lib/x86_64-linux-gnu/pango/1.8.0/modules/pango-basic-fc.so
7f5c6cdd6000-7f5c6cddf000 r-xp 00000000 08:06 267411                     /usr/lib/x86_64-linux-gnu/gtk-2.0/2.10.0/engines/libpixmap.so
7f5c6cddf000-7f5c6cfdf000 ---p 00009000 08:06 267411                     /usr/lib/x86_64-linux-gnu/gtk-2.0/2.10.0/engines/libpixmap.so
7f5c6cfdf000-7f5c6cfe0000 r--p 00009000 08:06 267411                     /usr/lib/x86_64-linux-gnu/gtk-2.0/2.10.0/engines/libpixmap.so
7f5c6cfe0000-7f5c6cfe1000 rw-p 0000a000 08:06 267411                     /usr/lib/x86_64-linux-gnu/gtk-2.0/2.10.0/engines/libpixmap.so
7f5c6cfe1000-7f5c6d010000 r-xp 00000000 08:06 267410                     /usr/lib/x86_64-linux-gnu/gtk-2.0/2.10.0/engines/libmurrine.so
7f5c6d010000-7f5c6d210000 ---p 0002f000 08:06 267410                     /usr/lib/x86_64-linux-gnu/gtk-2.0/2.10.0/engines/libmurrine.so
7f5c6d210000-7f5c6d211000 r--p 0002f000 08:06 267410                     /usr/lib/x86_64-linux-gnu/gtk-2.0/2.10.0/engines/libmurrine.so
7f5c6d211000-7f5c6d212000 rw-p 00030000 08:06 267410                     /usr/lib/x86_64-linux-gnu/gtk-2.0/2.10.0/engines/libmurrine.so
7f5c6d212000-7f5c6d218000 r-xp 00000000 08:06 144054                     /usr/lib/x86_64-linux-gnu/libogg.so.0.8.0
7f5c6d218000-7f5c6d417000 ---p 00006000 08:06 144054                     /usr/lib/x86_64-linux-gnu/libogg.so.0.8.0
7f5c6d417000-7f5c6d418000 r--p 00005000 08:06 144054                     /usr/lib/x86_64-linux-gnu/libogg.so.0.8.0
7f5c6d418000-7f5c6d419000 rw-p 00006000 08:06 144054                     /usr/lib/x86_64-linux-gnu/libogg.so.0.8.0
7f5c6d419000-7f5c6d444000 r-xp 00000000 08:06 144310                     /usr/lib/x86_64-linux-gnu/libvorbis.so.0.4.5
7f5c6d444000-7f5c6d644000 ---p 0002b000 08:06 144310                     /usr/lib/x86_64-linux-gnu/libvorbis.so.0.4.5
7f5c6d644000-7f5c6d645000 r--p 0002b000 08:06 144310                     /usr/lib/x86_64-linux-gnu/libvorbis.so.0.4.5
7f5c6d645000-7f5c6d646000 rw-p 0002c000 08:06 144310                     /usr/lib/x86_64-linux-gnu/libvorbis.so.0.4.5
7f5c6d646000-7f5c6d649000 r-xp 00000000 08:06 396191                     /lib/x86_64-linux-gnu/libgpg-error.so.0.8.0
7f5c6d649000-7f5c6d848000 ---p 00003000 08:06 396191                     /lib/x86_64-linux-gnu/libgpg-error.so.0.8.0
7f5c6d848000-7f5c6d849000 r--p 00002000 08:06 396191                     /lib/x86_64-linux-gnu/libgpg-error.so.0.8.0
7f5c6d849000-7f5c6d84a000 rw-p 00003000 08:06 396191                     /lib/x86_64-linux-gnu/libgpg-error.so.0.8.0
7f5c6d84a000-7f5c6d85c000 r-xp 00000000 08:06 144070                     /usr/lib/x86_64-linux-gnu/libp11-kit.so.0.0.0
7f5c6d85c000-7f5c6da5c000 ---p 00012000 08:06 144070                     /usr/lib/x86_64-linux-gnu/libp11-kit.so.0.0.0
7f5c6da5c000-7f5c6da5d000 r--p 00012000 08:06 144070                     /usr/lib/x86_64-linux-gnu/libp11-kit.so.0.0.0
7f5c6da5d000-7f5c6da5e000 rw-p 00013000 08:06 144070                     /usr/lib/x86_64-linux-gnu/libp11-kit.so.0.0.0
7f5c6da5e000-7f5c6da6d000 r-xp 00000000 08:06 144240                     /usr/lib/x86_64-linux-gnu/libtasn1.so.3.2.0
7f5c6da6d000-7f5c6dc6d000 ---p 0000f000 08:06 144240                     /usr/lib/x86_64-linux-gnu/libtasn1.so.3.2.0
7f5c6dc6d000-7f5c6dc6e000 r--p 0000f000 08:06 144240                     /usr/lib/x86_64-linux-gnu/libtasn1.so.3.2.0
7f5c6dc6e000-7f5c6dc6f000 rw-p 00010000 08:06 144240                     /usr/lib/x86_64-linux-gnu/libtasn1.so.3.2.0
7f5c6dc6f000-7f5c6dc78000 r-xp 00000000 08:06 143971                     /usr/lib/x86_64-linux-gnu/libltdl.so.7.3.0
7f5c6dc78000-7f5c6de77000 ---p 00009000 08:06 143971                     /usr/lib/x86_64-linux-gnu/libltdl.so.7.3.0
7f5c6de77000-7f5c6de78000 r--p 00008000 08:06 143971                     /usr/lib/x86_64-linux-gnu/libltdl.so.7.3.0
7f5c6de78000-7f5c6de79000 rw-p 00009000 08:06 143971                     /usr/lib/x86_64-linux-gnu/libltdl.so.7.3.0
7f5c6de79000-7f5c6de89000 r-xp 00000000 08:06 144242                     /usr/lib/x86_64-linux-gnu/libtdb.so.1.2.10
7f5c6de89000-7f5c6e089000 ---p 00010000 08:06 144242                     /usr/lib/x86_64-linux-gnu/libtdb.so.1.2.10
7f5c6e089000-7f5c6e08a000 r--p 00010000 08:06 144242                     /usr/lib/x86_64-linux-gnu/libtdb.so.1.2.10
7f5c6e08a000-7f5c6e08b000 rw-p 00011000 08:06 144242                     /usr/lib/x86_64-linux-gnu/libtdb.so.1.2.10
7f5c6e08b000-7f5c6e092000 r-xp 00000000 08:06 144314                     /usr/lib/x86_64-linux-gnu/libvorbisfile.so.3.3.4
7f5c6e092000-7f5c6e291000 ---p 00007000 08:06 144314                     /usr/lib/x86_64-linux-gnu/libvorbisfile.so.3.3.4
7f5c6e291000-7f5c6e292000 r--p 00006000 08:06 144314                     /usr/lib/x86_64-linux-gnu/libvorbisfile.so.3.3.4
7f5c6e292000-7f5c6e293000 rw-p 00007000 08:06 144314                     /usr/lib/x86_64-linux-gnu/libvorbisfile.so.3.3.4
7f5c6e293000-7f5c6e2b4000 r-xp 00000000 08:06 396207                     /lib/x86_64-linux-gnu/liblzma.so.5.0.0
7f5c6e2b4000-7f5c6e4b3000 ---p 00021000 08:06 396207                     /lib/x86_64-linux-gnu/liblzma.so.5.0.0
7f5c6e4b3000-7f5c6e4b4000 r--p 00020000 08:06 396207                     /lib/x86_64-linux-gnu/liblzma.so.5.0.0
7f5c6e4b4000-7f5c6e4b5000 rw-p 00021000 08:06 396207                     /lib/x86_64-linux-gnu/liblzma.so.5.0.0
7f5c6e4b5000-7f5c6e4ba000 r-xp 00000000 08:06 143247                     /usr/lib/x86_64-linux-gnu/libORBitCosNaming-2.so.0.1.0
7f5c6e4ba000-7f5c6e6ba000 ---p 00005000 08:06 143247                     /usr/lib/x86_64-linux-gnu/libORBitCosNaming-2.so.0.1.0
7f5c6e6ba000-7f5c6e6bb000 r--p 00005000 08:06 143247                     /usr/lib/x86_64-linux-gnu/libORBitCosNaming-2.so.0.1.0
7f5c6e6bb000-7f5c6e6bc000 rw-p 00006000 08:06 143247                     /usr/lib/x86_64-linux-gnu/libORBitCosNaming-2.so.0.1.0
7f5c6e6bc000-7f5c6e736000 r-xp 00000000 08:06 395060                     /lib/x86_64-linux-gnu/libgcrypt.so.11.7.0
7f5c6e736000-7f5c6e936000 ---p 0007a000 08:06 395060                     /lib/x86_64-linux-gnu/libgcrypt.so.11.7.0
7f5c6e936000-7f5c6e937000 r--p 0007a000 08:06 395060                     /lib/x86_64-linux-gnu/libgcrypt.so.11.7.0
7f5c6e937000-7f5c6e93a000 rw-p 0007b000 08:06 395060                     /lib/x86_64-linux-gnu/libgcrypt.so.11.7.0
7f5c6e93a000-7f5c6e93c000 r-xp 00000000 08:06 416964                     /lib/x86_64-linux-gnu/libutil-2.17.so
7f5c6e93c000-7f5c6eb3b000 ---p 00002000 08:06 416964                     /lib/x86_64-linux-gnu/libutil-2.17.so
7f5c6eb3b000-7f5c6eb3c000 r--p 00001000 08:06 416964                     /lib/x86_64-linux-gnu/libutil-2.17.so
7f5c6eb3c000-7f5c6eb3d000 rw-p 00002000 08:06 416964                     /lib/x86_64-linux-gnu/libutil-2.17.so
7f5c6eb3d000-7f5c6eb4c000 r-xp 00000000 08:06 143420                     /usr/lib/x86_64-linux-gnu/libavahi-client.so.3.2.9
7f5c6eb4c000-7f5c6ed4c000 ---p 0000f000 08:06 143420                     /usr/lib/x86_64-linux-gnu/libavahi-client.so.3.2.9
7f5c6ed4c000-7f5c6ed4d000 r--p 0000f000 08:06 143420                     /usr/lib/x86_64-linux-gnu/libavahi-client.so.3.2.9
7f5c6ed4d000-7f5c6ed4e000 rw-p 00010000 08:06 143420                     /usr/lib/x86_64-linux-gnu/libavahi-client.so.3.2.9
7f5c6ed4e000-7f5c6ed59000 r-xp 00000000 08:06 143422                     /usr/lib/x86_64-linux-gnu/libavahi-common.so.3.5.3
7f5c6ed59000-7f5c6ef58000 ---p 0000b000 08:06 143422                     /usr/lib/x86_64-linux-gnu/libavahi-common.so.3.5.3
7f5c6ef58000-7f5c6ef59000 r--p 0000a000 08:06 143422                     /usr/lib/x86_64-linux-gnu/libavahi-common.so.3.5.3
7f5c6ef59000-7f5c6ef5a000 rw-p 0000b000 08:06 143422                     /usr/lib/x86_64-linux-gnu/libavahi-common.so.3.5.3
7f5c6ef5a000-7f5c6ef5d000 r-xp 00000000 08:06 143426                     /usr/lib/x86_64-linux-gnu/libavahi-glib.so.1.0.2
7f5c6ef5d000-7f5c6f15c000 ---p 00003000 08:06 143426                     /usr/lib/x86_64-linux-gnu/libavahi-glib.so.1.0.2
7f5c6f15c000-7f5c6f15d000 r--p 00002000 08:06 143426                     /usr/lib/x86_64-linux-gnu/libavahi-glib.so.1.0.2
7f5c6f15d000-7f5c6f15e000 rw-p 00003000 08:06 143426                     /usr/lib/x86_64-linux-gnu/libavahi-glib.so.1.0.2
7f5c6f15e000-7f5c6f213000 r-xp 00000000 08:06 136402                     /usr/lib/x86_64-linux-gnu/libgnutls.so.26.22.6
7f5c6f213000-7f5c6f412000 ---p 000b5000 08:06 136402                     /usr/lib/x86_64-linux-gnu/libgnutls.so.26.22.6
7f5c6f412000-7f5c6f418000 r--p 000b4000 08:06 136402                     /usr/lib/x86_64-linux-gnu/libgnutls.so.26.22.6
7f5c6f418000-7f5c6f419000 rw-p 000ba000 08:06 136402                     /usr/lib/x86_64-linux-gnu/libgnutls.so.26.22.6
7f5c6f419000-7f5c6f41a000 rw-p 00000000 00:00 0 
7f5c6f41a000-7f5c6f45d000 r-xp 00000000 08:06 390411                     /lib/x86_64-linux-gnu/libdbus-1.so.3.7.2
7f5c6f45d000-7f5c6f65c000 ---p 00043000 08:06 390411                     /lib/x86_64-linux-gnu/libdbus-1.so.3.7.2
7f5c6f65c000-7f5c6f65d000 r--p 00042000 08:06 390411                     /lib/x86_64-linux-gnu/libdbus-1.so.3.7.2
7f5c6f65d000-7f5c6f65e000 rw-p 00043000 08:06 390411                     /lib/x86_64-linux-gnu/libdbus-1.so.3.7.2
7f5c6f65e000-7f5c6f683000 r-xp 00000000 08:06 143534                     /usr/lib/x86_64-linux-gnu/libdbus-glib-1.so.2.2.2
7f5c6f683000-7f5c6f883000 ---p 00025000 08:06 143534                     /usr/lib/x86_64-linux-gnu/libdbus-glib-1.so.2.2.2
7f5c6f883000-7f5c6f884000 r--p 00025000 08:06 143534                     /usr/lib/x86_64-linux-gnu/libdbus-glib-1.so.2.2.2
7f5c6f884000-7f5c6f885000 rw-p 00026000 08:06 143534                     /usr/lib/x86_64-linux-gnu/libdbus-glib-1.so.2.2.2
7f5c6f885000-7f5c6f894000 r-xp 00000000 08:06 143468                     /usr/lib/x86_64-linux-gnu/libcanberra.so.0.2.5
7f5c6f894000-7f5c6fa93000 ---p 0000f000 08:06 143468                     /usr/lib/x86_64-linux-gnu/libcanberra.so.0.2.5
7f5c6fa93000-7f5c6fa94000 r--p 0000e000 08:06 143468                     /usr/lib/x86_64-linux-gnu/libcanberra.so.0.2.5
7f5c6fa94000-7f5c6fa95000 rw-p 0000f000 08:06 143468                     /usr/lib/x86_64-linux-gnu/libcanberra.so.0.2.5
7f5c6fa95000-7f5c6fa9c000 r-xp 00000000 08:06 143680                     /usr/lib/x86_64-linux-gnu/libgailutil.so.18.0.1
7f5c6fa9c000-7f5c6fc9b000 ---p 00007000 08:06 143680                     /usr/lib/x86_64-linux-gnu/libgailutil.so.18.0.1
7f5c6fc9b000-7f5c6fc9c000 r--p 00006000 08:06 143680                     /usr/lib/x86_64-linux-gnu/libgailutil.so.18.0.1
7f5c6fc9c000-7f5c6fc9d000 rw-p 00007000 08:06 143680                     /usr/lib/x86_64-linux-gnu/libgailutil.so.18.0.1
7f5c6fc9d000-7f5c6fdf6000 r-xp 00000000 08:06 146137                     /usr/lib/x86_64-linux-gnu/libxml2.so.2.9.0
7f5c6fdf6000-7f5c6fff5000 ---p 00159000 08:06 146137                     /usr/lib/x86_64-linux-gnu/libxml2.so.2.9.0
7f5c6fff5000-7f5c6fffd000 r--p 00158000 08:06 146137                     /usr/lib/x86_64-linux-gnu/libxml2.so.2.9.0
7f5c6fffd000-7f5c6ffff000 rw-p 00160000 08:06 146137                     /usr/lib/x86_64-linux-gnu/libxml2.so.2.9.0
7f5c6ffff000-7f5c70000000 rw-p 00000000 00:00 0 
7f5c70000000-7f5c70021000 rw-p 00000000 00:00 0 
7f5c70021000-7f5c74000000 ---p 00000000 00:00 0 
7f5c74002000-7f5c74022000 r--p 00000000 08:06 196861                     /usr/local/share/icons/hicolor/icon-theme.cache
7f5c74022000-7f5c74043000 r--s 00000000 08:06 394956                     /usr/share/mime/mime.cache
7f5c74043000-7f5c740e8000 r--p 00000000 08:06 528919                     /usr/share/fonts/truetype/ttf-dejavu/DejaVuSans-Bold.ttf
7f5c740e8000-7f5c740f3000 r-xp 00000000 08:06 396269                     /lib/x86_64-linux-gnu/libpopt.so.0.0.0
7f5c740f3000-7f5c742f2000 ---p 0000b000 08:06 396269                     /lib/x86_64-linux-gnu/libpopt.so.0.0.0
7f5c742f2000-7f5c742f3000 r--p 0000a000 08:06 396269                     /lib/x86_64-linux-gnu/libpopt.so.0.0.0
7f5c742f3000-7f5c742f4000 rw-p 0000b000 08:06 396269                     /lib/x86_64-linux-gnu/libpopt.so.0.0.0
7f5c742f4000-7f5c7434e000 r-xp 00000000 08:06 143243                     /usr/lib/x86_64-linux-gnu/libORBit-2.so.0.1.0
7f5c7434e000-7f5c7454e000 ---p 0005a000 08:06 143243                     /usr/lib/x86_64-linux-gnu/libORBit-2.so.0.1.0
7f5c7454e000-7f5c7455d000 r--p 0005a000 08:06 143243                     /usr/lib/x86_64-linux-gnu/libORBit-2.so.0.1.0
7f5c7455d000-7f5c74560000 rw-p 00069000 08:06 143243                     /usr/lib/x86_64-linux-gnu/libORBit-2.so.0.1.0
7f5c74560000-7f5c74577000 r-xp 00000000 08:06 143446                     /usr/lib/x86_64-linux-gnu/libbonobo-activation.so.4.0.0
7f5c74577000-7f5c74776000 ---p 00017000 08:06 143446                     /usr/lib/x86_64-linux-gnu/libbonobo-activation.so.4.0.0
7f5c74776000-7f5c74778000 r--p 00016000 08:06 143446                     /usr/lib/x86_64-linux-gnu/libbonobo-activation.so.4.0.0
7f5c74778000-7f5c7477a000 rw-p 00018000 08:06 143446                     /usr/lib/x86_64-linux-gnu/libbonobo-activation.so.4.0.0
7f5c7477a000-7f5c747dc000 r-xp 00000000 08:06 143444                     /usr/lib/x86_64-linux-gnu/libbonobo-2.so.0.0.0
7f5c747dc000-7f5c749dc000 ---p 00062000 08:06 143444                     /usr/lib/x86_64-linux-gnu/libbonobo-2.so.0.0.0
7f5c749dc000-7f5c749e2000 r--p 00062000 08:06 143444                     /usr/lib/x86_64-linux-gnu/libbonobo-2.so.0.0.0
7f5c749e2000-7f5c749ed000 rw-p 00068000 08:06 143444                     /usr/lib/x86_64-linux-gnu/libbonobo-2.so.0.0.0
7f5c749ed000-7f5c74a10000 r-xp 00000000 08:06 143743                     /usr/lib/x86_64-linux-gnu/libgnome-keyring.so.0.2.0
7f5c74a10000-7f5c74c0f000 ---p 00023000 08:06 143743                     /usr/lib/x86_64-linux-gnu/libgnome-keyring.so.0.2.0
7f5c74c0f000-7f5c74c10000 r--p 00022000 08:06 143743                     /usr/lib/x86_64-linux-gnu/libgnome-keyring.so.0.2.0
7f5c74c10000-7f5c74c11000 rw-p 00023000 08:06 143743                     /usr/lib/x86_64-linux-gnu/libgnome-keyring.so.0.2.0
7f5c74c11000-7f5c74c3e000 r-xp 00000000 08:06 143690                     /usr/lib/x86_64-linux-gnu/libgconf-2.so.4.1.5
7f5c74c3e000-7f5c74e3d000 ---p 0002d000 08:06 143690                     /usr/lib/x86_64-linux-gnu/libgconf-2.so.4.1.5
7f5c74e3d000-7f5c74e3e000 r--p 0002c000 08:06 143690                     /usr/lib/x86_64-linux-gnu/libgconf-2.so.4.1.5
7f5c74e3e000-7f5c74e3f000 rw-p 0002d000 08:06 143690                     /usr/lib/x86_64-linux-gnu/libgconf-2.so.4.1.5
7f5c74e3f000-7f5c74ea1000 r-xp 00000000 08:06 143749                     /usr/lib/x86_64-linux-gnu/libgnomevfs-2.so.0.2400.4
7f5c74ea1000-7f5c750a0000 ---p 00062000 08:06 143749                     /usr/lib/x86_64-linux-gnu/libgnomevfs-2.so.0.2400.4
7f5c750a0000-7f5c750a3000 r--p 00061000 08:06 143749                     /usr/lib/x86_64-linux-gnu/libgnomevfs-2.so.0.2400.4
7f5c750a3000-7f5c750a5000 rw-p 00064000 08:06 143749                     /usr/lib/x86_64-linux-gnu/libgnomevfs-2.so.0.2400.4
7f5c750a5000-7f5c750a6000 rw-p 00000000 00:00 0 
7f5c750a6000-7f5c750be000 r-xp 00000000 08:06 143396                     /usr/lib/x86_64-linux-gnu/libart_lgpl_2.so.2.3.21
7f5c750be000-7f5c752bd000 ---p 00018000 08:06 143396                     /usr/lib/x86_64-linux-gnu/libart_lgpl_2.so.2.3.21
7f5c752bd000-7f5c752be000 r--p 00017000 08:06 143396                     /usr/lib/x86_64-linux-gnu/libart_lgpl_2.so.2.3.21
7f5c752be000-7f5c752bf000 rw-p 00018000 08:06 143396                     /usr/lib/x86_64-linux-gnu/libart_lgpl_2.so.2.3.21
7f5c752bf000-7f5c752d4000 r-xp 00000000 08:06 143741                     /usr/lib/x86_64-linux-gnu/libgnome-2.so.0.3200.1
7f5c752d4000-7f5c754d4000 ---p 00015000 08:06 143741                     /usr/lib/x86_64-linux-gnu/libgnome-2.so.0.3200.1
7f5c754d4000-7f5c754d5000 r--p 00015000 08:06 143741                     /usr/lib/x86_64-linux-gnu/libgnome-2.so.0.3200.1
7f5c754d5000-7f5c754d6000 rw-p 00016000 08:06 143741                     /usr/lib/x86_64-linux-gnu/libgnome-2.so.0.3200.1
7f5c754d6000-7f5c75509000 r-xp 00000000 08:06 143745                     /usr/lib/x86_64-linux-gnu/libgnomecanvas-2.so.0.3000.3
7f5c75509000-7f5c75709000 ---p 00033000 08:06 143745                     /usr/lib/x86_64-linux-gnu/libgnomecanvas-2.so.0.3000.3
7f5c75709000-7f5c7570a000 r--p 00033000 08:06 143745                     /usr/lib/x86_64-linux-gnu/libgnomecanvas-2.so.0.3000.3
7f5c7570a000-7f5c7570b000 rw-p 00034000 08:06 143745                     /usr/lib/x86_64-linux-gnu/libgnomecanvas-2.so.0.3000.3
7f5c7570b000-7f5c75774000 r-xp 00000000 08:06 143448                     /usr/lib/x86_64-linux-gnu/libbonoboui-2.so.0.0.0
7f5c75774000-7f5c75973000 ---p 00069000 08:06 143448                     /usr/lib/x86_64-linux-gnu/libbonoboui-2.so.0.0.0
7f5c75973000-7f5c75974000 r--p 00068000 08:06 143448                     /usr/lib/x86_64-linux-gnu/libbonoboui-2.so.0.0.0
7f5c75974000-7f5c75977000 rw-p 00069000 08:06 143448                     /usr/lib/x86_64-linux-gnu/libbonoboui-2.so.0.0.0
7f5c75977000-7f5c75978000 rw-p 00000000 00:00 0 
7f5c75978000-7f5c75a0e000 r-xp 00000000 08:06 143747                     /usr/lib/x86_64-linux-gnu/libgnomeui-2.so.0.2400.5
7f5c75a0e000-7f5c75c0d000 ---p 00096000 08:06 143747                     /usr/lib/x86_64-linux-gnu/libgnomeui-2.so.0.2400.5
7f5c75c0d000-7f5c75c10000 r--p 00095000 08:06 143747                     /usr/lib/x86_64-linux-gnu/libgnomeui-2.so.0.2400.5
7f5c75c10000-7f5c75c12000 rw-p 00098000 08:06 143747                     /usr/lib/x86_64-linux-gnu/libgnomeui-2.so.0.2400.5
7f5c75c12000-7f5c75c13000 rw-p 00000000 00:00 0 
7f5c75c13000-7f5c76d82000 r-xp 00000000 08:06 161955                     /usr/lib/x86_64-linux-gnu/libicudata.so.48.1.1
7f5c76d82000-7f5c76f81000 ---p 0116f000 08:06 161955                     /usr/lib/x86_64-linux-gnu/libicudata.so.48.1.1
7f5c76f81000-7f5c76f82000 r--p 0116e000 08:06 161955                     /usr/lib/x86_64-linux-gnu/libicudata.so.48.1.1
7f5c76f82000-7f5c76f83000 rw-p 0116f000 08:06 161955                     /usr/lib/x86_64-linux-gnu/libicudata.so.48.1.1
7f5c76f83000-7f5c770d9000 r-xp 00000000 08:06 161958                     /usr/lib/x86_64-linux-gnu/libicuuc.so.48.1.1
7f5c770d9000-7f5c772d8000 ---p 00156000 08:06 161958                     /usr/lib/x86_64-linux-gnu/libicuuc.so.48.1.1
7f5c772d8000-7f5c772e9000 r--p 00155000 08:06 161958                     /usr/lib/x86_64-linux-gnu/libicuuc.so.48.1.1
7f5c772e9000-7f5c772ea000 rw-p 00166000 08:06 161958                     /usr/lib/x86_64-linux-gnu/libicuuc.so.48.1.1
7f5c772ea000-7f5c772ee000 rw-p 00000000 00:00 0 
7f5c772ee000-7f5c77320000 r-xp 00000000 08:06 161956                     /usr/lib/x86_64-linux-gnu/libicule.so.48.1.1
7f5c77320000-7f5c77520000 ---p 00032000 08:06 161956                     /usr/lib/x86_64-linux-gnu/libicule.so.48.1.1
7f5c77520000-7f5c77522000 r--p 00032000 08:06 161956                     /usr/lib/x86_64-linux-gnu/libicule.so.48.1.1
7f5c77522000-7f5c77523000 rw-p 00034000 08:06 161956                     /usr/lib/x86_64-linux-gnu/libicule.so.48.1.1
7f5c77523000-7f5c775b8000 r-xp 00000000 08:06 143888                     /usr/lib/x86_64-linux-gnu/libharfbuzz.so.0.913.0
7f5c775b8000-7f5c777b7000 ---p 00095000 08:06 143888                     /usr/lib/x86_64-linux-gnu/libharfbuzz.so.0.913.0
7f5c777b7000-7f5c777b9000 r--p 00094000 08:06 143888                     /usr/lib/x86_64-linux-gnu/libharfbuzz.so.0.913.0
7f5c777b9000-7f5c777ba000 rw-p 00096000 08:06 143888                     /usr/lib/x86_64-linux-gnu/libharfbuzz.so.0.913.0
7f5c777ba000-7f5c777d0000 r-xp 00000000 08:06 416967                     /lib/x86_64-linux-gnu/libresolv-2.17.so
7f5c777d0000-7f5c779d0000 ---p 00016000 08:06 416967                     /lib/x86_64-linux-gnu/libresolv-2.17.so
7f5c779d0000-7f5c779d1000 r--p 00016000 08:06 416967                     /lib/x86_64-linux-gnu/libresolv-2.17.so
7f5c779d1000-7f5c779d2000 rw-p 00017000 08:06 416967                     /lib/x86_64-linux-gnu/libresolv-2.17.so
7f5c779d2000-7f5c779d4000 rw-p 00000000 00:00 0 
7f5c779d4000-7f5c779f1000 r-xp 00000000 08:06 396282                     /lib/x86_64-linux-gnu/libselinux.so.1
7f5c779f1000-7f5c77bf0000 ---p 0001d000 08:06 396282                     /lib/x86_64-linux-gnu/libselinux.so.1
7f5c77bf0000-7f5c77bf1000 r--p 0001c000 08:06 396282                     /lib/x86_64-linux-gnu/libselinux.so.1
7f5c77bf1000-7f5c77bf2000 rw-p 0001d000 08:06 396282                     /lib/x86_64-linux-gnu/libselinux.so.1
7f5c77bf2000-7f5c77bf3000 rw-p 00000000 00:00 0 
7f5c77bf3000-7f5c77bfb000 r-xp 00000000 08:06 146675                     /usr/lib/x86_64-linux-gnu/libxcb-render.so.0.0.0
7f5c77bfb000-7f5c77dfb000 ---p 00008000 08:06 146675                     /usr/lib/x86_64-linux-gnu/libxcb-render.so.0.0.0
7f5c77dfb000-7f5c77dfc000 r--p 00008000 08:06 146675                     /usr/lib/x86_64-linux-gnu/libxcb-render.so.0.0.0
7f5c77dfc000-7f5c77dfd000 rw-p 00009000 08:06 146675                     /usr/lib/x86_64-linux-gnu/libxcb-render.so.0.0.0
7f5c77dfd000-7f5c77dff000 r-xp 00000000 08:06 146686                     /usr/lib/x86_64-linux-gnu/libxcb-shm.so.0.0.0
7f5c77dff000-7f5c77ffe000 ---p 00002000 08:06 146686                     /usr/lib/x86_64-linux-gnu/libxcb-shm.so.0.0.0
7f5c77ffe000-7f5c77fff000 r--p 00001000 08:06 146686                     /usr/lib/x86_64-linux-gnu/libxcb-shm.so.0.0.0
7f5c77fff000-7f5c78000000 rw-p 00002000 08:06 146686                     /usr/lib/x86_64-linux-gnu/libxcb-shm.so.0.0.0
7f5c78000000-7f5c78021000 rw-p 00000000 00:00 0 
7f5c78021000-7f5c7c000000 ---p 00000000 00:00 0 
7f5c7c000000-7f5c7c021000 rw-p 00000000 00:00 0 
7f5c7c021000-7f5c80000000 ---p 00000000 00:00 0 
7f5c80000000-7f5c8054b000 rw-p 00000000 00:00 0 
7f5c8054b000-7f5c84000000 ---p 00000000 00:00 0 
7f5c84000000-7f5c845d4000 rw-p 00000000 00:00 0 
7f5c845d4000-7f5c88000000 ---p 00000000 00:00 0 
7f5c88000000-7f5c88021000 rw-p 00000000 00:00 0 
7f5c88021000-7f5c8c000000 ---p 00000000 00:00 0 
7f5c8c000000-7f5c8c021000 rw-p 00000000 00:00 0 
7f5c8c021000-7f5c90000000 ---p 00000000 00:00 0 
7f5c90000000-7f5c90021000 rw-p 00000000 00:00 0 
7f5c90021000-7f5c94000000 ---p 00000000 00:00 0 
7f5c94000000-7f5c94021000 rw-p 00000000 00:00 0 
7f5c94021000-7f5c98000000 ---p 00000000 00:00 0 
7f5c98000000-7f5c98021000 rw-p 00000000 00:00 0 
7f5c98021000-7f5c9c000000 ---p 00000000 00:00 0 
7f5c9c014000-7f5c9c074000 rw-s 00000000 00:04 17727533                   /SYSV00000000 (deleted)
7f5c9c074000-7f5c9c104000 r-xp 00000000 08:06 144100                     /usr/lib/x86_64-linux-gnu/libpixman-1.so.0.28.2
7f5c9c104000-7f5c9c303000 ---p 00090000 08:06 144100                     /usr/lib/x86_64-linux-gnu/libpixman-1.so.0.28.2
7f5c9c303000-7f5c9c30a000 r--p 0008f000 08:06 144100                     /usr/lib/x86_64-linux-gnu/libpixman-1.so.0.28.2
7f5c9c30a000-7f5c9c30b000 rw-p 00096000 08:06 144100                     /usr/lib/x86_64-linux-gnu/libpixman-1.so.0.28.2
7f5c9c30b000-7f5c9c30d000 r-xp 00000000 08:06 143335                     /usr/lib/x86_64-linux-gnu/libXdamage.so.1.1.0
7f5c9c30d000-7f5c9c50c000 ---p 00002000 08:06 143335                     /usr/lib/x86_64-linux-gnu/libXdamage.so.1.1.0
7f5c9c50c000-7f5c9c50d000 r--p 00001000 08:06 143335                     /usr/lib/x86_64-linux-gnu/libXdamage.so.1.1.0
7f5c9c50d000-7f5c9c50e000 rw-p 00002000 08:06 143335                     /usr/lib/x86_64-linux-gnu/libXdamage.so.1.1.0
7f5c9c50e000-7f5c9c510000 r-xp 00000000 08:06 143331                     /usr/lib/x86_64-linux-gnu/libXcomposite.so.1.0.0
7f5c9c510000-7f5c9c70f000 ---p 00002000 08:06 143331                     /usr/lib/x86_64-linux-gnu/libXcomposite.so.1.0.0
7f5c9c70f000-7f5c9c710000 r--p 00001000 08:06 143331                     /usr/lib/x86_64-linux-gnu/libXcomposite.so.1.0.0
7f5c9c710000-7f5c9c711000 rw-p 00002000 08:06 143331                     /usr/lib/x86_64-linux-gnu/libXcomposite.so.1.0.0
7f5c9c711000-7f5c9c759000 r-xp 00000000 08:06 144078                     /usr/lib/x86_64-linux-gnu/libpango-1.0.so.0.3200.5
7f5c9c759000-7f5c9c959000 ---p 00048000 08:06 144078                     /usr/lib/x86_64-linux-gnu/libpango-1.0.so.0.3200.5
7f5c9c959000-7f5c9c95b000 r--p 00048000 08:06 144078                     /usr/lib/x86_64-linux-gnu/libpango-1.0.so.0.3200.5
7f5c9c95b000-7f5c9c95c000 rw-p 0004a000 08:06 144078                     /usr/lib/x86_64-linux-gnu/libpango-1.0.so.0.3200.5
7f5c9c95c000-7f5c9c96f000 r-xp 00000000 08:06 144082                     /usr/lib/x86_64-linux-gnu/libpangoft2-1.0.so.0.3200.5
7f5c9c96f000-7f5c9cb6e000 ---p 00013000 08:06 144082                     /usr/lib/x86_64-linux-gnu/libpangoft2-1.0.so.0.3200.5
7f5c9cb6e000-7f5c9cb6f000 r--p 00012000 08:06 144082                     /usr/lib/x86_64-linux-gnu/libpangoft2-1.0.so.0.3200.5
7f5c9cb6f000-7f5c9cb70000 rw-p 00013000 08:06 144082                     /usr/lib/x86_64-linux-gnu/libpangoft2-1.0.so.0.3200.5
7f5c9cb70000-7f5c9ccc3000 r-xp 00000000 08:06 143723                     /usr/lib/x86_64-linux-gnu/libgio-2.0.so.0.3600.0
7f5c9ccc3000-7f5c9cec2000 ---p 00153000 08:06 143723                     /usr/lib/x86_64-linux-gnu/libgio-2.0.so.0.3600.0
7f5c9cec2000-7f5c9cec6000 r--p 00152000 08:06 143723                     /usr/lib/x86_64-linux-gnu/libgio-2.0.so.0.3600.0
7f5c9cec6000-7f5c9cec8000 rw-p 00156000 08:06 143723                     /usr/lib/x86_64-linux-gnu/libgio-2.0.so.0.3600.0
7f5c9cec8000-7f5c9ceca000 rw-p 00000000 00:00 0 
7f5c9ceca000-7f5c9cee8000 r-xp 00000000 08:06 143702                     /usr/lib/x86_64-linux-gnu/libgdk_pixbuf-2.0.so.0.2800.0
7f5c9cee8000-7f5c9d0e8000 ---p 0001e000 08:06 143702                     /usr/lib/x86_64-linux-gnu/libgdk_pixbuf-2.0.so.0.2800.0
7f5c9d0e8000-7f5c9d0e9000 r--p 0001e000 08:06 143702                     /usr/lib/x86_64-linux-gnu/libgdk_pixbuf-2.0.so.0.2800.0
7f5c9d0e9000-7f5c9d0ea000 rw-p 0001f000 08:06 143702                     /usr/lib/x86_64-linux-gnu/libgdk_pixbuf-2.0.so.0.2800.0
7f5c9d0ea000-7f5c9d1e8000 r-xp 00000000 08:06 143460                     /usr/lib/x86_64-linux-gnu/libcairo.so.2.11200.14
7f5c9d1e8000-7f5c9d3e8000 ---p 000fe000 08:06 143460                     /usr/lib/x86_64-linux-gnu/libcairo.so.2.11200.14
7f5c9d3e8000-7f5c9d3eb000 r--p 000fe000 08:06 143460                     /usr/lib/x86_64-linux-gnu/libcairo.so.2.11200.14
7f5c9d3eb000-7f5c9d3ec000 rw-p 00101000 08:06 143460                     /usr/lib/x86_64-linux-gnu/libcairo.so.2.11200.14
7f5c9d3ec000-7f5c9d3ee000 rw-p 00000000 00:00 0 
7f5c9d3ee000-7f5c9d40e000 r-xp 00000000 08:06 143410                     /usr/lib/x86_64-linux-gnu/libatk-1.0.so.0.20809.1
7f5c9d40e000-7f5c9d60d000 ---p 00020000 08:06 143410                     /usr/lib/x86_64-linux-gnu/libatk-1.0.so.0.20809.1
7f5c9d60d000-7f5c9d60f000 r--p 0001f000 08:06 143410                     /usr/lib/x86_64-linux-gnu/libatk-1.0.so.0.20809.1
7f5c9d60f000-7f5c9d610000 rw-p 00021000 08:06 143410                     /usr/lib/x86_64-linux-gnu/libatk-1.0.so.0.20809.1
7f5c9d610000-7f5c9d61b000 r-xp 00000000 08:06 144080                     /usr/lib/x86_64-linux-gnu/libpangocairo-1.0.so.0.3200.5
7f5c9d61b000-7f5c9d81b000 ---p 0000b000 08:06 144080                     /usr/lib/x86_64-linux-gnu/libpangocairo-1.0.so.0.3200.5
7f5c9d81b000-7f5c9d81c000 r--p 0000b000 08:06 144080                     /usr/lib/x86_64-linux-gnu/libpangocairo-1.0.so.0.3200.5
7f5c9d81c000-7f5c9d81d000 rw-p 0000c000 08:06 144080                     /usr/lib/x86_64-linux-gnu/libpangocairo-1.0.so.0.3200.5
7f5c9d81d000-7f5c9d820000 r-xp 00000000 08:06 143735                     /usr/lib/x86_64-linux-gnu/libgmodule-2.0.so.0.3600.0
7f5c9d820000-7f5c9da1f000 ---p 00003000 08:06 143735                     /usr/lib/x86_64-linux-gnu/libgmodule-2.0.so.0.3600.0
7f5c9da1f000-7f5c9da20000 r--p 00002000 08:06 143735                     /usr/lib/x86_64-linux-gnu/libgmodule-2.0.so.0.3600.0
7f5c9da20000-7f5c9da21000 rw-p 00003000 08:06 143735                     /usr/lib/x86_64-linux-gnu/libgmodule-2.0.so.0.3600.0
7f5c9da21000-7f5c9dace000 r-xp 00000000 08:06 143700                     /usr/lib/x86_64-linux-gnu/libgdk-x11-2.0.so.0.2400.17
7f5c9dace000-7f5c9dccd000 ---p 000ad000 08:06 143700                     /usr/lib/x86_64-linux-gnu/libgdk-x11-2.0.so.0.2400.17
7f5c9dccd000-7f5c9dcd1000 r--p 000ac000 08:06 143700                     /usr/lib/x86_64-linux-gnu/libgdk-x11-2.0.so.0.2400.17
7f5c9dcd1000-7f5c9dcd3000 rw-p 000b0000 08:06 143700                     /usr/lib/x86_64-linux-gnu/libgdk-x11-2.0.so.0.2400.17
7f5c9dcd3000-7f5c9e100000 r-xp 00000000 08:06 143872                     /usr/lib/x86_64-linux-gnu/libgtk-x11-2.0.so.0.2400.17
7f5c9e100000-7f5c9e2ff000 ---p 0042d000 08:06 143872                     /usr/lib/x86_64-linux-gnu/libgtk-x11-2.0.so.0.2400.17
7f5c9e2ff000-7f5c9e306000 r--p 0042c000 08:06 143872                     /usr/lib/x86_64-linux-gnu/libgtk-x11-2.0.so.0.2400.17
7f5c9e306000-7f5c9e30a000 rw-p 00433000 08:06 143872                     /usr/lib/x86_64-linux-gnu/libgtk-x11-2.0.so.0.2400.17
7f5c9e30a000-7f5c9e30c000 rw-p 00000000 00:00 0 
7f5c9e30c000-7f5c9e31a000 r-xp 00000000 08:06 146545                     /usr/lib/x86_64-linux-gnu/libXi.so.6.1.0
7f5c9e31a000-7f5c9e51a000 ---p 0000e000 08:06 146545                     /usr/lib/x86_64-linux-gnu/libXi.so.6.1.0
7f5c9e51a000-7f5c9e51b000 r--p 0000e000 08:06 146545                     /usr/lib/x86_64-linux-gnu/libXi.so.6.1.0
7f5c9e51b000-7f5c9e51c000 rw-p 0000f000 08:06 146545                     /usr/lib/x86_64-linux-gnu/libXi.so.6.1.0
7f5c9e51c000-7f5c9e51e000 r-xp 00000000 08:06 164288                     /usr/lib/x86_64-linux-gnu/libXinerama.so.1.0.0
7f5c9e51e000-7f5c9e71d000 ---p 00002000 08:06 164288                     /usr/lib/x86_64-linux-gnu/libXinerama.so.1.0.0
7f5c9e71d000-7f5c9e71e000 r--p 00001000 08:06 164288                     /usr/lib/x86_64-linux-gnu/libXinerama.so.1.0.0
7f5c9e71e000-7f5c9e71f000 rw-p 00002000 08:06 164288                     /usr/lib/x86_64-linux-gnu/libXinerama.so.1.0.0
7f5c9e71f000-7f5c9e728000 r-xp 00000000 08:06 164283                     /usr/lib/x86_64-linux-gnu/libXcursor.so.1.0.2
7f5c9e728000-7f5c9e928000 ---p 00009000 08:06 164283                     /usr/lib/x86_64-linux-gnu/libXcursor.so.1.0.2
7f5c9e928000-7f5c9e929000 r--p 00009000 08:06 164283                     /usr/lib/x86_64-linux-gnu/libXcursor.so.1.0.2
7f5c9e929000-7f5c9e92a000 rw-p 0000a000 08:06 164283                     /usr/lib/x86_64-linux-gnu/libXcursor.so.1.0.2
7f5c9e92a000-7f5c9e92f000 r-xp 00000000 08:06 146589                     /usr/lib/x86_64-linux-gnu/libXfixes.so.3.1.0
7f5c9e92f000-7f5c9eb2e000 ---p 00005000 08:06 146589                     /usr/lib/x86_64-linux-gnu/libXfixes.so.3.1.0
7f5c9eb2e000-7f5c9eb2f000 r--p 00004000 08:06 146589                     /usr/lib/x86_64-linux-gnu/libXfixes.so.3.1.0
7f5c9eb2f000-7f5c9eb30000 rw-p 00005000 08:06 146589                     /usr/lib/x86_64-linux-gnu/libXfixes.so.3.1.0
7f5c9eb30000-7f5c9eb39000 r-xp 00000000 08:06 164298                     /usr/lib/x86_64-linux-gnu/libXrandr.so.2.2.0
7f5c9eb39000-7f5c9ed38000 ---p 00009000 08:06 164298                     /usr/lib/x86_64-linux-gnu/libXrandr.so.2.2.0
7f5c9ed38000-7f5c9ed39000 r--p 00008000 08:06 164298                     /usr/lib/x86_64-linux-gnu/libXrandr.so.2.2.0
7f5c9ed39000-7f5c9ed3a000 rw-p 00009000 08:06 164298                     /usr/lib/x86_64-linux-gnu/libXrandr.so.2.2.0
7f5c9ed3a000-7f5c9ed3d000 r-xp 00000000 08:06 293610                     /usr/lib/x86_64-linux-gnu/gconv/UTF-16.so
7f5c9ed3d000-7f5c9ef3c000 ---p 00003000 08:06 293610                     /usr/lib/x86_64-linux-gnu/gconv/UTF-16.so
7f5c9ef3c000-7f5c9ef3d000 r--p 00002000 08:06 293610                     /usr/lib/x86_64-linux-gnu/gconv/UTF-16.so
7f5c9ef3d000-7f5c9ef3e000 rw-p 00003000 08:06 293610                     /usr/lib/x86_64-linux-gnu/gconv/UTF-16.so
7f5c9ef3e000-7f5c9f998000 r-xp 00000000 08:06 47452                      /tmp/QtJambi_paracaidista_amd64_4.7.0_gcc-20100927-1542/lib/libcom_trolltech_qt_gui.so
7f5c9f998000-7f5c9fb98000 ---p 00a5a000 08:06 47452                      /tmp/QtJambi_paracaidista_amd64_4.7.0_gcc-20100927-1542/lib/libcom_trolltech_qt_gui.so
7f5c9fb98000-7f5c9fbbd000 r--p 00a5a000 08:06 47452                      /tmp/QtJambi_paracaidista_amd64_4.7.0_gcc-20100927-1542/lib/libcom_trolltech_qt_gui.so
7f5c9fbbd000-7f5c9fbf0000 rw-p 00a7f000 08:06 47452                      /tmp/QtJambi_paracaidista_amd64_4.7.0_gcc-20100927-1542/lib/libcom_trolltech_qt_gui.so
7f5c9fbf0000-7f5c9fbf6000 rw-p 00000000 00:00 0 
7f5c9fbf6000-7f5c9fbfb000 r-xp 00000000 08:06 143339                     /usr/lib/x86_64-linux-gnu/libXdmcp.so.6.0.0
7f5c9fbfb000-7f5c9fdfa000 ---p 00005000 08:06 143339                     /usr/lib/x86_64-linux-gnu/libXdmcp.so.6.0.0
7f5c9fdfa000-7f5c9fdfb000 r--p 00004000 08:06 143339                     /usr/lib/x86_64-linux-gnu/libXdmcp.so.6.0.0
7f5c9fdfb000-7f5c9fdfc000 rw-p 00005000 08:06 143339                     /usr/lib/x86_64-linux-gnu/libXdmcp.so.6.0.0
7f5c9fdfc000-7f5c9fdfe000 r-xp 00000000 08:06 143326                     /usr/lib/x86_64-linux-gnu/libXau.so.6.0.0
7f5c9fdfe000-7f5c9fffe000 ---p 00002000 08:06 143326                     /usr/lib/x86_64-linux-gnu/libXau.so.6.0.0
7f5c9fffe000-7f5c9ffff000 r--p 00002000 08:06 143326                     /usr/lib/x86_64-linux-gnu/libXau.so.6.0.0
7f5c9ffff000-7f5ca0000000 rw-p 00003000 08:06 143326                     /usr/lib/x86_64-linux-gnu/libXau.so.6.0.0
7f5ca0000000-7f5ca10d9000 rw-p 00000000 00:00 0 
7f5ca10d9000-7f5ca4000000 ---p 00000000 00:00 0 
7f5ca4010000-7f5ca40c0000 r--p 00000000 08:06 528923                     /usr/share/fonts/truetype/ttf-dejavu/DejaVuSans.ttf
7f5ca40c0000-7f5ca4170000 r--p 00000000 08:06 528923                     /usr/share/fonts/truetype/ttf-dejavu/DejaVuSans.ttf
7f5ca4170000-7f5ca418d000 r-xp 00000000 08:06 136413                     /usr/lib/x86_64-linux-gnu/libxcb.so.1.1.0
7f5ca418d000-7f5ca438c000 ---p 0001d000 08:06 136413                     /usr/lib/x86_64-linux-gnu/libxcb.so.1.1.0
7f5ca438c000-7f5ca438d000 r--p 0001c000 08:06 136413                     /usr/lib/x86_64-linux-gnu/libxcb.so.1.1.0
7f5ca438d000-7f5ca438e000 rw-p 0001d000 08:06 136413                     /usr/lib/x86_64-linux-gnu/libxcb.so.1.1.0
7f5ca438e000-7f5ca43b4000 r-xp 00000000 08:06 396180                     /lib/x86_64-linux-gnu/libexpat.so.1.6.0
7f5ca43b4000-7f5ca45b4000 ---p 00026000 08:06 396180                     /lib/x86_64-linux-gnu/libexpat.so.1.6.0
7f5ca45b4000-7f5ca45b6000 r--p 00026000 08:06 396180                     /lib/x86_64-linux-gnu/libexpat.so.1.6.0
7f5ca45b6000-7f5ca45b7000 rw-p 00028000 08:06 396180                     /lib/x86_64-linux-gnu/libexpat.so.1.6.0
7f5ca45b7000-7f5ca45bb000 r-xp 00000000 08:06 396308                     /lib/x86_64-linux-gnu/libuuid.so.1.3.0
7f5ca45bb000-7f5ca47ba000 ---p 00004000 08:06 396308                     /lib/x86_64-linux-gnu/libuuid.so.1.3.0
7f5ca47ba000-7f5ca47bb000 r--p 00003000 08:06 396308                     /lib/x86_64-linux-gnu/libuuid.so.1.3.0
7f5ca47bb000-7f5ca47bc000 rw-p 00004000 08:06 396308                     /lib/x86_64-linux-gnu/libuuid.so.1.3.0
7f5ca47bc000-7f5ca47c3000 r-xp 00000000 08:06 143609                     /usr/lib/x86_64-linux-gnu/libffi.so.6.0.1
7f5ca47c3000-7f5ca49c2000 ---p 00007000 08:06 143609                     /usr/lib/x86_64-linux-gnu/libffi.so.6.0.1
7f5ca49c2000-7f5ca49c3000 r--p 00006000 08:06 143609                     /usr/lib/x86_64-linux-gnu/libffi.so.6.0.1
7f5ca49c3000-7f5ca49c4000 rw-p 00007000 08:06 143609                     /usr/lib/x86_64-linux-gnu/libffi.so.6.0.1
7f5ca49c4000-7f5ca4af8000 r-xp 00000000 08:06 132348                     /usr/lib/x86_64-linux-gnu/libX11.so.6.3.0
7f5ca4af8000-7f5ca4cf8000 ---p 00134000 08:06 132348                     /usr/lib/x86_64-linux-gnu/libX11.so.6.3.0
7f5ca4cf8000-7f5ca4cf9000 r--p 00134000 08:06 132348                     /usr/lib/x86_64-linux-gnu/libX11.so.6.3.0
7f5ca4cf9000-7f5ca4cfe000 rw-p 00135000 08:06 132348                     /usr/lib/x86_64-linux-gnu/libX11.so.6.3.0
7f5ca4cfe000-7f5ca4d0f000 r-xp 00000000 08:06 143319                     /usr/lib/x86_64-linux-gnu/libXext.so.6.4.0
7f5ca4d0f000-7f5ca4f0e000 ---p 00011000 08:06 143319                     /usr/lib/x86_64-linux-gnu/libXext.so.6.4.0
7f5ca4f0e000-7f5ca4f0f000 r--p 00010000 08:06 143319                     /usr/lib/x86_64-linux-gnu/libXext.so.6.4.0
7f5ca4f0f000-7f5ca4f10000 rw-p 00011000 08:06 143319                     /usr/lib/x86_64-linux-gnu/libXext.so.6.4.0
7f5ca4f10000-7f5ca4f47000 r-xp 00000000 08:06 143641                     /usr/lib/x86_64-linux-gnu/libfontconfig.so.1.6.2
7f5ca4f47000-7f5ca5147000 ---p 00037000 08:06 143641                     /usr/lib/x86_64-linux-gnu/libfontconfig.so.1.6.2
7f5ca5147000-7f5ca5148000 r--p 00037000 08:06 143641                     /usr/lib/x86_64-linux-gnu/libfontconfig.so.1.6.2
7f5ca5148000-7f5ca5149000 rw-p 00038000 08:06 143641                     /usr/lib/x86_64-linux-gnu/libfontconfig.so.1.6.2
7f5ca5149000-7f5ca514a000 rw-p 00000000 00:00 0 
7f5ca514a000-7f5ca5153000 r-xp 00000000 08:06 146696                     /usr/lib/x86_64-linux-gnu/libXrender.so.1.3.0
7f5ca5153000-7f5ca5352000 ---p 00009000 08:06 146696                     /usr/lib/x86_64-linux-gnu/libXrender.so.1.3.0
7f5ca5352000-7f5ca5353000 r--p 00008000 08:06 146696                     /usr/lib/x86_64-linux-gnu/libXrender.so.1.3.0
7f5ca5353000-7f5ca5354000 rw-p 00009000 08:06 146696                     /usr/lib/x86_64-linux-gnu/libXrender.so.1.3.0
7f5ca5354000-7f5ca536b000 r-xp 00000000 08:06 143230                     /usr/lib/x86_64-linux-gnu/libICE.so.6.3.0
7f5ca536b000-7f5ca556a000 ---p 00017000 08:06 143230                     /usr/lib/x86_64-linux-gnu/libICE.so.6.3.0
7f5ca556a000-7f5ca556b000 r--p 00016000 08:06 143230                     /usr/lib/x86_64-linux-gnu/libICE.so.6.3.0
7f5ca556b000-7f5ca556c000 rw-p 00017000 08:06 143230                     /usr/lib/x86_64-linux-gnu/libICE.so.6.3.0
7f5ca556c000-7f5ca5570000 rw-p 00000000 00:00 0 
7f5ca5570000-7f5ca5577000 r-xp 00000000 08:06 143310                     /usr/lib/x86_64-linux-gnu/libSM.so.6.0.1
7f5ca5577000-7f5ca5776000 ---p 00007000 08:06 143310                     /usr/lib/x86_64-linux-gnu/libSM.so.6.0.1
7f5ca5776000-7f5ca5777000 r--p 00006000 08:06 143310                     /usr/lib/x86_64-linux-gnu/libSM.so.6.0.1
7f5ca5777000-7f5ca5778000 rw-p 00007000 08:06 143310                     /usr/lib/x86_64-linux-gnu/libSM.so.6.0.1
7f5ca5778000-7f5ca57c5000 r-xp 00000000 08:06 143759                     /usr/lib/x86_64-linux-gnu/libgobject-2.0.so.0.3600.0
7f5ca57c5000-7f5ca59c5000 ---p 0004d000 08:06 143759                     /usr/lib/x86_64-linux-gnu/libgobject-2.0.so.0.3600.0
7f5ca59c5000-7f5ca59c6000 r--p 0004d000 08:06 143759                     /usr/lib/x86_64-linux-gnu/libgobject-2.0.so.0.3600.0
7f5ca59c6000-7f5ca59c7000 rw-p 0004e000 08:06 143759                     /usr/lib/x86_64-linux-gnu/libgobject-2.0.so.0.3600.0
7f5ca59c7000-7f5ca5a5e000 r-xp 00000000 08:06 143669                     /usr/lib/x86_64-linux-gnu/libfreetype.so.6.10.0
7f5ca5a5e000-7f5ca5c5d000 ---p 00097000 08:06 143669                     /usr/lib/x86_64-linux-gnu/libfreetype.so.6.10.0
7f5ca5c5d000-7f5ca5c63000 r--p 00096000 08:06 143669                     /usr/lib/x86_64-linux-gnu/libfreetype.so.6.10.0
7f5ca5c63000-7f5ca5c64000 rw-p 0009c000 08:06 143669                     /usr/lib/x86_64-linux-gnu/libfreetype.so.6.10.0
7f5ca5c64000-7f5ca5c89000 r-xp 00000000 08:06 396267                     /lib/x86_64-linux-gnu/libpng12.so.0.49.0
7f5ca5c89000-7f5ca5e88000 ---p 00025000 08:06 396267                     /lib/x86_64-linux-gnu/libpng12.so.0.49.0
7f5ca5e88000-7f5ca5e89000 r--p 00024000 08:06 396267                     /lib/x86_64-linux-gnu/libpng12.so.0.49.0
7f5ca5e89000-7f5ca5e8a000 rw-p 00025000 08:06 396267                     /lib/x86_64-linux-gnu/libpng12.so.0.49.0
7f5ca5e8a000-7f5ca692a000 r-xp 00000000 08:06 35719                      /tmp/QtJambi_paracaidista_amd64_4.7.0_gcc-20100927-1542/lib/libQtGui.so.4
7f5ca692a000-7f5ca6b2a000 ---p 00aa0000 08:06 35719                      /tmp/QtJambi_paracaidista_amd64_4.7.0_gcc-20100927-1542/lib/libQtGui.so.4
7f5ca6b2a000-7f5ca6b69000 r--p 00aa0000 08:06 35719                      /tmp/QtJambi_paracaidista_amd64_4.7.0_gcc-20100927-1542/lib/libQtGui.so.4
7f5ca6b69000-7f5ca6b7b000 rw-p 00adf000 08:06 35719                      /tmp/QtJambi_paracaidista_amd64_4.7.0_gcc-20100927-1542/lib/libQtGui.so.4
7f5ca6b7b000-7f5ca6b7e000 rw-p 00000000 00:00 0 
7f5ca6b7e000-7f5ca6d3b000 r-xp 00000000 08:06 47444                      /tmp/QtJambi_paracaidista_amd64_4.7.0_gcc-20100927-1542/lib/libcom_trolltech_qt_core.so
7f5ca6d3b000-7f5ca6f3b000 ---p 001bd000 08:06 47444                      /tmp/QtJambi_paracaidista_amd64_4.7.0_gcc-20100927-1542/lib/libcom_trolltech_qt_core.so
7f5ca6f3b000-7f5ca6f45000 r--p 001bd000 08:06 47444                      /tmp/QtJambi_paracaidista_amd64_4.7.0_gcc-20100927-1542/lib/libcom_trolltech_qt_core.so
7f5ca6f45000-7f5ca6f4d000 rw-p 001c7000 08:06 47444                      /tmp/QtJambi_paracaidista_amd64_4.7.0_gcc-20100927-1542/lib/libcom_trolltech_qt_core.so
7f5ca6f4d000-7f5ca6f91000 r-xp 00000000 08:06 47443                      /tmp/QtJambi_paracaidista_amd64_4.7.0_gcc-20100927-1542/lib/libqtjambi.so
7f5ca6f91000-7f5ca7190000 ---p 00044000 08:06 47443                      /tmp/QtJambi_paracaidista_amd64_4.7.0_gcc-20100927-1542/lib/libqtjambi.so
7f5ca7190000-7f5ca7191000 r--p 00043000 08:06 47443                      /tmp/QtJambi_paracaidista_amd64_4.7.0_gcc-20100927-1542/lib/libqtjambi.so
7f5ca7191000-7f5ca7192000 rw-p 00044000 08:06 47443                      /tmp/QtJambi_paracaidista_amd64_4.7.0_gcc-20100927-1542/lib/libqtjambi.so
7f5ca7192000-7f5ca7193000 rw-p 00000000 00:00 0 
7f5ca7193000-7f5ca71d0000 r-xp 00000000 08:06 396255                     /lib/x86_64-linux-gnu/libpcre.so.3.13.1
7f5ca71d0000-7f5ca73d0000 ---p 0003d000 08:06 396255                     /lib/x86_64-linux-gnu/libpcre.so.3.13.1
7f5ca73d0000-7f5ca73d1000 r--p 0003d000 08:06 396255                     /lib/x86_64-linux-gnu/libpcre.so.3.13.1
7f5ca73d1000-7f5ca73d2000 rw-p 0003e000 08:06 396255                     /lib/x86_64-linux-gnu/libpcre.so.3.13.1
7f5ca73d2000-7f5ca73e6000 r-xp 00000000 08:06 396185                     /lib/x86_64-linux-gnu/libgcc_s.so.1
7f5ca73e6000-7f5ca75e6000 ---p 00014000 08:06 396185                     /lib/x86_64-linux-gnu/libgcc_s.so.1
7f5ca75e6000-7f5ca75e7000 r--p 00014000 08:06 396185                     /lib/x86_64-linux-gnu/libgcc_s.so.1
7f5ca75e7000-7f5ca75e8000 rw-p 00015000 08:06 396185                     /lib/x86_64-linux-gnu/libgcc_s.so.1
7f5ca75e8000-7f5ca76cd000 r-xp 00000000 08:06 144230                     /usr/lib/x86_64-linux-gnu/libstdc++.so.6.0.17
7f5ca76cd000-7f5ca78cc000 ---p 000e5000 08:06 144230                     /usr/lib/x86_64-linux-gnu/libstdc++.so.6.0.17
7f5ca78cc000-7f5ca78d4000 r--p 000e4000 08:06 144230                     /usr/lib/x86_64-linux-gnu/libstdc++.so.6.0.17
7f5ca78d4000-7f5ca78d6000 rw-p 000ec000 08:06 144230                     /usr/lib/x86_64-linux-gnu/libstdc++.so.6.0.17
7f5ca78d6000-7f5ca78eb000 rw-p 00000000 00:00 0 
7f5ca78eb000-7f5ca79e4000 r-xp 00000000 08:06 396189                     /lib/x86_64-linux-gnu/libglib-2.0.so.0.3600.0
7f5ca79e4000-7f5ca7be4000 ---p 000f9000 08:06 396189                     /lib/x86_64-linux-gnu/libglib-2.0.so.0.3600.0
7f5ca7be4000-7f5ca7be5000 r--p 000f9000 08:06 396189                     /lib/x86_64-linux-gnu/libglib-2.0.so.0.3600.0
7f5ca7be5000-7f5ca7be6000 rw-p 000fa000 08:06 396189                     /lib/x86_64-linux-gnu/libglib-2.0.so.0.3600.0
7f5ca7be6000-7f5ca7be7000 rw-p 00000000 00:00 0 
7f5ca7be7000-7f5ca7be8000 r-xp 00000000 08:06 143868                     /usr/lib/x86_64-linux-gnu/libgthread-2.0.so.0.3600.0
7f5ca7be8000-7f5ca7de7000 ---p 00001000 08:06 143868                     /usr/lib/x86_64-linux-gnu/libgthread-2.0.so.0.3600.0
7f5ca7de7000-7f5ca7de8000 r--p 00000000 08:06 143868                     /usr/lib/x86_64-linux-gnu/libgthread-2.0.so.0.3600.0
7f5ca7de8000-7f5ca7de9000 rw-p 00001000 08:06 143868                     /usr/lib/x86_64-linux-gnu/libgthread-2.0.so.0.3600.0
7f5ca7de9000-7f5ca7dff000 r-xp 00000000 08:06 396313                     /lib/x86_64-linux-gnu/libz.so.1.2.7
7f5ca7dff000-7f5ca7ffe000 ---p 00016000 08:06 396313                     /lib/x86_64-linux-gnu/libz.so.1.2.7
7f5ca7ffe000-7f5ca7fff000 r--p 00015000 08:06 396313                     /lib/x86_64-linux-gnu/libz.so.1.2.7
7f5ca7fff000-7f5ca8000000 rw-p 00016000 08:06 396313                     /lib/x86_64-linux-gnu/libz.so.1.2.7
7f5ca8000000-7f5ca81cd000 rw-p 00000000 00:00 0 
7f5ca81cd000-7f5cac000000 ---p 00000000 00:00 0 
7f5cac01b000-7f5cac01c000 r--s 00000000 08:06 188025                     /usr/local/share/mime/mime.cache
7f5cac01c000-7f5cac01d000 r--s 00000000 08:07 8128875                    /home/paracaidista/.local/share/mime/mime.cache
7f5cac01d000-7f5cac01e000 rw-p 00000000 00:00 0 
7f5cac01e000-7f5cac022000 r--s 0008a000 08:06 150259                     /usr/lib/jvm/java-7-oracle/jre/lib/jsse.jar
7f5cac022000-7f5cac023000 r--s 00000000 08:06 28322                      /var/cache/fontconfig/c05880de57d1f5e948fdfacc138775d9-le64.cache-3
7f5cac023000-7f5cac02c000 r--s 00000000 08:06 28314                      /var/cache/fontconfig/945677eb7aeaf62f1d50efc3fb3ec7d8-le64.cache-3
7f5cac02c000-7f5cac02e000 r--s 00000000 08:06 28316                      /var/cache/fontconfig/99e8ed0e538f840c565b6ed5dad60d56-le64.cache-3
7f5cac02e000-7f5cac036000 r--s 00000000 08:06 39365                      /var/cache/fontconfig/a6d8cf8e4ec09cdbc8633c31745a07dd-le64.cache-3
7f5cac036000-7f5cac03b000 r--s 00000000 08:06 28297                      /var/cache/fontconfig/2cd17615ca594fa2959ae173292e504c-le64.cache-3
7f5cac03b000-7f5cac03c000 r--s 00000000 08:06 28330                      /var/cache/fontconfig/e7071f4a29fa870f4323321c154eba04-le64.cache-3
7f5cac03c000-7f5cac041000 r--s 00000000 08:06 28309                      /var/cache/fontconfig/6eb3985aa4124903f6ff08ba781cd364-le64.cache-3
7f5cac041000-7f5cac042000 r--s 00000000 08:06 28294                      /var/cache/fontconfig/0d8c3b2ac0904cb8a57a757ad11a4a08-le64.cache-3
7f5cac042000-7f5cac048000 r--s 00000000 08:06 28318                      /var/cache/fontconfig/a755afe4a08bf5b97852ceb7400b47bc-le64.cache-3
7f5cac048000-7f5cac051000 r--s 00000000 08:06 28308                      /var/cache/fontconfig/6d41288fd70b0be22e8c3a91e032eec0-le64.cache-3
7f5cac051000-7f5cac061000 r--s 00000000 08:06 28292                      /var/cache/fontconfig/04aabc0a78ac019cf9454389977116d2-le64.cache-3
7f5cac061000-7f5cac062000 r--s 00000000 08:06 28296                      /var/cache/fontconfig/1ac9eb803944fde146138c791f5cc56a-le64.cache-3
7f5cac062000-7f5cac065000 r--s 00000000 08:06 28301                      /var/cache/fontconfig/385c0604a188198f04d133e54aba7fe7-le64.cache-3
7f5cac065000-7f5cac067000 r--s 00000000 08:06 28311                      /var/cache/fontconfig/767a8244fc0220cfb567a839d0392e0b-le64.cache-3
7f5cac067000-7f5cac06a000 r--s 00000000 08:06 28313                      /var/cache/fontconfig/8801497958630a81b71ace7c5f9b32a8-le64.cache-3
7f5cac06a000-7f5cac098000 r--s 00000000 08:06 39053                      /var/cache/fontconfig/365b55f210c0a22e9a19e35191240f32-le64.cache-3
7f5cac098000-7f5cac09d000 r--s 00000000 08:06 28298                      /var/cache/fontconfig/3047814df9a2f067bd2d96a2b9c36e5a-le64.cache-3
7f5cac09d000-7f5cac0a2000 r--s 00000000 08:06 28320                      /var/cache/fontconfig/b47c4e1ecd0709278f4910c18777a504-le64.cache-3
7f5cac0a2000-7f5cac0aa000 r--s 00000000 08:06 39363                      /var/cache/fontconfig/52f7bdb7ce746bfd7eaa1985bd9cfa93-le64.cache-3
7f5cac0aa000-7f5cac0bb000 r--s 00000000 08:06 28326                      /var/cache/fontconfig/d52a8644073d54c13679302ca1180695-le64.cache-3
7f5cac0bb000-7f5cac0c2000 r--s 00000000 08:06 28302                      /var/cache/fontconfig/3f7329c5293ffd510edef78f73874cfd-le64.cache-3
7f5cac0c2000-7f5cac0c5000 ---p 00000000 00:00 0 
7f5cac0c5000-7f5cac1c3000 rw-p 00000000 00:00 0                          [stack:8364]
7f5cac1c3000-7f5cac461000 r-xp 00000000 08:06 35128                      /tmp/QtJambi_paracaidista_amd64_4.7.0_gcc-20100927-1542/lib/libQtCore.so.4
7f5cac461000-7f5cac660000 ---p 0029e000 08:06 35128                      /tmp/QtJambi_paracaidista_amd64_4.7.0_gcc-20100927-1542/lib/libQtCore.so.4
7f5cac660000-7f5cac66b000 r--p 0029d000 08:06 35128                      /tmp/QtJambi_paracaidista_amd64_4.7.0_gcc-20100927-1542/lib/libQtCore.so.4
7f5cac66b000-7f5cac66f000 rw-p 002a8000 08:06 35128                      /tmp/QtJambi_paracaidista_amd64_4.7.0_gcc-20100927-1542/lib/libQtCore.so.4
7f5cac66f000-7f5cac670000 rw-p 00000000 00:00 0 
7f5cac670000-7f5cac699000 r--s 002d2000 08:07 2755213                    /home/paracaidista/NetBeansProjects/DataBaseFun/libs/qt-4.7/qtjambi-4.7.0.jar
7f5cac699000-7f5cac69a000 ---p 00000000 00:00 0 
7f5cac69a000-7f5cac79a000 rw-p 00000000 00:00 0 
7f5cac79a000-7f5cac79d000 ---p 00000000 00:00 0 
7f5cac79d000-7f5cac89b000 rw-p 00000000 00:00 0                          [stack:8362]
7f5cac89b000-7f5cac89e000 ---p 00000000 00:00 0 
7f5cac89e000-7f5cac99c000 rw-p 00000000 00:00 0                          [stack:8361]
7f5cac99c000-7f5cac99f000 ---p 00000000 00:00 0 
7f5cac99f000-7f5caca9d000 rw-p 00000000 00:00 0                          [stack:8360]
7f5caca9d000-7f5cacaa0000 ---p 00000000 00:00 0 
7f5cacaa0000-7f5cacb9e000 rw-p 00000000 00:00 0 
7f5cacb9e000-7f5cad27f000 r--p 00000000 08:06 140326                     /usr/lib/locale/locale-archive
7f5cad27f000-7f5cad282000 ---p 00000000 00:00 0 
7f5cad282000-7f5cad380000 rw-p 00000000 00:00 0                          [stack:8358]
7f5cad380000-7f5cad383000 ---p 00000000 00:00 0 
7f5cad383000-7f5cad481000 rw-p 00000000 00:00 0                          [stack:8357]
7f5cad481000-7f5cad482000 ---p 00000000 00:00 0 
7f5cad482000-7f5cb0000000 rw-p 00000000 00:00 0                          [stack:8356]
7f5cb0000000-7f5cb0021000 rw-p 00000000 00:00 0 
7f5cb0021000-7f5cb4000000 ---p 00000000 00:00 0 
7f5cb4000000-7f5cb4001000 r--s 00000000 08:06 28328                      /var/cache/fontconfig/dc05db6664285cc2f12bf69c139ae4c3-le64.cache-3
7f5cb4001000-7f5cb4002000 r--s 00000000 08:06 28303                      /var/cache/fontconfig/4794a0821666d79190d59a36cb4f44b5-le64.cache-3
7f5cb4002000-7f5cb4003000 r--s 00000000 08:06 28305                      /var/cache/fontconfig/56cf4f4769d0f4abc89a4895d7bd3ae1-le64.cache-3
7f5cb4003000-7f5cb4004000 r--s 00000000 08:06 28321                      /var/cache/fontconfig/b9d506c9ac06c20b433354fa67a72993-le64.cache-3
7f5cb4004000-7f5cb400b000 r--s 00000000 08:06 40888                      /var/cache/fontconfig/d0972c3d32f097851eb916381fc38920-le64.cache-3
7f5cb400b000-7f5cb4016000 r--s 00000000 08:06 20763                      /var/cache/fontconfig/e13b20fdb08344e0e664864cc2ede53d-le64.cache-3
7f5cb4016000-7f5cb4020000 r--s 00250000 08:06 149707                     /usr/lib/jvm/java-7-oracle/jre/lib/resources.jar
7f5cb4020000-7f5cb4570000 rw-p 00000000 00:00 0 
7f5cb4570000-7f5cb472c000 r--s 039b2000 08:06 150197                     /usr/lib/jvm/java-7-oracle/jre/lib/rt.jar
7f5cb472c000-7f5cb49fc000 rw-p 00000000 00:00 0 
7f5cb49fc000-7f5cb49fd000 ---p 00000000 00:00 0 
7f5cb49fd000-7f5cb4afd000 rw-p 00000000 00:00 0                          [stack:8355]
7f5cb4afd000-7f5cb4afe000 ---p 00000000 00:00 0 
7f5cb4afe000-7f5cb4bfe000 rw-p 00000000 00:00 0                          [stack:8354]
7f5cb4bfe000-7f5cb4bff000 ---p 00000000 00:00 0 
7f5cb4bff000-7f5cb4cff000 rw-p 00000000 00:00 0                          [stack:8353]
7f5cb4cff000-7f5cb4d00000 ---p 00000000 00:00 0 
7f5cb4d00000-7f5cb4e0e000 rw-p 00000000 00:00 0                          [stack:8352]
7f5cb4e0e000-7f5cb4e13000 ---p 00000000 00:00 0 
7f5cb4e13000-7f5cb4e29000 rw-p 00000000 00:00 0 
7f5cb4e29000-7f5cb4ed7000 rw-p 00000000 00:00 0 
7f5cb4ed7000-7f5cb4f62000 rw-p 00000000 00:00 0 
7f5cb4f62000-7f5cb4fbf000 rw-p 00000000 00:00 0 
7f5cb4fbf000-7f5cb4fcd000 ---p 00000000 00:00 0 
7f5cb4fcd000-7f5cb4fff000 rw-p 00000000 00:00 0 
7f5cb4fff000-7f5cb5000000 rw-p 00000000 00:00 0 
7f5cb5000000-7f5cb5270000 rwxp 00000000 00:00 0 
7f5cb5270000-7f5cbc000000 rw-p 00000000 00:00 0 
7f5cbc000000-7f5cbc001000 r--s 00000000 08:06 28293                      /var/cache/fontconfig/0c9eb80ebd1c36541ebe2852d3bb0c49-le64.cache-3
7f5cbc001000-7f5cbc008000 r--s 00000000 08:06 305544                     /usr/lib/x86_64-linux-gnu/gconv/gconv-modules.cache
7f5cbc008000-7f5cbc01f000 r--s 00280000 08:07 9437260                    /home/paracaidista/NetBeansProjects/DataBaseFun/libs/driversBD/ojdbc6.jar
7f5cbc01f000-7f5cbc076000 rw-p 00000000 00:00 0 
7f5cbc076000-7f5cbc07b000 ---p 00000000 00:00 0 
7f5cbc07b000-7f5cbc091000 rw-p 00000000 00:00 0 
7f5cbc091000-7f5cbc13f000 rw-p 00000000 00:00 0 
7f5cbc13f000-7f5cbc1cb000 rw-p 00000000 00:00 0 
7f5cbc1cb000-7f5cbc1e5000 r-xp 00000000 08:06 150329                     /usr/lib/jvm/java-7-oracle/jre/lib/amd64/libzip.so
7f5cbc1e5000-7f5cbc3e5000 ---p 0001a000 08:06 150329                     /usr/lib/jvm/java-7-oracle/jre/lib/amd64/libzip.so
7f5cbc3e5000-7f5cbc3e6000 rw-p 0001a000 08:06 150329                     /usr/lib/jvm/java-7-oracle/jre/lib/amd64/libzip.so
7f5cbc3e6000-7f5cbc3f2000 r-xp 00000000 08:06 416977                     /lib/x86_64-linux-gnu/libnss_files-2.17.so
7f5cbc3f2000-7f5cbc5f1000 ---p 0000c000 08:06 416977                     /lib/x86_64-linux-gnu/libnss_files-2.17.so
7f5cbc5f1000-7f5cbc5f2000 r--p 0000b000 08:06 416977                     /lib/x86_64-linux-gnu/libnss_files-2.17.so
7f5cbc5f2000-7f5cbc5f3000 rw-p 0000c000 08:06 416977                     /lib/x86_64-linux-gnu/libnss_files-2.17.so
7f5cbc5f3000-7f5cbc5fe000 r-xp 00000000 08:06 416985                     /lib/x86_64-linux-gnu/libnss_nis-2.17.so
7f5cbc5fe000-7f5cbc7fd000 ---p 0000b000 08:06 416985                     /lib/x86_64-linux-gnu/libnss_nis-2.17.so
7f5cbc7fd000-7f5cbc7fe000 r--p 0000a000 08:06 416985                     /lib/x86_64-linux-gnu/libnss_nis-2.17.so
7f5cbc7fe000-7f5cbc7ff000 rw-p 0000b000 08:06 416985                     /lib/x86_64-linux-gnu/libnss_nis-2.17.so
7f5cbc7ff000-7f5cbc816000 r-xp 00000000 08:06 416971                     /lib/x86_64-linux-gnu/libnsl-2.17.so
7f5cbc816000-7f5cbca15000 ---p 00017000 08:06 416971                     /lib/x86_64-linux-gnu/libnsl-2.17.so
7f5cbca15000-7f5cbca16000 r--p 00016000 08:06 416971                     /lib/x86_64-linux-gnu/libnsl-2.17.so
7f5cbca16000-7f5cbca17000 rw-p 00017000 08:06 416971                     /lib/x86_64-linux-gnu/libnsl-2.17.so
7f5cbca17000-7f5cbca19000 rw-p 00000000 00:00 0 
7f5cbca19000-7f5cbca21000 r-xp 00000000 08:06 416987                     /lib/x86_64-linux-gnu/libnss_compat-2.17.so
7f5cbca21000-7f5cbcc20000 ---p 00008000 08:06 416987                     /lib/x86_64-linux-gnu/libnss_compat-2.17.so
7f5cbcc20000-7f5cbcc21000 r--p 00007000 08:06 416987                     /lib/x86_64-linux-gnu/libnss_compat-2.17.so
7f5cbcc21000-7f5cbcc22000 rw-p 00008000 08:06 416987                     /lib/x86_64-linux-gnu/libnss_compat-2.17.so
7f5cbcc22000-7f5cbcc4b000 r-xp 00000000 08:06 150294                     /usr/lib/jvm/java-7-oracle/jre/lib/amd64/libjava.so
7f5cbcc4b000-7f5cbce4b000 ---p 00029000 08:06 150294                     /usr/lib/jvm/java-7-oracle/jre/lib/amd64/libjava.so
7f5cbce4b000-7f5cbce4d000 rw-p 00029000 08:06 150294                     /usr/lib/jvm/java-7-oracle/jre/lib/amd64/libjava.so
7f5cbce4d000-7f5cbce5a000 r-xp 00000000 08:06 150332                     /usr/lib/jvm/java-7-oracle/jre/lib/amd64/libverify.so
7f5cbce5a000-7f5cbd059000 ---p 0000d000 08:06 150332                     /usr/lib/jvm/java-7-oracle/jre/lib/amd64/libverify.so
7f5cbd059000-7f5cbd05b000 rw-p 0000c000 08:06 150332                     /usr/lib/jvm/java-7-oracle/jre/lib/amd64/libverify.so
7f5cbd05b000-7f5cbd062000 r-xp 00000000 08:06 416981                     /lib/x86_64-linux-gnu/librt-2.17.so
7f5cbd062000-7f5cbd261000 ---p 00007000 08:06 416981                     /lib/x86_64-linux-gnu/librt-2.17.so
7f5cbd261000-7f5cbd262000 r--p 00006000 08:06 416981                     /lib/x86_64-linux-gnu/librt-2.17.so
7f5cbd262000-7f5cbd263000 rw-p 00007000 08:06 416981                     /lib/x86_64-linux-gnu/librt-2.17.so
7f5cbd263000-7f5cbd366000 r-xp 00000000 08:06 416986                     /lib/x86_64-linux-gnu/libm-2.17.so
7f5cbd366000-7f5cbd566000 ---p 00103000 08:06 416986                     /lib/x86_64-linux-gnu/libm-2.17.so
7f5cbd566000-7f5cbd567000 r--p 00103000 08:06 416986                     /lib/x86_64-linux-gnu/libm-2.17.so
7f5cbd567000-7f5cbd568000 rw-p 00104000 08:06 416986                     /lib/x86_64-linux-gnu/libm-2.17.so
7f5cbd568000-7f5cbe0ca000 r-xp 00000000 08:06 150347                     /usr/lib/jvm/java-7-oracle/jre/lib/amd64/server/libjvm.so
7f5cbe0ca000-7f5cbe2ca000 ---p 00b62000 08:06 150347                     /usr/lib/jvm/java-7-oracle/jre/lib/amd64/server/libjvm.so
7f5cbe2ca000-7f5cbe38d000 rw-p 00b62000 08:06 150347                     /usr/lib/jvm/java-7-oracle/jre/lib/amd64/server/libjvm.so
7f5cbe38d000-7f5cbe3ce000 rw-p 00000000 00:00 0 
7f5cbe3ce000-7f5cbe58d000 r-xp 00000000 08:06 416989                     /lib/x86_64-linux-gnu/libc-2.17.so
7f5cbe58d000-7f5cbe78c000 ---p 001bf000 08:06 416989                     /lib/x86_64-linux-gnu/libc-2.17.so
7f5cbe78c000-7f5cbe790000 r--p 001be000 08:06 416989                     /lib/x86_64-linux-gnu/libc-2.17.so
7f5cbe790000-7f5cbe792000 rw-p 001c2000 08:06 416989                     /lib/x86_64-linux-gnu/libc-2.17.so
7f5cbe792000-7f5cbe797000 rw-p 00000000 00:00 0 
7f5cbe797000-7f5cbe79a000 r-xp 00000000 08:06 416975                     /lib/x86_64-linux-gnu/libdl-2.17.so
7f5cbe79a000-7f5cbe999000 ---p 00003000 08:06 416975                     /lib/x86_64-linux-gnu/libdl-2.17.so
7f5cbe999000-7f5cbe99a000 r--p 00002000 08:06 416975                     /lib/x86_64-linux-gnu/libdl-2.17.so
7f5cbe99a000-7f5cbe99b000 rw-p 00003000 08:06 416975                     /lib/x86_64-linux-gnu/libdl-2.17.so
7f5cbe99b000-7f5cbe9b1000 r-xp 00000000 08:06 149684                     /usr/lib/jvm/java-7-oracle/lib/amd64/jli/libjli.so
7f5cbe9b1000-7f5cbebb1000 ---p 00016000 08:06 149684                     /usr/lib/jvm/java-7-oracle/lib/amd64/jli/libjli.so
7f5cbebb1000-7f5cbebb2000 rw-p 00016000 08:06 149684                     /usr/lib/jvm/java-7-oracle/lib/amd64/jli/libjli.so
7f5cbebb2000-7f5cbebca000 r-xp 00000000 08:06 416972                     /lib/x86_64-linux-gnu/libpthread-2.17.so
7f5cbebca000-7f5cbedc9000 ---p 00018000 08:06 416972                     /lib/x86_64-linux-gnu/libpthread-2.17.so
7f5cbedc9000-7f5cbedca000 r--p 00017000 08:06 416972                     /lib/x86_64-linux-gnu/libpthread-2.17.so
7f5cbedca000-7f5cbedcb000 rw-p 00018000 08:06 416972                     /lib/x86_64-linux-gnu/libpthread-2.17.so
7f5cbedcb000-7f5cbedcf000 rw-p 00000000 00:00 0 
7f5cbedcf000-7f5cbedf2000 r-xp 00000000 08:06 416965                     /lib/x86_64-linux-gnu/ld-2.17.so
7f5cbedf2000-7f5cbedf6000 r--s 00000000 08:06 39364                      /var/cache/fontconfig/7ef2298fde41cc6eeb7af42e48b7d293-le64.cache-3
7f5cbedf6000-7f5cbedf9000 r--s 00022000 08:07 8126734                    /home/paracaidista/NetBeansProjects/DataBaseFun/libs/dbus-java-2.7.jar
7f5cbedf9000-7f5cbedfd000 r--s 00030000 08:07 8126858                    /home/paracaidista/NetBeansProjects/DataBaseFun/libs/dbus-java-2.7-sources.jar
7f5cbedfd000-7f5cbee05000 r--s 000c8000 08:07 9437274                    /home/paracaidista/NetBeansProjects/DataBaseFun/libs/driversBD/mysql-connector-java-5.1.25-bin.jar
7f5cbee05000-7f5cbee0f000 rw-p 00000000 00:00 0 
7f5cbee0f000-7f5cbeec5000 rw-p 00000000 00:00 0 
7f5cbeec5000-7f5cbeec8000 ---p 00000000 00:00 0 
7f5cbeec8000-7f5cbefca000 rw-p 00000000 00:00 0                          [stack:8351]
7f5cbefca000-7f5cbefcc000 r--s 01a05000 08:07 2755214                    /home/paracaidista/NetBeansProjects/DataBaseFun/libs/qt-4.7/qtjambi-linux64-gcc-4.7.0.jar
7f5cbefcc000-7f5cbefd1000 r--s 0002a000 08:07 9048503                    /home/paracaidista/NetBeansProjects/DataBaseFun/libs/gson-2.2.4.jar
7f5cbefd1000-7f5cbefe5000 rw-p 00000000 00:00 0 
7f5cbefe5000-7f5cbefed000 rw-s 00000000 08:06 21175                      /tmp/hsperfdata_paracaidista/8346 (deleted)
7f5cbefed000-7f5cbefee000 rw-p 00000000 00:00 0 
7f5cbefee000-7f5cbefef000 ---p 00000000 00:00 0 
7f5cbefef000-7f5cbeff1000 rw-p 00000000 00:00 0 
7f5cbeff1000-7f5cbeff2000 r--p 00022000 08:06 416965                     /lib/x86_64-linux-gnu/ld-2.17.so
7f5cbeff2000-7f5cbeff4000 rw-p 00023000 08:06 416965                     /lib/x86_64-linux-gnu/ld-2.17.so
7fff96713000-7fff96734000 rw-p 00000000 00:00 0                          [stack]
7fff967fe000-7fff96800000 r-xp 00000000 00:00 0                          [vdso]
ffffffffff600000-ffffffffff601000 r-xp 00000000 00:00 0                  [vsyscall]

VM Arguments:
jvm_args: -Dfile.encoding=UTF-8 
java_command: es.miguelgonzalezgomez.dataBaseFun.DataBaseFun
Launcher Type: SUN_STANDARD

Environment Variables:
PATH=/usr/local/sbin:/usr/local/bin:/usr/sbin:/usr/bin:/sbin:/bin:/usr/games:/usr/local/games
USERNAME=paracaidista
LD_LIBRARY_PATH=/usr/lib/jvm/java-7-oracle/jre/lib/amd64:/usr/lib/jvm/java-7-oracle/jre/lib/i386:
SHELL=/bin/bash
DISPLAY=:0.0

Signal Handlers:
SIGSEGV: [libjvm.so+0x9935b0], sa_mask[0]=0x7ffbfeff, sa_flags=0x10000004
SIGBUS: [libjvm.so+0x9935b0], sa_mask[0]=0x7ffbfeff, sa_flags=0x10000004
SIGFPE: [libjvm.so+0x810330], sa_mask[0]=0x7ffbfeff, sa_flags=0x10000004
SIGPIPE: SIG_IGN, sa_mask[0]=0x00001000, sa_flags=0x10000000
SIGXFSZ: [libjvm.so+0x810330], sa_mask[0]=0x7ffbfeff, sa_flags=0x10000004
SIGILL: [libjvm.so+0x810330], sa_mask[0]=0x7ffbfeff, sa_flags=0x10000004
SIGUSR1: SIG_DFL, sa_mask[0]=0x00000000, sa_flags=0x00000000
SIGUSR2: [libjvm.so+0x811820], sa_mask[0]=0x00000004, sa_flags=0x10000004
SIGHUP: [libjvm.so+0x812790], sa_mask[0]=0x7ffbfeff, sa_flags=0x10000004
SIGINT: SIG_IGN, sa_mask[0]=0x00000000, sa_flags=0x00000000
SIGTERM: [libjvm.so+0x812790], sa_mask[0]=0x7ffbfeff, sa_flags=0x10000004
SIGQUIT: [libjvm.so+0x812790], sa_mask[0]=0x7ffbfeff, sa_flags=0x10000004


---------------  S Y S T E M  ---------------

OS:wheezy/sid

uname:Linux 3.8.0-25-generic #37-Ubuntu SMP Thu Jun 6 20:47:07 UTC 2013 x86_64
libc:glibc 2.17 NPTL 2.17 
rlimit: STACK 8192k, CORE 0k, NPROC 29757, NOFILE 4096, AS infinity
load average:3,54 1,12 0,60

/proc/meminfo:
MemTotal:        3843360 kB
MemFree:          149596 kB
Buffers:            5924 kB
Cached:           572944 kB
SwapCached:        97716 kB
Active:          2421680 kB
Inactive:        1064728 kB
Active(anon):    2300528 kB
Inactive(anon):   945876 kB
Active(file):     121152 kB
Inactive(file):   118852 kB
Unevictable:          32 kB
Mlocked:              32 kB
SwapTotal:       1998844 kB
SwapFree:        1576340 kB
Dirty:                96 kB
Writeback:             0 kB
AnonPages:       2820096 kB
Mapped:           135776 kB
Shmem:            338336 kB
Slab:             123436 kB
SReclaimable:      90848 kB
SUnreclaim:        32588 kB
KernelStack:        4120 kB
PageTables:        33012 kB
NFS_Unstable:          0 kB
Bounce:                0 kB
WritebackTmp:          0 kB
CommitLimit:     3920524 kB
Committed_AS:    5606476 kB
VmallocTotal:   34359738367 kB
VmallocUsed:      544148 kB
VmallocChunk:   34359191004 kB
HardwareCorrupted:     0 kB
AnonHugePages:         0 kB
HugePages_Total:       0
HugePages_Free:        0
HugePages_Rsvd:        0
HugePages_Surp:        0
Hugepagesize:       2048 kB
DirectMap4k:      102400 kB
DirectMap2M:     3887104 kB


CPU:total 4 (2 cores per cpu, 2 threads per core) family 6 model 37 stepping 2, cmov, cx8, fxsr, mmx, sse, sse2, sse3, ssse3, sse4.1, sse4.2, popcnt, aes, ht, tsc, tscinvbit

/proc/cpuinfo:
processor	: 0
vendor_id	: GenuineIntel
cpu family	: 6
model		: 37
model name	: Intel(R) Core(TM) i5 CPU       M 540  @ 2.53GHz
stepping	: 2
microcode	: 0x9
cpu MHz		: 1199.000
cache size	: 3072 KB
physical id	: 0
siblings	: 4
core id		: 0
cpu cores	: 2
apicid		: 0
initial apicid	: 0
fpu		: yes
fpu_exception	: yes
cpuid level	: 11
wp		: yes
flags		: fpu vme de pse tsc msr pae mce cx8 apic sep mtrr pge mca cmov pat pse36 clflush dts acpi mmx fxsr sse sse2 ss ht tm pbe syscall nx rdtscp lm constant_tsc arch_perfmon pebs bts rep_good nopl xtopology nonstop_tsc aperfmperf pni pclmulqdq dtes64 monitor ds_cpl vmx smx est tm2 ssse3 cx16 xtpr pdcm sse4_1 sse4_2 popcnt aes lahf_lm ida arat dtherm tpr_shadow vnmi flexpriority ept vpid
bogomips	: 5053.81
clflush size	: 64
cache_alignment	: 64
address sizes	: 36 bits physical, 48 bits virtual
power management:

processor	: 1
vendor_id	: GenuineIntel
cpu family	: 6
model		: 37
model name	: Intel(R) Core(TM) i5 CPU       M 540  @ 2.53GHz
stepping	: 2
microcode	: 0x9
cpu MHz		: 1466.000
cache size	: 3072 KB
physical id	: 0
siblings	: 4
core id		: 2
cpu cores	: 2
apicid		: 4
initial apicid	: 4
fpu		: yes
fpu_exception	: yes
cpuid level	: 11
wp		: yes
flags		: fpu vme de pse tsc msr pae mce cx8 apic sep mtrr pge mca cmov pat pse36 clflush dts acpi mmx fxsr sse sse2 ss ht tm pbe syscall nx rdtscp lm constant_tsc arch_perfmon pebs bts rep_good nopl xtopology nonstop_tsc aperfmperf pni pclmulqdq dtes64 monitor ds_cpl vmx smx est tm2 ssse3 cx16 xtpr pdcm sse4_1 sse4_2 popcnt aes lahf_lm ida arat dtherm tpr_shadow vnmi flexpriority ept vpid
bogomips	: 5053.81
clflush size	: 64
cache_alignment	: 64
address sizes	: 36 bits physical, 48 bits virtual
power management:

processor	: 2
vendor_id	: GenuineIntel
cpu family	: 6
model		: 37
model name	: Intel(R) Core(TM) i5 CPU       M 540  @ 2.53GHz
stepping	: 2
microcode	: 0x9
cpu MHz		: 1199.000
cache size	: 3072 KB
physical id	: 0
siblings	: 4
core id		: 0
cpu cores	: 2
apicid		: 1
initial apicid	: 1
fpu		: yes
fpu_exception	: yes
cpuid level	: 11
wp		: yes
flags		: fpu vme de pse tsc msr pae mce cx8 apic sep mtrr pge mca cmov pat pse36 clflush dts acpi mmx fxsr sse sse2 ss ht tm pbe syscall nx rdtscp lm constant_tsc arch_perfmon pebs bts rep_good nopl xtopology nonstop_tsc aperfmperf pni pclmulqdq dtes64 monitor ds_cpl vmx smx est tm2 ssse3 cx16 xtpr pdcm sse4_1 sse4_2 popcnt aes lahf_lm ida arat dtherm tpr_shadow vnmi flexpriority ept vpid
bogomips	: 5053.81
clflush size	: 64
cache_alignment	: 64
address sizes	: 36 bits physical, 48 bits virtual
power management:

processor	: 3
vendor_id	: GenuineIntel
cpu family	: 6
model		: 37
model name	: Intel(R) Core(TM) i5 CPU       M 540  @ 2.53GHz
stepping	: 2
microcode	: 0x9
cpu MHz		: 1466.000
cache size	: 3072 KB
physical id	: 0
siblings	: 4
core id		: 2
cpu cores	: 2
apicid		: 5
initial apicid	: 5
fpu		: yes
fpu_exception	: yes
cpuid level	: 11
wp		: yes
flags		: fpu vme de pse tsc msr pae mce cx8 apic sep mtrr pge mca cmov pat pse36 clflush dts acpi mmx fxsr sse sse2 ss ht tm pbe syscall nx rdtscp lm constant_tsc arch_perfmon pebs bts rep_good nopl xtopology nonstop_tsc aperfmperf pni pclmulqdq dtes64 monitor ds_cpl vmx smx est tm2 ssse3 cx16 xtpr pdcm sse4_1 sse4_2 popcnt aes lahf_lm ida arat dtherm tpr_shadow vnmi flexpriority ept vpid
bogomips	: 5053.81
clflush size	: 64
cache_alignment	: 64
address sizes	: 36 bits physical, 48 bits virtual
power management:



Memory: 4k page, physical 3843360k(149596k free), swap 1998844k(1576340k free)

vm_info: Java HotSpot(TM) 64-Bit Server VM (24.45-b08) for linux-amd64 JRE (1.7.0_45-b18), built on Oct  8 2013 05:44:25 by "java_re" with gcc 4.3.0 20080428 (Red Hat 4.3.0-8)

time: Thu Nov 28 12:00:21 2013
elapsed time: 89 seconds

