#
# A fatal error has been detected by the Java Runtime Environment:
#
#  SIGSEGV (0xb) at pc=0x00007fa67e6c6c2e, pid=7522, tid=140353478010624
#
# JRE version: Java(TM) SE Runtime Environment (7.0_45-b18) (build 1.7.0_45-b18)
# Java VM: Java HotSpot(TM) 64-Bit Server VM (24.45-b08 mixed mode linux-amd64 compressed oops)
# Problematic frame:
# C  [libQtGui.so.4+0x423c2e]  QFont::QFont(QFont const&, QPaintDevice*)+0x3e
#
# Failed to write core dump. Core dumps have been disabled. To enable core dumping, try "ulimit -c unlimited" before starting Java again
#
# If you would like to submit a bug report, please visit:
#   http://bugreport.sun.com/bugreport/crash.jsp
# The crash happened outside the Java Virtual Machine in native code.
# See problematic frame for where to report the bug.
#

---------------  T H R E A D  ---------------

Current thread (0x00007fa69000a000):  JavaThread "main" [_thread_in_native, id=7526, stack(0x00007fa697232000,0x00007fa697333000)]

siginfo:si_signo=SIGSEGV: si_errno=0, si_code=128 (), si_addr=0x0000000000000000

Registers:
RAX=0x7372754374737269, RBX=0x00007fa697330010, RCX=0x00007fa6906cb100, RDX=0x00007fa690635120
RSP=0x00007fa69732ffb0, RBP=0x00007fa690635120, RSI=0x0000000000000008, RDI=0x00007fa690635120
R8 =0x00007fa6908d4e94, R9 =0x0000000000000021, R10=0x00007fa69732fd00, R11=0x00007fa67e6fc070
R12=0x00007fa697330040, R13=0x00007fa6908d4e80, R14=0x00007fa6908d4e90, R15=0x00007fa697330030
RIP=0x00007fa67e6c6c2e, EFLAGS=0x0000000000010202, CSGSFS=0x0000000000000033, ERR=0x0000000000000000
  TRAPNO=0x000000000000000d

Top of Stack: (sp=0x00007fa69732ffb0)
0x00007fa69732ffb0:   00007fa697330010 00007fa6908d4df0
0x00007fa69732ffc0:   00007fa697330040 00007fa6908d4e80
0x00007fa69732ffd0:   00007fa6908d4e90 00007fa67e6fcc35
0x00007fa69732ffe0:   00007fa697330020 00000000908d4de0
0x00007fa69732fff0:   00007fa6908d4e8c 00007fa6908d4e94
0x00007fa697330000:   00007fa600000005 0000000000000000
0x00007fa697330010:   0000000000000000 00007fa600000000
0x00007fa697330020:   00007fa690315f30 0000000000000000
0x00007fa697330030:   00007fa69064a360 00007fa600000002
0x00007fa697330040:   00007fa690315f30 00007fa600000000
0x00007fa697330050:   00007fa6908d4e90 00007fa6908d4e80
0x00007fa697330060:   0000000000000010 0000000000000000
0x00007fa697330070:   0000000000000001 00007fa6973304e0
0x00007fa697330080:   00007fa6908d4de0 00007fa67e700119
0x00007fa697330090:   00000000ec685578 00000000ed52f688
0x00007fa6973300a0:   00007fa6973300a0 00007fa6908d4de0
0x00007fa6973300b0:   01007fa6973300f8 00007fa69000acd0
0x00007fa6973300c0:   00007fa6902d2c70 0000000000000000
0x00007fa6973300d0:   0000000000000000 00007fa6973300f0
0x00007fa6973300e0:   00007fa6908d4e70 00007fa68d006058
0x00007fa6973300f0:   00007fa690007610 00007fa69000a890
0x00007fa697330100:   00007fa69000a8a0 00007fa69000ac78
0x00007fa697330110:   0000000000000000 00007fa697330158
0x00007fa697330120:   00000000c02a5570 0000000000000000
0x00007fa697330130:   00000000c022f950 0000000000000000
0x00007fa697330140:   00007fa697330158 00007fa6973301c0
0x00007fa697330150:   00007fa68d0004e7 00000000ed52f670
0x00007fa697330160:   00007fa600001fa0 00007fa697330360
0x00007fa697330170:   00007fa697330240 00007fa6973302e0
0x00007fa697330180:   00007fa69000a000 00007fa69000acc0
0x00007fa697330190:   00007fa697330200 00007fa697330368
0x00007fa6973301a0:   00007fa697330360 00007fa69000a000 

Instructions: (pc=0x00007fa67e6c6c2e)
0x00007fa67e6c6c0e:   f8 48 83 ec 28 8b 46 08 48 c7 07 00 00 00 00 48
0x00007fa67e6c6c1e:   89 d5 be 08 00 00 00 89 47 08 48 8b 02 48 89 d7
0x00007fa67e6c6c2e:   ff 50 20 48 89 ef 41 89 c6 e8 4c 3d dc ff 45 31
0x00007fa67e6c6c3e:   ed 48 85 c0 74 0b 48 89 c7 e8 4c 25 dc ff 41 89 

Register to memory mapping:

RAX=0x7372754374737269 is an unknown value
RBX=0x00007fa697330010 is pointing into the stack for thread: 0x00007fa69000a000
RCX=0x00007fa6906cb100 is an unknown value
RDX=0x00007fa690635120 is an unknown value
RSP=0x00007fa69732ffb0 is pointing into the stack for thread: 0x00007fa69000a000
RBP=0x00007fa690635120 is an unknown value
RSI=0x0000000000000008 is an unknown value
RDI=0x00007fa690635120 is an unknown value
R8 =0x00007fa6908d4e94 is an unknown value
R9 =0x0000000000000021 is an unknown value
R10=0x00007fa69732fd00 is pointing into the stack for thread: 0x00007fa69000a000
R11=0x00007fa67e6fc070: _ZNK11QTextEngine11formatIndexEPK11QScriptItem+0 in /tmp/QtJambi_paracaidista_amd64_4.7.0_gcc-20100927-1542/lib/libQtGui.so.4 at 0x00007fa67e2a3000
R12=0x00007fa697330040 is pointing into the stack for thread: 0x00007fa69000a000
R13=0x00007fa6908d4e80 is an unknown value
R14=0x00007fa6908d4e90 is an unknown value
R15=0x00007fa697330030 is pointing into the stack for thread: 0x00007fa69000a000


Stack: [0x00007fa697232000,0x00007fa697333000],  sp=0x00007fa69732ffb0,  free space=1015k
Native frames: (J=compiled Java code, j=interpreted, Vv=VM code, C=native code)
C  [libQtGui.so.4+0x423c2e]  QFont::QFont(QFont const&, QPaintDevice*)+0x3e

Java frames: (J=compiled Java code, j=interpreted, Vv=VM code)
j  com.trolltech.qt.gui.QPlainTextEdit.__qt_setPlainText_String(JLjava/lang/String;)V+0
j  com.trolltech.qt.gui.QPlainTextEdit.setPlainText(Ljava/lang/String;)V+52
j  es.miguelgonzalezgomez.dataBaseFun.qt.EditorTexto.establecerTexto(Ljava/lang/String;)V+13
j  es.miguelgonzalezgomez.dataBaseFun.qt.controladores.CEditor.establecerTextoModeloPestana()V+13
j  es.miguelgonzalezgomez.dataBaseFun.qt.controladores.CEditor.<init>(Les/miguelgonzalezgomez/dataBaseFun/domain/MPestana;)V+29
j  es.miguelgonzalezgomez.dataBaseFun.qt.controladores.CPestanaEditor.<init>(Les/miguelgonzalezgomez/dataBaseFun/domain/MPestana;)V+15
j  es.miguelgonzalezgomez.dataBaseFun.qt.WidgetPestanasEditores.addTabEditorTexto(Les/miguelgonzalezgomez/dataBaseFun/domain/MPestana;)V+5
j  es.miguelgonzalezgomez.dataBaseFun.qt.controladores.CWidgetPestanasEditores.anadidaPestana(Les/miguelgonzalezgomez/dataBaseFun/domain/MPestana;)V+5
j  es.miguelgonzalezgomez.dataBaseFun.qt.controladores.CWidgetPestanasEditores.cargarPestanasAbiertas()V+34
j  es.miguelgonzalezgomez.dataBaseFun.qt.controladores.CWidgetPestanasEditores.<init>()V+25
j  es.miguelgonzalezgomez.dataBaseFun.qt.controladores.CVentanaPrincipal.<init>()V+20
j  es.miguelgonzalezgomez.dataBaseFun.DataBaseFun.main([Ljava/lang/String;)V+30
v  ~StubRoutines::call_stub

---------------  P R O C E S S  ---------------

Java Threads: ( => current thread )
  0x00007fa690138800 JavaThread "Thread-0" daemon [_thread_blocked, id=7539, stack(0x00007fa684001000,0x00007fa684102000)]
  0x00007fa690097800 JavaThread "Service Thread" daemon [_thread_blocked, id=7537, stack(0x00007fa684b21000,0x00007fa684c22000)]
  0x00007fa690095000 JavaThread "C2 CompilerThread1" daemon [_thread_blocked, id=7536, stack(0x00007fa684c22000,0x00007fa684d23000)]
  0x00007fa690092000 JavaThread "C2 CompilerThread0" daemon [_thread_blocked, id=7535, stack(0x00007fa684d23000,0x00007fa684e24000)]
  0x00007fa690088000 JavaThread "Signal Dispatcher" daemon [_thread_blocked, id=7534, stack(0x00007fa684e24000,0x00007fa684f25000)]
  0x00007fa690070000 JavaThread "Finalizer" daemon [_thread_blocked, id=7533, stack(0x00007fa685606000,0x00007fa685707000)]
  0x00007fa69006c000 JavaThread "Reference Handler" daemon [_thread_blocked, id=7532, stack(0x00007fa685707000,0x00007fa685808000)]
=>0x00007fa69000a000 JavaThread "main" [_thread_in_native, id=7526, stack(0x00007fa697232000,0x00007fa697333000)]

Other Threads:
  0x00007fa690069800 VMThread [stack: 0x00007fa685808000,0x00007fa685909000] [id=7531]
  0x00007fa6900aa000 WatcherThread [stack: 0x00007fa684a20000,0x00007fa684b21000] [id=7538]

VM state:not at safepoint (normal execution)

VM Mutex/Monitor currently owned by a thread: None

Heap
 PSYoungGen      total 17920K, used 15058K [0x00000000ec680000, 0x00000000eda80000, 0x0000000100000000)
  eden space 15360K, 98% used [0x00000000ec680000,0x00000000ed5349a8,0x00000000ed580000)
  from space 2560K, 0% used [0x00000000ed800000,0x00000000ed800000,0x00000000eda80000)
  to   space 2560K, 0% used [0x00000000ed580000,0x00000000ed580000,0x00000000ed800000)
 ParOldGen       total 39936K, used 0K [0x00000000c5400000, 0x00000000c7b00000, 0x00000000ec680000)
  object space 39936K, 0% used [0x00000000c5400000,0x00000000c5400000,0x00000000c7b00000)
 PSPermGen       total 21504K, used 9006K [0x00000000c0200000, 0x00000000c1700000, 0x00000000c5400000)
  object space 21504K, 41% used [0x00000000c0200000,0x00000000c0acbab8,0x00000000c1700000)

Card table byte_map: [0x00007fa694338000,0x00007fa694538000] byte_map_base: 0x00007fa693d37000

Polling page: 0x00007fa69735b000

Code Cache  [0x00007fa68d000000, 0x00007fa68d270000, 0x00007fa690000000)
 total_blobs=331 nmethods=30 adapters=256 free_code_cache=48665Kb largest_free_block=49818432

Compilation events (10 events):
Event: 0,538 Thread 0x00007fa690095000 nmethod 24 0x00007fa68d06f1d0 code [0x00007fa68d06f320, 0x00007fa68d06f478]
Event: 0,543 Thread 0x00007fa690095000   27   !         sun.reflect.generics.parser.SignatureParser::current (40 bytes)
Event: 0,544 Thread 0x00007fa690095000 nmethod 27 0x00007fa68d06ef90 code [0x00007fa68d06f0c0, 0x00007fa68d06f158]
Event: 0,545 Thread 0x00007fa690092000 nmethod 26 0x00007fa68d072590 code [0x00007fa68d072720, 0x00007fa68d072ba8]
Event: 0,547 Thread 0x00007fa690095000   28             java.lang.AbstractStringBuilder::ensureCapacityInternal (16 bytes)
Event: 0,550 Thread 0x00007fa690095000 nmethod 28 0x00007fa68d072050 code [0x00007fa68d0721a0, 0x00007fa68d072418]
Event: 0,575 Thread 0x00007fa690092000   29             java.io.DataOutputStream::writeUTF (435 bytes)
Event: 0,596 Thread 0x00007fa690092000 nmethod 29 0x00007fa68d07aa50 code [0x00007fa68d07abe0, 0x00007fa68d07b888]
Event: 0,648 Thread 0x00007fa690095000   30             java.lang.reflect.Method::getName (5 bytes)
Event: 0,648 Thread 0x00007fa690095000 nmethod 30 0x00007fa68d078490 code [0x00007fa68d0785c0, 0x00007fa68d078618]

GC Heap History (0 events):
No events

Deoptimization events (0 events):
No events

Internal exceptions (10 events):
Event: 0,660 Thread 0x00007fa69000a000 Threw 0x00000000ed4d0158 at /HUDSON/workspace/7u-2-build-linux-amd64/jdk7u45/229/hotspot/src/share/vm/prims/jvm.cpp:1244
Event: 0,662 Thread 0x00007fa69000a000 Threw 0x00000000ed4dd538 at /HUDSON/workspace/7u-2-build-linux-amd64/jdk7u45/229/hotspot/src/share/vm/prims/jvm.cpp:1244
Event: 0,665 Thread 0x00007fa69000a000 Threw 0x00000000ed4eda28 at /HUDSON/workspace/7u-2-build-linux-amd64/jdk7u45/229/hotspot/src/share/vm/prims/jvm.cpp:1244
Event: 0,665 Thread 0x00007fa69000a000 Threw 0x00000000ed4f1018 at /HUDSON/workspace/7u-2-build-linux-amd64/jdk7u45/229/hotspot/src/share/vm/prims/jvm.cpp:1244
Event: 0,668 Thread 0x00007fa69000a000 Threw 0x00000000ed4f4ee8 at /HUDSON/workspace/7u-2-build-linux-amd64/jdk7u45/229/hotspot/src/share/vm/prims/jvm.cpp:1244
Event: 0,669 Thread 0x00007fa69000a000 Threw 0x00000000ed4fe530 at /HUDSON/workspace/7u-2-build-linux-amd64/jdk7u45/229/hotspot/src/share/vm/prims/jvm.cpp:1244
Event: 0,672 Thread 0x00007fa69000a000 Threw 0x00000000ed502c38 at /HUDSON/workspace/7u-2-build-linux-amd64/jdk7u45/229/hotspot/src/share/vm/prims/jvm.cpp:1244
Event: 0,673 Thread 0x00007fa69000a000 Threw 0x00000000ed507aa0 at /HUDSON/workspace/7u-2-build-linux-amd64/jdk7u45/229/hotspot/src/share/vm/prims/jvm.cpp:1244
Event: 0,673 Thread 0x00007fa69000a000 Threw 0x00000000ed50b420 at /HUDSON/workspace/7u-2-build-linux-amd64/jdk7u45/229/hotspot/src/share/vm/prims/jvm.cpp:1244
Event: 0,678 Thread 0x00007fa69000a000 Threw 0x00000000ed52bfc8 at /HUDSON/workspace/7u-2-build-linux-amd64/jdk7u45/229/hotspot/src/share/vm/prims/jvm.cpp:1244

Events (10 events):
Event: 0,677 loading class 0x00007fa658049850
Event: 0,678 loading class 0x00007fa658049850 done
Event: 0,678 loading class 0x00007fa658049690 done
Event: 0,678 loading class 0x00007fa658049d10 done
Event: 0,678 loading class 0x00007fa6580495a0
Event: 0,678 loading class 0x00007fa6580495a0 done
Event: 0,678 loading class 0x00007fa6580499e0
Event: 0,678 loading class 0x00007fa6580499e0 done
Event: 0,678 loading class 0x00007fa69063cb20
Event: 0,678 loading class 0x00007fa69063cb20 done


Dynamic libraries:
00400000-00401000 r-xp 00000000 08:06 150460                             /usr/lib/jvm/java-7-oracle/bin/java
00600000-00601000 rw-p 00000000 08:06 150460                             /usr/lib/jvm/java-7-oracle/bin/java
01d19000-01d3a000 rw-p 00000000 00:00 0                                  [heap]
c0200000-c1700000 rw-p 00000000 00:00 0 
c1700000-c5400000 rw-p 00000000 00:00 0 
c5400000-c7b00000 rw-p 00000000 00:00 0 
c7b00000-ec680000 rw-p 00000000 00:00 0 
ec680000-eda80000 rw-p 00000000 00:00 0 
eda80000-100000000 rw-p 00000000 00:00 0 
7fa644f35000-7fa644f38000 r-xp 00000000 08:06 267663                     /usr/lib/x86_64-linux-gnu/pango/1.8.0/modules/pango-basic-fc.so
7fa644f38000-7fa645137000 ---p 00003000 08:06 267663                     /usr/lib/x86_64-linux-gnu/pango/1.8.0/modules/pango-basic-fc.so
7fa645137000-7fa645138000 r--p 00002000 08:06 267663                     /usr/lib/x86_64-linux-gnu/pango/1.8.0/modules/pango-basic-fc.so
7fa645138000-7fa645139000 rw-p 00003000 08:06 267663                     /usr/lib/x86_64-linux-gnu/pango/1.8.0/modules/pango-basic-fc.so
7fa645139000-7fa645142000 r-xp 00000000 08:06 267411                     /usr/lib/x86_64-linux-gnu/gtk-2.0/2.10.0/engines/libpixmap.so
7fa645142000-7fa645342000 ---p 00009000 08:06 267411                     /usr/lib/x86_64-linux-gnu/gtk-2.0/2.10.0/engines/libpixmap.so
7fa645342000-7fa645343000 r--p 00009000 08:06 267411                     /usr/lib/x86_64-linux-gnu/gtk-2.0/2.10.0/engines/libpixmap.so
7fa645343000-7fa645344000 rw-p 0000a000 08:06 267411                     /usr/lib/x86_64-linux-gnu/gtk-2.0/2.10.0/engines/libpixmap.so
7fa645344000-7fa645373000 r-xp 00000000 08:06 267410                     /usr/lib/x86_64-linux-gnu/gtk-2.0/2.10.0/engines/libmurrine.so
7fa645373000-7fa645573000 ---p 0002f000 08:06 267410                     /usr/lib/x86_64-linux-gnu/gtk-2.0/2.10.0/engines/libmurrine.so
7fa645573000-7fa645574000 r--p 0002f000 08:06 267410                     /usr/lib/x86_64-linux-gnu/gtk-2.0/2.10.0/engines/libmurrine.so
7fa645574000-7fa645575000 rw-p 00030000 08:06 267410                     /usr/lib/x86_64-linux-gnu/gtk-2.0/2.10.0/engines/libmurrine.so
7fa645575000-7fa64557b000 r-xp 00000000 08:06 144054                     /usr/lib/x86_64-linux-gnu/libogg.so.0.8.0
7fa64557b000-7fa64577a000 ---p 00006000 08:06 144054                     /usr/lib/x86_64-linux-gnu/libogg.so.0.8.0
7fa64577a000-7fa64577b000 r--p 00005000 08:06 144054                     /usr/lib/x86_64-linux-gnu/libogg.so.0.8.0
7fa64577b000-7fa64577c000 rw-p 00006000 08:06 144054                     /usr/lib/x86_64-linux-gnu/libogg.so.0.8.0
7fa64577c000-7fa6457a7000 r-xp 00000000 08:06 144310                     /usr/lib/x86_64-linux-gnu/libvorbis.so.0.4.5
7fa6457a7000-7fa6459a7000 ---p 0002b000 08:06 144310                     /usr/lib/x86_64-linux-gnu/libvorbis.so.0.4.5
7fa6459a7000-7fa6459a8000 r--p 0002b000 08:06 144310                     /usr/lib/x86_64-linux-gnu/libvorbis.so.0.4.5
7fa6459a8000-7fa6459a9000 rw-p 0002c000 08:06 144310                     /usr/lib/x86_64-linux-gnu/libvorbis.so.0.4.5
7fa6459a9000-7fa6459ac000 r-xp 00000000 08:06 396191                     /lib/x86_64-linux-gnu/libgpg-error.so.0.8.0
7fa6459ac000-7fa645bab000 ---p 00003000 08:06 396191                     /lib/x86_64-linux-gnu/libgpg-error.so.0.8.0
7fa645bab000-7fa645bac000 r--p 00002000 08:06 396191                     /lib/x86_64-linux-gnu/libgpg-error.so.0.8.0
7fa645bac000-7fa645bad000 rw-p 00003000 08:06 396191                     /lib/x86_64-linux-gnu/libgpg-error.so.0.8.0
7fa645bad000-7fa645bbf000 r-xp 00000000 08:06 144070                     /usr/lib/x86_64-linux-gnu/libp11-kit.so.0.0.0
7fa645bbf000-7fa645dbf000 ---p 00012000 08:06 144070                     /usr/lib/x86_64-linux-gnu/libp11-kit.so.0.0.0
7fa645dbf000-7fa645dc0000 r--p 00012000 08:06 144070                     /usr/lib/x86_64-linux-gnu/libp11-kit.so.0.0.0
7fa645dc0000-7fa645dc1000 rw-p 00013000 08:06 144070                     /usr/lib/x86_64-linux-gnu/libp11-kit.so.0.0.0
7fa645dc1000-7fa645dd0000 r-xp 00000000 08:06 144240                     /usr/lib/x86_64-linux-gnu/libtasn1.so.3.2.0
7fa645dd0000-7fa645fd0000 ---p 0000f000 08:06 144240                     /usr/lib/x86_64-linux-gnu/libtasn1.so.3.2.0
7fa645fd0000-7fa645fd1000 r--p 0000f000 08:06 144240                     /usr/lib/x86_64-linux-gnu/libtasn1.so.3.2.0
7fa645fd1000-7fa645fd2000 rw-p 00010000 08:06 144240                     /usr/lib/x86_64-linux-gnu/libtasn1.so.3.2.0
7fa645fd2000-7fa645fdb000 r-xp 00000000 08:06 143971                     /usr/lib/x86_64-linux-gnu/libltdl.so.7.3.0
7fa645fdb000-7fa6461da000 ---p 00009000 08:06 143971                     /usr/lib/x86_64-linux-gnu/libltdl.so.7.3.0
7fa6461da000-7fa6461db000 r--p 00008000 08:06 143971                     /usr/lib/x86_64-linux-gnu/libltdl.so.7.3.0
7fa6461db000-7fa6461dc000 rw-p 00009000 08:06 143971                     /usr/lib/x86_64-linux-gnu/libltdl.so.7.3.0
7fa6461dc000-7fa6461ec000 r-xp 00000000 08:06 144242                     /usr/lib/x86_64-linux-gnu/libtdb.so.1.2.10
7fa6461ec000-7fa6463ec000 ---p 00010000 08:06 144242                     /usr/lib/x86_64-linux-gnu/libtdb.so.1.2.10
7fa6463ec000-7fa6463ed000 r--p 00010000 08:06 144242                     /usr/lib/x86_64-linux-gnu/libtdb.so.1.2.10
7fa6463ed000-7fa6463ee000 rw-p 00011000 08:06 144242                     /usr/lib/x86_64-linux-gnu/libtdb.so.1.2.10
7fa6463ee000-7fa6463f5000 r-xp 00000000 08:06 144314                     /usr/lib/x86_64-linux-gnu/libvorbisfile.so.3.3.4
7fa6463f5000-7fa6465f4000 ---p 00007000 08:06 144314                     /usr/lib/x86_64-linux-gnu/libvorbisfile.so.3.3.4
7fa6465f4000-7fa6465f5000 r--p 00006000 08:06 144314                     /usr/lib/x86_64-linux-gnu/libvorbisfile.so.3.3.4
7fa6465f5000-7fa6465f6000 rw-p 00007000 08:06 144314                     /usr/lib/x86_64-linux-gnu/libvorbisfile.so.3.3.4
7fa6465f6000-7fa646617000 r-xp 00000000 08:06 396207                     /lib/x86_64-linux-gnu/liblzma.so.5.0.0
7fa646617000-7fa646816000 ---p 00021000 08:06 396207                     /lib/x86_64-linux-gnu/liblzma.so.5.0.0
7fa646816000-7fa646817000 r--p 00020000 08:06 396207                     /lib/x86_64-linux-gnu/liblzma.so.5.0.0
7fa646817000-7fa646818000 rw-p 00021000 08:06 396207                     /lib/x86_64-linux-gnu/liblzma.so.5.0.0
7fa646818000-7fa64681d000 r-xp 00000000 08:06 143247                     /usr/lib/x86_64-linux-gnu/libORBitCosNaming-2.so.0.1.0
7fa64681d000-7fa646a1d000 ---p 00005000 08:06 143247                     /usr/lib/x86_64-linux-gnu/libORBitCosNaming-2.so.0.1.0
7fa646a1d000-7fa646a1e000 r--p 00005000 08:06 143247                     /usr/lib/x86_64-linux-gnu/libORBitCosNaming-2.so.0.1.0
7fa646a1e000-7fa646a1f000 rw-p 00006000 08:06 143247                     /usr/lib/x86_64-linux-gnu/libORBitCosNaming-2.so.0.1.0
7fa646a1f000-7fa646a99000 r-xp 00000000 08:06 395060                     /lib/x86_64-linux-gnu/libgcrypt.so.11.7.0
7fa646a99000-7fa646c99000 ---p 0007a000 08:06 395060                     /lib/x86_64-linux-gnu/libgcrypt.so.11.7.0
7fa646c99000-7fa646c9a000 r--p 0007a000 08:06 395060                     /lib/x86_64-linux-gnu/libgcrypt.so.11.7.0
7fa646c9a000-7fa646c9d000 rw-p 0007b000 08:06 395060                     /lib/x86_64-linux-gnu/libgcrypt.so.11.7.0
7fa646c9d000-7fa646c9f000 r-xp 00000000 08:06 416964                     /lib/x86_64-linux-gnu/libutil-2.17.so
7fa646c9f000-7fa646e9e000 ---p 00002000 08:06 416964                     /lib/x86_64-linux-gnu/libutil-2.17.so
7fa646e9e000-7fa646e9f000 r--p 00001000 08:06 416964                     /lib/x86_64-linux-gnu/libutil-2.17.so
7fa646e9f000-7fa646ea0000 rw-p 00002000 08:06 416964                     /lib/x86_64-linux-gnu/libutil-2.17.so
7fa646ea0000-7fa646eaf000 r-xp 00000000 08:06 143420                     /usr/lib/x86_64-linux-gnu/libavahi-client.so.3.2.9
7fa646eaf000-7fa6470af000 ---p 0000f000 08:06 143420                     /usr/lib/x86_64-linux-gnu/libavahi-client.so.3.2.9
7fa6470af000-7fa6470b0000 r--p 0000f000 08:06 143420                     /usr/lib/x86_64-linux-gnu/libavahi-client.so.3.2.9
7fa6470b0000-7fa6470b1000 rw-p 00010000 08:06 143420                     /usr/lib/x86_64-linux-gnu/libavahi-client.so.3.2.9
7fa6470b1000-7fa6470bc000 r-xp 00000000 08:06 143422                     /usr/lib/x86_64-linux-gnu/libavahi-common.so.3.5.3
7fa6470bc000-7fa6472bb000 ---p 0000b000 08:06 143422                     /usr/lib/x86_64-linux-gnu/libavahi-common.so.3.5.3
7fa6472bb000-7fa6472bc000 r--p 0000a000 08:06 143422                     /usr/lib/x86_64-linux-gnu/libavahi-common.so.3.5.3
7fa6472bc000-7fa6472bd000 rw-p 0000b000 08:06 143422                     /usr/lib/x86_64-linux-gnu/libavahi-common.so.3.5.3
7fa6472bd000-7fa6472c0000 r-xp 00000000 08:06 143426                     /usr/lib/x86_64-linux-gnu/libavahi-glib.so.1.0.2
7fa6472c0000-7fa6474bf000 ---p 00003000 08:06 143426                     /usr/lib/x86_64-linux-gnu/libavahi-glib.so.1.0.2
7fa6474bf000-7fa6474c0000 r--p 00002000 08:06 143426                     /usr/lib/x86_64-linux-gnu/libavahi-glib.so.1.0.2
7fa6474c0000-7fa6474c1000 rw-p 00003000 08:06 143426                     /usr/lib/x86_64-linux-gnu/libavahi-glib.so.1.0.2
7fa6474c1000-7fa647576000 r-xp 00000000 08:06 136402                     /usr/lib/x86_64-linux-gnu/libgnutls.so.26.22.6
7fa647576000-7fa647775000 ---p 000b5000 08:06 136402                     /usr/lib/x86_64-linux-gnu/libgnutls.so.26.22.6
7fa647775000-7fa64777b000 r--p 000b4000 08:06 136402                     /usr/lib/x86_64-linux-gnu/libgnutls.so.26.22.6
7fa64777b000-7fa64777c000 rw-p 000ba000 08:06 136402                     /usr/lib/x86_64-linux-gnu/libgnutls.so.26.22.6
7fa64777c000-7fa64777d000 rw-p 00000000 00:00 0 
7fa64777d000-7fa6477c0000 r-xp 00000000 08:06 390411                     /lib/x86_64-linux-gnu/libdbus-1.so.3.7.2
7fa6477c0000-7fa6479bf000 ---p 00043000 08:06 390411                     /lib/x86_64-linux-gnu/libdbus-1.so.3.7.2
7fa6479bf000-7fa6479c0000 r--p 00042000 08:06 390411                     /lib/x86_64-linux-gnu/libdbus-1.so.3.7.2
7fa6479c0000-7fa6479c1000 rw-p 00043000 08:06 390411                     /lib/x86_64-linux-gnu/libdbus-1.so.3.7.2
7fa6479c1000-7fa6479e6000 r-xp 00000000 08:06 143534                     /usr/lib/x86_64-linux-gnu/libdbus-glib-1.so.2.2.2
7fa6479e6000-7fa647be6000 ---p 00025000 08:06 143534                     /usr/lib/x86_64-linux-gnu/libdbus-glib-1.so.2.2.2
7fa647be6000-7fa647be7000 r--p 00025000 08:06 143534                     /usr/lib/x86_64-linux-gnu/libdbus-glib-1.so.2.2.2
7fa647be7000-7fa647be8000 rw-p 00026000 08:06 143534                     /usr/lib/x86_64-linux-gnu/libdbus-glib-1.so.2.2.2
7fa647be8000-7fa647bf7000 r-xp 00000000 08:06 143468                     /usr/lib/x86_64-linux-gnu/libcanberra.so.0.2.5
7fa647bf7000-7fa647df6000 ---p 0000f000 08:06 143468                     /usr/lib/x86_64-linux-gnu/libcanberra.so.0.2.5
7fa647df6000-7fa647df7000 r--p 0000e000 08:06 143468                     /usr/lib/x86_64-linux-gnu/libcanberra.so.0.2.5
7fa647df7000-7fa647df8000 rw-p 0000f000 08:06 143468                     /usr/lib/x86_64-linux-gnu/libcanberra.so.0.2.5
7fa647df8000-7fa647dff000 r-xp 00000000 08:06 143680                     /usr/lib/x86_64-linux-gnu/libgailutil.so.18.0.1
7fa647dff000-7fa647ffe000 ---p 00007000 08:06 143680                     /usr/lib/x86_64-linux-gnu/libgailutil.so.18.0.1
7fa647ffe000-7fa647fff000 r--p 00006000 08:06 143680                     /usr/lib/x86_64-linux-gnu/libgailutil.so.18.0.1
7fa647fff000-7fa648000000 rw-p 00007000 08:06 143680                     /usr/lib/x86_64-linux-gnu/libgailutil.so.18.0.1
7fa648000000-7fa648021000 rw-p 00000000 00:00 0 
7fa648021000-7fa64c000000 ---p 00000000 00:00 0 
7fa64c0e2000-7fa64c192000 r--p 00000000 08:06 528923                     /usr/share/fonts/truetype/ttf-dejavu/DejaVuSans.ttf
7fa64c192000-7fa64c19d000 r-xp 00000000 08:06 396269                     /lib/x86_64-linux-gnu/libpopt.so.0.0.0
7fa64c19d000-7fa64c39c000 ---p 0000b000 08:06 396269                     /lib/x86_64-linux-gnu/libpopt.so.0.0.0
7fa64c39c000-7fa64c39d000 r--p 0000a000 08:06 396269                     /lib/x86_64-linux-gnu/libpopt.so.0.0.0
7fa64c39d000-7fa64c39e000 rw-p 0000b000 08:06 396269                     /lib/x86_64-linux-gnu/libpopt.so.0.0.0
7fa64c39e000-7fa64c4f7000 r-xp 00000000 08:06 146137                     /usr/lib/x86_64-linux-gnu/libxml2.so.2.9.0
7fa64c4f7000-7fa64c6f6000 ---p 00159000 08:06 146137                     /usr/lib/x86_64-linux-gnu/libxml2.so.2.9.0
7fa64c6f6000-7fa64c6fe000 r--p 00158000 08:06 146137                     /usr/lib/x86_64-linux-gnu/libxml2.so.2.9.0
7fa64c6fe000-7fa64c700000 rw-p 00160000 08:06 146137                     /usr/lib/x86_64-linux-gnu/libxml2.so.2.9.0
7fa64c700000-7fa64c701000 rw-p 00000000 00:00 0 
7fa64c701000-7fa64c75b000 r-xp 00000000 08:06 143243                     /usr/lib/x86_64-linux-gnu/libORBit-2.so.0.1.0
7fa64c75b000-7fa64c95b000 ---p 0005a000 08:06 143243                     /usr/lib/x86_64-linux-gnu/libORBit-2.so.0.1.0
7fa64c95b000-7fa64c96a000 r--p 0005a000 08:06 143243                     /usr/lib/x86_64-linux-gnu/libORBit-2.so.0.1.0
7fa64c96a000-7fa64c96d000 rw-p 00069000 08:06 143243                     /usr/lib/x86_64-linux-gnu/libORBit-2.so.0.1.0
7fa64c96d000-7fa64c984000 r-xp 00000000 08:06 143446                     /usr/lib/x86_64-linux-gnu/libbonobo-activation.so.4.0.0
7fa64c984000-7fa64cb83000 ---p 00017000 08:06 143446                     /usr/lib/x86_64-linux-gnu/libbonobo-activation.so.4.0.0
7fa64cb83000-7fa64cb85000 r--p 00016000 08:06 143446                     /usr/lib/x86_64-linux-gnu/libbonobo-activation.so.4.0.0
7fa64cb85000-7fa64cb87000 rw-p 00018000 08:06 143446                     /usr/lib/x86_64-linux-gnu/libbonobo-activation.so.4.0.0
7fa64cb87000-7fa64cbe9000 r-xp 00000000 08:06 143444                     /usr/lib/x86_64-linux-gnu/libbonobo-2.so.0.0.0
7fa64cbe9000-7fa64cde9000 ---p 00062000 08:06 143444                     /usr/lib/x86_64-linux-gnu/libbonobo-2.so.0.0.0
7fa64cde9000-7fa64cdef000 r--p 00062000 08:06 143444                     /usr/lib/x86_64-linux-gnu/libbonobo-2.so.0.0.0
7fa64cdef000-7fa64cdfa000 rw-p 00068000 08:06 143444                     /usr/lib/x86_64-linux-gnu/libbonobo-2.so.0.0.0
7fa64cdfa000-7fa64ce1d000 r-xp 00000000 08:06 143743                     /usr/lib/x86_64-linux-gnu/libgnome-keyring.so.0.2.0
7fa64ce1d000-7fa64d01c000 ---p 00023000 08:06 143743                     /usr/lib/x86_64-linux-gnu/libgnome-keyring.so.0.2.0
7fa64d01c000-7fa64d01d000 r--p 00022000 08:06 143743                     /usr/lib/x86_64-linux-gnu/libgnome-keyring.so.0.2.0
7fa64d01d000-7fa64d01e000 rw-p 00023000 08:06 143743                     /usr/lib/x86_64-linux-gnu/libgnome-keyring.so.0.2.0
7fa64d01e000-7fa64d04b000 r-xp 00000000 08:06 143690                     /usr/lib/x86_64-linux-gnu/libgconf-2.so.4.1.5
7fa64d04b000-7fa64d24a000 ---p 0002d000 08:06 143690                     /usr/lib/x86_64-linux-gnu/libgconf-2.so.4.1.5
7fa64d24a000-7fa64d24b000 r--p 0002c000 08:06 143690                     /usr/lib/x86_64-linux-gnu/libgconf-2.so.4.1.5
7fa64d24b000-7fa64d24c000 rw-p 0002d000 08:06 143690                     /usr/lib/x86_64-linux-gnu/libgconf-2.so.4.1.5
7fa64d24c000-7fa64d2ae000 r-xp 00000000 08:06 143749                     /usr/lib/x86_64-linux-gnu/libgnomevfs-2.so.0.2400.4
7fa64d2ae000-7fa64d4ad000 ---p 00062000 08:06 143749                     /usr/lib/x86_64-linux-gnu/libgnomevfs-2.so.0.2400.4
7fa64d4ad000-7fa64d4b0000 r--p 00061000 08:06 143749                     /usr/lib/x86_64-linux-gnu/libgnomevfs-2.so.0.2400.4
7fa64d4b0000-7fa64d4b2000 rw-p 00064000 08:06 143749                     /usr/lib/x86_64-linux-gnu/libgnomevfs-2.so.0.2400.4
7fa64d4b2000-7fa64d4b3000 rw-p 00000000 00:00 0 
7fa64d4b3000-7fa64d4cb000 r-xp 00000000 08:06 143396                     /usr/lib/x86_64-linux-gnu/libart_lgpl_2.so.2.3.21
7fa64d4cb000-7fa64d6ca000 ---p 00018000 08:06 143396                     /usr/lib/x86_64-linux-gnu/libart_lgpl_2.so.2.3.21
7fa64d6ca000-7fa64d6cb000 r--p 00017000 08:06 143396                     /usr/lib/x86_64-linux-gnu/libart_lgpl_2.so.2.3.21
7fa64d6cb000-7fa64d6cc000 rw-p 00018000 08:06 143396                     /usr/lib/x86_64-linux-gnu/libart_lgpl_2.so.2.3.21
7fa64d6cc000-7fa64d6e1000 r-xp 00000000 08:06 143741                     /usr/lib/x86_64-linux-gnu/libgnome-2.so.0.3200.1
7fa64d6e1000-7fa64d8e1000 ---p 00015000 08:06 143741                     /usr/lib/x86_64-linux-gnu/libgnome-2.so.0.3200.1
7fa64d8e1000-7fa64d8e2000 r--p 00015000 08:06 143741                     /usr/lib/x86_64-linux-gnu/libgnome-2.so.0.3200.1
7fa64d8e2000-7fa64d8e3000 rw-p 00016000 08:06 143741                     /usr/lib/x86_64-linux-gnu/libgnome-2.so.0.3200.1
7fa64d8e3000-7fa64d916000 r-xp 00000000 08:06 143745                     /usr/lib/x86_64-linux-gnu/libgnomecanvas-2.so.0.3000.3
7fa64d916000-7fa64db16000 ---p 00033000 08:06 143745                     /usr/lib/x86_64-linux-gnu/libgnomecanvas-2.so.0.3000.3
7fa64db16000-7fa64db17000 r--p 00033000 08:06 143745                     /usr/lib/x86_64-linux-gnu/libgnomecanvas-2.so.0.3000.3
7fa64db17000-7fa64db18000 rw-p 00034000 08:06 143745                     /usr/lib/x86_64-linux-gnu/libgnomecanvas-2.so.0.3000.3
7fa64db18000-7fa64db81000 r-xp 00000000 08:06 143448                     /usr/lib/x86_64-linux-gnu/libbonoboui-2.so.0.0.0
7fa64db81000-7fa64dd80000 ---p 00069000 08:06 143448                     /usr/lib/x86_64-linux-gnu/libbonoboui-2.so.0.0.0
7fa64dd80000-7fa64dd81000 r--p 00068000 08:06 143448                     /usr/lib/x86_64-linux-gnu/libbonoboui-2.so.0.0.0
7fa64dd81000-7fa64dd84000 rw-p 00069000 08:06 143448                     /usr/lib/x86_64-linux-gnu/libbonoboui-2.so.0.0.0
7fa64dd84000-7fa64dd85000 rw-p 00000000 00:00 0 
7fa64dd85000-7fa64de1b000 r-xp 00000000 08:06 143747                     /usr/lib/x86_64-linux-gnu/libgnomeui-2.so.0.2400.5
7fa64de1b000-7fa64e01a000 ---p 00096000 08:06 143747                     /usr/lib/x86_64-linux-gnu/libgnomeui-2.so.0.2400.5
7fa64e01a000-7fa64e01d000 r--p 00095000 08:06 143747                     /usr/lib/x86_64-linux-gnu/libgnomeui-2.so.0.2400.5
7fa64e01d000-7fa64e01f000 rw-p 00098000 08:06 143747                     /usr/lib/x86_64-linux-gnu/libgnomeui-2.so.0.2400.5
7fa64e01f000-7fa64e020000 rw-p 00000000 00:00 0 
7fa64e020000-7fa64f18f000 r-xp 00000000 08:06 161955                     /usr/lib/x86_64-linux-gnu/libicudata.so.48.1.1
7fa64f18f000-7fa64f38e000 ---p 0116f000 08:06 161955                     /usr/lib/x86_64-linux-gnu/libicudata.so.48.1.1
7fa64f38e000-7fa64f38f000 r--p 0116e000 08:06 161955                     /usr/lib/x86_64-linux-gnu/libicudata.so.48.1.1
7fa64f38f000-7fa64f390000 rw-p 0116f000 08:06 161955                     /usr/lib/x86_64-linux-gnu/libicudata.so.48.1.1
7fa64f390000-7fa64f4e6000 r-xp 00000000 08:06 161958                     /usr/lib/x86_64-linux-gnu/libicuuc.so.48.1.1
7fa64f4e6000-7fa64f6e5000 ---p 00156000 08:06 161958                     /usr/lib/x86_64-linux-gnu/libicuuc.so.48.1.1
7fa64f6e5000-7fa64f6f6000 r--p 00155000 08:06 161958                     /usr/lib/x86_64-linux-gnu/libicuuc.so.48.1.1
7fa64f6f6000-7fa64f6f7000 rw-p 00166000 08:06 161958                     /usr/lib/x86_64-linux-gnu/libicuuc.so.48.1.1
7fa64f6f7000-7fa64f6fb000 rw-p 00000000 00:00 0 
7fa64f6fb000-7fa64f72d000 r-xp 00000000 08:06 161956                     /usr/lib/x86_64-linux-gnu/libicule.so.48.1.1
7fa64f72d000-7fa64f92d000 ---p 00032000 08:06 161956                     /usr/lib/x86_64-linux-gnu/libicule.so.48.1.1
7fa64f92d000-7fa64f92f000 r--p 00032000 08:06 161956                     /usr/lib/x86_64-linux-gnu/libicule.so.48.1.1
7fa64f92f000-7fa64f930000 rw-p 00034000 08:06 161956                     /usr/lib/x86_64-linux-gnu/libicule.so.48.1.1
7fa64f930000-7fa64f9c5000 r-xp 00000000 08:06 143888                     /usr/lib/x86_64-linux-gnu/libharfbuzz.so.0.913.0
7fa64f9c5000-7fa64fbc4000 ---p 00095000 08:06 143888                     /usr/lib/x86_64-linux-gnu/libharfbuzz.so.0.913.0
7fa64fbc4000-7fa64fbc6000 r--p 00094000 08:06 143888                     /usr/lib/x86_64-linux-gnu/libharfbuzz.so.0.913.0
7fa64fbc6000-7fa64fbc7000 rw-p 00096000 08:06 143888                     /usr/lib/x86_64-linux-gnu/libharfbuzz.so.0.913.0
7fa64fbc7000-7fa64fbdd000 r-xp 00000000 08:06 416967                     /lib/x86_64-linux-gnu/libresolv-2.17.so
7fa64fbdd000-7fa64fddd000 ---p 00016000 08:06 416967                     /lib/x86_64-linux-gnu/libresolv-2.17.so
7fa64fddd000-7fa64fdde000 r--p 00016000 08:06 416967                     /lib/x86_64-linux-gnu/libresolv-2.17.so
7fa64fdde000-7fa64fddf000 rw-p 00017000 08:06 416967                     /lib/x86_64-linux-gnu/libresolv-2.17.so
7fa64fddf000-7fa64fde1000 rw-p 00000000 00:00 0 
7fa64fde1000-7fa64fdfe000 r-xp 00000000 08:06 396282                     /lib/x86_64-linux-gnu/libselinux.so.1
7fa64fdfe000-7fa64fffd000 ---p 0001d000 08:06 396282                     /lib/x86_64-linux-gnu/libselinux.so.1
7fa64fffd000-7fa64fffe000 r--p 0001c000 08:06 396282                     /lib/x86_64-linux-gnu/libselinux.so.1
7fa64fffe000-7fa64ffff000 rw-p 0001d000 08:06 396282                     /lib/x86_64-linux-gnu/libselinux.so.1
7fa64ffff000-7fa650000000 rw-p 00000000 00:00 0 
7fa650000000-7fa650021000 rw-p 00000000 00:00 0 
7fa650021000-7fa654000000 ---p 00000000 00:00 0 
7fa654000000-7fa654021000 rw-p 00000000 00:00 0 
7fa654021000-7fa658000000 ---p 00000000 00:00 0 
7fa658000000-7fa65816d000 rw-p 00000000 00:00 0 
7fa65816d000-7fa65c000000 ---p 00000000 00:00 0 
7fa65c000000-7fa65c0b5000 rw-p 00000000 00:00 0 
7fa65c0b5000-7fa660000000 ---p 00000000 00:00 0 
7fa660000000-7fa660021000 rw-p 00000000 00:00 0 
7fa660021000-7fa664000000 ---p 00000000 00:00 0 
7fa664000000-7fa664021000 rw-p 00000000 00:00 0 
7fa664021000-7fa668000000 ---p 00000000 00:00 0 
7fa668000000-7fa668021000 rw-p 00000000 00:00 0 
7fa668021000-7fa66c000000 ---p 00000000 00:00 0 
7fa66c000000-7fa66c021000 rw-p 00000000 00:00 0 
7fa66c021000-7fa670000000 ---p 00000000 00:00 0 
7fa670000000-7fa670021000 rw-p 00000000 00:00 0 
7fa670021000-7fa674000000 ---p 00000000 00:00 0 
7fa674071000-7fa674079000 r-xp 00000000 08:06 146675                     /usr/lib/x86_64-linux-gnu/libxcb-render.so.0.0.0
7fa674079000-7fa674279000 ---p 00008000 08:06 146675                     /usr/lib/x86_64-linux-gnu/libxcb-render.so.0.0.0
7fa674279000-7fa67427a000 r--p 00008000 08:06 146675                     /usr/lib/x86_64-linux-gnu/libxcb-render.so.0.0.0
7fa67427a000-7fa67427b000 rw-p 00009000 08:06 146675                     /usr/lib/x86_64-linux-gnu/libxcb-render.so.0.0.0
7fa67427b000-7fa67427d000 r-xp 00000000 08:06 146686                     /usr/lib/x86_64-linux-gnu/libxcb-shm.so.0.0.0
7fa67427d000-7fa67447c000 ---p 00002000 08:06 146686                     /usr/lib/x86_64-linux-gnu/libxcb-shm.so.0.0.0
7fa67447c000-7fa67447d000 r--p 00001000 08:06 146686                     /usr/lib/x86_64-linux-gnu/libxcb-shm.so.0.0.0
7fa67447d000-7fa67447e000 rw-p 00002000 08:06 146686                     /usr/lib/x86_64-linux-gnu/libxcb-shm.so.0.0.0
7fa67447e000-7fa67450e000 r-xp 00000000 08:06 144100                     /usr/lib/x86_64-linux-gnu/libpixman-1.so.0.28.2
7fa67450e000-7fa67470d000 ---p 00090000 08:06 144100                     /usr/lib/x86_64-linux-gnu/libpixman-1.so.0.28.2
7fa67470d000-7fa674714000 r--p 0008f000 08:06 144100                     /usr/lib/x86_64-linux-gnu/libpixman-1.so.0.28.2
7fa674714000-7fa674715000 rw-p 00096000 08:06 144100                     /usr/lib/x86_64-linux-gnu/libpixman-1.so.0.28.2
7fa674715000-7fa674717000 r-xp 00000000 08:06 143335                     /usr/lib/x86_64-linux-gnu/libXdamage.so.1.1.0
7fa674717000-7fa674916000 ---p 00002000 08:06 143335                     /usr/lib/x86_64-linux-gnu/libXdamage.so.1.1.0
7fa674916000-7fa674917000 r--p 00001000 08:06 143335                     /usr/lib/x86_64-linux-gnu/libXdamage.so.1.1.0
7fa674917000-7fa674918000 rw-p 00002000 08:06 143335                     /usr/lib/x86_64-linux-gnu/libXdamage.so.1.1.0
7fa674918000-7fa67491a000 r-xp 00000000 08:06 143331                     /usr/lib/x86_64-linux-gnu/libXcomposite.so.1.0.0
7fa67491a000-7fa674b19000 ---p 00002000 08:06 143331                     /usr/lib/x86_64-linux-gnu/libXcomposite.so.1.0.0
7fa674b19000-7fa674b1a000 r--p 00001000 08:06 143331                     /usr/lib/x86_64-linux-gnu/libXcomposite.so.1.0.0
7fa674b1a000-7fa674b1b000 rw-p 00002000 08:06 143331                     /usr/lib/x86_64-linux-gnu/libXcomposite.so.1.0.0
7fa674b1b000-7fa674b63000 r-xp 00000000 08:06 144078                     /usr/lib/x86_64-linux-gnu/libpango-1.0.so.0.3200.5
7fa674b63000-7fa674d63000 ---p 00048000 08:06 144078                     /usr/lib/x86_64-linux-gnu/libpango-1.0.so.0.3200.5
7fa674d63000-7fa674d65000 r--p 00048000 08:06 144078                     /usr/lib/x86_64-linux-gnu/libpango-1.0.so.0.3200.5
7fa674d65000-7fa674d66000 rw-p 0004a000 08:06 144078                     /usr/lib/x86_64-linux-gnu/libpango-1.0.so.0.3200.5
7fa674d66000-7fa674d79000 r-xp 00000000 08:06 144082                     /usr/lib/x86_64-linux-gnu/libpangoft2-1.0.so.0.3200.5
7fa674d79000-7fa674f78000 ---p 00013000 08:06 144082                     /usr/lib/x86_64-linux-gnu/libpangoft2-1.0.so.0.3200.5
7fa674f78000-7fa674f79000 r--p 00012000 08:06 144082                     /usr/lib/x86_64-linux-gnu/libpangoft2-1.0.so.0.3200.5
7fa674f79000-7fa674f7a000 rw-p 00013000 08:06 144082                     /usr/lib/x86_64-linux-gnu/libpangoft2-1.0.so.0.3200.5
7fa674f7a000-7fa6750cd000 r-xp 00000000 08:06 143723                     /usr/lib/x86_64-linux-gnu/libgio-2.0.so.0.3600.0
7fa6750cd000-7fa6752cc000 ---p 00153000 08:06 143723                     /usr/lib/x86_64-linux-gnu/libgio-2.0.so.0.3600.0
7fa6752cc000-7fa6752d0000 r--p 00152000 08:06 143723                     /usr/lib/x86_64-linux-gnu/libgio-2.0.so.0.3600.0
7fa6752d0000-7fa6752d2000 rw-p 00156000 08:06 143723                     /usr/lib/x86_64-linux-gnu/libgio-2.0.so.0.3600.0
7fa6752d2000-7fa6752d4000 rw-p 00000000 00:00 0 
7fa6752d4000-7fa6752f2000 r-xp 00000000 08:06 143702                     /usr/lib/x86_64-linux-gnu/libgdk_pixbuf-2.0.so.0.2800.0
7fa6752f2000-7fa6754f2000 ---p 0001e000 08:06 143702                     /usr/lib/x86_64-linux-gnu/libgdk_pixbuf-2.0.so.0.2800.0
7fa6754f2000-7fa6754f3000 r--p 0001e000 08:06 143702                     /usr/lib/x86_64-linux-gnu/libgdk_pixbuf-2.0.so.0.2800.0
7fa6754f3000-7fa6754f4000 rw-p 0001f000 08:06 143702                     /usr/lib/x86_64-linux-gnu/libgdk_pixbuf-2.0.so.0.2800.0
7fa6754f4000-7fa6755f2000 r-xp 00000000 08:06 143460                     /usr/lib/x86_64-linux-gnu/libcairo.so.2.11200.14
7fa6755f2000-7fa6757f2000 ---p 000fe000 08:06 143460                     /usr/lib/x86_64-linux-gnu/libcairo.so.2.11200.14
7fa6757f2000-7fa6757f5000 r--p 000fe000 08:06 143460                     /usr/lib/x86_64-linux-gnu/libcairo.so.2.11200.14
7fa6757f5000-7fa6757f6000 rw-p 00101000 08:06 143460                     /usr/lib/x86_64-linux-gnu/libcairo.so.2.11200.14
7fa6757f6000-7fa6757f8000 rw-p 00000000 00:00 0 
7fa6757f8000-7fa675818000 r-xp 00000000 08:06 143410                     /usr/lib/x86_64-linux-gnu/libatk-1.0.so.0.20809.1
7fa675818000-7fa675a17000 ---p 00020000 08:06 143410                     /usr/lib/x86_64-linux-gnu/libatk-1.0.so.0.20809.1
7fa675a17000-7fa675a19000 r--p 0001f000 08:06 143410                     /usr/lib/x86_64-linux-gnu/libatk-1.0.so.0.20809.1
7fa675a19000-7fa675a1a000 rw-p 00021000 08:06 143410                     /usr/lib/x86_64-linux-gnu/libatk-1.0.so.0.20809.1
7fa675a1a000-7fa675a25000 r-xp 00000000 08:06 144080                     /usr/lib/x86_64-linux-gnu/libpangocairo-1.0.so.0.3200.5
7fa675a25000-7fa675c25000 ---p 0000b000 08:06 144080                     /usr/lib/x86_64-linux-gnu/libpangocairo-1.0.so.0.3200.5
7fa675c25000-7fa675c26000 r--p 0000b000 08:06 144080                     /usr/lib/x86_64-linux-gnu/libpangocairo-1.0.so.0.3200.5
7fa675c26000-7fa675c27000 rw-p 0000c000 08:06 144080                     /usr/lib/x86_64-linux-gnu/libpangocairo-1.0.so.0.3200.5
7fa675c27000-7fa675c2a000 r-xp 00000000 08:06 143735                     /usr/lib/x86_64-linux-gnu/libgmodule-2.0.so.0.3600.0
7fa675c2a000-7fa675e29000 ---p 00003000 08:06 143735                     /usr/lib/x86_64-linux-gnu/libgmodule-2.0.so.0.3600.0
7fa675e29000-7fa675e2a000 r--p 00002000 08:06 143735                     /usr/lib/x86_64-linux-gnu/libgmodule-2.0.so.0.3600.0
7fa675e2a000-7fa675e2b000 rw-p 00003000 08:06 143735                     /usr/lib/x86_64-linux-gnu/libgmodule-2.0.so.0.3600.0
7fa675e2b000-7fa675ed8000 r-xp 00000000 08:06 143700                     /usr/lib/x86_64-linux-gnu/libgdk-x11-2.0.so.0.2400.17
7fa675ed8000-7fa6760d7000 ---p 000ad000 08:06 143700                     /usr/lib/x86_64-linux-gnu/libgdk-x11-2.0.so.0.2400.17
7fa6760d7000-7fa6760db000 r--p 000ac000 08:06 143700                     /usr/lib/x86_64-linux-gnu/libgdk-x11-2.0.so.0.2400.17
7fa6760db000-7fa6760dd000 rw-p 000b0000 08:06 143700                     /usr/lib/x86_64-linux-gnu/libgdk-x11-2.0.so.0.2400.17
7fa6760dd000-7fa67650a000 r-xp 00000000 08:06 143872                     /usr/lib/x86_64-linux-gnu/libgtk-x11-2.0.so.0.2400.17
7fa67650a000-7fa676709000 ---p 0042d000 08:06 143872                     /usr/lib/x86_64-linux-gnu/libgtk-x11-2.0.so.0.2400.17
7fa676709000-7fa676710000 r--p 0042c000 08:06 143872                     /usr/lib/x86_64-linux-gnu/libgtk-x11-2.0.so.0.2400.17
7fa676710000-7fa676714000 rw-p 00433000 08:06 143872                     /usr/lib/x86_64-linux-gnu/libgtk-x11-2.0.so.0.2400.17
7fa676714000-7fa676716000 rw-p 00000000 00:00 0 
7fa676716000-7fa676724000 r-xp 00000000 08:06 146545                     /usr/lib/x86_64-linux-gnu/libXi.so.6.1.0
7fa676724000-7fa676924000 ---p 0000e000 08:06 146545                     /usr/lib/x86_64-linux-gnu/libXi.so.6.1.0
7fa676924000-7fa676925000 r--p 0000e000 08:06 146545                     /usr/lib/x86_64-linux-gnu/libXi.so.6.1.0
7fa676925000-7fa676926000 rw-p 0000f000 08:06 146545                     /usr/lib/x86_64-linux-gnu/libXi.so.6.1.0
7fa676926000-7fa676928000 r-xp 00000000 08:06 164288                     /usr/lib/x86_64-linux-gnu/libXinerama.so.1.0.0
7fa676928000-7fa676b27000 ---p 00002000 08:06 164288                     /usr/lib/x86_64-linux-gnu/libXinerama.so.1.0.0
7fa676b27000-7fa676b28000 r--p 00001000 08:06 164288                     /usr/lib/x86_64-linux-gnu/libXinerama.so.1.0.0
7fa676b28000-7fa676b29000 rw-p 00002000 08:06 164288                     /usr/lib/x86_64-linux-gnu/libXinerama.so.1.0.0
7fa676b29000-7fa676b32000 r-xp 00000000 08:06 164283                     /usr/lib/x86_64-linux-gnu/libXcursor.so.1.0.2
7fa676b32000-7fa676d32000 ---p 00009000 08:06 164283                     /usr/lib/x86_64-linux-gnu/libXcursor.so.1.0.2
7fa676d32000-7fa676d33000 r--p 00009000 08:06 164283                     /usr/lib/x86_64-linux-gnu/libXcursor.so.1.0.2
7fa676d33000-7fa676d34000 rw-p 0000a000 08:06 164283                     /usr/lib/x86_64-linux-gnu/libXcursor.so.1.0.2
7fa676d34000-7fa676d39000 r-xp 00000000 08:06 146589                     /usr/lib/x86_64-linux-gnu/libXfixes.so.3.1.0
7fa676d39000-7fa676f38000 ---p 00005000 08:06 146589                     /usr/lib/x86_64-linux-gnu/libXfixes.so.3.1.0
7fa676f38000-7fa676f39000 r--p 00004000 08:06 146589                     /usr/lib/x86_64-linux-gnu/libXfixes.so.3.1.0
7fa676f39000-7fa676f3a000 rw-p 00005000 08:06 146589                     /usr/lib/x86_64-linux-gnu/libXfixes.so.3.1.0
7fa676f3a000-7fa676f43000 r-xp 00000000 08:06 164298                     /usr/lib/x86_64-linux-gnu/libXrandr.so.2.2.0
7fa676f43000-7fa677142000 ---p 00009000 08:06 164298                     /usr/lib/x86_64-linux-gnu/libXrandr.so.2.2.0
7fa677142000-7fa677143000 r--p 00008000 08:06 164298                     /usr/lib/x86_64-linux-gnu/libXrandr.so.2.2.0
7fa677143000-7fa677144000 rw-p 00009000 08:06 164298                     /usr/lib/x86_64-linux-gnu/libXrandr.so.2.2.0
7fa677144000-7fa677147000 r-xp 00000000 08:06 293610                     /usr/lib/x86_64-linux-gnu/gconv/UTF-16.so
7fa677147000-7fa677346000 ---p 00003000 08:06 293610                     /usr/lib/x86_64-linux-gnu/gconv/UTF-16.so
7fa677346000-7fa677347000 r--p 00002000 08:06 293610                     /usr/lib/x86_64-linux-gnu/gconv/UTF-16.so
7fa677347000-7fa677348000 rw-p 00003000 08:06 293610                     /usr/lib/x86_64-linux-gnu/gconv/UTF-16.so
7fa677348000-7fa677da2000 r-xp 00000000 08:06 47452                      /tmp/QtJambi_paracaidista_amd64_4.7.0_gcc-20100927-1542/lib/libcom_trolltech_qt_gui.so
7fa677da2000-7fa677fa2000 ---p 00a5a000 08:06 47452                      /tmp/QtJambi_paracaidista_amd64_4.7.0_gcc-20100927-1542/lib/libcom_trolltech_qt_gui.so
7fa677fa2000-7fa677fc7000 r--p 00a5a000 08:06 47452                      /tmp/QtJambi_paracaidista_amd64_4.7.0_gcc-20100927-1542/lib/libcom_trolltech_qt_gui.so
7fa677fc7000-7fa677ffa000 rw-p 00a7f000 08:06 47452                      /tmp/QtJambi_paracaidista_amd64_4.7.0_gcc-20100927-1542/lib/libcom_trolltech_qt_gui.so
7fa677ffa000-7fa678000000 rw-p 00000000 00:00 0 
7fa678000000-7fa678021000 rw-p 00000000 00:00 0 
7fa678021000-7fa67c000000 ---p 00000000 00:00 0 
7fa67c041000-7fa67c045000 r--s 0008a000 08:06 150259                     /usr/lib/jvm/java-7-oracle/jre/lib/jsse.jar
7fa67c045000-7fa67c0f5000 r--p 00000000 08:06 528923                     /usr/share/fonts/truetype/ttf-dejavu/DejaVuSans.ttf
7fa67c0f5000-7fa67c0f6000 r--s 00000000 08:06 28322                      /var/cache/fontconfig/c05880de57d1f5e948fdfacc138775d9-le64.cache-3
7fa67c0f6000-7fa67c0ff000 r--s 00000000 08:06 28314                      /var/cache/fontconfig/945677eb7aeaf62f1d50efc3fb3ec7d8-le64.cache-3
7fa67c0ff000-7fa67c101000 r--s 00000000 08:06 28316                      /var/cache/fontconfig/99e8ed0e538f840c565b6ed5dad60d56-le64.cache-3
7fa67c101000-7fa67c109000 r--s 00000000 08:06 39365                      /var/cache/fontconfig/a6d8cf8e4ec09cdbc8633c31745a07dd-le64.cache-3
7fa67c109000-7fa67c10e000 r--s 00000000 08:06 28297                      /var/cache/fontconfig/2cd17615ca594fa2959ae173292e504c-le64.cache-3
7fa67c10e000-7fa67c10f000 r--s 00000000 08:06 28330                      /var/cache/fontconfig/e7071f4a29fa870f4323321c154eba04-le64.cache-3
7fa67c10f000-7fa67c114000 r--s 00000000 08:06 28309                      /var/cache/fontconfig/6eb3985aa4124903f6ff08ba781cd364-le64.cache-3
7fa67c114000-7fa67c115000 r--s 00000000 08:06 28294                      /var/cache/fontconfig/0d8c3b2ac0904cb8a57a757ad11a4a08-le64.cache-3
7fa67c115000-7fa67c11b000 r--s 00000000 08:06 28318                      /var/cache/fontconfig/a755afe4a08bf5b97852ceb7400b47bc-le64.cache-3
7fa67c11b000-7fa67c124000 r--s 00000000 08:06 28308                      /var/cache/fontconfig/6d41288fd70b0be22e8c3a91e032eec0-le64.cache-3
7fa67c124000-7fa67c134000 r--s 00000000 08:06 28292                      /var/cache/fontconfig/04aabc0a78ac019cf9454389977116d2-le64.cache-3
7fa67c134000-7fa67c135000 r--s 00000000 08:06 28296                      /var/cache/fontconfig/1ac9eb803944fde146138c791f5cc56a-le64.cache-3
7fa67c135000-7fa67c138000 r--s 00000000 08:06 28301                      /var/cache/fontconfig/385c0604a188198f04d133e54aba7fe7-le64.cache-3
7fa67c138000-7fa67c139000 r--s 00000000 08:06 28328                      /var/cache/fontconfig/dc05db6664285cc2f12bf69c139ae4c3-le64.cache-3
7fa67c139000-7fa67c13b000 r--s 00000000 08:06 28311                      /var/cache/fontconfig/767a8244fc0220cfb567a839d0392e0b-le64.cache-3
7fa67c13b000-7fa67c169000 r--s 00000000 08:06 39053                      /var/cache/fontconfig/365b55f210c0a22e9a19e35191240f32-le64.cache-3
7fa67c169000-7fa67c16e000 r--s 00000000 08:06 28298                      /var/cache/fontconfig/3047814df9a2f067bd2d96a2b9c36e5a-le64.cache-3
7fa67c16e000-7fa67c17f000 r--s 00000000 08:06 28326                      /var/cache/fontconfig/d52a8644073d54c13679302ca1180695-le64.cache-3
7fa67c17f000-7fa67c184000 r-xp 00000000 08:06 143339                     /usr/lib/x86_64-linux-gnu/libXdmcp.so.6.0.0
7fa67c184000-7fa67c383000 ---p 00005000 08:06 143339                     /usr/lib/x86_64-linux-gnu/libXdmcp.so.6.0.0
7fa67c383000-7fa67c384000 r--p 00004000 08:06 143339                     /usr/lib/x86_64-linux-gnu/libXdmcp.so.6.0.0
7fa67c384000-7fa67c385000 rw-p 00005000 08:06 143339                     /usr/lib/x86_64-linux-gnu/libXdmcp.so.6.0.0
7fa67c385000-7fa67c387000 r-xp 00000000 08:06 143326                     /usr/lib/x86_64-linux-gnu/libXau.so.6.0.0
7fa67c387000-7fa67c587000 ---p 00002000 08:06 143326                     /usr/lib/x86_64-linux-gnu/libXau.so.6.0.0
7fa67c587000-7fa67c588000 r--p 00002000 08:06 143326                     /usr/lib/x86_64-linux-gnu/libXau.so.6.0.0
7fa67c588000-7fa67c589000 rw-p 00003000 08:06 143326                     /usr/lib/x86_64-linux-gnu/libXau.so.6.0.0
7fa67c589000-7fa67c5a6000 r-xp 00000000 08:06 136413                     /usr/lib/x86_64-linux-gnu/libxcb.so.1.1.0
7fa67c5a6000-7fa67c7a5000 ---p 0001d000 08:06 136413                     /usr/lib/x86_64-linux-gnu/libxcb.so.1.1.0
7fa67c7a5000-7fa67c7a6000 r--p 0001c000 08:06 136413                     /usr/lib/x86_64-linux-gnu/libxcb.so.1.1.0
7fa67c7a6000-7fa67c7a7000 rw-p 0001d000 08:06 136413                     /usr/lib/x86_64-linux-gnu/libxcb.so.1.1.0
7fa67c7a7000-7fa67c7cd000 r-xp 00000000 08:06 396180                     /lib/x86_64-linux-gnu/libexpat.so.1.6.0
7fa67c7cd000-7fa67c9cd000 ---p 00026000 08:06 396180                     /lib/x86_64-linux-gnu/libexpat.so.1.6.0
7fa67c9cd000-7fa67c9cf000 r--p 00026000 08:06 396180                     /lib/x86_64-linux-gnu/libexpat.so.1.6.0
7fa67c9cf000-7fa67c9d0000 rw-p 00028000 08:06 396180                     /lib/x86_64-linux-gnu/libexpat.so.1.6.0
7fa67c9d0000-7fa67c9d4000 r-xp 00000000 08:06 396308                     /lib/x86_64-linux-gnu/libuuid.so.1.3.0
7fa67c9d4000-7fa67cbd3000 ---p 00004000 08:06 396308                     /lib/x86_64-linux-gnu/libuuid.so.1.3.0
7fa67cbd3000-7fa67cbd4000 r--p 00003000 08:06 396308                     /lib/x86_64-linux-gnu/libuuid.so.1.3.0
7fa67cbd4000-7fa67cbd5000 rw-p 00004000 08:06 396308                     /lib/x86_64-linux-gnu/libuuid.so.1.3.0
7fa67cbd5000-7fa67cbdc000 r-xp 00000000 08:06 143609                     /usr/lib/x86_64-linux-gnu/libffi.so.6.0.1
7fa67cbdc000-7fa67cddb000 ---p 00007000 08:06 143609                     /usr/lib/x86_64-linux-gnu/libffi.so.6.0.1
7fa67cddb000-7fa67cddc000 r--p 00006000 08:06 143609                     /usr/lib/x86_64-linux-gnu/libffi.so.6.0.1
7fa67cddc000-7fa67cddd000 rw-p 00007000 08:06 143609                     /usr/lib/x86_64-linux-gnu/libffi.so.6.0.1
7fa67cddd000-7fa67cf11000 r-xp 00000000 08:06 132348                     /usr/lib/x86_64-linux-gnu/libX11.so.6.3.0
7fa67cf11000-7fa67d111000 ---p 00134000 08:06 132348                     /usr/lib/x86_64-linux-gnu/libX11.so.6.3.0
7fa67d111000-7fa67d112000 r--p 00134000 08:06 132348                     /usr/lib/x86_64-linux-gnu/libX11.so.6.3.0
7fa67d112000-7fa67d117000 rw-p 00135000 08:06 132348                     /usr/lib/x86_64-linux-gnu/libX11.so.6.3.0
7fa67d117000-7fa67d128000 r-xp 00000000 08:06 143319                     /usr/lib/x86_64-linux-gnu/libXext.so.6.4.0
7fa67d128000-7fa67d327000 ---p 00011000 08:06 143319                     /usr/lib/x86_64-linux-gnu/libXext.so.6.4.0
7fa67d327000-7fa67d328000 r--p 00010000 08:06 143319                     /usr/lib/x86_64-linux-gnu/libXext.so.6.4.0
7fa67d328000-7fa67d329000 rw-p 00011000 08:06 143319                     /usr/lib/x86_64-linux-gnu/libXext.so.6.4.0
7fa67d329000-7fa67d360000 r-xp 00000000 08:06 143641                     /usr/lib/x86_64-linux-gnu/libfontconfig.so.1.6.2
7fa67d360000-7fa67d560000 ---p 00037000 08:06 143641                     /usr/lib/x86_64-linux-gnu/libfontconfig.so.1.6.2
7fa67d560000-7fa67d561000 r--p 00037000 08:06 143641                     /usr/lib/x86_64-linux-gnu/libfontconfig.so.1.6.2
7fa67d561000-7fa67d562000 rw-p 00038000 08:06 143641                     /usr/lib/x86_64-linux-gnu/libfontconfig.so.1.6.2
7fa67d562000-7fa67d563000 rw-p 00000000 00:00 0 
7fa67d563000-7fa67d56c000 r-xp 00000000 08:06 146696                     /usr/lib/x86_64-linux-gnu/libXrender.so.1.3.0
7fa67d56c000-7fa67d76b000 ---p 00009000 08:06 146696                     /usr/lib/x86_64-linux-gnu/libXrender.so.1.3.0
7fa67d76b000-7fa67d76c000 r--p 00008000 08:06 146696                     /usr/lib/x86_64-linux-gnu/libXrender.so.1.3.0
7fa67d76c000-7fa67d76d000 rw-p 00009000 08:06 146696                     /usr/lib/x86_64-linux-gnu/libXrender.so.1.3.0
7fa67d76d000-7fa67d784000 r-xp 00000000 08:06 143230                     /usr/lib/x86_64-linux-gnu/libICE.so.6.3.0
7fa67d784000-7fa67d983000 ---p 00017000 08:06 143230                     /usr/lib/x86_64-linux-gnu/libICE.so.6.3.0
7fa67d983000-7fa67d984000 r--p 00016000 08:06 143230                     /usr/lib/x86_64-linux-gnu/libICE.so.6.3.0
7fa67d984000-7fa67d985000 rw-p 00017000 08:06 143230                     /usr/lib/x86_64-linux-gnu/libICE.so.6.3.0
7fa67d985000-7fa67d989000 rw-p 00000000 00:00 0 
7fa67d989000-7fa67d990000 r-xp 00000000 08:06 143310                     /usr/lib/x86_64-linux-gnu/libSM.so.6.0.1
7fa67d990000-7fa67db8f000 ---p 00007000 08:06 143310                     /usr/lib/x86_64-linux-gnu/libSM.so.6.0.1
7fa67db8f000-7fa67db90000 r--p 00006000 08:06 143310                     /usr/lib/x86_64-linux-gnu/libSM.so.6.0.1
7fa67db90000-7fa67db91000 rw-p 00007000 08:06 143310                     /usr/lib/x86_64-linux-gnu/libSM.so.6.0.1
7fa67db91000-7fa67dbde000 r-xp 00000000 08:06 143759                     /usr/lib/x86_64-linux-gnu/libgobject-2.0.so.0.3600.0
7fa67dbde000-7fa67ddde000 ---p 0004d000 08:06 143759                     /usr/lib/x86_64-linux-gnu/libgobject-2.0.so.0.3600.0
7fa67ddde000-7fa67dddf000 r--p 0004d000 08:06 143759                     /usr/lib/x86_64-linux-gnu/libgobject-2.0.so.0.3600.0
7fa67dddf000-7fa67dde0000 rw-p 0004e000 08:06 143759                     /usr/lib/x86_64-linux-gnu/libgobject-2.0.so.0.3600.0
7fa67dde0000-7fa67de77000 r-xp 00000000 08:06 143669                     /usr/lib/x86_64-linux-gnu/libfreetype.so.6.10.0
7fa67de77000-7fa67e076000 ---p 00097000 08:06 143669                     /usr/lib/x86_64-linux-gnu/libfreetype.so.6.10.0
7fa67e076000-7fa67e07c000 r--p 00096000 08:06 143669                     /usr/lib/x86_64-linux-gnu/libfreetype.so.6.10.0
7fa67e07c000-7fa67e07d000 rw-p 0009c000 08:06 143669                     /usr/lib/x86_64-linux-gnu/libfreetype.so.6.10.0
7fa67e07d000-7fa67e0a2000 r-xp 00000000 08:06 396267                     /lib/x86_64-linux-gnu/libpng12.so.0.49.0
7fa67e0a2000-7fa67e2a1000 ---p 00025000 08:06 396267                     /lib/x86_64-linux-gnu/libpng12.so.0.49.0
7fa67e2a1000-7fa67e2a2000 r--p 00024000 08:06 396267                     /lib/x86_64-linux-gnu/libpng12.so.0.49.0
7fa67e2a2000-7fa67e2a3000 rw-p 00025000 08:06 396267                     /lib/x86_64-linux-gnu/libpng12.so.0.49.0
7fa67e2a3000-7fa67ed43000 r-xp 00000000 08:06 35719                      /tmp/QtJambi_paracaidista_amd64_4.7.0_gcc-20100927-1542/lib/libQtGui.so.4
7fa67ed43000-7fa67ef43000 ---p 00aa0000 08:06 35719                      /tmp/QtJambi_paracaidista_amd64_4.7.0_gcc-20100927-1542/lib/libQtGui.so.4
7fa67ef43000-7fa67ef82000 r--p 00aa0000 08:06 35719                      /tmp/QtJambi_paracaidista_amd64_4.7.0_gcc-20100927-1542/lib/libQtGui.so.4
7fa67ef82000-7fa67ef94000 rw-p 00adf000 08:06 35719                      /tmp/QtJambi_paracaidista_amd64_4.7.0_gcc-20100927-1542/lib/libQtGui.so.4
7fa67ef94000-7fa67ef97000 rw-p 00000000 00:00 0 
7fa67ef97000-7fa67f154000 r-xp 00000000 08:06 47444                      /tmp/QtJambi_paracaidista_amd64_4.7.0_gcc-20100927-1542/lib/libcom_trolltech_qt_core.so
7fa67f154000-7fa67f354000 ---p 001bd000 08:06 47444                      /tmp/QtJambi_paracaidista_amd64_4.7.0_gcc-20100927-1542/lib/libcom_trolltech_qt_core.so
7fa67f354000-7fa67f35e000 r--p 001bd000 08:06 47444                      /tmp/QtJambi_paracaidista_amd64_4.7.0_gcc-20100927-1542/lib/libcom_trolltech_qt_core.so
7fa67f35e000-7fa67f366000 rw-p 001c7000 08:06 47444                      /tmp/QtJambi_paracaidista_amd64_4.7.0_gcc-20100927-1542/lib/libcom_trolltech_qt_core.so
7fa67f366000-7fa67f3aa000 r-xp 00000000 08:06 47443                      /tmp/QtJambi_paracaidista_amd64_4.7.0_gcc-20100927-1542/lib/libqtjambi.so
7fa67f3aa000-7fa67f5a9000 ---p 00044000 08:06 47443                      /tmp/QtJambi_paracaidista_amd64_4.7.0_gcc-20100927-1542/lib/libqtjambi.so
7fa67f5a9000-7fa67f5aa000 r--p 00043000 08:06 47443                      /tmp/QtJambi_paracaidista_amd64_4.7.0_gcc-20100927-1542/lib/libqtjambi.so
7fa67f5aa000-7fa67f5ab000 rw-p 00044000 08:06 47443                      /tmp/QtJambi_paracaidista_amd64_4.7.0_gcc-20100927-1542/lib/libqtjambi.so
7fa67f5ab000-7fa67f5ac000 rw-p 00000000 00:00 0 
7fa67f5ac000-7fa67f5e9000 r-xp 00000000 08:06 396255                     /lib/x86_64-linux-gnu/libpcre.so.3.13.1
7fa67f5e9000-7fa67f7e9000 ---p 0003d000 08:06 396255                     /lib/x86_64-linux-gnu/libpcre.so.3.13.1
7fa67f7e9000-7fa67f7ea000 r--p 0003d000 08:06 396255                     /lib/x86_64-linux-gnu/libpcre.so.3.13.1
7fa67f7ea000-7fa67f7eb000 rw-p 0003e000 08:06 396255                     /lib/x86_64-linux-gnu/libpcre.so.3.13.1
7fa67f7eb000-7fa67f7ff000 r-xp 00000000 08:06 396185                     /lib/x86_64-linux-gnu/libgcc_s.so.1
7fa67f7ff000-7fa67f9ff000 ---p 00014000 08:06 396185                     /lib/x86_64-linux-gnu/libgcc_s.so.1
7fa67f9ff000-7fa67fa00000 r--p 00014000 08:06 396185                     /lib/x86_64-linux-gnu/libgcc_s.so.1
7fa67fa00000-7fa67fa01000 rw-p 00015000 08:06 396185                     /lib/x86_64-linux-gnu/libgcc_s.so.1
7fa67fa01000-7fa67fae6000 r-xp 00000000 08:06 144230                     /usr/lib/x86_64-linux-gnu/libstdc++.so.6.0.17
7fa67fae6000-7fa67fce5000 ---p 000e5000 08:06 144230                     /usr/lib/x86_64-linux-gnu/libstdc++.so.6.0.17
7fa67fce5000-7fa67fced000 r--p 000e4000 08:06 144230                     /usr/lib/x86_64-linux-gnu/libstdc++.so.6.0.17
7fa67fced000-7fa67fcef000 rw-p 000ec000 08:06 144230                     /usr/lib/x86_64-linux-gnu/libstdc++.so.6.0.17
7fa67fcef000-7fa67fd04000 rw-p 00000000 00:00 0 
7fa67fd04000-7fa67fdfd000 r-xp 00000000 08:06 396189                     /lib/x86_64-linux-gnu/libglib-2.0.so.0.3600.0
7fa67fdfd000-7fa67fffd000 ---p 000f9000 08:06 396189                     /lib/x86_64-linux-gnu/libglib-2.0.so.0.3600.0
7fa67fffd000-7fa67fffe000 r--p 000f9000 08:06 396189                     /lib/x86_64-linux-gnu/libglib-2.0.so.0.3600.0
7fa67fffe000-7fa67ffff000 rw-p 000fa000 08:06 396189                     /lib/x86_64-linux-gnu/libglib-2.0.so.0.3600.0
7fa67ffff000-7fa680000000 rw-p 00000000 00:00 0 
7fa680000000-7fa680021000 rw-p 00000000 00:00 0 
7fa680021000-7fa684000000 ---p 00000000 00:00 0 
7fa684000000-7fa684001000 r--s 00000000 08:06 28303                      /var/cache/fontconfig/4794a0821666d79190d59a36cb4f44b5-le64.cache-3
7fa684001000-7fa684004000 ---p 00000000 00:00 0 
7fa684004000-7fa684102000 rw-p 00000000 00:00 0                          [stack:7539]
7fa684102000-7fa684103000 r-xp 00000000 08:06 143868                     /usr/lib/x86_64-linux-gnu/libgthread-2.0.so.0.3600.0
7fa684103000-7fa684302000 ---p 00001000 08:06 143868                     /usr/lib/x86_64-linux-gnu/libgthread-2.0.so.0.3600.0
7fa684302000-7fa684303000 r--p 00000000 08:06 143868                     /usr/lib/x86_64-linux-gnu/libgthread-2.0.so.0.3600.0
7fa684303000-7fa684304000 rw-p 00001000 08:06 143868                     /usr/lib/x86_64-linux-gnu/libgthread-2.0.so.0.3600.0
7fa684304000-7fa68431a000 r-xp 00000000 08:06 396313                     /lib/x86_64-linux-gnu/libz.so.1.2.7
7fa68431a000-7fa684519000 ---p 00016000 08:06 396313                     /lib/x86_64-linux-gnu/libz.so.1.2.7
7fa684519000-7fa68451a000 r--p 00015000 08:06 396313                     /lib/x86_64-linux-gnu/libz.so.1.2.7
7fa68451a000-7fa68451b000 rw-p 00016000 08:06 396313                     /lib/x86_64-linux-gnu/libz.so.1.2.7
7fa68451b000-7fa68451e000 r--s 00000000 08:06 28313                      /var/cache/fontconfig/8801497958630a81b71ace7c5f9b32a8-le64.cache-3
7fa68451e000-7fa68451f000 r--s 00000000 08:06 28305                      /var/cache/fontconfig/56cf4f4769d0f4abc89a4895d7bd3ae1-le64.cache-3
7fa68451f000-7fa684527000 r--s 00000000 08:06 39363                      /var/cache/fontconfig/52f7bdb7ce746bfd7eaa1985bd9cfa93-le64.cache-3
7fa684527000-7fa68452e000 r--s 00000000 08:06 28302                      /var/cache/fontconfig/3f7329c5293ffd510edef78f73874cfd-le64.cache-3
7fa68452e000-7fa684535000 r--s 00000000 08:06 40888                      /var/cache/fontconfig/d0972c3d32f097851eb916381fc38920-le64.cache-3
7fa684535000-7fa684540000 r--s 00000000 08:06 20763                      /var/cache/fontconfig/e13b20fdb08344e0e664864cc2ede53d-le64.cache-3
7fa684540000-7fa6847de000 r-xp 00000000 08:06 35128                      /tmp/QtJambi_paracaidista_amd64_4.7.0_gcc-20100927-1542/lib/libQtCore.so.4
7fa6847de000-7fa6849dd000 ---p 0029e000 08:06 35128                      /tmp/QtJambi_paracaidista_amd64_4.7.0_gcc-20100927-1542/lib/libQtCore.so.4
7fa6849dd000-7fa6849e8000 r--p 0029d000 08:06 35128                      /tmp/QtJambi_paracaidista_amd64_4.7.0_gcc-20100927-1542/lib/libQtCore.so.4
7fa6849e8000-7fa6849ec000 rw-p 002a8000 08:06 35128                      /tmp/QtJambi_paracaidista_amd64_4.7.0_gcc-20100927-1542/lib/libQtCore.so.4
7fa6849ec000-7fa6849ed000 rw-p 00000000 00:00 0 
7fa6849ed000-7fa6849f7000 r--s 00250000 08:06 149707                     /usr/lib/jvm/java-7-oracle/jre/lib/resources.jar
7fa6849f7000-7fa684a20000 r--s 002d2000 08:07 2755213                    /home/paracaidista/NetBeansProjects/DataBaseFun/libs/qt-4.7/qtjambi-4.7.0.jar
7fa684a20000-7fa684a21000 ---p 00000000 00:00 0 
7fa684a21000-7fa684b21000 rw-p 00000000 00:00 0                          [stack:7538]
7fa684b21000-7fa684b24000 ---p 00000000 00:00 0 
7fa684b24000-7fa684c22000 rw-p 00000000 00:00 0                          [stack:7537]
7fa684c22000-7fa684c25000 ---p 00000000 00:00 0 
7fa684c25000-7fa684d23000 rw-p 00000000 00:00 0                          [stack:7536]
7fa684d23000-7fa684d26000 ---p 00000000 00:00 0 
7fa684d26000-7fa684e24000 rw-p 00000000 00:00 0                          [stack:7535]
7fa684e24000-7fa684e27000 ---p 00000000 00:00 0 
7fa684e27000-7fa684f25000 rw-p 00000000 00:00 0                          [stack:7534]
7fa684f25000-7fa685606000 r--p 00000000 08:06 140326                     /usr/lib/locale/locale-archive
7fa685606000-7fa685609000 ---p 00000000 00:00 0 
7fa685609000-7fa685707000 rw-p 00000000 00:00 0                          [stack:7533]
7fa685707000-7fa68570a000 ---p 00000000 00:00 0 
7fa68570a000-7fa685808000 rw-p 00000000 00:00 0                          [stack:7532]
7fa685808000-7fa685809000 ---p 00000000 00:00 0 
7fa685809000-7fa688000000 rw-p 00000000 00:00 0                          [stack:7531]
7fa688000000-7fa688021000 rw-p 00000000 00:00 0 
7fa688021000-7fa68c000000 ---p 00000000 00:00 0 
7fa68c000000-7fa68c001000 r--s 00000000 08:06 28321                      /var/cache/fontconfig/b9d506c9ac06c20b433354fa67a72993-le64.cache-3
7fa68c001000-7fa68c008000 r--s 00000000 08:06 305544                     /usr/lib/x86_64-linux-gnu/gconv/gconv-modules.cache
7fa68c008000-7fa68c01f000 r--s 00280000 08:07 9437260                    /home/paracaidista/NetBeansProjects/DataBaseFun/libs/driversBD/ojdbc6.jar
7fa68c01f000-7fa68c8cc000 rw-p 00000000 00:00 0 
7fa68c8cc000-7fa68ca88000 r--s 039b2000 08:06 150197                     /usr/lib/jvm/java-7-oracle/jre/lib/rt.jar
7fa68ca88000-7fa68ccfd000 rw-p 00000000 00:00 0 
7fa68ccfd000-7fa68ccfe000 ---p 00000000 00:00 0 
7fa68ccfe000-7fa68cdfe000 rw-p 00000000 00:00 0                          [stack:7530]
7fa68cdfe000-7fa68cdff000 ---p 00000000 00:00 0 
7fa68cdff000-7fa68ceff000 rw-p 00000000 00:00 0                          [stack:7529]
7fa68ceff000-7fa68cf00000 ---p 00000000 00:00 0 
7fa68cf00000-7fa68d000000 rw-p 00000000 00:00 0                          [stack:7528]
7fa68d000000-7fa68d270000 rwxp 00000000 00:00 0 
7fa68d270000-7fa690900000 rw-p 00000000 00:00 0 
7fa690900000-7fa694000000 ---p 00000000 00:00 0 
7fa694000000-7fa694005000 r--s 00000000 08:06 28320                      /var/cache/fontconfig/b47c4e1ecd0709278f4910c18777a504-le64.cache-3
7fa694005000-7fa694006000 r--s 00000000 08:06 28293                      /var/cache/fontconfig/0c9eb80ebd1c36541ebe2852d3bb0c49-le64.cache-3
7fa694006000-7fa6940d4000 rw-p 00000000 00:00 0 
7fa6940d4000-7fa6940d5000 ---p 00000000 00:00 0 
7fa6940d5000-7fa6941e0000 rw-p 00000000 00:00 0                          [stack:7527]
7fa6941e0000-7fa6941fe000 rw-p 00000000 00:00 0 
7fa6941fe000-7fa694212000 rw-p 00000000 00:00 0 
7fa694212000-7fa694338000 rw-p 00000000 00:00 0 
7fa694338000-7fa694343000 rw-p 00000000 00:00 0 
7fa694343000-7fa694361000 rw-p 00000000 00:00 0 
7fa694361000-7fa694375000 rw-p 00000000 00:00 0 
7fa694375000-7fa69449a000 rw-p 00000000 00:00 0 
7fa69449a000-7fa6944a5000 rw-p 00000000 00:00 0 
7fa6944a5000-7fa694537000 rw-p 00000000 00:00 0 
7fa694537000-7fa694538000 rw-p 00000000 00:00 0 
7fa694538000-7fa694552000 r-xp 00000000 08:06 150329                     /usr/lib/jvm/java-7-oracle/jre/lib/amd64/libzip.so
7fa694552000-7fa694752000 ---p 0001a000 08:06 150329                     /usr/lib/jvm/java-7-oracle/jre/lib/amd64/libzip.so
7fa694752000-7fa694753000 rw-p 0001a000 08:06 150329                     /usr/lib/jvm/java-7-oracle/jre/lib/amd64/libzip.so
7fa694753000-7fa69475f000 r-xp 00000000 08:06 416977                     /lib/x86_64-linux-gnu/libnss_files-2.17.so
7fa69475f000-7fa69495e000 ---p 0000c000 08:06 416977                     /lib/x86_64-linux-gnu/libnss_files-2.17.so
7fa69495e000-7fa69495f000 r--p 0000b000 08:06 416977                     /lib/x86_64-linux-gnu/libnss_files-2.17.so
7fa69495f000-7fa694960000 rw-p 0000c000 08:06 416977                     /lib/x86_64-linux-gnu/libnss_files-2.17.so
7fa694960000-7fa69496b000 r-xp 00000000 08:06 416985                     /lib/x86_64-linux-gnu/libnss_nis-2.17.so
7fa69496b000-7fa694b6a000 ---p 0000b000 08:06 416985                     /lib/x86_64-linux-gnu/libnss_nis-2.17.so
7fa694b6a000-7fa694b6b000 r--p 0000a000 08:06 416985                     /lib/x86_64-linux-gnu/libnss_nis-2.17.so
7fa694b6b000-7fa694b6c000 rw-p 0000b000 08:06 416985                     /lib/x86_64-linux-gnu/libnss_nis-2.17.so
7fa694b6c000-7fa694b83000 r-xp 00000000 08:06 416971                     /lib/x86_64-linux-gnu/libnsl-2.17.so
7fa694b83000-7fa694d82000 ---p 00017000 08:06 416971                     /lib/x86_64-linux-gnu/libnsl-2.17.so
7fa694d82000-7fa694d83000 r--p 00016000 08:06 416971                     /lib/x86_64-linux-gnu/libnsl-2.17.so
7fa694d83000-7fa694d84000 rw-p 00017000 08:06 416971                     /lib/x86_64-linux-gnu/libnsl-2.17.so
7fa694d84000-7fa694d86000 rw-p 00000000 00:00 0 
7fa694d86000-7fa694d8e000 r-xp 00000000 08:06 416987                     /lib/x86_64-linux-gnu/libnss_compat-2.17.so
7fa694d8e000-7fa694f8d000 ---p 00008000 08:06 416987                     /lib/x86_64-linux-gnu/libnss_compat-2.17.so
7fa694f8d000-7fa694f8e000 r--p 00007000 08:06 416987                     /lib/x86_64-linux-gnu/libnss_compat-2.17.so
7fa694f8e000-7fa694f8f000 rw-p 00008000 08:06 416987                     /lib/x86_64-linux-gnu/libnss_compat-2.17.so
7fa694f8f000-7fa694fb8000 r-xp 00000000 08:06 150294                     /usr/lib/jvm/java-7-oracle/jre/lib/amd64/libjava.so
7fa694fb8000-7fa6951b8000 ---p 00029000 08:06 150294                     /usr/lib/jvm/java-7-oracle/jre/lib/amd64/libjava.so
7fa6951b8000-7fa6951ba000 rw-p 00029000 08:06 150294                     /usr/lib/jvm/java-7-oracle/jre/lib/amd64/libjava.so
7fa6951ba000-7fa6951c7000 r-xp 00000000 08:06 150332                     /usr/lib/jvm/java-7-oracle/jre/lib/amd64/libverify.so
7fa6951c7000-7fa6953c6000 ---p 0000d000 08:06 150332                     /usr/lib/jvm/java-7-oracle/jre/lib/amd64/libverify.so
7fa6953c6000-7fa6953c8000 rw-p 0000c000 08:06 150332                     /usr/lib/jvm/java-7-oracle/jre/lib/amd64/libverify.so
7fa6953c8000-7fa6953cf000 r-xp 00000000 08:06 416981                     /lib/x86_64-linux-gnu/librt-2.17.so
7fa6953cf000-7fa6955ce000 ---p 00007000 08:06 416981                     /lib/x86_64-linux-gnu/librt-2.17.so
7fa6955ce000-7fa6955cf000 r--p 00006000 08:06 416981                     /lib/x86_64-linux-gnu/librt-2.17.so
7fa6955cf000-7fa6955d0000 rw-p 00007000 08:06 416981                     /lib/x86_64-linux-gnu/librt-2.17.so
7fa6955d0000-7fa6956d3000 r-xp 00000000 08:06 416986                     /lib/x86_64-linux-gnu/libm-2.17.so
7fa6956d3000-7fa6958d3000 ---p 00103000 08:06 416986                     /lib/x86_64-linux-gnu/libm-2.17.so
7fa6958d3000-7fa6958d4000 r--p 00103000 08:06 416986                     /lib/x86_64-linux-gnu/libm-2.17.so
7fa6958d4000-7fa6958d5000 rw-p 00104000 08:06 416986                     /lib/x86_64-linux-gnu/libm-2.17.so
7fa6958d5000-7fa696437000 r-xp 00000000 08:06 150347                     /usr/lib/jvm/java-7-oracle/jre/lib/amd64/server/libjvm.so
7fa696437000-7fa696637000 ---p 00b62000 08:06 150347                     /usr/lib/jvm/java-7-oracle/jre/lib/amd64/server/libjvm.so
7fa696637000-7fa6966fa000 rw-p 00b62000 08:06 150347                     /usr/lib/jvm/java-7-oracle/jre/lib/amd64/server/libjvm.so
7fa6966fa000-7fa69673b000 rw-p 00000000 00:00 0 
7fa69673b000-7fa6968fa000 r-xp 00000000 08:06 416989                     /lib/x86_64-linux-gnu/libc-2.17.so
7fa6968fa000-7fa696af9000 ---p 001bf000 08:06 416989                     /lib/x86_64-linux-gnu/libc-2.17.so
7fa696af9000-7fa696afd000 r--p 001be000 08:06 416989                     /lib/x86_64-linux-gnu/libc-2.17.so
7fa696afd000-7fa696aff000 rw-p 001c2000 08:06 416989                     /lib/x86_64-linux-gnu/libc-2.17.so
7fa696aff000-7fa696b04000 rw-p 00000000 00:00 0 
7fa696b04000-7fa696b07000 r-xp 00000000 08:06 416975                     /lib/x86_64-linux-gnu/libdl-2.17.so
7fa696b07000-7fa696d06000 ---p 00003000 08:06 416975                     /lib/x86_64-linux-gnu/libdl-2.17.so
7fa696d06000-7fa696d07000 r--p 00002000 08:06 416975                     /lib/x86_64-linux-gnu/libdl-2.17.so
7fa696d07000-7fa696d08000 rw-p 00003000 08:06 416975                     /lib/x86_64-linux-gnu/libdl-2.17.so
7fa696d08000-7fa696d1e000 r-xp 00000000 08:06 149684                     /usr/lib/jvm/java-7-oracle/lib/amd64/jli/libjli.so
7fa696d1e000-7fa696f1e000 ---p 00016000 08:06 149684                     /usr/lib/jvm/java-7-oracle/lib/amd64/jli/libjli.so
7fa696f1e000-7fa696f1f000 rw-p 00016000 08:06 149684                     /usr/lib/jvm/java-7-oracle/lib/amd64/jli/libjli.so
7fa696f1f000-7fa696f37000 r-xp 00000000 08:06 416972                     /lib/x86_64-linux-gnu/libpthread-2.17.so
7fa696f37000-7fa697136000 ---p 00018000 08:06 416972                     /lib/x86_64-linux-gnu/libpthread-2.17.so
7fa697136000-7fa697137000 r--p 00017000 08:06 416972                     /lib/x86_64-linux-gnu/libpthread-2.17.so
7fa697137000-7fa697138000 rw-p 00018000 08:06 416972                     /lib/x86_64-linux-gnu/libpthread-2.17.so
7fa697138000-7fa69713c000 rw-p 00000000 00:00 0 
7fa69713c000-7fa69715f000 r-xp 00000000 08:06 416965                     /lib/x86_64-linux-gnu/ld-2.17.so
7fa69715f000-7fa697163000 r--s 00000000 08:06 39364                      /var/cache/fontconfig/7ef2298fde41cc6eeb7af42e48b7d293-le64.cache-3
7fa697163000-7fa697166000 r--s 00022000 08:07 8126734                    /home/paracaidista/NetBeansProjects/DataBaseFun/libs/dbus-java-2.7.jar
7fa697166000-7fa69716a000 r--s 00030000 08:07 8126858                    /home/paracaidista/NetBeansProjects/DataBaseFun/libs/dbus-java-2.7-sources.jar
7fa69716a000-7fa697172000 r--s 000c8000 08:07 9437274                    /home/paracaidista/NetBeansProjects/DataBaseFun/libs/driversBD/mysql-connector-java-5.1.25-bin.jar
7fa697172000-7fa69717c000 rw-p 00000000 00:00 0 
7fa69717c000-7fa697232000 rw-p 00000000 00:00 0 
7fa697232000-7fa697235000 ---p 00000000 00:00 0 
7fa697235000-7fa697337000 rw-p 00000000 00:00 0                          [stack:7526]
7fa697337000-7fa697339000 r--s 01a05000 08:07 2755214                    /home/paracaidista/NetBeansProjects/DataBaseFun/libs/qt-4.7/qtjambi-linux64-gcc-4.7.0.jar
7fa697339000-7fa69733e000 r--s 0002a000 08:07 9048503                    /home/paracaidista/NetBeansProjects/DataBaseFun/libs/gson-2.2.4.jar
7fa69733e000-7fa697352000 rw-p 00000000 00:00 0 
7fa697352000-7fa69735a000 rw-s 00000000 08:06 19336                      /tmp/hsperfdata_paracaidista/7522
7fa69735a000-7fa69735b000 rw-p 00000000 00:00 0 
7fa69735b000-7fa69735c000 r--p 00000000 00:00 0 
7fa69735c000-7fa69735e000 rw-p 00000000 00:00 0 
7fa69735e000-7fa69735f000 r--p 00022000 08:06 416965                     /lib/x86_64-linux-gnu/ld-2.17.so
7fa69735f000-7fa697361000 rw-p 00023000 08:06 416965                     /lib/x86_64-linux-gnu/ld-2.17.so
7fffb3bf3000-7fffb3c14000 rw-p 00000000 00:00 0                          [stack]
7fffb3de0000-7fffb3de2000 r-xp 00000000 00:00 0                          [vdso]
ffffffffff600000-ffffffffff601000 r-xp 00000000 00:00 0                  [vsyscall]

VM Arguments:
jvm_args: -Dfile.encoding=UTF-8 
java_command: es.miguelgonzalezgomez.dataBaseFun.DataBaseFun
Launcher Type: SUN_STANDARD

Environment Variables:
PATH=/usr/local/sbin:/usr/local/bin:/usr/sbin:/usr/bin:/sbin:/bin:/usr/games:/usr/local/games
USERNAME=paracaidista
LD_LIBRARY_PATH=/usr/lib/jvm/java-7-oracle/jre/lib/amd64:/usr/lib/jvm/java-7-oracle/jre/lib/i386:
SHELL=/bin/bash
DISPLAY=:0.0

Signal Handlers:
SIGSEGV: [libjvm.so+0x9935b0], sa_mask[0]=0x7ffbfeff, sa_flags=0x10000004
SIGBUS: [libjvm.so+0x9935b0], sa_mask[0]=0x7ffbfeff, sa_flags=0x10000004
SIGFPE: [libjvm.so+0x810330], sa_mask[0]=0x7ffbfeff, sa_flags=0x10000004
SIGPIPE: SIG_IGN, sa_mask[0]=0x00001000, sa_flags=0x10000000
SIGXFSZ: [libjvm.so+0x810330], sa_mask[0]=0x7ffbfeff, sa_flags=0x10000004
SIGILL: [libjvm.so+0x810330], sa_mask[0]=0x7ffbfeff, sa_flags=0x10000004
SIGUSR1: SIG_DFL, sa_mask[0]=0x00000000, sa_flags=0x00000000
SIGUSR2: [libjvm.so+0x811820], sa_mask[0]=0x00000004, sa_flags=0x10000004
SIGHUP: [libjvm.so+0x812790], sa_mask[0]=0x7ffbfeff, sa_flags=0x10000004
SIGINT: SIG_IGN, sa_mask[0]=0x00000000, sa_flags=0x00000000
SIGTERM: [libjvm.so+0x812790], sa_mask[0]=0x7ffbfeff, sa_flags=0x10000004
SIGQUIT: [libjvm.so+0x812790], sa_mask[0]=0x7ffbfeff, sa_flags=0x10000004


---------------  S Y S T E M  ---------------

OS:wheezy/sid

uname:Linux 3.8.0-25-generic #37-Ubuntu SMP Thu Jun 6 20:47:07 UTC 2013 x86_64
libc:glibc 2.17 NPTL 2.17 
rlimit: STACK 8192k, CORE 0k, NPROC 29757, NOFILE 4096, AS infinity
load average:0,77 0,47 0,36

/proc/meminfo:
MemTotal:        3843360 kB
MemFree:          685688 kB
Buffers:          159996 kB
Cached:          1040496 kB
SwapCached:          276 kB
Active:          1795052 kB
Inactive:        1070876 kB
Active(anon):    1284240 kB
Inactive(anon):   680728 kB
Active(file):     510812 kB
Inactive(file):   390148 kB
Unevictable:          32 kB
Mlocked:              32 kB
SwapTotal:       1998844 kB
SwapFree:        1996096 kB
Dirty:               672 kB
Writeback:             0 kB
AnonPages:       1665524 kB
Mapped:           213588 kB
Shmem:            299528 kB
Slab:             211864 kB
SReclaimable:     179480 kB
SUnreclaim:        32384 kB
KernelStack:        3808 kB
PageTables:        28820 kB
NFS_Unstable:          0 kB
Bounce:                0 kB
WritebackTmp:          0 kB
CommitLimit:     3920524 kB
Committed_AS:    4441236 kB
VmallocTotal:   34359738367 kB
VmallocUsed:      544148 kB
VmallocChunk:   34359191004 kB
HardwareCorrupted:     0 kB
AnonHugePages:         0 kB
HugePages_Total:       0
HugePages_Free:        0
HugePages_Rsvd:        0
HugePages_Surp:        0
Hugepagesize:       2048 kB
DirectMap4k:      102400 kB
DirectMap2M:     3887104 kB


CPU:total 4 (2 cores per cpu, 2 threads per core) family 6 model 37 stepping 2, cmov, cx8, fxsr, mmx, sse, sse2, sse3, ssse3, sse4.1, sse4.2, popcnt, aes, ht, tsc, tscinvbit

/proc/cpuinfo:
processor	: 0
vendor_id	: GenuineIntel
cpu family	: 6
model		: 37
model name	: Intel(R) Core(TM) i5 CPU       M 540  @ 2.53GHz
stepping	: 2
microcode	: 0x9
cpu MHz		: 2534.000
cache size	: 3072 KB
physical id	: 0
siblings	: 4
core id		: 0
cpu cores	: 2
apicid		: 0
initial apicid	: 0
fpu		: yes
fpu_exception	: yes
cpuid level	: 11
wp		: yes
flags		: fpu vme de pse tsc msr pae mce cx8 apic sep mtrr pge mca cmov pat pse36 clflush dts acpi mmx fxsr sse sse2 ss ht tm pbe syscall nx rdtscp lm constant_tsc arch_perfmon pebs bts rep_good nopl xtopology nonstop_tsc aperfmperf pni pclmulqdq dtes64 monitor ds_cpl vmx smx est tm2 ssse3 cx16 xtpr pdcm sse4_1 sse4_2 popcnt aes lahf_lm ida arat dtherm tpr_shadow vnmi flexpriority ept vpid
bogomips	: 5053.81
clflush size	: 64
cache_alignment	: 64
address sizes	: 36 bits physical, 48 bits virtual
power management:

processor	: 1
vendor_id	: GenuineIntel
cpu family	: 6
model		: 37
model name	: Intel(R) Core(TM) i5 CPU       M 540  @ 2.53GHz
stepping	: 2
microcode	: 0x9
cpu MHz		: 2534.000
cache size	: 3072 KB
physical id	: 0
siblings	: 4
core id		: 2
cpu cores	: 2
apicid		: 4
initial apicid	: 4
fpu		: yes
fpu_exception	: yes
cpuid level	: 11
wp		: yes
flags		: fpu vme de pse tsc msr pae mce cx8 apic sep mtrr pge mca cmov pat pse36 clflush dts acpi mmx fxsr sse sse2 ss ht tm pbe syscall nx rdtscp lm constant_tsc arch_perfmon pebs bts rep_good nopl xtopology nonstop_tsc aperfmperf pni pclmulqdq dtes64 monitor ds_cpl vmx smx est tm2 ssse3 cx16 xtpr pdcm sse4_1 sse4_2 popcnt aes lahf_lm ida arat dtherm tpr_shadow vnmi flexpriority ept vpid
bogomips	: 5053.81
clflush size	: 64
cache_alignment	: 64
address sizes	: 36 bits physical, 48 bits virtual
power management:

processor	: 2
vendor_id	: GenuineIntel
cpu family	: 6
model		: 37
model name	: Intel(R) Core(TM) i5 CPU       M 540  @ 2.53GHz
stepping	: 2
microcode	: 0x9
cpu MHz		: 1199.000
cache size	: 3072 KB
physical id	: 0
siblings	: 4
core id		: 0
cpu cores	: 2
apicid		: 1
initial apicid	: 1
fpu		: yes
fpu_exception	: yes
cpuid level	: 11
wp		: yes
flags		: fpu vme de pse tsc msr pae mce cx8 apic sep mtrr pge mca cmov pat pse36 clflush dts acpi mmx fxsr sse sse2 ss ht tm pbe syscall nx rdtscp lm constant_tsc arch_perfmon pebs bts rep_good nopl xtopology nonstop_tsc aperfmperf pni pclmulqdq dtes64 monitor ds_cpl vmx smx est tm2 ssse3 cx16 xtpr pdcm sse4_1 sse4_2 popcnt aes lahf_lm ida arat dtherm tpr_shadow vnmi flexpriority ept vpid
bogomips	: 5053.81
clflush size	: 64
cache_alignment	: 64
address sizes	: 36 bits physical, 48 bits virtual
power management:

processor	: 3
vendor_id	: GenuineIntel
cpu family	: 6
model		: 37
model name	: Intel(R) Core(TM) i5 CPU       M 540  @ 2.53GHz
stepping	: 2
microcode	: 0x9
cpu MHz		: 1199.000
cache size	: 3072 KB
physical id	: 0
siblings	: 4
core id		: 2
cpu cores	: 2
apicid		: 5
initial apicid	: 5
fpu		: yes
fpu_exception	: yes
cpuid level	: 11
wp		: yes
flags		: fpu vme de pse tsc msr pae mce cx8 apic sep mtrr pge mca cmov pat pse36 clflush dts acpi mmx fxsr sse sse2 ss ht tm pbe syscall nx rdtscp lm constant_tsc arch_perfmon pebs bts rep_good nopl xtopology nonstop_tsc aperfmperf pni pclmulqdq dtes64 monitor ds_cpl vmx smx est tm2 ssse3 cx16 xtpr pdcm sse4_1 sse4_2 popcnt aes lahf_lm ida arat dtherm tpr_shadow vnmi flexpriority ept vpid
bogomips	: 5053.81
clflush size	: 64
cache_alignment	: 64
address sizes	: 36 bits physical, 48 bits virtual
power management:



Memory: 4k page, physical 3843360k(685688k free), swap 1998844k(1996096k free)

vm_info: Java HotSpot(TM) 64-Bit Server VM (24.45-b08) for linux-amd64 JRE (1.7.0_45-b18), built on Oct  8 2013 05:44:25 by "java_re" with gcc 4.3.0 20080428 (Red Hat 4.3.0-8)

time: Thu Nov 28 11:20:48 2013
elapsed time: 0 seconds

